<?xml version="1.0" encoding="UTF-8"?>
<testsuite xmlns:xsi="http://www.w3.org/2001/XMLSchema-instance" xsi:noNamespaceSchemaLocation="https://maven.apache.org/surefire/maven-surefire-plugin/xsd/surefire-test-report-3.0.xsd" version="3.0" name="MobileTest.FeatureSteps.RunCucumberTests" time="4.924" tests="6" errors="3" skipped="3" failures="0">
  <properties>
    <property name="sun.desktop" value="windows"/>
    <property name="awt.toolkit" value="sun.awt.windows.WToolkit"/>
    <property name="java.specification.version" value="11"/>
    <property name="sun.cpu.isalist" value="amd64"/>
    <property name="sun.jnu.encoding" value="Cp1252"/>
    <property name="java.class.path" value="D:\surplus techincal test\SurplusTechnicalTest\target\test-classes;D:\surplus techincal test\SurplusTechnicalTest\target\classes;C:\Users\aziz\.m2\repository\io\rest-assured\rest-assured\5.3.0\rest-assured-5.3.0.jar;C:\Users\aziz\.m2\repository\org\apache\groovy\groovy\4.0.6\groovy-4.0.6.jar;C:\Users\aziz\.m2\repository\org\apache\groovy\groovy-xml\4.0.6\groovy-xml-4.0.6.jar;C:\Users\aziz\.m2\repository\org\apache\httpcomponents\httpclient\4.5.13\httpclient-4.5.13.jar;C:\Users\aziz\.m2\repository\org\apache\httpcomponents\httpmime\4.5.13\httpmime-4.5.13.jar;C:\Users\aziz\.m2\repository\org\hamcrest\hamcrest\2.1\hamcrest-2.1.jar;C:\Users\aziz\.m2\repository\org\ccil\cowan\tagsoup\tagsoup\1.2.1\tagsoup-1.2.1.jar;C:\Users\aziz\.m2\repository\io\rest-assured\xml-path\5.3.0\xml-path-5.3.0.jar;C:\Users\aziz\.m2\repository\io\rest-assured\json-path\5.0.1\json-path-5.0.1.jar;C:\Users\aziz\.m2\repository\org\apache\groovy\groovy-json\4.0.1\groovy-json-4.0.1.jar;C:\Users\aziz\.m2\repository\io\rest-assured\rest-assured-common\5.0.1\rest-assured-common-5.0.1.jar;C:\Users\aziz\.m2\repository\io\rest-assured\json-schema-validator\5.0.1\json-schema-validator-5.0.1.jar;C:\Users\aziz\.m2\repository\com\github\java-json-tools\json-schema-validator\2.2.14\json-schema-validator-2.2.14.jar;C:\Users\aziz\.m2\repository\com\github\java-json-tools\jackson-coreutils-equivalence\1.0\jackson-coreutils-equivalence-1.0.jar;C:\Users\aziz\.m2\repository\com\fasterxml\jackson\core\jackson-databind\2.11.0\jackson-databind-2.11.0.jar;C:\Users\aziz\.m2\repository\com\fasterxml\jackson\core\jackson-annotations\2.11.0\jackson-annotations-2.11.0.jar;C:\Users\aziz\.m2\repository\com\fasterxml\jackson\core\jackson-core\2.11.0\jackson-core-2.11.0.jar;C:\Users\aziz\.m2\repository\com\github\java-json-tools\jackson-coreutils\2.0\jackson-coreutils-2.0.jar;C:\Users\aziz\.m2\repository\com\github\java-json-tools\msg-simple\1.2\msg-simple-1.2.jar;C:\Users\aziz\.m2\repository\com\github\java-json-tools\btf\1.3\btf-1.3.jar;C:\Users\aziz\.m2\repository\com\github\java-json-tools\json-schema-core\1.2.14\json-schema-core-1.2.14.jar;C:\Users\aziz\.m2\repository\com\github\java-json-tools\uri-template\0.10\uri-template-0.10.jar;C:\Users\aziz\.m2\repository\org\mozilla\rhino\1.7.7.2\rhino-1.7.7.2.jar;C:\Users\aziz\.m2\repository\com\sun\mail\mailapi\1.6.2\mailapi-1.6.2.jar;C:\Users\aziz\.m2\repository\joda-time\joda-time\2.10.5\joda-time-2.10.5.jar;C:\Users\aziz\.m2\repository\com\googlecode\libphonenumber\libphonenumber\8.11.1\libphonenumber-8.11.1.jar;C:\Users\aziz\.m2\repository\net\sf\jopt-simple\jopt-simple\5.0.4\jopt-simple-5.0.4.jar;C:\Users\aziz\.m2\repository\org\testng\testng\7.5\testng-7.5.jar;C:\Users\aziz\.m2\repository\com\google\code\findbugs\jsr305\3.0.1\jsr305-3.0.1.jar;C:\Users\aziz\.m2\repository\com\beust\jcommander\1.78\jcommander-1.78.jar;C:\Users\aziz\.m2\repository\org\webjars\jquery\3.5.1\jquery-3.5.1.jar;C:\Users\aziz\.m2\repository\org\json\json\20220320\json-20220320.jar;C:\Users\aziz\.m2\repository\com\google\code\gson\gson\2.8.6\gson-2.8.6.jar;C:\Users\aziz\.m2\repository\org\slf4j\slf4j-api\2.0.0-alpha1\slf4j-api-2.0.0-alpha1.jar;C:\Users\aziz\.m2\repository\org\slf4j\slf4j-simple\2.0.0-alpha1\slf4j-simple-2.0.0-alpha1.jar;C:\Users\aziz\.m2\repository\org\apache\maven\plugins\maven-surefire-plugin\3.0.0-M7\maven-surefire-plugin-3.0.0-M7.jar;C:\Users\aziz\.m2\repository\org\apache\maven\surefire\maven-surefire-common\3.0.0-M7\maven-surefire-common-3.0.0-M7.jar;C:\Users\aziz\.m2\repository\org\apache\maven\surefire\surefire-api\3.0.0-M7\surefire-api-3.0.0-M7.jar;C:\Users\aziz\.m2\repository\org\apache\maven\surefire\surefire-logger-api\3.0.0-M7\surefire-logger-api-3.0.0-M7.jar;C:\Users\aziz\.m2\repository\org\apache\maven\surefire\surefire-extensions-api\3.0.0-M7\surefire-extensions-api-3.0.0-M7.jar;C:\Users\aziz\.m2\repository\org\apache\maven\surefire\surefire-booter\3.0.0-M7\surefire-booter-3.0.0-M7.jar;C:\Users\aziz\.m2\repository\org\apache\maven\surefire\surefire-extensions-spi\3.0.0-M7\surefire-extensions-spi-3.0.0-M7.jar;C:\Users\aziz\.m2\repository\org\apache\maven\shared\maven-common-artifact-filters\3.1.1\maven-common-artifact-filters-3.1.1.jar;C:\Users\aziz\.m2\repository\org\apache\maven\maven-artifact\3.1.0\maven-artifact-3.1.0.jar;C:\Users\aziz\.m2\repository\org\codehaus\plexus\plexus-utils\3.0.10\plexus-utils-3.0.10.jar;C:\Users\aziz\.m2\repository\org\apache\maven\maven-core\3.1.0\maven-core-3.1.0.jar;C:\Users\aziz\.m2\repository\org\apache\maven\maven-settings\3.1.0\maven-settings-3.1.0.jar;C:\Users\aziz\.m2\repository\org\apache\maven\maven-settings-builder\3.1.0\maven-settings-builder-3.1.0.jar;C:\Users\aziz\.m2\repository\org\apache\maven\maven-repository-metadata\3.1.0\maven-repository-metadata-3.1.0.jar;C:\Users\aziz\.m2\repository\org\apache\maven\maven-model-builder\3.1.0\maven-model-builder-3.1.0.jar;C:\Users\aziz\.m2\repository\org\apache\maven\maven-aether-provider\3.1.0\maven-aether-provider-3.1.0.jar;C:\Users\aziz\.m2\repository\org\eclipse\aether\aether-spi\0.9.0.M2\aether-spi-0.9.0.M2.jar;C:\Users\aziz\.m2\repository\org\eclipse\aether\aether-impl\0.9.0.M2\aether-impl-0.9.0.M2.jar;C:\Users\aziz\.m2\repository\org\eclipse\aether\aether-api\0.9.0.M2\aether-api-0.9.0.M2.jar;C:\Users\aziz\.m2\repository\org\eclipse\aether\aether-util\0.9.0.M2\aether-util-0.9.0.M2.jar;C:\Users\aziz\.m2\repository\org\eclipse\sisu\org.eclipse.sisu.plexus\0.0.0.M2a\org.eclipse.sisu.plexus-0.0.0.M2a.jar;C:\Users\aziz\.m2\repository\javax\enterprise\cdi-api\1.0\cdi-api-1.0.jar;C:\Users\aziz\.m2\repository\javax\annotation\jsr250-api\1.0\jsr250-api-1.0.jar;C:\Users\aziz\.m2\repository\javax\inject\javax.inject\1\javax.inject-1.jar;C:\Users\aziz\.m2\repository\org\sonatype\sisu\sisu-guice\3.1.0\sisu-guice-3.1.0-no_aop.jar;C:\Users\aziz\.m2\repository\aopalliance\aopalliance\1.0\aopalliance-1.0.jar;C:\Users\aziz\.m2\repository\org\eclipse\sisu\org.eclipse.sisu.inject\0.0.0.M2a\org.eclipse.sisu.inject-0.0.0.M2a.jar;C:\Users\aziz\.m2\repository\asm\asm\3.3.1\asm-3.3.1.jar;C:\Users\aziz\.m2\repository\org\codehaus\plexus\plexus-interpolation\1.16\plexus-interpolation-1.16.jar;C:\Users\aziz\.m2\repository\org\codehaus\plexus\plexus-classworlds\2.4.2\plexus-classworlds-2.4.2.jar;C:\Users\aziz\.m2\repository\org\codehaus\plexus\plexus-component-annotations\1.5.5\plexus-component-annotations-1.5.5.jar;C:\Users\aziz\.m2\repository\org\sonatype\plexus\plexus-sec-dispatcher\1.3\plexus-sec-dispatcher-1.3.jar;C:\Users\aziz\.m2\repository\org\sonatype\plexus\plexus-cipher\1.4\plexus-cipher-1.4.jar;C:\Users\aziz\.m2\repository\org\apache\maven\maven-plugin-api\3.1.0\maven-plugin-api-3.1.0.jar;C:\Users\aziz\.m2\repository\org\codehaus\plexus\plexus-java\1.1.1\plexus-java-1.1.1.jar;C:\Users\aziz\.m2\repository\com\thoughtworks\qdox\qdox\2.0.1\qdox-2.0.1.jar;C:\Users\aziz\.m2\repository\org\apache\maven\surefire\surefire-shared-utils\3.0.0-M7\surefire-shared-utils-3.0.0-M7.jar;C:\Users\aziz\.m2\repository\com\jayway\jsonpath\json-path\2.6.0\json-path-2.6.0.jar;C:\Users\aziz\.m2\repository\net\minidev\json-smart\2.4.7\json-smart-2.4.7.jar;C:\Users\aziz\.m2\repository\net\minidev\accessors-smart\2.4.7\accessors-smart-2.4.7.jar;C:\Users\aziz\.m2\repository\org\seleniumhq\selenium\selenium-java\3.14.0\selenium-java-3.14.0.jar;C:\Users\aziz\.m2\repository\org\seleniumhq\selenium\selenium-chrome-driver\3.14.0\selenium-chrome-driver-3.14.0.jar;C:\Users\aziz\.m2\repository\org\seleniumhq\selenium\selenium-edge-driver\3.14.0\selenium-edge-driver-3.14.0.jar;C:\Users\aziz\.m2\repository\org\seleniumhq\selenium\selenium-firefox-driver\3.14.0\selenium-firefox-driver-3.14.0.jar;C:\Users\aziz\.m2\repository\org\seleniumhq\selenium\selenium-ie-driver\3.14.0\selenium-ie-driver-3.14.0.jar;C:\Users\aziz\.m2\repository\org\seleniumhq\selenium\selenium-opera-driver\3.14.0\selenium-opera-driver-3.14.0.jar;C:\Users\aziz\.m2\repository\org\seleniumhq\selenium\selenium-remote-driver\3.14.0\selenium-remote-driver-3.14.0.jar;C:\Users\aziz\.m2\repository\org\seleniumhq\selenium\selenium-safari-driver\3.14.0\selenium-safari-driver-3.14.0.jar;C:\Users\aziz\.m2\repository\org\seleniumhq\selenium\selenium-support\3.14.0\selenium-support-3.14.0.jar;C:\Users\aziz\.m2\repository\net\bytebuddy\byte-buddy\1.8.15\byte-buddy-1.8.15.jar;C:\Users\aziz\.m2\repository\org\apache\commons\commons-exec\1.3\commons-exec-1.3.jar;C:\Users\aziz\.m2\repository\commons-codec\commons-codec\1.10\commons-codec-1.10.jar;C:\Users\aziz\.m2\repository\commons-logging\commons-logging\1.2\commons-logging-1.2.jar;C:\Users\aziz\.m2\repository\com\google\guava\guava\25.0-jre\guava-25.0-jre.jar;C:\Users\aziz\.m2\repository\org\checkerframework\checker-compat-qual\2.0.0\checker-compat-qual-2.0.0.jar;C:\Users\aziz\.m2\repository\com\google\errorprone\error_prone_annotations\2.1.3\error_prone_annotations-2.1.3.jar;C:\Users\aziz\.m2\repository\com\google\j2objc\j2objc-annotations\1.1\j2objc-annotations-1.1.jar;C:\Users\aziz\.m2\repository\org\codehaus\mojo\animal-sniffer-annotations\1.14\animal-sniffer-annotations-1.14.jar;C:\Users\aziz\.m2\repository\org\apache\httpcomponents\httpcore\4.4.9\httpcore-4.4.9.jar;C:\Users\aziz\.m2\repository\com\squareup\okhttp3\okhttp\3.10.0\okhttp-3.10.0.jar;C:\Users\aziz\.m2\repository\com\squareup\okio\okio\1.14.1\okio-1.14.1.jar;C:\Users\aziz\.m2\repository\io\appium\java-client\7.3.0\java-client-7.3.0.jar;C:\Users\aziz\.m2\repository\cglib\cglib\3.2.12\cglib-3.2.12.jar;C:\Users\aziz\.m2\repository\org\ow2\asm\asm\7.1\asm-7.1.jar;C:\Users\aziz\.m2\repository\commons-validator\commons-validator\1.6\commons-validator-1.6.jar;C:\Users\aziz\.m2\repository\commons-beanutils\commons-beanutils\1.9.2\commons-beanutils-1.9.2.jar;C:\Users\aziz\.m2\repository\commons-digester\commons-digester\1.8.1\commons-digester-1.8.1.jar;C:\Users\aziz\.m2\repository\commons-collections\commons-collections\3.2.2\commons-collections-3.2.2.jar;C:\Users\aziz\.m2\repository\org\apache\commons\commons-lang3\3.9\commons-lang3-3.9.jar;C:\Users\aziz\.m2\repository\commons-io\commons-io\2.6\commons-io-2.6.jar;C:\Users\aziz\.m2\repository\org\springframework\spring-context\5.1.8.RELEASE\spring-context-5.1.8.RELEASE.jar;C:\Users\aziz\.m2\repository\org\springframework\spring-aop\5.1.8.RELEASE\spring-aop-5.1.8.RELEASE.jar;C:\Users\aziz\.m2\repository\org\springframework\spring-beans\5.1.8.RELEASE\spring-beans-5.1.8.RELEASE.jar;C:\Users\aziz\.m2\repository\org\springframework\spring-core\5.1.8.RELEASE\spring-core-5.1.8.RELEASE.jar;C:\Users\aziz\.m2\repository\org\springframework\spring-jcl\5.1.8.RELEASE\spring-jcl-5.1.8.RELEASE.jar;C:\Users\aziz\.m2\repository\org\springframework\spring-expression\5.1.8.RELEASE\spring-expression-5.1.8.RELEASE.jar;C:\Users\aziz\.m2\repository\org\aspectj\aspectjweaver\1.9.4\aspectjweaver-1.9.4.jar;C:\Users\aziz\.m2\repository\info\cukes\cucumber-core\1.2.5\cucumber-core-1.2.5.jar;C:\Users\aziz\.m2\repository\info\cukes\cucumber-html\0.2.3\cucumber-html-0.2.3.jar;C:\Users\aziz\.m2\repository\info\cukes\cucumber-jvm-deps\1.0.5\cucumber-jvm-deps-1.0.5.jar;C:\Users\aziz\.m2\repository\info\cukes\cucumber-java\1.2.5\cucumber-java-1.2.5.jar;C:\Users\aziz\.m2\repository\info\cukes\cucumber-junit\1.2.5\cucumber-junit-1.2.5.jar;C:\Users\aziz\.m2\repository\junit\junit\4.12\junit-4.12.jar;C:\Users\aziz\.m2\repository\org\hamcrest\hamcrest-core\1.3\hamcrest-core-1.3.jar;C:\Users\aziz\.m2\repository\info\cukes\gherkin\2.12.2\gherkin-2.12.2.jar;C:\Users\aziz\.m2\repository\org\seleniumhq\selenium\selenium-api\3.141.59\selenium-api-3.141.59.jar;C:\Users\aziz\.m2\repository\io\qameta\allure\allure-rest-assured\2.21.0\allure-rest-assured-2.21.0.jar;C:\Users\aziz\.m2\repository\io\qameta\allure\allure-attachments\2.21.0\allure-attachments-2.21.0.jar;C:\Users\aziz\.m2\repository\io\qameta\allure\allure-junit5\2.17.0\allure-junit5-2.17.0.jar;C:\Users\aziz\.m2\repository\io\qameta\allure\allure-junit-platform\2.17.0\allure-junit-platform-2.17.0.jar;C:\Users\aziz\.m2\repository\org\junit\jupiter\junit-jupiter-api\5.8.2\junit-jupiter-api-5.8.2.jar;C:\Users\aziz\.m2\repository\org\opentest4j\opentest4j\1.2.0\opentest4j-1.2.0.jar;C:\Users\aziz\.m2\repository\org\junit\platform\junit-platform-commons\1.8.2\junit-platform-commons-1.8.2.jar;C:\Users\aziz\.m2\repository\org\apiguardian\apiguardian-api\1.1.2\apiguardian-api-1.1.2.jar;C:\Users\aziz\.m2\repository\org\junit\platform\junit-platform-launcher\1.8.2\junit-platform-launcher-1.8.2.jar;C:\Users\aziz\.m2\repository\org\junit\platform\junit-platform-engine\1.8.2\junit-platform-engine-1.8.2.jar;C:\Users\aziz\.m2\repository\org\freemarker\freemarker\2.3.32\freemarker-2.3.32.jar;C:\Users\aziz\.m2\repository\org\skyscreamer\jsonassert\1.5.0\jsonassert-1.5.0.jar;C:\Users\aziz\.m2\repository\com\vaadin\external\google\android-json\0.0.20131108.vaadin1\android-json-0.0.20131108.vaadin1.jar;C:\Users\aziz\.m2\repository\io\qameta\allure\allure-testng\2.16.1\allure-testng-2.16.1.jar;C:\Users\aziz\.m2\repository\io\qameta\allure\allure-java-commons\2.16.1\allure-java-commons-2.16.1.jar;C:\Users\aziz\.m2\repository\io\qameta\allure\allure-model\2.16.1\allure-model-2.16.1.jar;C:\Users\aziz\.m2\repository\io\qameta\allure\allure-test-filter\2.16.1\allure-test-filter-2.16.1.jar;"/>
    <property name="java.vm.vendor" value="Oracle Corporation"/>
    <property name="sun.arch.data.model" value="64"/>
    <property name="user.variant" value=""/>
    <property name="java.vendor.url" value="http://java.oracle.com/"/>
    <property name="user.timezone" value="Asia/Bangkok"/>
    <property name="java.vm.specification.version" value="11"/>
    <property name="os.name" value="Windows 10"/>
    <property name="sun.java.launcher" value="SUN_STANDARD"/>
    <property name="user.country" value="ID"/>
    <property name="sun.boot.library.path" value="C:\Program Files\Java\jdk-11.0.5\bin"/>
    <property name="sun.java.command" value="C:\Users\aziz\AppData\Local\Temp\surefire4675609282816982378\surefirebooter-20230601132230446_3.jar C:\Users\aziz\AppData\Local\Temp\surefire4675609282816982378 2023-06-01T13-22-18_367-jvmRun1 surefire-20230601132230446_1tmp surefire_0-20230601132230446_2tmp"/>
    <property name="jdk.debug" value="release"/>
    <property name="surefire.test.class.path" value="D:\surplus techincal test\SurplusTechnicalTest\target\test-classes;D:\surplus techincal test\SurplusTechnicalTest\target\classes;C:\Users\aziz\.m2\repository\io\rest-assured\rest-assured\5.3.0\rest-assured-5.3.0.jar;C:\Users\aziz\.m2\repository\org\apache\groovy\groovy\4.0.6\groovy-4.0.6.jar;C:\Users\aziz\.m2\repository\org\apache\groovy\groovy-xml\4.0.6\groovy-xml-4.0.6.jar;C:\Users\aziz\.m2\repository\org\apache\httpcomponents\httpclient\4.5.13\httpclient-4.5.13.jar;C:\Users\aziz\.m2\repository\org\apache\httpcomponents\httpmime\4.5.13\httpmime-4.5.13.jar;C:\Users\aziz\.m2\repository\org\hamcrest\hamcrest\2.1\hamcrest-2.1.jar;C:\Users\aziz\.m2\repository\org\ccil\cowan\tagsoup\tagsoup\1.2.1\tagsoup-1.2.1.jar;C:\Users\aziz\.m2\repository\io\rest-assured\xml-path\5.3.0\xml-path-5.3.0.jar;C:\Users\aziz\.m2\repository\io\rest-assured\json-path\5.0.1\json-path-5.0.1.jar;C:\Users\aziz\.m2\repository\org\apache\groovy\groovy-json\4.0.1\groovy-json-4.0.1.jar;C:\Users\aziz\.m2\repository\io\rest-assured\rest-assured-common\5.0.1\rest-assured-common-5.0.1.jar;C:\Users\aziz\.m2\repository\io\rest-assured\json-schema-validator\5.0.1\json-schema-validator-5.0.1.jar;C:\Users\aziz\.m2\repository\com\github\java-json-tools\json-schema-validator\2.2.14\json-schema-validator-2.2.14.jar;C:\Users\aziz\.m2\repository\com\github\java-json-tools\jackson-coreutils-equivalence\1.0\jackson-coreutils-equivalence-1.0.jar;C:\Users\aziz\.m2\repository\com\fasterxml\jackson\core\jackson-databind\2.11.0\jackson-databind-2.11.0.jar;C:\Users\aziz\.m2\repository\com\fasterxml\jackson\core\jackson-annotations\2.11.0\jackson-annotations-2.11.0.jar;C:\Users\aziz\.m2\repository\com\fasterxml\jackson\core\jackson-core\2.11.0\jackson-core-2.11.0.jar;C:\Users\aziz\.m2\repository\com\github\java-json-tools\jackson-coreutils\2.0\jackson-coreutils-2.0.jar;C:\Users\aziz\.m2\repository\com\github\java-json-tools\msg-simple\1.2\msg-simple-1.2.jar;C:\Users\aziz\.m2\repository\com\github\java-json-tools\btf\1.3\btf-1.3.jar;C:\Users\aziz\.m2\repository\com\github\java-json-tools\json-schema-core\1.2.14\json-schema-core-1.2.14.jar;C:\Users\aziz\.m2\repository\com\github\java-json-tools\uri-template\0.10\uri-template-0.10.jar;C:\Users\aziz\.m2\repository\org\mozilla\rhino\1.7.7.2\rhino-1.7.7.2.jar;C:\Users\aziz\.m2\repository\com\sun\mail\mailapi\1.6.2\mailapi-1.6.2.jar;C:\Users\aziz\.m2\repository\joda-time\joda-time\2.10.5\joda-time-2.10.5.jar;C:\Users\aziz\.m2\repository\com\googlecode\libphonenumber\libphonenumber\8.11.1\libphonenumber-8.11.1.jar;C:\Users\aziz\.m2\repository\net\sf\jopt-simple\jopt-simple\5.0.4\jopt-simple-5.0.4.jar;C:\Users\aziz\.m2\repository\org\testng\testng\7.5\testng-7.5.jar;C:\Users\aziz\.m2\repository\com\google\code\findbugs\jsr305\3.0.1\jsr305-3.0.1.jar;C:\Users\aziz\.m2\repository\com\beust\jcommander\1.78\jcommander-1.78.jar;C:\Users\aziz\.m2\repository\org\webjars\jquery\3.5.1\jquery-3.5.1.jar;C:\Users\aziz\.m2\repository\org\json\json\20220320\json-20220320.jar;C:\Users\aziz\.m2\repository\com\google\code\gson\gson\2.8.6\gson-2.8.6.jar;C:\Users\aziz\.m2\repository\org\slf4j\slf4j-api\2.0.0-alpha1\slf4j-api-2.0.0-alpha1.jar;C:\Users\aziz\.m2\repository\org\slf4j\slf4j-simple\2.0.0-alpha1\slf4j-simple-2.0.0-alpha1.jar;C:\Users\aziz\.m2\repository\org\apache\maven\plugins\maven-surefire-plugin\3.0.0-M7\maven-surefire-plugin-3.0.0-M7.jar;C:\Users\aziz\.m2\repository\org\apache\maven\surefire\maven-surefire-common\3.0.0-M7\maven-surefire-common-3.0.0-M7.jar;C:\Users\aziz\.m2\repository\org\apache\maven\surefire\surefire-api\3.0.0-M7\surefire-api-3.0.0-M7.jar;C:\Users\aziz\.m2\repository\org\apache\maven\surefire\surefire-logger-api\3.0.0-M7\surefire-logger-api-3.0.0-M7.jar;C:\Users\aziz\.m2\repository\org\apache\maven\surefire\surefire-extensions-api\3.0.0-M7\surefire-extensions-api-3.0.0-M7.jar;C:\Users\aziz\.m2\repository\org\apache\maven\surefire\surefire-booter\3.0.0-M7\surefire-booter-3.0.0-M7.jar;C:\Users\aziz\.m2\repository\org\apache\maven\surefire\surefire-extensions-spi\3.0.0-M7\surefire-extensions-spi-3.0.0-M7.jar;C:\Users\aziz\.m2\repository\org\apache\maven\shared\maven-common-artifact-filters\3.1.1\maven-common-artifact-filters-3.1.1.jar;C:\Users\aziz\.m2\repository\org\apache\maven\maven-artifact\3.1.0\maven-artifact-3.1.0.jar;C:\Users\aziz\.m2\repository\org\codehaus\plexus\plexus-utils\3.0.10\plexus-utils-3.0.10.jar;C:\Users\aziz\.m2\repository\org\apache\maven\maven-core\3.1.0\maven-core-3.1.0.jar;C:\Users\aziz\.m2\repository\org\apache\maven\maven-settings\3.1.0\maven-settings-3.1.0.jar;C:\Users\aziz\.m2\repository\org\apache\maven\maven-settings-builder\3.1.0\maven-settings-builder-3.1.0.jar;C:\Users\aziz\.m2\repository\org\apache\maven\maven-repository-metadata\3.1.0\maven-repository-metadata-3.1.0.jar;C:\Users\aziz\.m2\repository\org\apache\maven\maven-model-builder\3.1.0\maven-model-builder-3.1.0.jar;C:\Users\aziz\.m2\repository\org\apache\maven\maven-aether-provider\3.1.0\maven-aether-provider-3.1.0.jar;C:\Users\aziz\.m2\repository\org\eclipse\aether\aether-spi\0.9.0.M2\aether-spi-0.9.0.M2.jar;C:\Users\aziz\.m2\repository\org\eclipse\aether\aether-impl\0.9.0.M2\aether-impl-0.9.0.M2.jar;C:\Users\aziz\.m2\repository\org\eclipse\aether\aether-api\0.9.0.M2\aether-api-0.9.0.M2.jar;C:\Users\aziz\.m2\repository\org\eclipse\aether\aether-util\0.9.0.M2\aether-util-0.9.0.M2.jar;C:\Users\aziz\.m2\repository\org\eclipse\sisu\org.eclipse.sisu.plexus\0.0.0.M2a\org.eclipse.sisu.plexus-0.0.0.M2a.jar;C:\Users\aziz\.m2\repository\javax\enterprise\cdi-api\1.0\cdi-api-1.0.jar;C:\Users\aziz\.m2\repository\javax\annotation\jsr250-api\1.0\jsr250-api-1.0.jar;C:\Users\aziz\.m2\repository\javax\inject\javax.inject\1\javax.inject-1.jar;C:\Users\aziz\.m2\repository\org\sonatype\sisu\sisu-guice\3.1.0\sisu-guice-3.1.0-no_aop.jar;C:\Users\aziz\.m2\repository\aopalliance\aopalliance\1.0\aopalliance-1.0.jar;C:\Users\aziz\.m2\repository\org\eclipse\sisu\org.eclipse.sisu.inject\0.0.0.M2a\org.eclipse.sisu.inject-0.0.0.M2a.jar;C:\Users\aziz\.m2\repository\asm\asm\3.3.1\asm-3.3.1.jar;C:\Users\aziz\.m2\repository\org\codehaus\plexus\plexus-interpolation\1.16\plexus-interpolation-1.16.jar;C:\Users\aziz\.m2\repository\org\codehaus\plexus\plexus-classworlds\2.4.2\plexus-classworlds-2.4.2.jar;C:\Users\aziz\.m2\repository\org\codehaus\plexus\plexus-component-annotations\1.5.5\plexus-component-annotations-1.5.5.jar;C:\Users\aziz\.m2\repository\org\sonatype\plexus\plexus-sec-dispatcher\1.3\plexus-sec-dispatcher-1.3.jar;C:\Users\aziz\.m2\repository\org\sonatype\plexus\plexus-cipher\1.4\plexus-cipher-1.4.jar;C:\Users\aziz\.m2\repository\org\apache\maven\maven-plugin-api\3.1.0\maven-plugin-api-3.1.0.jar;C:\Users\aziz\.m2\repository\org\codehaus\plexus\plexus-java\1.1.1\plexus-java-1.1.1.jar;C:\Users\aziz\.m2\repository\com\thoughtworks\qdox\qdox\2.0.1\qdox-2.0.1.jar;C:\Users\aziz\.m2\repository\org\apache\maven\surefire\surefire-shared-utils\3.0.0-M7\surefire-shared-utils-3.0.0-M7.jar;C:\Users\aziz\.m2\repository\com\jayway\jsonpath\json-path\2.6.0\json-path-2.6.0.jar;C:\Users\aziz\.m2\repository\net\minidev\json-smart\2.4.7\json-smart-2.4.7.jar;C:\Users\aziz\.m2\repository\net\minidev\accessors-smart\2.4.7\accessors-smart-2.4.7.jar;C:\Users\aziz\.m2\repository\org\seleniumhq\selenium\selenium-java\3.14.0\selenium-java-3.14.0.jar;C:\Users\aziz\.m2\repository\org\seleniumhq\selenium\selenium-chrome-driver\3.14.0\selenium-chrome-driver-3.14.0.jar;C:\Users\aziz\.m2\repository\org\seleniumhq\selenium\selenium-edge-driver\3.14.0\selenium-edge-driver-3.14.0.jar;C:\Users\aziz\.m2\repository\org\seleniumhq\selenium\selenium-firefox-driver\3.14.0\selenium-firefox-driver-3.14.0.jar;C:\Users\aziz\.m2\repository\org\seleniumhq\selenium\selenium-ie-driver\3.14.0\selenium-ie-driver-3.14.0.jar;C:\Users\aziz\.m2\repository\org\seleniumhq\selenium\selenium-opera-driver\3.14.0\selenium-opera-driver-3.14.0.jar;C:\Users\aziz\.m2\repository\org\seleniumhq\selenium\selenium-remote-driver\3.14.0\selenium-remote-driver-3.14.0.jar;C:\Users\aziz\.m2\repository\org\seleniumhq\selenium\selenium-safari-driver\3.14.0\selenium-safari-driver-3.14.0.jar;C:\Users\aziz\.m2\repository\org\seleniumhq\selenium\selenium-support\3.14.0\selenium-support-3.14.0.jar;C:\Users\aziz\.m2\repository\net\bytebuddy\byte-buddy\1.8.15\byte-buddy-1.8.15.jar;C:\Users\aziz\.m2\repository\org\apache\commons\commons-exec\1.3\commons-exec-1.3.jar;C:\Users\aziz\.m2\repository\commons-codec\commons-codec\1.10\commons-codec-1.10.jar;C:\Users\aziz\.m2\repository\commons-logging\commons-logging\1.2\commons-logging-1.2.jar;C:\Users\aziz\.m2\repository\com\google\guava\guava\25.0-jre\guava-25.0-jre.jar;C:\Users\aziz\.m2\repository\org\checkerframework\checker-compat-qual\2.0.0\checker-compat-qual-2.0.0.jar;C:\Users\aziz\.m2\repository\com\google\errorprone\error_prone_annotations\2.1.3\error_prone_annotations-2.1.3.jar;C:\Users\aziz\.m2\repository\com\google\j2objc\j2objc-annotations\1.1\j2objc-annotations-1.1.jar;C:\Users\aziz\.m2\repository\org\codehaus\mojo\animal-sniffer-annotations\1.14\animal-sniffer-annotations-1.14.jar;C:\Users\aziz\.m2\repository\org\apache\httpcomponents\httpcore\4.4.9\httpcore-4.4.9.jar;C:\Users\aziz\.m2\repository\com\squareup\okhttp3\okhttp\3.10.0\okhttp-3.10.0.jar;C:\Users\aziz\.m2\repository\com\squareup\okio\okio\1.14.1\okio-1.14.1.jar;C:\Users\aziz\.m2\repository\io\appium\java-client\7.3.0\java-client-7.3.0.jar;C:\Users\aziz\.m2\repository\cglib\cglib\3.2.12\cglib-3.2.12.jar;C:\Users\aziz\.m2\repository\org\ow2\asm\asm\7.1\asm-7.1.jar;C:\Users\aziz\.m2\repository\commons-validator\commons-validator\1.6\commons-validator-1.6.jar;C:\Users\aziz\.m2\repository\commons-beanutils\commons-beanutils\1.9.2\commons-beanutils-1.9.2.jar;C:\Users\aziz\.m2\repository\commons-digester\commons-digester\1.8.1\commons-digester-1.8.1.jar;C:\Users\aziz\.m2\repository\commons-collections\commons-collections\3.2.2\commons-collections-3.2.2.jar;C:\Users\aziz\.m2\repository\org\apache\commons\commons-lang3\3.9\commons-lang3-3.9.jar;C:\Users\aziz\.m2\repository\commons-io\commons-io\2.6\commons-io-2.6.jar;C:\Users\aziz\.m2\repository\org\springframework\spring-context\5.1.8.RELEASE\spring-context-5.1.8.RELEASE.jar;C:\Users\aziz\.m2\repository\org\springframework\spring-aop\5.1.8.RELEASE\spring-aop-5.1.8.RELEASE.jar;C:\Users\aziz\.m2\repository\org\springframework\spring-beans\5.1.8.RELEASE\spring-beans-5.1.8.RELEASE.jar;C:\Users\aziz\.m2\repository\org\springframework\spring-core\5.1.8.RELEASE\spring-core-5.1.8.RELEASE.jar;C:\Users\aziz\.m2\repository\org\springframework\spring-jcl\5.1.8.RELEASE\spring-jcl-5.1.8.RELEASE.jar;C:\Users\aziz\.m2\repository\org\springframework\spring-expression\5.1.8.RELEASE\spring-expression-5.1.8.RELEASE.jar;C:\Users\aziz\.m2\repository\org\aspectj\aspectjweaver\1.9.4\aspectjweaver-1.9.4.jar;C:\Users\aziz\.m2\repository\info\cukes\cucumber-core\1.2.5\cucumber-core-1.2.5.jar;C:\Users\aziz\.m2\repository\info\cukes\cucumber-html\0.2.3\cucumber-html-0.2.3.jar;C:\Users\aziz\.m2\repository\info\cukes\cucumber-jvm-deps\1.0.5\cucumber-jvm-deps-1.0.5.jar;C:\Users\aziz\.m2\repository\info\cukes\cucumber-java\1.2.5\cucumber-java-1.2.5.jar;C:\Users\aziz\.m2\repository\info\cukes\cucumber-junit\1.2.5\cucumber-junit-1.2.5.jar;C:\Users\aziz\.m2\repository\junit\junit\4.12\junit-4.12.jar;C:\Users\aziz\.m2\repository\org\hamcrest\hamcrest-core\1.3\hamcrest-core-1.3.jar;C:\Users\aziz\.m2\repository\info\cukes\gherkin\2.12.2\gherkin-2.12.2.jar;C:\Users\aziz\.m2\repository\org\seleniumhq\selenium\selenium-api\3.141.59\selenium-api-3.141.59.jar;C:\Users\aziz\.m2\repository\io\qameta\allure\allure-rest-assured\2.21.0\allure-rest-assured-2.21.0.jar;C:\Users\aziz\.m2\repository\io\qameta\allure\allure-attachments\2.21.0\allure-attachments-2.21.0.jar;C:\Users\aziz\.m2\repository\io\qameta\allure\allure-junit5\2.17.0\allure-junit5-2.17.0.jar;C:\Users\aziz\.m2\repository\io\qameta\allure\allure-junit-platform\2.17.0\allure-junit-platform-2.17.0.jar;C:\Users\aziz\.m2\repository\org\junit\jupiter\junit-jupiter-api\5.8.2\junit-jupiter-api-5.8.2.jar;C:\Users\aziz\.m2\repository\org\opentest4j\opentest4j\1.2.0\opentest4j-1.2.0.jar;C:\Users\aziz\.m2\repository\org\junit\platform\junit-platform-commons\1.8.2\junit-platform-commons-1.8.2.jar;C:\Users\aziz\.m2\repository\org\apiguardian\apiguardian-api\1.1.2\apiguardian-api-1.1.2.jar;C:\Users\aziz\.m2\repository\org\junit\platform\junit-platform-launcher\1.8.2\junit-platform-launcher-1.8.2.jar;C:\Users\aziz\.m2\repository\org\junit\platform\junit-platform-engine\1.8.2\junit-platform-engine-1.8.2.jar;C:\Users\aziz\.m2\repository\org\freemarker\freemarker\2.3.32\freemarker-2.3.32.jar;C:\Users\aziz\.m2\repository\org\skyscreamer\jsonassert\1.5.0\jsonassert-1.5.0.jar;C:\Users\aziz\.m2\repository\com\vaadin\external\google\android-json\0.0.20131108.vaadin1\android-json-0.0.20131108.vaadin1.jar;C:\Users\aziz\.m2\repository\io\qameta\allure\allure-testng\2.16.1\allure-testng-2.16.1.jar;C:\Users\aziz\.m2\repository\io\qameta\allure\allure-java-commons\2.16.1\allure-java-commons-2.16.1.jar;C:\Users\aziz\.m2\repository\io\qameta\allure\allure-model\2.16.1\allure-model-2.16.1.jar;C:\Users\aziz\.m2\repository\io\qameta\allure\allure-test-filter\2.16.1\allure-test-filter-2.16.1.jar;"/>
    <property name="sun.cpu.endian" value="little"/>
    <property name="user.home" value="C:\Users\aziz"/>
    <property name="user.language" value="en"/>
    <property name="java.specification.vendor" value="Oracle Corporation"/>
    <property name="java.version.date" value="2019-10-15"/>
    <property name="java.home" value="C:\Program Files\Java\jdk-11.0.5"/>
    <property name="file.separator" value="\"/>
    <property name="basedir" value="D:\surplus techincal test\SurplusTechnicalTest"/>
    <property name="java.vm.compressedOopsMode" value="Zero based"/>
    <property name="line.separator" value="&#10;"/>
    <property name="java.specification.name" value="Java Platform API Specification"/>
    <property name="java.vm.specification.vendor" value="Oracle Corporation"/>
    <property name="java.awt.graphicsenv" value="sun.awt.Win32GraphicsEnvironment"/>
    <property name="surefire.real.class.path" value="C:\Users\aziz\AppData\Local\Temp\surefire4675609282816982378\surefirebooter-20230601132230446_3.jar"/>
    <property name="user.script" value=""/>
    <property name="sun.management.compiler" value="HotSpot 64-Bit Tiered Compilers"/>
    <property name="java.runtime.version" value="11.0.5+10-LTS"/>
    <property name="user.name" value="aziz"/>
    <property name="path.separator" value=";"/>
    <property name="os.version" value="10.0"/>
    <property name="java.runtime.name" value="Java(TM) SE Runtime Environment"/>
    <property name="file.encoding" value="Cp1252"/>
    <property name="java.vm.name" value="Java HotSpot(TM) 64-Bit Server VM"/>
    <property name="java.vendor.version" value="18.9"/>
    <property name="localRepository" value="C:\Users\aziz\.m2\repository"/>
    <property name="java.vendor.url.bug" value="http://bugreport.java.com/bugreport/"/>
    <property name="java.io.tmpdir" value="C:\Users\aziz\AppData\Local\Temp\"/>
    <property name="java.version" value="11.0.5"/>
    <property name="user.dir" value="D:\surplus techincal test\SurplusTechnicalTest"/>
    <property name="os.arch" value="amd64"/>
    <property name="java.vm.specification.name" value="Java Virtual Machine Specification"/>
    <property name="java.awt.printerjob" value="sun.awt.windows.WPrinterJob"/>
    <property name="sun.os.patch.level" value=""/>
    <property name="java.library.path" value="C:\Program Files\Java\jdk-11.0.5\bin;C:\WINDOWS\Sun\Java\bin;C:\WINDOWS\system32;C:\WINDOWS;C:\Program Files (x86)\Common Files\Oracle\Java\javapath;C:\windows\system32;C:\windows;C:\windows\System32\Wbem;C:\windows\System32\WindowsPowerShell\v1.0\;C:\windows\System32\OpenSSH\;C:\Program Files (x86)\NVIDIA Corporation\PhysX\Common;C:\Program Files\NVIDIA Corporation\NVIDIA NvDLISR;C:\src\flutter\bin;C:\Program Files\Git\cmd;C:\Program Files\Java\jdk-11.0.4\bin;C:\Users\aziz\AppData\Local\Android\Sdk\tools\bin;C:\Program Files\nodejs\;C:\xampp\php;C:\Users\aziz\Documents\react native\platform-tools_r29.0.6-windows\platform-tools;%JAVA_HOME%\bin;C:\TDM-GCC-64\bin;C:\WINDOWS\system32;C:\WINDOWS;C:\WINDOWS\System32\Wbem;C:\WINDOWS\System32\WindowsPowerShell\v1.0\;C:\WINDOWS\System32\OpenSSH\;C:\Program Files\PuTTY\;C:\ProgramData\openssl-0.9.8k_X64\bin;C:\ProgramData\chocolatey\bin;C:\src\flutter_windows_3.3.10-stable\flutter\bin;C:\Program Files (x86)\GnuWin32\bin;C:\Users\aziz\AppData\Local\Android\Sdk\platform-tools;D:\Data C\Downloads\apache-maven-3.9.0-bin\apache-maven-3.9.0\bin;C:\Users\aziz\scoop\shims;C:\Users\aziz\AppData\Local\python2\scripts;C:\Users\aziz\AppData\Local\python2;C:\Users\aziz\AppData\Local\Microsoft\WindowsApps;C:\Users\aziz\AppData\Local\Programs\Microsoft VS Code\bin;C:\Users\aziz\AppData\Roaming\npm;C:\Users\aziz\AppData\Roaming\Composer\vendor\bin;C:\Program Files\JetBrains\IntelliJ IDEA Community Edition 2020.1\bin;C:\Users\aziz\go\bin;C:\ProgramData\aziz\GitHubDesktop\bin;C:\Users\aziz\AppData\Local\GitHubDesktop\bin;C:\Users\aziz\AppData\Local\Microsoft\WindowsApps;C:\Program Files\Azure Data Studio\bin;C:\ProgramData\openssl-0.9.8k_X64\bin;C:\Program Files\OpenSSL-Win64\bin;C:\tools\dart-sdk\bin;C:\Users\aziz\AppData\Roaming\Pub\Cache\bin;C:\src\flutter_windows_3.3.10-stable\flutter\bin;C:\Program Files (x86)\GnuWin32\bin;C:\Users\aziz\AppData\Local\Android\Sdk\platform-tools;D:\Data C\Downloads\apache-maven-3.9.0-bin\apache-maven-3.9.0\bin;;."/>
    <property name="java.vendor" value="Oracle Corporation"/>
    <property name="java.vm.info" value="mixed mode"/>
    <property name="java.vm.version" value="11.0.5+10-LTS"/>
    <property name="sun.io.unicode.encoding" value="UnicodeLittle"/>
    <property name="java.class.version" value="55.0"/>
  </properties>
  <testcase name="Given the user is on the login screen" classname="| username_ | password |" time="0.097">
    <error message="Connection refused: connect&#10;Build info: version: &apos;3.141.59&apos;, revision: &apos;e82be7d358&apos;, time: &apos;2018-11-14T08:17:03&apos;&#10;System info: host: &apos;LAPTOP-PDD67UF8&apos;, ip: &apos;192.168.9.2&apos;, os.name: &apos;Windows 10&apos;, os.arch: &apos;amd64&apos;, os.version: &apos;10.0&apos;, java.version: &apos;11.0.5&apos;&#10;Driver info: driver.version: AndroidDriver" type="org.openqa.selenium.WebDriverException"><![CDATA[org.openqa.selenium.WebDriverException: 
Connection refused: connect
Build info: version: '3.141.59', revision: 'e82be7d358', time: '2018-11-14T08:17:03'
System info: host: 'LAPTOP-PDD67UF8', ip: '192.168.9.2', os.name: 'Windows 10', os.arch: 'amd64', os.version: '10.0', java.version: '11.0.5'
Driver info: driver.version: AndroidDriver
	at io.appium.java_client.remote.AppiumCommandExecutor.lambda$5(AppiumCommandExecutor.java:251)
	at java.base/java.util.Optional.orElseGet(Optional.java:369)
	at io.appium.java_client.remote.AppiumCommandExecutor.execute(AppiumCommandExecutor.java:250)
	at org.openqa.selenium.remote.RemoteWebDriver.execute(RemoteWebDriver.java:548)
	at io.appium.java_client.DefaultGenericMobileDriver.execute(DefaultGenericMobileDriver.java:41)
	at io.appium.java_client.AppiumDriver.execute(AppiumDriver.java:1)
	at io.appium.java_client.android.AndroidDriver.execute(AndroidDriver.java:1)
	at org.openqa.selenium.remote.RemoteWebDriver.startSession(RemoteWebDriver.java:212)
	at io.appium.java_client.AppiumDriver.startSession(AppiumDriver.java:336)
	at org.openqa.selenium.remote.RemoteWebDriver.<init>(RemoteWebDriver.java:130)
	at io.appium.java_client.DefaultGenericMobileDriver.<init>(DefaultGenericMobileDriver.java:37)
	at io.appium.java_client.AppiumDriver.<init>(AppiumDriver.java:88)
	at io.appium.java_client.AppiumDriver.<init>(AppiumDriver.java:98)
	at io.appium.java_client.android.AndroidDriver.<init>(AndroidDriver.java:94)
	at MobileTest.FeatureSteps.Login.LoginTest.the_user_is_on_the_login_screen(LoginTest.java:35)
	at âœ½.Given the user is on the login screen(src/test/java/MobileTest/Features/Login.feature:3)
Caused by: java.net.ConnectException: Connection refused: connect
	at java.base/java.net.PlainSocketImpl.waitForConnect(Native Method)
	at java.base/java.net.PlainSocketImpl.socketConnect(PlainSocketImpl.java:107)
	at java.base/java.net.AbstractPlainSocketImpl.doConnect(AbstractPlainSocketImpl.java:399)
	at java.base/java.net.AbstractPlainSocketImpl.connectToAddress(AbstractPlainSocketImpl.java:242)
	at java.base/java.net.AbstractPlainSocketImpl.connect(AbstractPlainSocketImpl.java:224)
	at java.base/java.net.SocksSocketImpl.connect(SocksSocketImpl.java:403)
	at java.base/java.net.Socket.connect(Socket.java:608)
	at okhttp3.internal.platform.Platform.connectSocket(Platform.java:129)
	at okhttp3.internal.connection.RealConnection.connectSocket(RealConnection.java:240)
	at okhttp3.internal.connection.RealConnection.connect(RealConnection.java:160)
	at okhttp3.internal.connection.StreamAllocation.findConnection(StreamAllocation.java:257)
	at okhttp3.internal.connection.StreamAllocation.findHealthyConnection(StreamAllocation.java:135)
	at okhttp3.internal.connection.StreamAllocation.newStream(StreamAllocation.java:114)
	at okhttp3.internal.connection.ConnectInterceptor.intercept(ConnectInterceptor.java:42)
	at okhttp3.internal.http.RealInterceptorChain.proceed(RealInterceptorChain.java:147)
	at okhttp3.internal.http.RealInterceptorChain.proceed(RealInterceptorChain.java:121)
	at okhttp3.internal.cache.CacheInterceptor.intercept(CacheInterceptor.java:93)
	at okhttp3.internal.http.RealInterceptorChain.proceed(RealInterceptorChain.java:147)
	at okhttp3.internal.http.RealInterceptorChain.proceed(RealInterceptorChain.java:121)
	at okhttp3.internal.http.BridgeInterceptor.intercept(BridgeInterceptor.java:93)
	at okhttp3.internal.http.RealInterceptorChain.proceed(RealInterceptorChain.java:147)
	at okhttp3.internal.http.RetryAndFollowUpInterceptor.intercept(RetryAndFollowUpInterceptor.java:126)
	at okhttp3.internal.http.RealInterceptorChain.proceed(RealInterceptorChain.java:147)
	at okhttp3.internal.http.RealInterceptorChain.proceed(RealInterceptorChain.java:121)
	at okhttp3.RealCall.getResponseWithInterceptorChain(RealCall.java:200)
	at okhttp3.RealCall.execute(RealCall.java:77)
	at org.openqa.selenium.remote.internal.OkHttpClient.execute(OkHttpClient.java:105)
	at org.openqa.selenium.remote.ProtocolHandshake.createSession(ProtocolHandshake.java:101)
	at java.base/jdk.internal.reflect.NativeMethodAccessorImpl.invoke0(Native Method)
	at java.base/jdk.internal.reflect.NativeMethodAccessorImpl.invoke(NativeMethodAccessorImpl.java:62)
	at java.base/jdk.internal.reflect.DelegatingMethodAccessorImpl.invoke(DelegatingMethodAccessorImpl.java:43)
	at java.base/java.lang.reflect.Method.invoke(Method.java:566)
	at io.appium.java_client.remote.AppiumCommandExecutor$1.createSession(AppiumCommandExecutor.java:186)
	at io.appium.java_client.remote.AppiumCommandExecutor.createSession(AppiumCommandExecutor.java:217)
	at io.appium.java_client.remote.AppiumCommandExecutor.execute(AppiumCommandExecutor.java:239)
	at org.openqa.selenium.remote.RemoteWebDriver.execute(RemoteWebDriver.java:548)
	at io.appium.java_client.DefaultGenericMobileDriver.execute(DefaultGenericMobileDriver.java:41)
	at io.appium.java_client.AppiumDriver.execute(AppiumDriver.java:1)
	at io.appium.java_client.android.AndroidDriver.execute(AndroidDriver.java:1)
	at org.openqa.selenium.remote.RemoteWebDriver.startSession(RemoteWebDriver.java:212)
	at io.appium.java_client.AppiumDriver.startSession(AppiumDriver.java:336)
	at org.openqa.selenium.remote.RemoteWebDriver.<init>(RemoteWebDriver.java:130)
	at io.appium.java_client.DefaultGenericMobileDriver.<init>(DefaultGenericMobileDriver.java:37)
	at io.appium.java_client.AppiumDriver.<init>(AppiumDriver.java:88)
	at io.appium.java_client.AppiumDriver.<init>(AppiumDriver.java:98)
	at io.appium.java_client.android.AndroidDriver.<init>(AndroidDriver.java:94)
	at MobileTest.FeatureSteps.Login.LoginTest.the_user_is_on_the_login_screen(LoginTest.java:35)
	at java.base/jdk.internal.reflect.NativeMethodAccessorImpl.invoke0(Native Method)
	at java.base/jdk.internal.reflect.NativeMethodAccessorImpl.invoke(NativeMethodAccessorImpl.java:62)
	at java.base/jdk.internal.reflect.DelegatingMethodAccessorImpl.invoke(DelegatingMethodAccessorImpl.java:43)
	at java.base/java.lang.reflect.Method.invoke(Method.java:566)
	at cucumber.runtime.Utils$1.call(Utils.java:40)
	at cucumber.runtime.Timeout.timeout(Timeout.java:16)
	at cucumber.runtime.Utils.invoke(Utils.java:34)
	at cucumber.runtime.java.JavaStepDefinition.execute(JavaStepDefinition.java:38)
	at cucumber.runtime.StepDefinitionMatch.runStep(StepDefinitionMatch.java:37)
	at cucumber.runtime.Runtime.runStep(Runtime.java:300)
	at cucumber.runtime.model.StepContainer.runStep(StepContainer.java:44)
	at cucumber.runtime.model.StepContainer.runSteps(StepContainer.java:39)
	at cucumber.runtime.model.CucumberScenario.run(CucumberScenario.java:44)
	at cucumber.runtime.junit.ExecutionUnitRunner.run(ExecutionUnitRunner.java:102)
	at org.junit.runners.Suite.runChild(Suite.java:128)
	at org.junit.runners.Suite.runChild(Suite.java:27)
	at org.junit.runners.ParentRunner$3.run(ParentRunner.java:290)
	at org.junit.runners.ParentRunner$1.schedule(ParentRunner.java:71)
	at org.junit.runners.ParentRunner.runChildren(ParentRunner.java:288)
	at org.junit.runners.ParentRunner.access$000(ParentRunner.java:58)
	at org.junit.runners.ParentRunner$2.evaluate(ParentRunner.java:268)
	at org.junit.runners.ParentRunner.run(ParentRunner.java:363)
	at cucumber.runtime.junit.ExamplesRunner.run(ExamplesRunner.java:59)
	at org.junit.runners.Suite.runChild(Suite.java:128)
	at org.junit.runners.Suite.runChild(Suite.java:27)
	at org.junit.runners.ParentRunner$3.run(ParentRunner.java:290)
	at org.junit.runners.ParentRunner$1.schedule(ParentRunner.java:71)
	at org.junit.runners.ParentRunner.runChildren(ParentRunner.java:288)
	at org.junit.runners.ParentRunner.access$000(ParentRunner.java:58)
	at org.junit.runners.ParentRunner$2.evaluate(ParentRunner.java:268)
	at org.junit.runners.ParentRunner.run(ParentRunner.java:363)
	at cucumber.runtime.junit.ScenarioOutlineRunner.run(ScenarioOutlineRunner.java:53)
	at cucumber.runtime.junit.FeatureRunner.runChild(FeatureRunner.java:63)
	at cucumber.runtime.junit.FeatureRunner.runChild(FeatureRunner.java:18)
	at org.junit.runners.ParentRunner$3.run(ParentRunner.java:290)
	at org.junit.runners.ParentRunner$1.schedule(ParentRunner.java:71)
	at org.junit.runners.ParentRunner.runChildren(ParentRunner.java:288)
	at org.junit.runners.ParentRunner.access$000(ParentRunner.java:58)
	at org.junit.runners.ParentRunner$2.evaluate(ParentRunner.java:268)
	at org.junit.runners.ParentRunner.run(ParentRunner.java:363)
	at cucumber.runtime.junit.FeatureRunner.run(FeatureRunner.java:70)
	at cucumber.api.junit.Cucumber.runChild(Cucumber.java:95)
	at cucumber.api.junit.Cucumber.runChild(Cucumber.java:38)
	at org.junit.runners.ParentRunner$3.run(ParentRunner.java:290)
	at org.junit.runners.ParentRunner$1.schedule(ParentRunner.java:71)
	at org.junit.runners.ParentRunner.runChildren(ParentRunner.java:288)
	at org.junit.runners.ParentRunner.access$000(ParentRunner.java:58)
	at org.junit.runners.ParentRunner$2.evaluate(ParentRunner.java:268)
	at org.junit.runners.ParentRunner.run(ParentRunner.java:363)
	at cucumber.api.junit.Cucumber.run(Cucumber.java:100)
	at org.junit.runner.JUnitCore.run(JUnitCore.java:137)
	at org.junit.runner.JUnitCore.run(JUnitCore.java:115)
	at org.junit.vintage.engine.execution.RunnerExecutor.execute(RunnerExecutor.java:42)
	at org.junit.vintage.engine.VintageTestEngine.executeAllChildren(VintageTestEngine.java:80)
	at org.junit.vintage.engine.VintageTestEngine.execute(VintageTestEngine.java:72)
	at org.junit.platform.launcher.core.EngineExecutionOrchestrator.execute(EngineExecutionOrchestrator.java:107)
	at org.junit.platform.launcher.core.EngineExecutionOrchestrator.execute(EngineExecutionOrchestrator.java:88)
	at org.junit.platform.launcher.core.EngineExecutionOrchestrator.lambda$execute$0(EngineExecutionOrchestrator.java:54)
	at org.junit.platform.launcher.core.EngineExecutionOrchestrator.withInterceptedStreams(EngineExecutionOrchestrator.java:67)
	at org.junit.platform.launcher.core.EngineExecutionOrchestrator.execute(EngineExecutionOrchestrator.java:52)
	at org.junit.platform.launcher.core.DefaultLauncher.execute(DefaultLauncher.java:114)
	at org.junit.platform.launcher.core.DefaultLauncher.execute(DefaultLauncher.java:86)
	at org.junit.platform.launcher.core.DefaultLauncherSession$DelegatingLauncher.execute(DefaultLauncherSession.java:86)
	at org.apache.maven.surefire.junitplatform.LazyLauncher.execute(LazyLauncher.java:55)
	at org.apache.maven.surefire.junitplatform.JUnitPlatformProvider.execute(JUnitPlatformProvider.java:223)
	at org.apache.maven.surefire.junitplatform.JUnitPlatformProvider.invokeAllTests(JUnitPlatformProvider.java:175)
	at org.apache.maven.surefire.junitplatform.JUnitPlatformProvider.invoke(JUnitPlatformProvider.java:139)
	at org.apache.maven.surefire.booter.ForkedBooter.runSuitesInProcess(ForkedBooter.java:456)
	at org.apache.maven.surefire.booter.ForkedBooter.execute(ForkedBooter.java:169)
	at org.apache.maven.surefire.booter.ForkedBooter.run(ForkedBooter.java:595)
	at org.apache.maven.surefire.booter.ForkedBooter.main(ForkedBooter.java:581)
]]></error>
    <system-err><![CDATA[Jun 01, 2023 1:22:37 PM org.junit.platform.launcher.core.CompositeTestExecutionListener lambda$notifyEach$19
WARNING: TestExecutionListener [io.qameta.allure.junitplatform.AllureJunitPlatform] threw exception for method: executionStarted(TestIdentifier [uniqueId = [engine:junit-vintage]/[runner:MobileTest.FeatureSteps.RunCucumberTests]/[test:rO0ABXNyAB9naGVya2luLmZvcm1hdHRlci5tb2RlbC5GZWF0dXJlAAAAAAAAAAECAAB4cgAkZ2hlcmtpbi5mb3JtYXR0ZXIubW9kZWwuVGFnU3RhdGVtZW50AAAAAAAAAAECAAJMAAJpZHQAEkxqYXZhL2xhbmcvU3RyaW5nO0wABHRhZ3N0ABBMamF2YS91dGlsL0xpc3Q7eHIAKmdoZXJraW4uZm9ybWF0dGVyLm1vZGVsLkRlc2NyaWJlZFN0YXRlbWVudInoQ7yJkLCFAgABTAALZGVzY3JpcHRpb25xAH4AAnhyACZnaGVya2luLmZvcm1hdHRlci5tb2RlbC5CYXNpY1N0YXRlbWVudPM3wIsDVBUvAgAETAAIY29tbWVudHNxAH4AA0wAB2tleXdvcmRxAH4AAkwABGxpbmV0ABNMamF2YS9sYW5nL0ludGVnZXI7TAAEbmFtZXEAfgACeHIAGmdoZXJraW4uZm9ybWF0dGVyLk1hcHBhYmxl42CLFPnowjUCAAB4cHNyABNqYXZhLnV0aWwuQXJyYXlMaXN0eIHSHZnHYZ0DAAFJAARzaXpleHAAAAAAdwQAAAAAeHQAB0ZlYXR1cmVzcgARamF2YS5sYW5nLkludGVnZXIS4qCk94GHOAIAAUkABXZhbHVleHIAEGphdmEubGFuZy5OdW1iZXKGrJUdC5TgiwIAAHhwAAAAAXQABUxvZ2ludAAAdAAFbG9naW5zcQB%2BAAkAAAAAdwQAAAAAeA==]/[test:rO0ABXNyACdnaGVya2luLmZvcm1hdHRlci5tb2RlbC5TY2VuYXJpb091dGxpbmUAAAAAAAAAAQIAAUwABHR5cGV0ABJMamF2YS9sYW5nL1N0cmluZzt4cgAkZ2hlcmtpbi5mb3JtYXR0ZXIubW9kZWwuVGFnU3RhdGVtZW50AAAAAAAAAAECAAJMAAJpZHEAfgABTAAEdGFnc3QAEExqYXZhL3V0aWwvTGlzdDt4cgAqZ2hlcmtpbi5mb3JtYXR0ZXIubW9kZWwuRGVzY3JpYmVkU3RhdGVtZW50iehDvImQsIUCAAFMAAtkZXNjcmlwdGlvbnEAfgABeHIAJmdoZXJraW4uZm9ybWF0dGVyLm1vZGVsLkJhc2ljU3RhdGVtZW508zfAiwNUFS8CAARMAAhjb21tZW50c3EAfgADTAAHa2V5d29yZHEAfgABTAAEbGluZXQAE0xqYXZhL2xhbmcvSW50ZWdlcjtMAARuYW1lcQB%2BAAF4cgAaZ2hlcmtpbi5mb3JtYXR0ZXIuTWFwcGFibGXjYIsU%2BejCNQIAAHhwc3IAE2phdmEudXRpbC5BcnJheUxpc3R4gdIdmcdhnQMAAUkABHNpemV4cAAAAAB3BAAAAAB4dAAQU2NlbmFyaW8gT3V0bGluZXNyABFqYXZhLmxhbmcuSW50ZWdlchLioKT3gYc4AgABSQAFdmFsdWV4cgAQamF2YS5sYW5nLk51bWJlcoaslR0LlOCLAgAAeHAAAAACdAAeOiBMb2dpbiB3aXRoIHZhbGlkIGNyZWRlbnRpYWxzdAAAdAAkbG9naW47Oi1sb2dpbi13aXRoLXZhbGlkLWNyZWRlbnRpYWxzc3EAfgAJAAAAAHcEAAAAAHh0ABBzY2VuYXJpb19vdXRsaW5l]/[test:rO0ABXNyACBnaGVya2luLmZvcm1hdHRlci5tb2RlbC5FeGFtcGxlcwAAAAAAAAABAgABTAAEcm93c3QAEExqYXZhL3V0aWwvTGlzdDt4cgAkZ2hlcmtpbi5mb3JtYXR0ZXIubW9kZWwuVGFnU3RhdGVtZW50AAAAAAAAAAECAAJMAAJpZHQAEkxqYXZhL2xhbmcvU3RyaW5nO0wABHRhZ3NxAH4AAXhyACpnaGVya2luLmZvcm1hdHRlci5tb2RlbC5EZXNjcmliZWRTdGF0ZW1lbnSJ6EO8iZCwhQIAAUwAC2Rlc2NyaXB0aW9ucQB%2BAAN4cgAmZ2hlcmtpbi5mb3JtYXR0ZXIubW9kZWwuQmFzaWNTdGF0ZW1lbnTzN8CLA1QVLwIABEwACGNvbW1lbnRzcQB%2BAAFMAAdrZXl3b3JkcQB%2BAANMAARsaW5ldAATTGphdmEvbGFuZy9JbnRlZ2VyO0wABG5hbWVxAH4AA3hyABpnaGVya2luLmZvcm1hdHRlci5NYXBwYWJsZeNgixT56MI1AgAAeHBzcgATamF2YS51dGlsLkFycmF5TGlzdHiB0h2Zx2GdAwABSQAEc2l6ZXhwAAAAAHcEAAAAAHh0AAhFeGFtcGxlc3NyABFqYXZhLmxhbmcuSW50ZWdlchLioKT3gYc4AgABSQAFdmFsdWV4cgAQamF2YS5sYW5nLk51bWJlcoaslR0LlOCLAgAAeHAAAAAIdAAAdAAAdAAlbG9naW47Oi1sb2dpbi13aXRoLXZhbGlkLWNyZWRlbnRpYWxzO3NxAH4ACQAAAAB3BAAAAAB4c3EAfgAJAAAAAncEAAAAAnNyAChnaGVya2luLmZvcm1hdHRlci5tb2RlbC5FeGFtcGxlc1RhYmxlUm93AAAAAAAAAAECAAFMAAJpZHEAfgADeHIAG2doZXJraW4uZm9ybWF0dGVyLm1vZGVsLlJvdwkayqrbzNUXAgADTAAFY2VsbHNxAH4AAUwACGNvbW1lbnRzcQB%2BAAFMAARsaW5lcQB%2BAAZ4cQB%2BAAdzcQB%2BAAkAAAACdwQAAAACdAAIdXNlcm5hbWV0AARwYXNzeHNxAH4ACQAAAAB3BAAAAAB4c3EAfgAMAAAACXQAJ2xvZ2luOzotbG9naW4td2l0aC12YWxpZC1jcmVkZW50aWFsczs7MXNxAH4AFHNxAH4ACQAAAAJ3BAAAAAJ0AAl1c2VybmFtZV90AAhwYXNzd29yZHhzcQB%2BAAkAAAAAdwQAAAAAeHNxAH4ADAAAAAp0ACdsb2dpbjs6LWxvZ2luLXdpdGgtdmFsaWQtY3JlZGVudGlhbHM7OzJ4]/[test:rO0ABXNyACBnaGVya2luLmZvcm1hdHRlci5tb2RlbC5TY2VuYXJpbwAAAAAAAAABAgABTAAEdHlwZXQAEkxqYXZhL2xhbmcvU3RyaW5nO3hyACRnaGVya2luLmZvcm1hdHRlci5tb2RlbC5UYWdTdGF0ZW1lbnQAAAAAAAAAAQIAAkwAAmlkcQB%2BAAFMAAR0YWdzdAAQTGphdmEvdXRpbC9MaXN0O3hyACpnaGVya2luLmZvcm1hdHRlci5tb2RlbC5EZXNjcmliZWRTdGF0ZW1lbnSJ6EO8iZCwhQIAAUwAC2Rlc2NyaXB0aW9ucQB%2BAAF4cgAmZ2hlcmtpbi5mb3JtYXR0ZXIubW9kZWwuQmFzaWNTdGF0ZW1lbnTzN8CLA1QVLwIABEwACGNvbW1lbnRzcQB%2BAANMAAdrZXl3b3JkcQB%2BAAFMAARsaW5ldAATTGphdmEvbGFuZy9JbnRlZ2VyO0wABG5hbWVxAH4AAXhyABpnaGVya2luLmZvcm1hdHRlci5NYXBwYWJsZeNgixT56MI1AgAAeHBzcgATamF2YS51dGlsLkFycmF5TGlzdHiB0h2Zx2GdAwABSQAEc2l6ZXhwAAAAAHcEAAAAAHh0ABBTY2VuYXJpbyBPdXRsaW5lc3IAEWphdmEubGFuZy5JbnRlZ2VyEuKgpPeBhzgCAAFJAAV2YWx1ZXhyABBqYXZhLmxhbmcuTnVtYmVyhqyVHQuU4IsCAAB4cAAAAAp0AB46IExvZ2luIHdpdGggdmFsaWQgY3JlZGVudGlhbHN0AAB0ACdsb2dpbjs6LWxvZ2luLXdpdGgtdmFsaWQtY3JlZGVudGlhbHM7OzJzcQB%2BAAkAAAAAdwQAAAAAeHQACHNjZW5hcmlv]/[test:rO0ABXNyACJjdWN1bWJlci5ydW50aW1lLm1vZGVsLkV4YW1wbGVTdGVwx4eRvsG70B0CAAFMAA5tYXRjaGVkQ29sdW1uc3QAD0xqYXZhL3V0aWwvU2V0O3hyABxnaGVya2luLmZvcm1hdHRlci5tb2RlbC5TdGVwAAAAAAAAAAECAAJMAApkb2Nfc3RyaW5ndAAjTGdoZXJraW4vZm9ybWF0dGVyL21vZGVsL0RvY1N0cmluZztMAARyb3dzdAAQTGphdmEvdXRpbC9MaXN0O3hyACZnaGVya2luLmZvcm1hdHRlci5tb2RlbC5CYXNpY1N0YXRlbWVudPM3wIsDVBUvAgAETAAIY29tbWVudHNxAH4ABEwAB2tleXdvcmR0ABJMamF2YS9sYW5nL1N0cmluZztMAARsaW5ldAATTGphdmEvbGFuZy9JbnRlZ2VyO0wABG5hbWVxAH4ABnhyABpnaGVya2luLmZvcm1hdHRlci5NYXBwYWJsZeNgixT56MI1AgAAeHBzcgATamF2YS51dGlsLkFycmF5TGlzdHiB0h2Zx2GdAwABSQAEc2l6ZXhwAAAAAHcEAAAAAHh0AAZHaXZlbiBzcgARamF2YS5sYW5nLkludGVnZXIS4qCk94GHOAIAAUkABXZhbHVleHIAEGphdmEubGFuZy5OdW1iZXKGrJUdC5TgiwIAAHhwAAAAA3QAH3RoZSB1c2VyIGlzIG9uIHRoZSBsb2dpbiBzY3JlZW5wcHNyABFqYXZhLnV0aWwuSGFzaFNldLpEhZWWuLc0AwAAeHB3DAAAABA%2FQAAAAAAAAHg=], parentId = [engine:junit-vintage]/[runner:MobileTest.FeatureSteps.RunCucumberTests]/[test:rO0ABXNyAB9naGVya2luLmZvcm1hdHRlci5tb2RlbC5GZWF0dXJlAAAAAAAAAAECAAB4cgAkZ2hlcmtpbi5mb3JtYXR0ZXIubW9kZWwuVGFnU3RhdGVtZW50AAAAAAAAAAECAAJMAAJpZHQAEkxqYXZhL2xhbmcvU3RyaW5nO0wABHRhZ3N0ABBMamF2YS91dGlsL0xpc3Q7eHIAKmdoZXJraW4uZm9ybWF0dGVyLm1vZGVsLkRlc2NyaWJlZFN0YXRlbWVudInoQ7yJkLCFAgABTAALZGVzY3JpcHRpb25xAH4AAnhyACZnaGVya2luLmZvcm1hdHRlci5tb2RlbC5CYXNpY1N0YXRlbWVudPM3wIsDVBUvAgAETAAIY29tbWVudHNxAH4AA0wAB2tleXdvcmRxAH4AAkwABGxpbmV0ABNMamF2YS9sYW5nL0ludGVnZXI7TAAEbmFtZXEAfgACeHIAGmdoZXJraW4uZm9ybWF0dGVyLk1hcHBhYmxl42CLFPnowjUCAAB4cHNyABNqYXZhLnV0aWwuQXJyYXlMaXN0eIHSHZnHYZ0DAAFJAARzaXpleHAAAAAAdwQAAAAAeHQAB0ZlYXR1cmVzcgARamF2YS5sYW5nLkludGVnZXIS4qCk94GHOAIAAUkABXZhbHVleHIAEGphdmEubGFuZy5OdW1iZXKGrJUdC5TgiwIAAHhwAAAAAXQABUxvZ2ludAAAdAAFbG9naW5zcQB%2BAAkAAAAAdwQAAAAAeA==]/[test:rO0ABXNyACdnaGVya2luLmZvcm1hdHRlci5tb2RlbC5TY2VuYXJpb091dGxpbmUAAAAAAAAAAQIAAUwABHR5cGV0ABJMamF2YS9sYW5nL1N0cmluZzt4cgAkZ2hlcmtpbi5mb3JtYXR0ZXIubW9kZWwuVGFnU3RhdGVtZW50AAAAAAAAAAECAAJMAAJpZHEAfgABTAAEdGFnc3QAEExqYXZhL3V0aWwvTGlzdDt4cgAqZ2hlcmtpbi5mb3JtYXR0ZXIubW9kZWwuRGVzY3JpYmVkU3RhdGVtZW50iehDvImQsIUCAAFMAAtkZXNjcmlwdGlvbnEAfgABeHIAJmdoZXJraW4uZm9ybWF0dGVyLm1vZGVsLkJhc2ljU3RhdGVtZW508zfAiwNUFS8CAARMAAhjb21tZW50c3EAfgADTAAHa2V5d29yZHEAfgABTAAEbGluZXQAE0xqYXZhL2xhbmcvSW50ZWdlcjtMAARuYW1lcQB%2BAAF4cgAaZ2hlcmtpbi5mb3JtYXR0ZXIuTWFwcGFibGXjYIsU%2BejCNQIAAHhwc3IAE2phdmEudXRpbC5BcnJheUxpc3R4gdIdmcdhnQMAAUkABHNpemV4cAAAAAB3BAAAAAB4dAAQU2NlbmFyaW8gT3V0bGluZXNyABFqYXZhLmxhbmcuSW50ZWdlchLioKT3gYc4AgABSQAFdmFsdWV4cgAQamF2YS5sYW5nLk51bWJlcoaslR0LlOCLAgAAeHAAAAACdAAeOiBMb2dpbiB3aXRoIHZhbGlkIGNyZWRlbnRpYWxzdAAAdAAkbG9naW47Oi1sb2dpbi13aXRoLXZhbGlkLWNyZWRlbnRpYWxzc3EAfgAJAAAAAHcEAAAAAHh0ABBzY2VuYXJpb19vdXRsaW5l]/[test:rO0ABXNyACBnaGVya2luLmZvcm1hdHRlci5tb2RlbC5FeGFtcGxlcwAAAAAAAAABAgABTAAEcm93c3QAEExqYXZhL3V0aWwvTGlzdDt4cgAkZ2hlcmtpbi5mb3JtYXR0ZXIubW9kZWwuVGFnU3RhdGVtZW50AAAAAAAAAAECAAJMAAJpZHQAEkxqYXZhL2xhbmcvU3RyaW5nO0wABHRhZ3NxAH4AAXhyACpnaGVya2luLmZvcm1hdHRlci5tb2RlbC5EZXNjcmliZWRTdGF0ZW1lbnSJ6EO8iZCwhQIAAUwAC2Rlc2NyaXB0aW9ucQB%2BAAN4cgAmZ2hlcmtpbi5mb3JtYXR0ZXIubW9kZWwuQmFzaWNTdGF0ZW1lbnTzN8CLA1QVLwIABEwACGNvbW1lbnRzcQB%2BAAFMAAdrZXl3b3JkcQB%2BAANMAARsaW5ldAATTGphdmEvbGFuZy9JbnRlZ2VyO0wABG5hbWVxAH4AA3hyABpnaGVya2luLmZvcm1hdHRlci5NYXBwYWJsZeNgixT56MI1AgAAeHBzcgATamF2YS51dGlsLkFycmF5TGlzdHiB0h2Zx2GdAwABSQAEc2l6ZXhwAAAAAHcEAAAAAHh0AAhFeGFtcGxlc3NyABFqYXZhLmxhbmcuSW50ZWdlchLioKT3gYc4AgABSQAFdmFsdWV4cgAQamF2YS5sYW5nLk51bWJlcoaslR0LlOCLAgAAeHAAAAAIdAAAdAAAdAAlbG9naW47Oi1sb2dpbi13aXRoLXZhbGlkLWNyZWRlbnRpYWxzO3NxAH4ACQAAAAB3BAAAAAB4c3EAfgAJAAAAAncEAAAAAnNyAChnaGVya2luLmZvcm1hdHRlci5tb2RlbC5FeGFtcGxlc1RhYmxlUm93AAAAAAAAAAECAAFMAAJpZHEAfgADeHIAG2doZXJraW4uZm9ybWF0dGVyLm1vZGVsLlJvdwkayqrbzNUXAgADTAAFY2VsbHNxAH4AAUwACGNvbW1lbnRzcQB%2BAAFMAARsaW5lcQB%2BAAZ4cQB%2BAAdzcQB%2BAAkAAAACdwQAAAACdAAIdXNlcm5hbWV0AARwYXNzeHNxAH4ACQAAAAB3BAAAAAB4c3EAfgAMAAAACXQAJ2xvZ2luOzotbG9naW4td2l0aC12YWxpZC1jcmVkZW50aWFsczs7MXNxAH4AFHNxAH4ACQAAAAJ3BAAAAAJ0AAl1c2VybmFtZV90AAhwYXNzd29yZHhzcQB%2BAAkAAAAAdwQAAAAAeHNxAH4ADAAAAAp0ACdsb2dpbjs6LWxvZ2luLXdpdGgtdmFsaWQtY3JlZGVudGlhbHM7OzJ4]/[test:rO0ABXNyACBnaGVya2luLmZvcm1hdHRlci5tb2RlbC5TY2VuYXJpbwAAAAAAAAABAgABTAAEdHlwZXQAEkxqYXZhL2xhbmcvU3RyaW5nO3hyACRnaGVya2luLmZvcm1hdHRlci5tb2RlbC5UYWdTdGF0ZW1lbnQAAAAAAAAAAQIAAkwAAmlkcQB%2BAAFMAAR0YWdzdAAQTGphdmEvdXRpbC9MaXN0O3hyACpnaGVya2luLmZvcm1hdHRlci5tb2RlbC5EZXNjcmliZWRTdGF0ZW1lbnSJ6EO8iZCwhQIAAUwAC2Rlc2NyaXB0aW9ucQB%2BAAF4cgAmZ2hlcmtpbi5mb3JtYXR0ZXIubW9kZWwuQmFzaWNTdGF0ZW1lbnTzN8CLA1QVLwIABEwACGNvbW1lbnRzcQB%2BAANMAAdrZXl3b3JkcQB%2BAAFMAARsaW5ldAATTGphdmEvbGFuZy9JbnRlZ2VyO0wABG5hbWVxAH4AAXhyABpnaGVya2luLmZvcm1hdHRlci5NYXBwYWJsZeNgixT56MI1AgAAeHBzcgATamF2YS51dGlsLkFycmF5TGlzdHiB0h2Zx2GdAwABSQAEc2l6ZXhwAAAAAHcEAAAAAHh0ABBTY2VuYXJpbyBPdXRsaW5lc3IAEWphdmEubGFuZy5JbnRlZ2VyEuKgpPeBhzgCAAFJAAV2YWx1ZXhyABBqYXZhLmxhbmcuTnVtYmVyhqyVHQuU4IsCAAB4cAAAAAp0AB46IExvZ2luIHdpdGggdmFsaWQgY3JlZGVudGlhbHN0AAB0ACdsb2dpbjs6LWxvZ2luLXdpdGgtdmFsaWQtY3JlZGVudGlhbHM7OzJzcQB%2BAAkAAAAAdwQAAAAAeHQACHNjZW5hcmlv], displayName = 'Given the user is on the login screen', legacyReportingName = 'Given the user is on the login screen', source = null, tags = [], type = TEST])
java.lang.NoSuchMethodError: io.qameta.allure.model.TestResult.setTestCaseName(Ljava/lang/String;)Lio/qameta/allure/model/TestResult;
	at io.qameta.allure.junitplatform.AllureJunitPlatform.startTestCase(AllureJunitPlatform.java:425)
	at io.qameta.allure.junitplatform.AllureJunitPlatform.executionStarted(AllureJunitPlatform.java:152)
	at org.junit.platform.launcher.core.CompositeTestExecutionListener.lambda$executionStarted$6(CompositeTestExecutionListener.java:60)
	at org.junit.platform.launcher.core.CompositeTestExecutionListener.lambda$notifyEach$19(CompositeTestExecutionListener.java:95)
	at java.base/java.util.ArrayList.forEach(ArrayList.java:1540)
	at org.junit.platform.launcher.core.CompositeTestExecutionListener.notifyEach(CompositeTestExecutionListener.java:93)
	at org.junit.platform.launcher.core.CompositeTestExecutionListener.executionStarted(CompositeTestExecutionListener.java:60)
	at org.junit.platform.launcher.core.ExecutionListenerAdapter.executionStarted(ExecutionListenerAdapter.java:46)
	at org.junit.platform.launcher.core.DelegatingEngineExecutionListener.executionStarted(DelegatingEngineExecutionListener.java:41)
	at org.junit.platform.launcher.core.OutcomeDelayingEngineExecutionListener.executionStarted(OutcomeDelayingEngineExecutionListener.java:53)
	at org.junit.vintage.engine.execution.RunListenerAdapter.fireExecutionStarted(RunListenerAdapter.java:221)
	at org.junit.vintage.engine.execution.RunListenerAdapter.testStarted(RunListenerAdapter.java:170)
	at org.junit.vintage.engine.execution.RunListenerAdapter.testStarted(RunListenerAdapter.java:64)
	at org.junit.runner.notification.SynchronizedRunListener.testStarted(SynchronizedRunListener.java:49)
	at org.junit.runner.notification.RunNotifier$3.notifyListener(RunNotifier.java:121)
	at org.junit.runner.notification.RunNotifier$SafeNotifier.run(RunNotifier.java:72)
	at org.junit.runner.notification.RunNotifier.fireTestStarted(RunNotifier.java:118)
	at org.junit.internal.runners.model.EachTestNotifier.fireTestStarted(EachTestNotifier.java:42)
	at cucumber.runtime.junit.JUnitReporter.result(JUnitReporter.java:103)
	at cucumber.runtime.Runtime.runStep(Runtime.java:310)
	at cucumber.runtime.model.StepContainer.runStep(StepContainer.java:44)
	at cucumber.runtime.model.StepContainer.runSteps(StepContainer.java:39)
	at cucumber.runtime.model.CucumberScenario.run(CucumberScenario.java:44)
	at cucumber.runtime.junit.ExecutionUnitRunner.run(ExecutionUnitRunner.java:102)
	at org.junit.runners.Suite.runChild(Suite.java:128)
	at org.junit.runners.Suite.runChild(Suite.java:27)
	at org.junit.runners.ParentRunner$3.run(ParentRunner.java:290)
	at org.junit.runners.ParentRunner$1.schedule(ParentRunner.java:71)
	at org.junit.runners.ParentRunner.runChildren(ParentRunner.java:288)
	at org.junit.runners.ParentRunner.access$000(ParentRunner.java:58)
	at org.junit.runners.ParentRunner$2.evaluate(ParentRunner.java:268)
	at org.junit.runners.ParentRunner.run(ParentRunner.java:363)
	at cucumber.runtime.junit.ExamplesRunner.run(ExamplesRunner.java:59)
	at org.junit.runners.Suite.runChild(Suite.java:128)
	at org.junit.runners.Suite.runChild(Suite.java:27)
	at org.junit.runners.ParentRunner$3.run(ParentRunner.java:290)
	at org.junit.runners.ParentRunner$1.schedule(ParentRunner.java:71)
	at org.junit.runners.ParentRunner.runChildren(ParentRunner.java:288)
	at org.junit.runners.ParentRunner.access$000(ParentRunner.java:58)
	at org.junit.runners.ParentRunner$2.evaluate(ParentRunner.java:268)
	at org.junit.runners.ParentRunner.run(ParentRunner.java:363)
	at cucumber.runtime.junit.ScenarioOutlineRunner.run(ScenarioOutlineRunner.java:53)
	at cucumber.runtime.junit.FeatureRunner.runChild(FeatureRunner.java:63)
	at cucumber.runtime.junit.FeatureRunner.runChild(FeatureRunner.java:18)
	at org.junit.runners.ParentRunner$3.run(ParentRunner.java:290)
	at org.junit.runners.ParentRunner$1.schedule(ParentRunner.java:71)
	at org.junit.runners.ParentRunner.runChildren(ParentRunner.java:288)
	at org.junit.runners.ParentRunner.access$000(ParentRunner.java:58)
	at org.junit.runners.ParentRunner$2.evaluate(ParentRunner.java:268)
	at org.junit.runners.ParentRunner.run(ParentRunner.java:363)
	at cucumber.runtime.junit.FeatureRunner.run(FeatureRunner.java:70)
	at cucumber.api.junit.Cucumber.runChild(Cucumber.java:95)
	at cucumber.api.junit.Cucumber.runChild(Cucumber.java:38)
	at org.junit.runners.ParentRunner$3.run(ParentRunner.java:290)
	at org.junit.runners.ParentRunner$1.schedule(ParentRunner.java:71)
	at org.junit.runners.ParentRunner.runChildren(ParentRunner.java:288)
	at org.junit.runners.ParentRunner.access$000(ParentRunner.java:58)
	at org.junit.runners.ParentRunner$2.evaluate(ParentRunner.java:268)
	at org.junit.runners.ParentRunner.run(ParentRunner.java:363)
	at cucumber.api.junit.Cucumber.run(Cucumber.java:100)
	at org.junit.runner.JUnitCore.run(JUnitCore.java:137)
	at org.junit.runner.JUnitCore.run(JUnitCore.java:115)
	at org.junit.vintage.engine.execution.RunnerExecutor.execute(RunnerExecutor.java:42)
	at org.junit.vintage.engine.VintageTestEngine.executeAllChildren(VintageTestEngine.java:80)
	at org.junit.vintage.engine.VintageTestEngine.execute(VintageTestEngine.java:72)
	at org.junit.platform.launcher.core.EngineExecutionOrchestrator.execute(EngineExecutionOrchestrator.java:107)
	at org.junit.platform.launcher.core.EngineExecutionOrchestrator.execute(EngineExecutionOrchestrator.java:88)
	at org.junit.platform.launcher.core.EngineExecutionOrchestrator.lambda$execute$0(EngineExecutionOrchestrator.java:54)
	at org.junit.platform.launcher.core.EngineExecutionOrchestrator.withInterceptedStreams(EngineExecutionOrchestrator.java:67)
	at org.junit.platform.launcher.core.EngineExecutionOrchestrator.execute(EngineExecutionOrchestrator.java:52)
	at org.junit.platform.launcher.core.DefaultLauncher.execute(DefaultLauncher.java:114)
	at org.junit.platform.launcher.core.DefaultLauncher.execute(DefaultLauncher.java:86)
	at org.junit.platform.launcher.core.DefaultLauncherSession$DelegatingLauncher.execute(DefaultLauncherSession.java:86)
	at org.apache.maven.surefire.junitplatform.LazyLauncher.execute(LazyLauncher.java:55)
	at org.apache.maven.surefire.junitplatform.JUnitPlatformProvider.execute(JUnitPlatformProvider.java:223)
	at org.apache.maven.surefire.junitplatform.JUnitPlatformProvider.invokeAllTests(JUnitPlatformProvider.java:175)
	at org.apache.maven.surefire.junitplatform.JUnitPlatformProvider.invoke(JUnitPlatformProvider.java:139)
	at org.apache.maven.surefire.booter.ForkedBooter.runSuitesInProcess(ForkedBooter.java:456)
	at org.apache.maven.surefire.booter.ForkedBooter.execute(ForkedBooter.java:169)
	at org.apache.maven.surefire.booter.ForkedBooter.run(ForkedBooter.java:595)
	at org.apache.maven.surefire.booter.ForkedBooter.main(ForkedBooter.java:581)

[main] ERROR io.qameta.allure.AllureLifecycle - Could not update test case: test case with uuid 8b3e63d9-64a6-45ac-8075-72a9185e1543 not found
[main] ERROR io.qameta.allure.AllureLifecycle - Could not stop test case: test case with uuid 8b3e63d9-64a6-45ac-8075-72a9185e1543 not found
[main] ERROR io.qameta.allure.AllureLifecycle - Could not write test case: test case with uuid 8b3e63d9-64a6-45ac-8075-72a9185e1543 not found
]]></system-err>
  </testcase>
  <testcase name="When input &quot;username_&quot; on username field" classname="| username_ | password |" time="0">
    <skipped message="&lt;unknown&gt;"/>
    <system-err><![CDATA[Jun 01, 2023 1:22:37 PM org.junit.platform.launcher.core.CompositeTestExecutionListener lambda$notifyEach$19
WARNING: TestExecutionListener [io.qameta.allure.junitplatform.AllureJunitPlatform] threw exception for method: executionSkipped(TestIdentifier [uniqueId = [engine:junit-vintage]/[runner:MobileTest.FeatureSteps.RunCucumberTests]/[test:rO0ABXNyAB9naGVya2luLmZvcm1hdHRlci5tb2RlbC5GZWF0dXJlAAAAAAAAAAECAAB4cgAkZ2hlcmtpbi5mb3JtYXR0ZXIubW9kZWwuVGFnU3RhdGVtZW50AAAAAAAAAAECAAJMAAJpZHQAEkxqYXZhL2xhbmcvU3RyaW5nO0wABHRhZ3N0ABBMamF2YS91dGlsL0xpc3Q7eHIAKmdoZXJraW4uZm9ybWF0dGVyLm1vZGVsLkRlc2NyaWJlZFN0YXRlbWVudInoQ7yJkLCFAgABTAALZGVzY3JpcHRpb25xAH4AAnhyACZnaGVya2luLmZvcm1hdHRlci5tb2RlbC5CYXNpY1N0YXRlbWVudPM3wIsDVBUvAgAETAAIY29tbWVudHNxAH4AA0wAB2tleXdvcmRxAH4AAkwABGxpbmV0ABNMamF2YS9sYW5nL0ludGVnZXI7TAAEbmFtZXEAfgACeHIAGmdoZXJraW4uZm9ybWF0dGVyLk1hcHBhYmxl42CLFPnowjUCAAB4cHNyABNqYXZhLnV0aWwuQXJyYXlMaXN0eIHSHZnHYZ0DAAFJAARzaXpleHAAAAAAdwQAAAAAeHQAB0ZlYXR1cmVzcgARamF2YS5sYW5nLkludGVnZXIS4qCk94GHOAIAAUkABXZhbHVleHIAEGphdmEubGFuZy5OdW1iZXKGrJUdC5TgiwIAAHhwAAAAAXQABUxvZ2ludAAAdAAFbG9naW5zcQB%2BAAkAAAAAdwQAAAAAeA==]/[test:rO0ABXNyACdnaGVya2luLmZvcm1hdHRlci5tb2RlbC5TY2VuYXJpb091dGxpbmUAAAAAAAAAAQIAAUwABHR5cGV0ABJMamF2YS9sYW5nL1N0cmluZzt4cgAkZ2hlcmtpbi5mb3JtYXR0ZXIubW9kZWwuVGFnU3RhdGVtZW50AAAAAAAAAAECAAJMAAJpZHEAfgABTAAEdGFnc3QAEExqYXZhL3V0aWwvTGlzdDt4cgAqZ2hlcmtpbi5mb3JtYXR0ZXIubW9kZWwuRGVzY3JpYmVkU3RhdGVtZW50iehDvImQsIUCAAFMAAtkZXNjcmlwdGlvbnEAfgABeHIAJmdoZXJraW4uZm9ybWF0dGVyLm1vZGVsLkJhc2ljU3RhdGVtZW508zfAiwNUFS8CAARMAAhjb21tZW50c3EAfgADTAAHa2V5d29yZHEAfgABTAAEbGluZXQAE0xqYXZhL2xhbmcvSW50ZWdlcjtMAARuYW1lcQB%2BAAF4cgAaZ2hlcmtpbi5mb3JtYXR0ZXIuTWFwcGFibGXjYIsU%2BejCNQIAAHhwc3IAE2phdmEudXRpbC5BcnJheUxpc3R4gdIdmcdhnQMAAUkABHNpemV4cAAAAAB3BAAAAAB4dAAQU2NlbmFyaW8gT3V0bGluZXNyABFqYXZhLmxhbmcuSW50ZWdlchLioKT3gYc4AgABSQAFdmFsdWV4cgAQamF2YS5sYW5nLk51bWJlcoaslR0LlOCLAgAAeHAAAAACdAAeOiBMb2dpbiB3aXRoIHZhbGlkIGNyZWRlbnRpYWxzdAAAdAAkbG9naW47Oi1sb2dpbi13aXRoLXZhbGlkLWNyZWRlbnRpYWxzc3EAfgAJAAAAAHcEAAAAAHh0ABBzY2VuYXJpb19vdXRsaW5l]/[test:rO0ABXNyACBnaGVya2luLmZvcm1hdHRlci5tb2RlbC5FeGFtcGxlcwAAAAAAAAABAgABTAAEcm93c3QAEExqYXZhL3V0aWwvTGlzdDt4cgAkZ2hlcmtpbi5mb3JtYXR0ZXIubW9kZWwuVGFnU3RhdGVtZW50AAAAAAAAAAECAAJMAAJpZHQAEkxqYXZhL2xhbmcvU3RyaW5nO0wABHRhZ3NxAH4AAXhyACpnaGVya2luLmZvcm1hdHRlci5tb2RlbC5EZXNjcmliZWRTdGF0ZW1lbnSJ6EO8iZCwhQIAAUwAC2Rlc2NyaXB0aW9ucQB%2BAAN4cgAmZ2hlcmtpbi5mb3JtYXR0ZXIubW9kZWwuQmFzaWNTdGF0ZW1lbnTzN8CLA1QVLwIABEwACGNvbW1lbnRzcQB%2BAAFMAAdrZXl3b3JkcQB%2BAANMAARsaW5ldAATTGphdmEvbGFuZy9JbnRlZ2VyO0wABG5hbWVxAH4AA3hyABpnaGVya2luLmZvcm1hdHRlci5NYXBwYWJsZeNgixT56MI1AgAAeHBzcgATamF2YS51dGlsLkFycmF5TGlzdHiB0h2Zx2GdAwABSQAEc2l6ZXhwAAAAAHcEAAAAAHh0AAhFeGFtcGxlc3NyABFqYXZhLmxhbmcuSW50ZWdlchLioKT3gYc4AgABSQAFdmFsdWV4cgAQamF2YS5sYW5nLk51bWJlcoaslR0LlOCLAgAAeHAAAAAIdAAAdAAAdAAlbG9naW47Oi1sb2dpbi13aXRoLXZhbGlkLWNyZWRlbnRpYWxzO3NxAH4ACQAAAAB3BAAAAAB4c3EAfgAJAAAAAncEAAAAAnNyAChnaGVya2luLmZvcm1hdHRlci5tb2RlbC5FeGFtcGxlc1RhYmxlUm93AAAAAAAAAAECAAFMAAJpZHEAfgADeHIAG2doZXJraW4uZm9ybWF0dGVyLm1vZGVsLlJvdwkayqrbzNUXAgADTAAFY2VsbHNxAH4AAUwACGNvbW1lbnRzcQB%2BAAFMAARsaW5lcQB%2BAAZ4cQB%2BAAdzcQB%2BAAkAAAACdwQAAAACdAAIdXNlcm5hbWV0AARwYXNzeHNxAH4ACQAAAAB3BAAAAAB4c3EAfgAMAAAACXQAJ2xvZ2luOzotbG9naW4td2l0aC12YWxpZC1jcmVkZW50aWFsczs7MXNxAH4AFHNxAH4ACQAAAAJ3BAAAAAJ0AAl1c2VybmFtZV90AAhwYXNzd29yZHhzcQB%2BAAkAAAAAdwQAAAAAeHNxAH4ADAAAAAp0ACdsb2dpbjs6LWxvZ2luLXdpdGgtdmFsaWQtY3JlZGVudGlhbHM7OzJ4]/[test:rO0ABXNyACBnaGVya2luLmZvcm1hdHRlci5tb2RlbC5TY2VuYXJpbwAAAAAAAAABAgABTAAEdHlwZXQAEkxqYXZhL2xhbmcvU3RyaW5nO3hyACRnaGVya2luLmZvcm1hdHRlci5tb2RlbC5UYWdTdGF0ZW1lbnQAAAAAAAAAAQIAAkwAAmlkcQB%2BAAFMAAR0YWdzdAAQTGphdmEvdXRpbC9MaXN0O3hyACpnaGVya2luLmZvcm1hdHRlci5tb2RlbC5EZXNjcmliZWRTdGF0ZW1lbnSJ6EO8iZCwhQIAAUwAC2Rlc2NyaXB0aW9ucQB%2BAAF4cgAmZ2hlcmtpbi5mb3JtYXR0ZXIubW9kZWwuQmFzaWNTdGF0ZW1lbnTzN8CLA1QVLwIABEwACGNvbW1lbnRzcQB%2BAANMAAdrZXl3b3JkcQB%2BAAFMAARsaW5ldAATTGphdmEvbGFuZy9JbnRlZ2VyO0wABG5hbWVxAH4AAXhyABpnaGVya2luLmZvcm1hdHRlci5NYXBwYWJsZeNgixT56MI1AgAAeHBzcgATamF2YS51dGlsLkFycmF5TGlzdHiB0h2Zx2GdAwABSQAEc2l6ZXhwAAAAAHcEAAAAAHh0ABBTY2VuYXJpbyBPdXRsaW5lc3IAEWphdmEubGFuZy5JbnRlZ2VyEuKgpPeBhzgCAAFJAAV2YWx1ZXhyABBqYXZhLmxhbmcuTnVtYmVyhqyVHQuU4IsCAAB4cAAAAAp0AB46IExvZ2luIHdpdGggdmFsaWQgY3JlZGVudGlhbHN0AAB0ACdsb2dpbjs6LWxvZ2luLXdpdGgtdmFsaWQtY3JlZGVudGlhbHM7OzJzcQB%2BAAkAAAAAdwQAAAAAeHQACHNjZW5hcmlv]/[test:rO0ABXNyACJjdWN1bWJlci5ydW50aW1lLm1vZGVsLkV4YW1wbGVTdGVwx4eRvsG70B0CAAFMAA5tYXRjaGVkQ29sdW1uc3QAD0xqYXZhL3V0aWwvU2V0O3hyABxnaGVya2luLmZvcm1hdHRlci5tb2RlbC5TdGVwAAAAAAAAAAECAAJMAApkb2Nfc3RyaW5ndAAjTGdoZXJraW4vZm9ybWF0dGVyL21vZGVsL0RvY1N0cmluZztMAARyb3dzdAAQTGphdmEvdXRpbC9MaXN0O3hyACZnaGVya2luLmZvcm1hdHRlci5tb2RlbC5CYXNpY1N0YXRlbWVudPM3wIsDVBUvAgAETAAIY29tbWVudHNxAH4ABEwAB2tleXdvcmR0ABJMamF2YS9sYW5nL1N0cmluZztMAARsaW5ldAATTGphdmEvbGFuZy9JbnRlZ2VyO0wABG5hbWVxAH4ABnhyABpnaGVya2luLmZvcm1hdHRlci5NYXBwYWJsZeNgixT56MI1AgAAeHBzcgATamF2YS51dGlsLkFycmF5TGlzdHiB0h2Zx2GdAwABSQAEc2l6ZXhwAAAAAHcEAAAAAHh0AAVXaGVuIHNyABFqYXZhLmxhbmcuSW50ZWdlchLioKT3gYc4AgABSQAFdmFsdWV4cgAQamF2YS5sYW5nLk51bWJlcoaslR0LlOCLAgAAeHAAAAAEdAAjaW5wdXQgInVzZXJuYW1lXyIgb24gdXNlcm5hbWUgZmllbGRwcHNyABFqYXZhLnV0aWwuSGFzaFNldLpEhZWWuLc0AwAAeHB3DAAAABA%2FQAAAAAAAAXNxAH4ADQAAAAB4], parentId = [engine:junit-vintage]/[runner:MobileTest.FeatureSteps.RunCucumberTests]/[test:rO0ABXNyAB9naGVya2luLmZvcm1hdHRlci5tb2RlbC5GZWF0dXJlAAAAAAAAAAECAAB4cgAkZ2hlcmtpbi5mb3JtYXR0ZXIubW9kZWwuVGFnU3RhdGVtZW50AAAAAAAAAAECAAJMAAJpZHQAEkxqYXZhL2xhbmcvU3RyaW5nO0wABHRhZ3N0ABBMamF2YS91dGlsL0xpc3Q7eHIAKmdoZXJraW4uZm9ybWF0dGVyLm1vZGVsLkRlc2NyaWJlZFN0YXRlbWVudInoQ7yJkLCFAgABTAALZGVzY3JpcHRpb25xAH4AAnhyACZnaGVya2luLmZvcm1hdHRlci5tb2RlbC5CYXNpY1N0YXRlbWVudPM3wIsDVBUvAgAETAAIY29tbWVudHNxAH4AA0wAB2tleXdvcmRxAH4AAkwABGxpbmV0ABNMamF2YS9sYW5nL0ludGVnZXI7TAAEbmFtZXEAfgACeHIAGmdoZXJraW4uZm9ybWF0dGVyLk1hcHBhYmxl42CLFPnowjUCAAB4cHNyABNqYXZhLnV0aWwuQXJyYXlMaXN0eIHSHZnHYZ0DAAFJAARzaXpleHAAAAAAdwQAAAAAeHQAB0ZlYXR1cmVzcgARamF2YS5sYW5nLkludGVnZXIS4qCk94GHOAIAAUkABXZhbHVleHIAEGphdmEubGFuZy5OdW1iZXKGrJUdC5TgiwIAAHhwAAAAAXQABUxvZ2ludAAAdAAFbG9naW5zcQB%2BAAkAAAAAdwQAAAAAeA==]/[test:rO0ABXNyACdnaGVya2luLmZvcm1hdHRlci5tb2RlbC5TY2VuYXJpb091dGxpbmUAAAAAAAAAAQIAAUwABHR5cGV0ABJMamF2YS9sYW5nL1N0cmluZzt4cgAkZ2hlcmtpbi5mb3JtYXR0ZXIubW9kZWwuVGFnU3RhdGVtZW50AAAAAAAAAAECAAJMAAJpZHEAfgABTAAEdGFnc3QAEExqYXZhL3V0aWwvTGlzdDt4cgAqZ2hlcmtpbi5mb3JtYXR0ZXIubW9kZWwuRGVzY3JpYmVkU3RhdGVtZW50iehDvImQsIUCAAFMAAtkZXNjcmlwdGlvbnEAfgABeHIAJmdoZXJraW4uZm9ybWF0dGVyLm1vZGVsLkJhc2ljU3RhdGVtZW508zfAiwNUFS8CAARMAAhjb21tZW50c3EAfgADTAAHa2V5d29yZHEAfgABTAAEbGluZXQAE0xqYXZhL2xhbmcvSW50ZWdlcjtMAARuYW1lcQB%2BAAF4cgAaZ2hlcmtpbi5mb3JtYXR0ZXIuTWFwcGFibGXjYIsU%2BejCNQIAAHhwc3IAE2phdmEudXRpbC5BcnJheUxpc3R4gdIdmcdhnQMAAUkABHNpemV4cAAAAAB3BAAAAAB4dAAQU2NlbmFyaW8gT3V0bGluZXNyABFqYXZhLmxhbmcuSW50ZWdlchLioKT3gYc4AgABSQAFdmFsdWV4cgAQamF2YS5sYW5nLk51bWJlcoaslR0LlOCLAgAAeHAAAAACdAAeOiBMb2dpbiB3aXRoIHZhbGlkIGNyZWRlbnRpYWxzdAAAdAAkbG9naW47Oi1sb2dpbi13aXRoLXZhbGlkLWNyZWRlbnRpYWxzc3EAfgAJAAAAAHcEAAAAAHh0ABBzY2VuYXJpb19vdXRsaW5l]/[test:rO0ABXNyACBnaGVya2luLmZvcm1hdHRlci5tb2RlbC5FeGFtcGxlcwAAAAAAAAABAgABTAAEcm93c3QAEExqYXZhL3V0aWwvTGlzdDt4cgAkZ2hlcmtpbi5mb3JtYXR0ZXIubW9kZWwuVGFnU3RhdGVtZW50AAAAAAAAAAECAAJMAAJpZHQAEkxqYXZhL2xhbmcvU3RyaW5nO0wABHRhZ3NxAH4AAXhyACpnaGVya2luLmZvcm1hdHRlci5tb2RlbC5EZXNjcmliZWRTdGF0ZW1lbnSJ6EO8iZCwhQIAAUwAC2Rlc2NyaXB0aW9ucQB%2BAAN4cgAmZ2hlcmtpbi5mb3JtYXR0ZXIubW9kZWwuQmFzaWNTdGF0ZW1lbnTzN8CLA1QVLwIABEwACGNvbW1lbnRzcQB%2BAAFMAAdrZXl3b3JkcQB%2BAANMAARsaW5ldAATTGphdmEvbGFuZy9JbnRlZ2VyO0wABG5hbWVxAH4AA3hyABpnaGVya2luLmZvcm1hdHRlci5NYXBwYWJsZeNgixT56MI1AgAAeHBzcgATamF2YS51dGlsLkFycmF5TGlzdHiB0h2Zx2GdAwABSQAEc2l6ZXhwAAAAAHcEAAAAAHh0AAhFeGFtcGxlc3NyABFqYXZhLmxhbmcuSW50ZWdlchLioKT3gYc4AgABSQAFdmFsdWV4cgAQamF2YS5sYW5nLk51bWJlcoaslR0LlOCLAgAAeHAAAAAIdAAAdAAAdAAlbG9naW47Oi1sb2dpbi13aXRoLXZhbGlkLWNyZWRlbnRpYWxzO3NxAH4ACQAAAAB3BAAAAAB4c3EAfgAJAAAAAncEAAAAAnNyAChnaGVya2luLmZvcm1hdHRlci5tb2RlbC5FeGFtcGxlc1RhYmxlUm93AAAAAAAAAAECAAFMAAJpZHEAfgADeHIAG2doZXJraW4uZm9ybWF0dGVyLm1vZGVsLlJvdwkayqrbzNUXAgADTAAFY2VsbHNxAH4AAUwACGNvbW1lbnRzcQB%2BAAFMAARsaW5lcQB%2BAAZ4cQB%2BAAdzcQB%2BAAkAAAACdwQAAAACdAAIdXNlcm5hbWV0AARwYXNzeHNxAH4ACQAAAAB3BAAAAAB4c3EAfgAMAAAACXQAJ2xvZ2luOzotbG9naW4td2l0aC12YWxpZC1jcmVkZW50aWFsczs7MXNxAH4AFHNxAH4ACQAAAAJ3BAAAAAJ0AAl1c2VybmFtZV90AAhwYXNzd29yZHhzcQB%2BAAkAAAAAdwQAAAAAeHNxAH4ADAAAAAp0ACdsb2dpbjs6LWxvZ2luLXdpdGgtdmFsaWQtY3JlZGVudGlhbHM7OzJ4]/[test:rO0ABXNyACBnaGVya2luLmZvcm1hdHRlci5tb2RlbC5TY2VuYXJpbwAAAAAAAAABAgABTAAEdHlwZXQAEkxqYXZhL2xhbmcvU3RyaW5nO3hyACRnaGVya2luLmZvcm1hdHRlci5tb2RlbC5UYWdTdGF0ZW1lbnQAAAAAAAAAAQIAAkwAAmlkcQB%2BAAFMAAR0YWdzdAAQTGphdmEvdXRpbC9MaXN0O3hyACpnaGVya2luLmZvcm1hdHRlci5tb2RlbC5EZXNjcmliZWRTdGF0ZW1lbnSJ6EO8iZCwhQIAAUwAC2Rlc2NyaXB0aW9ucQB%2BAAF4cgAmZ2hlcmtpbi5mb3JtYXR0ZXIubW9kZWwuQmFzaWNTdGF0ZW1lbnTzN8CLA1QVLwIABEwACGNvbW1lbnRzcQB%2BAANMAAdrZXl3b3JkcQB%2BAAFMAARsaW5ldAATTGphdmEvbGFuZy9JbnRlZ2VyO0wABG5hbWVxAH4AAXhyABpnaGVya2luLmZvcm1hdHRlci5NYXBwYWJsZeNgixT56MI1AgAAeHBzcgATamF2YS51dGlsLkFycmF5TGlzdHiB0h2Zx2GdAwABSQAEc2l6ZXhwAAAAAHcEAAAAAHh0ABBTY2VuYXJpbyBPdXRsaW5lc3IAEWphdmEubGFuZy5JbnRlZ2VyEuKgpPeBhzgCAAFJAAV2YWx1ZXhyABBqYXZhLmxhbmcuTnVtYmVyhqyVHQuU4IsCAAB4cAAAAAp0AB46IExvZ2luIHdpdGggdmFsaWQgY3JlZGVudGlhbHN0AAB0ACdsb2dpbjs6LWxvZ2luLXdpdGgtdmFsaWQtY3JlZGVudGlhbHM7OzJzcQB%2BAAkAAAAAdwQAAAAAeHQACHNjZW5hcmlv], displayName = 'When input "username_" on username field', legacyReportingName = 'When input "username_" on username field', source = null, tags = [], type = TEST], <unknown>)
java.lang.NoSuchMethodError: io.qameta.allure.model.TestResult.setTestCaseName(Ljava/lang/String;)Lio/qameta/allure/model/TestResult;
	at io.qameta.allure.junitplatform.AllureJunitPlatform.startTestCase(AllureJunitPlatform.java:425)
	at io.qameta.allure.junitplatform.AllureJunitPlatform.reportNested(AllureJunitPlatform.java:296)
	at io.qameta.allure.junitplatform.AllureJunitPlatform.executionSkipped(AllureJunitPlatform.java:189)
	at org.junit.platform.launcher.core.CompositeTestExecutionListener.lambda$executionSkipped$2(CompositeTestExecutionListener.java:52)
	at org.junit.platform.launcher.core.CompositeTestExecutionListener.lambda$notifyEach$19(CompositeTestExecutionListener.java:95)
	at java.base/java.util.ArrayList.forEach(ArrayList.java:1540)
	at org.junit.platform.launcher.core.CompositeTestExecutionListener.notifyEach(CompositeTestExecutionListener.java:93)
	at org.junit.platform.launcher.core.CompositeTestExecutionListener.executionSkipped(CompositeTestExecutionListener.java:52)
	at org.junit.platform.launcher.core.ExecutionListenerAdapter.executionSkipped(ExecutionListenerAdapter.java:51)
	at org.junit.platform.launcher.core.DelegatingEngineExecutionListener.executionSkipped(DelegatingEngineExecutionListener.java:36)
	at org.junit.platform.launcher.core.OutcomeDelayingEngineExecutionListener.executionSkipped(OutcomeDelayingEngineExecutionListener.java:44)
	at org.junit.vintage.engine.execution.RunListenerAdapter.fireExecutionSkipped(RunListenerAdapter.java:216)
	at org.junit.vintage.engine.execution.RunListenerAdapter.testIgnored(RunListenerAdapter.java:154)
	at org.junit.vintage.engine.execution.RunListenerAdapter.testIgnored(RunListenerAdapter.java:59)
	at org.junit.runner.notification.SynchronizedRunListener.testIgnored(SynchronizedRunListener.java:77)
	at org.junit.runner.notification.RunNotifier$6.notifyListener(RunNotifier.java:174)
	at org.junit.runner.notification.RunNotifier$SafeNotifier.run(RunNotifier.java:72)
	at org.junit.runner.notification.RunNotifier.fireTestIgnored(RunNotifier.java:171)
	at org.junit.internal.runners.model.EachTestNotifier.fireTestIgnored(EachTestNotifier.java:46)
	at cucumber.runtime.junit.JUnitReporter.result(JUnitReporter.java:96)
	at cucumber.runtime.Runtime.runStep(Runtime.java:294)
	at cucumber.runtime.model.StepContainer.runStep(StepContainer.java:44)
	at cucumber.runtime.model.StepContainer.runSteps(StepContainer.java:39)
	at cucumber.runtime.model.CucumberScenario.run(CucumberScenario.java:44)
	at cucumber.runtime.junit.ExecutionUnitRunner.run(ExecutionUnitRunner.java:102)
	at org.junit.runners.Suite.runChild(Suite.java:128)
	at org.junit.runners.Suite.runChild(Suite.java:27)
	at org.junit.runners.ParentRunner$3.run(ParentRunner.java:290)
	at org.junit.runners.ParentRunner$1.schedule(ParentRunner.java:71)
	at org.junit.runners.ParentRunner.runChildren(ParentRunner.java:288)
	at org.junit.runners.ParentRunner.access$000(ParentRunner.java:58)
	at org.junit.runners.ParentRunner$2.evaluate(ParentRunner.java:268)
	at org.junit.runners.ParentRunner.run(ParentRunner.java:363)
	at cucumber.runtime.junit.ExamplesRunner.run(ExamplesRunner.java:59)
	at org.junit.runners.Suite.runChild(Suite.java:128)
	at org.junit.runners.Suite.runChild(Suite.java:27)
	at org.junit.runners.ParentRunner$3.run(ParentRunner.java:290)
	at org.junit.runners.ParentRunner$1.schedule(ParentRunner.java:71)
	at org.junit.runners.ParentRunner.runChildren(ParentRunner.java:288)
	at org.junit.runners.ParentRunner.access$000(ParentRunner.java:58)
	at org.junit.runners.ParentRunner$2.evaluate(ParentRunner.java:268)
	at org.junit.runners.ParentRunner.run(ParentRunner.java:363)
	at cucumber.runtime.junit.ScenarioOutlineRunner.run(ScenarioOutlineRunner.java:53)
	at cucumber.runtime.junit.FeatureRunner.runChild(FeatureRunner.java:63)
	at cucumber.runtime.junit.FeatureRunner.runChild(FeatureRunner.java:18)
	at org.junit.runners.ParentRunner$3.run(ParentRunner.java:290)
	at org.junit.runners.ParentRunner$1.schedule(ParentRunner.java:71)
	at org.junit.runners.ParentRunner.runChildren(ParentRunner.java:288)
	at org.junit.runners.ParentRunner.access$000(ParentRunner.java:58)
	at org.junit.runners.ParentRunner$2.evaluate(ParentRunner.java:268)
	at org.junit.runners.ParentRunner.run(ParentRunner.java:363)
	at cucumber.runtime.junit.FeatureRunner.run(FeatureRunner.java:70)
	at cucumber.api.junit.Cucumber.runChild(Cucumber.java:95)
	at cucumber.api.junit.Cucumber.runChild(Cucumber.java:38)
	at org.junit.runners.ParentRunner$3.run(ParentRunner.java:290)
	at org.junit.runners.ParentRunner$1.schedule(ParentRunner.java:71)
	at org.junit.runners.ParentRunner.runChildren(ParentRunner.java:288)
	at org.junit.runners.ParentRunner.access$000(ParentRunner.java:58)
	at org.junit.runners.ParentRunner$2.evaluate(ParentRunner.java:268)
	at org.junit.runners.ParentRunner.run(ParentRunner.java:363)
	at cucumber.api.junit.Cucumber.run(Cucumber.java:100)
	at org.junit.runner.JUnitCore.run(JUnitCore.java:137)
	at org.junit.runner.JUnitCore.run(JUnitCore.java:115)
	at org.junit.vintage.engine.execution.RunnerExecutor.execute(RunnerExecutor.java:42)
	at org.junit.vintage.engine.VintageTestEngine.executeAllChildren(VintageTestEngine.java:80)
	at org.junit.vintage.engine.VintageTestEngine.execute(VintageTestEngine.java:72)
	at org.junit.platform.launcher.core.EngineExecutionOrchestrator.execute(EngineExecutionOrchestrator.java:107)
	at org.junit.platform.launcher.core.EngineExecutionOrchestrator.execute(EngineExecutionOrchestrator.java:88)
	at org.junit.platform.launcher.core.EngineExecutionOrchestrator.lambda$execute$0(EngineExecutionOrchestrator.java:54)
	at org.junit.platform.launcher.core.EngineExecutionOrchestrator.withInterceptedStreams(EngineExecutionOrchestrator.java:67)
	at org.junit.platform.launcher.core.EngineExecutionOrchestrator.execute(EngineExecutionOrchestrator.java:52)
	at org.junit.platform.launcher.core.DefaultLauncher.execute(DefaultLauncher.java:114)
	at org.junit.platform.launcher.core.DefaultLauncher.execute(DefaultLauncher.java:86)
	at org.junit.platform.launcher.core.DefaultLauncherSession$DelegatingLauncher.execute(DefaultLauncherSession.java:86)
	at org.apache.maven.surefire.junitplatform.LazyLauncher.execute(LazyLauncher.java:55)
	at org.apache.maven.surefire.junitplatform.JUnitPlatformProvider.execute(JUnitPlatformProvider.java:223)
	at org.apache.maven.surefire.junitplatform.JUnitPlatformProvider.invokeAllTests(JUnitPlatformProvider.java:175)
	at org.apache.maven.surefire.junitplatform.JUnitPlatformProvider.invoke(JUnitPlatformProvider.java:139)
	at org.apache.maven.surefire.booter.ForkedBooter.runSuitesInProcess(ForkedBooter.java:456)
	at org.apache.maven.surefire.booter.ForkedBooter.execute(ForkedBooter.java:169)
	at org.apache.maven.surefire.booter.ForkedBooter.run(ForkedBooter.java:595)
	at org.apache.maven.surefire.booter.ForkedBooter.main(ForkedBooter.java:581)

]]></system-err>
  </testcase>
  <testcase name="And input &quot;password&quot; on password field" classname="| username_ | password |" time="0">
    <skipped message="&lt;unknown&gt;"/>
    <system-err><![CDATA[Jun 01, 2023 1:22:37 PM org.junit.platform.launcher.core.CompositeTestExecutionListener lambda$notifyEach$19
WARNING: TestExecutionListener [io.qameta.allure.junitplatform.AllureJunitPlatform] threw exception for method: executionSkipped(TestIdentifier [uniqueId = [engine:junit-vintage]/[runner:MobileTest.FeatureSteps.RunCucumberTests]/[test:rO0ABXNyAB9naGVya2luLmZvcm1hdHRlci5tb2RlbC5GZWF0dXJlAAAAAAAAAAECAAB4cgAkZ2hlcmtpbi5mb3JtYXR0ZXIubW9kZWwuVGFnU3RhdGVtZW50AAAAAAAAAAECAAJMAAJpZHQAEkxqYXZhL2xhbmcvU3RyaW5nO0wABHRhZ3N0ABBMamF2YS91dGlsL0xpc3Q7eHIAKmdoZXJraW4uZm9ybWF0dGVyLm1vZGVsLkRlc2NyaWJlZFN0YXRlbWVudInoQ7yJkLCFAgABTAALZGVzY3JpcHRpb25xAH4AAnhyACZnaGVya2luLmZvcm1hdHRlci5tb2RlbC5CYXNpY1N0YXRlbWVudPM3wIsDVBUvAgAETAAIY29tbWVudHNxAH4AA0wAB2tleXdvcmRxAH4AAkwABGxpbmV0ABNMamF2YS9sYW5nL0ludGVnZXI7TAAEbmFtZXEAfgACeHIAGmdoZXJraW4uZm9ybWF0dGVyLk1hcHBhYmxl42CLFPnowjUCAAB4cHNyABNqYXZhLnV0aWwuQXJyYXlMaXN0eIHSHZnHYZ0DAAFJAARzaXpleHAAAAAAdwQAAAAAeHQAB0ZlYXR1cmVzcgARamF2YS5sYW5nLkludGVnZXIS4qCk94GHOAIAAUkABXZhbHVleHIAEGphdmEubGFuZy5OdW1iZXKGrJUdC5TgiwIAAHhwAAAAAXQABUxvZ2ludAAAdAAFbG9naW5zcQB%2BAAkAAAAAdwQAAAAAeA==]/[test:rO0ABXNyACdnaGVya2luLmZvcm1hdHRlci5tb2RlbC5TY2VuYXJpb091dGxpbmUAAAAAAAAAAQIAAUwABHR5cGV0ABJMamF2YS9sYW5nL1N0cmluZzt4cgAkZ2hlcmtpbi5mb3JtYXR0ZXIubW9kZWwuVGFnU3RhdGVtZW50AAAAAAAAAAECAAJMAAJpZHEAfgABTAAEdGFnc3QAEExqYXZhL3V0aWwvTGlzdDt4cgAqZ2hlcmtpbi5mb3JtYXR0ZXIubW9kZWwuRGVzY3JpYmVkU3RhdGVtZW50iehDvImQsIUCAAFMAAtkZXNjcmlwdGlvbnEAfgABeHIAJmdoZXJraW4uZm9ybWF0dGVyLm1vZGVsLkJhc2ljU3RhdGVtZW508zfAiwNUFS8CAARMAAhjb21tZW50c3EAfgADTAAHa2V5d29yZHEAfgABTAAEbGluZXQAE0xqYXZhL2xhbmcvSW50ZWdlcjtMAARuYW1lcQB%2BAAF4cgAaZ2hlcmtpbi5mb3JtYXR0ZXIuTWFwcGFibGXjYIsU%2BejCNQIAAHhwc3IAE2phdmEudXRpbC5BcnJheUxpc3R4gdIdmcdhnQMAAUkABHNpemV4cAAAAAB3BAAAAAB4dAAQU2NlbmFyaW8gT3V0bGluZXNyABFqYXZhLmxhbmcuSW50ZWdlchLioKT3gYc4AgABSQAFdmFsdWV4cgAQamF2YS5sYW5nLk51bWJlcoaslR0LlOCLAgAAeHAAAAACdAAeOiBMb2dpbiB3aXRoIHZhbGlkIGNyZWRlbnRpYWxzdAAAdAAkbG9naW47Oi1sb2dpbi13aXRoLXZhbGlkLWNyZWRlbnRpYWxzc3EAfgAJAAAAAHcEAAAAAHh0ABBzY2VuYXJpb19vdXRsaW5l]/[test:rO0ABXNyACBnaGVya2luLmZvcm1hdHRlci5tb2RlbC5FeGFtcGxlcwAAAAAAAAABAgABTAAEcm93c3QAEExqYXZhL3V0aWwvTGlzdDt4cgAkZ2hlcmtpbi5mb3JtYXR0ZXIubW9kZWwuVGFnU3RhdGVtZW50AAAAAAAAAAECAAJMAAJpZHQAEkxqYXZhL2xhbmcvU3RyaW5nO0wABHRhZ3NxAH4AAXhyACpnaGVya2luLmZvcm1hdHRlci5tb2RlbC5EZXNjcmliZWRTdGF0ZW1lbnSJ6EO8iZCwhQIAAUwAC2Rlc2NyaXB0aW9ucQB%2BAAN4cgAmZ2hlcmtpbi5mb3JtYXR0ZXIubW9kZWwuQmFzaWNTdGF0ZW1lbnTzN8CLA1QVLwIABEwACGNvbW1lbnRzcQB%2BAAFMAAdrZXl3b3JkcQB%2BAANMAARsaW5ldAATTGphdmEvbGFuZy9JbnRlZ2VyO0wABG5hbWVxAH4AA3hyABpnaGVya2luLmZvcm1hdHRlci5NYXBwYWJsZeNgixT56MI1AgAAeHBzcgATamF2YS51dGlsLkFycmF5TGlzdHiB0h2Zx2GdAwABSQAEc2l6ZXhwAAAAAHcEAAAAAHh0AAhFeGFtcGxlc3NyABFqYXZhLmxhbmcuSW50ZWdlchLioKT3gYc4AgABSQAFdmFsdWV4cgAQamF2YS5sYW5nLk51bWJlcoaslR0LlOCLAgAAeHAAAAAIdAAAdAAAdAAlbG9naW47Oi1sb2dpbi13aXRoLXZhbGlkLWNyZWRlbnRpYWxzO3NxAH4ACQAAAAB3BAAAAAB4c3EAfgAJAAAAAncEAAAAAnNyAChnaGVya2luLmZvcm1hdHRlci5tb2RlbC5FeGFtcGxlc1RhYmxlUm93AAAAAAAAAAECAAFMAAJpZHEAfgADeHIAG2doZXJraW4uZm9ybWF0dGVyLm1vZGVsLlJvdwkayqrbzNUXAgADTAAFY2VsbHNxAH4AAUwACGNvbW1lbnRzcQB%2BAAFMAARsaW5lcQB%2BAAZ4cQB%2BAAdzcQB%2BAAkAAAACdwQAAAACdAAIdXNlcm5hbWV0AARwYXNzeHNxAH4ACQAAAAB3BAAAAAB4c3EAfgAMAAAACXQAJ2xvZ2luOzotbG9naW4td2l0aC12YWxpZC1jcmVkZW50aWFsczs7MXNxAH4AFHNxAH4ACQAAAAJ3BAAAAAJ0AAl1c2VybmFtZV90AAhwYXNzd29yZHhzcQB%2BAAkAAAAAdwQAAAAAeHNxAH4ADAAAAAp0ACdsb2dpbjs6LWxvZ2luLXdpdGgtdmFsaWQtY3JlZGVudGlhbHM7OzJ4]/[test:rO0ABXNyACBnaGVya2luLmZvcm1hdHRlci5tb2RlbC5TY2VuYXJpbwAAAAAAAAABAgABTAAEdHlwZXQAEkxqYXZhL2xhbmcvU3RyaW5nO3hyACRnaGVya2luLmZvcm1hdHRlci5tb2RlbC5UYWdTdGF0ZW1lbnQAAAAAAAAAAQIAAkwAAmlkcQB%2BAAFMAAR0YWdzdAAQTGphdmEvdXRpbC9MaXN0O3hyACpnaGVya2luLmZvcm1hdHRlci5tb2RlbC5EZXNjcmliZWRTdGF0ZW1lbnSJ6EO8iZCwhQIAAUwAC2Rlc2NyaXB0aW9ucQB%2BAAF4cgAmZ2hlcmtpbi5mb3JtYXR0ZXIubW9kZWwuQmFzaWNTdGF0ZW1lbnTzN8CLA1QVLwIABEwACGNvbW1lbnRzcQB%2BAANMAAdrZXl3b3JkcQB%2BAAFMAARsaW5ldAATTGphdmEvbGFuZy9JbnRlZ2VyO0wABG5hbWVxAH4AAXhyABpnaGVya2luLmZvcm1hdHRlci5NYXBwYWJsZeNgixT56MI1AgAAeHBzcgATamF2YS51dGlsLkFycmF5TGlzdHiB0h2Zx2GdAwABSQAEc2l6ZXhwAAAAAHcEAAAAAHh0ABBTY2VuYXJpbyBPdXRsaW5lc3IAEWphdmEubGFuZy5JbnRlZ2VyEuKgpPeBhzgCAAFJAAV2YWx1ZXhyABBqYXZhLmxhbmcuTnVtYmVyhqyVHQuU4IsCAAB4cAAAAAp0AB46IExvZ2luIHdpdGggdmFsaWQgY3JlZGVudGlhbHN0AAB0ACdsb2dpbjs6LWxvZ2luLXdpdGgtdmFsaWQtY3JlZGVudGlhbHM7OzJzcQB%2BAAkAAAAAdwQAAAAAeHQACHNjZW5hcmlv]/[test:rO0ABXNyACJjdWN1bWJlci5ydW50aW1lLm1vZGVsLkV4YW1wbGVTdGVwx4eRvsG70B0CAAFMAA5tYXRjaGVkQ29sdW1uc3QAD0xqYXZhL3V0aWwvU2V0O3hyABxnaGVya2luLmZvcm1hdHRlci5tb2RlbC5TdGVwAAAAAAAAAAECAAJMAApkb2Nfc3RyaW5ndAAjTGdoZXJraW4vZm9ybWF0dGVyL21vZGVsL0RvY1N0cmluZztMAARyb3dzdAAQTGphdmEvdXRpbC9MaXN0O3hyACZnaGVya2luLmZvcm1hdHRlci5tb2RlbC5CYXNpY1N0YXRlbWVudPM3wIsDVBUvAgAETAAIY29tbWVudHNxAH4ABEwAB2tleXdvcmR0ABJMamF2YS9sYW5nL1N0cmluZztMAARsaW5ldAATTGphdmEvbGFuZy9JbnRlZ2VyO0wABG5hbWVxAH4ABnhyABpnaGVya2luLmZvcm1hdHRlci5NYXBwYWJsZeNgixT56MI1AgAAeHBzcgATamF2YS51dGlsLkFycmF5TGlzdHiB0h2Zx2GdAwABSQAEc2l6ZXhwAAAAAHcEAAAAAHh0AARBbmQgc3IAEWphdmEubGFuZy5JbnRlZ2VyEuKgpPeBhzgCAAFJAAV2YWx1ZXhyABBqYXZhLmxhbmcuTnVtYmVyhqyVHQuU4IsCAAB4cAAAAAV0ACJpbnB1dCAicGFzc3dvcmQiIG9uIHBhc3N3b3JkIGZpZWxkcHBzcgARamF2YS51dGlsLkhhc2hTZXS6RIWVlri3NAMAAHhwdwwAAAAQP0AAAAAAAAFzcQB%2BAA0AAAABeA==], parentId = [engine:junit-vintage]/[runner:MobileTest.FeatureSteps.RunCucumberTests]/[test:rO0ABXNyAB9naGVya2luLmZvcm1hdHRlci5tb2RlbC5GZWF0dXJlAAAAAAAAAAECAAB4cgAkZ2hlcmtpbi5mb3JtYXR0ZXIubW9kZWwuVGFnU3RhdGVtZW50AAAAAAAAAAECAAJMAAJpZHQAEkxqYXZhL2xhbmcvU3RyaW5nO0wABHRhZ3N0ABBMamF2YS91dGlsL0xpc3Q7eHIAKmdoZXJraW4uZm9ybWF0dGVyLm1vZGVsLkRlc2NyaWJlZFN0YXRlbWVudInoQ7yJkLCFAgABTAALZGVzY3JpcHRpb25xAH4AAnhyACZnaGVya2luLmZvcm1hdHRlci5tb2RlbC5CYXNpY1N0YXRlbWVudPM3wIsDVBUvAgAETAAIY29tbWVudHNxAH4AA0wAB2tleXdvcmRxAH4AAkwABGxpbmV0ABNMamF2YS9sYW5nL0ludGVnZXI7TAAEbmFtZXEAfgACeHIAGmdoZXJraW4uZm9ybWF0dGVyLk1hcHBhYmxl42CLFPnowjUCAAB4cHNyABNqYXZhLnV0aWwuQXJyYXlMaXN0eIHSHZnHYZ0DAAFJAARzaXpleHAAAAAAdwQAAAAAeHQAB0ZlYXR1cmVzcgARamF2YS5sYW5nLkludGVnZXIS4qCk94GHOAIAAUkABXZhbHVleHIAEGphdmEubGFuZy5OdW1iZXKGrJUdC5TgiwIAAHhwAAAAAXQABUxvZ2ludAAAdAAFbG9naW5zcQB%2BAAkAAAAAdwQAAAAAeA==]/[test:rO0ABXNyACdnaGVya2luLmZvcm1hdHRlci5tb2RlbC5TY2VuYXJpb091dGxpbmUAAAAAAAAAAQIAAUwABHR5cGV0ABJMamF2YS9sYW5nL1N0cmluZzt4cgAkZ2hlcmtpbi5mb3JtYXR0ZXIubW9kZWwuVGFnU3RhdGVtZW50AAAAAAAAAAECAAJMAAJpZHEAfgABTAAEdGFnc3QAEExqYXZhL3V0aWwvTGlzdDt4cgAqZ2hlcmtpbi5mb3JtYXR0ZXIubW9kZWwuRGVzY3JpYmVkU3RhdGVtZW50iehDvImQsIUCAAFMAAtkZXNjcmlwdGlvbnEAfgABeHIAJmdoZXJraW4uZm9ybWF0dGVyLm1vZGVsLkJhc2ljU3RhdGVtZW508zfAiwNUFS8CAARMAAhjb21tZW50c3EAfgADTAAHa2V5d29yZHEAfgABTAAEbGluZXQAE0xqYXZhL2xhbmcvSW50ZWdlcjtMAARuYW1lcQB%2BAAF4cgAaZ2hlcmtpbi5mb3JtYXR0ZXIuTWFwcGFibGXjYIsU%2BejCNQIAAHhwc3IAE2phdmEudXRpbC5BcnJheUxpc3R4gdIdmcdhnQMAAUkABHNpemV4cAAAAAB3BAAAAAB4dAAQU2NlbmFyaW8gT3V0bGluZXNyABFqYXZhLmxhbmcuSW50ZWdlchLioKT3gYc4AgABSQAFdmFsdWV4cgAQamF2YS5sYW5nLk51bWJlcoaslR0LlOCLAgAAeHAAAAACdAAeOiBMb2dpbiB3aXRoIHZhbGlkIGNyZWRlbnRpYWxzdAAAdAAkbG9naW47Oi1sb2dpbi13aXRoLXZhbGlkLWNyZWRlbnRpYWxzc3EAfgAJAAAAAHcEAAAAAHh0ABBzY2VuYXJpb19vdXRsaW5l]/[test:rO0ABXNyACBnaGVya2luLmZvcm1hdHRlci5tb2RlbC5FeGFtcGxlcwAAAAAAAAABAgABTAAEcm93c3QAEExqYXZhL3V0aWwvTGlzdDt4cgAkZ2hlcmtpbi5mb3JtYXR0ZXIubW9kZWwuVGFnU3RhdGVtZW50AAAAAAAAAAECAAJMAAJpZHQAEkxqYXZhL2xhbmcvU3RyaW5nO0wABHRhZ3NxAH4AAXhyACpnaGVya2luLmZvcm1hdHRlci5tb2RlbC5EZXNjcmliZWRTdGF0ZW1lbnSJ6EO8iZCwhQIAAUwAC2Rlc2NyaXB0aW9ucQB%2BAAN4cgAmZ2hlcmtpbi5mb3JtYXR0ZXIubW9kZWwuQmFzaWNTdGF0ZW1lbnTzN8CLA1QVLwIABEwACGNvbW1lbnRzcQB%2BAAFMAAdrZXl3b3JkcQB%2BAANMAARsaW5ldAATTGphdmEvbGFuZy9JbnRlZ2VyO0wABG5hbWVxAH4AA3hyABpnaGVya2luLmZvcm1hdHRlci5NYXBwYWJsZeNgixT56MI1AgAAeHBzcgATamF2YS51dGlsLkFycmF5TGlzdHiB0h2Zx2GdAwABSQAEc2l6ZXhwAAAAAHcEAAAAAHh0AAhFeGFtcGxlc3NyABFqYXZhLmxhbmcuSW50ZWdlchLioKT3gYc4AgABSQAFdmFsdWV4cgAQamF2YS5sYW5nLk51bWJlcoaslR0LlOCLAgAAeHAAAAAIdAAAdAAAdAAlbG9naW47Oi1sb2dpbi13aXRoLXZhbGlkLWNyZWRlbnRpYWxzO3NxAH4ACQAAAAB3BAAAAAB4c3EAfgAJAAAAAncEAAAAAnNyAChnaGVya2luLmZvcm1hdHRlci5tb2RlbC5FeGFtcGxlc1RhYmxlUm93AAAAAAAAAAECAAFMAAJpZHEAfgADeHIAG2doZXJraW4uZm9ybWF0dGVyLm1vZGVsLlJvdwkayqrbzNUXAgADTAAFY2VsbHNxAH4AAUwACGNvbW1lbnRzcQB%2BAAFMAARsaW5lcQB%2BAAZ4cQB%2BAAdzcQB%2BAAkAAAACdwQAAAACdAAIdXNlcm5hbWV0AARwYXNzeHNxAH4ACQAAAAB3BAAAAAB4c3EAfgAMAAAACXQAJ2xvZ2luOzotbG9naW4td2l0aC12YWxpZC1jcmVkZW50aWFsczs7MXNxAH4AFHNxAH4ACQAAAAJ3BAAAAAJ0AAl1c2VybmFtZV90AAhwYXNzd29yZHhzcQB%2BAAkAAAAAdwQAAAAAeHNxAH4ADAAAAAp0ACdsb2dpbjs6LWxvZ2luLXdpdGgtdmFsaWQtY3JlZGVudGlhbHM7OzJ4]/[test:rO0ABXNyACBnaGVya2luLmZvcm1hdHRlci5tb2RlbC5TY2VuYXJpbwAAAAAAAAABAgABTAAEdHlwZXQAEkxqYXZhL2xhbmcvU3RyaW5nO3hyACRnaGVya2luLmZvcm1hdHRlci5tb2RlbC5UYWdTdGF0ZW1lbnQAAAAAAAAAAQIAAkwAAmlkcQB%2BAAFMAAR0YWdzdAAQTGphdmEvdXRpbC9MaXN0O3hyACpnaGVya2luLmZvcm1hdHRlci5tb2RlbC5EZXNjcmliZWRTdGF0ZW1lbnSJ6EO8iZCwhQIAAUwAC2Rlc2NyaXB0aW9ucQB%2BAAF4cgAmZ2hlcmtpbi5mb3JtYXR0ZXIubW9kZWwuQmFzaWNTdGF0ZW1lbnTzN8CLA1QVLwIABEwACGNvbW1lbnRzcQB%2BAANMAAdrZXl3b3JkcQB%2BAAFMAARsaW5ldAATTGphdmEvbGFuZy9JbnRlZ2VyO0wABG5hbWVxAH4AAXhyABpnaGVya2luLmZvcm1hdHRlci5NYXBwYWJsZeNgixT56MI1AgAAeHBzcgATamF2YS51dGlsLkFycmF5TGlzdHiB0h2Zx2GdAwABSQAEc2l6ZXhwAAAAAHcEAAAAAHh0ABBTY2VuYXJpbyBPdXRsaW5lc3IAEWphdmEubGFuZy5JbnRlZ2VyEuKgpPeBhzgCAAFJAAV2YWx1ZXhyABBqYXZhLmxhbmcuTnVtYmVyhqyVHQuU4IsCAAB4cAAAAAp0AB46IExvZ2luIHdpdGggdmFsaWQgY3JlZGVudGlhbHN0AAB0ACdsb2dpbjs6LWxvZ2luLXdpdGgtdmFsaWQtY3JlZGVudGlhbHM7OzJzcQB%2BAAkAAAAAdwQAAAAAeHQACHNjZW5hcmlv], displayName = 'And input "password" on password field', legacyReportingName = 'And input "password" on password field', source = null, tags = [], type = TEST], <unknown>)
java.lang.NoSuchMethodError: io.qameta.allure.model.TestResult.setTestCaseName(Ljava/lang/String;)Lio/qameta/allure/model/TestResult;
	at io.qameta.allure.junitplatform.AllureJunitPlatform.startTestCase(AllureJunitPlatform.java:425)
	at io.qameta.allure.junitplatform.AllureJunitPlatform.reportNested(AllureJunitPlatform.java:296)
	at io.qameta.allure.junitplatform.AllureJunitPlatform.executionSkipped(AllureJunitPlatform.java:189)
	at org.junit.platform.launcher.core.CompositeTestExecutionListener.lambda$executionSkipped$2(CompositeTestExecutionListener.java:52)
	at org.junit.platform.launcher.core.CompositeTestExecutionListener.lambda$notifyEach$19(CompositeTestExecutionListener.java:95)
	at java.base/java.util.ArrayList.forEach(ArrayList.java:1540)
	at org.junit.platform.launcher.core.CompositeTestExecutionListener.notifyEach(CompositeTestExecutionListener.java:93)
	at org.junit.platform.launcher.core.CompositeTestExecutionListener.executionSkipped(CompositeTestExecutionListener.java:52)
	at org.junit.platform.launcher.core.ExecutionListenerAdapter.executionSkipped(ExecutionListenerAdapter.java:51)
	at org.junit.platform.launcher.core.DelegatingEngineExecutionListener.executionSkipped(DelegatingEngineExecutionListener.java:36)
	at org.junit.platform.launcher.core.OutcomeDelayingEngineExecutionListener.executionSkipped(OutcomeDelayingEngineExecutionListener.java:44)
	at org.junit.vintage.engine.execution.RunListenerAdapter.fireExecutionSkipped(RunListenerAdapter.java:216)
	at org.junit.vintage.engine.execution.RunListenerAdapter.testIgnored(RunListenerAdapter.java:154)
	at org.junit.vintage.engine.execution.RunListenerAdapter.testIgnored(RunListenerAdapter.java:59)
	at org.junit.runner.notification.SynchronizedRunListener.testIgnored(SynchronizedRunListener.java:77)
	at org.junit.runner.notification.RunNotifier$6.notifyListener(RunNotifier.java:174)
	at org.junit.runner.notification.RunNotifier$SafeNotifier.run(RunNotifier.java:72)
	at org.junit.runner.notification.RunNotifier.fireTestIgnored(RunNotifier.java:171)
	at org.junit.internal.runners.model.EachTestNotifier.fireTestIgnored(EachTestNotifier.java:46)
	at cucumber.runtime.junit.JUnitReporter.result(JUnitReporter.java:96)
	at cucumber.runtime.Runtime.runStep(Runtime.java:294)
	at cucumber.runtime.model.StepContainer.runStep(StepContainer.java:44)
	at cucumber.runtime.model.StepContainer.runSteps(StepContainer.java:39)
	at cucumber.runtime.model.CucumberScenario.run(CucumberScenario.java:44)
	at cucumber.runtime.junit.ExecutionUnitRunner.run(ExecutionUnitRunner.java:102)
	at org.junit.runners.Suite.runChild(Suite.java:128)
	at org.junit.runners.Suite.runChild(Suite.java:27)
	at org.junit.runners.ParentRunner$3.run(ParentRunner.java:290)
	at org.junit.runners.ParentRunner$1.schedule(ParentRunner.java:71)
	at org.junit.runners.ParentRunner.runChildren(ParentRunner.java:288)
	at org.junit.runners.ParentRunner.access$000(ParentRunner.java:58)
	at org.junit.runners.ParentRunner$2.evaluate(ParentRunner.java:268)
	at org.junit.runners.ParentRunner.run(ParentRunner.java:363)
	at cucumber.runtime.junit.ExamplesRunner.run(ExamplesRunner.java:59)
	at org.junit.runners.Suite.runChild(Suite.java:128)
	at org.junit.runners.Suite.runChild(Suite.java:27)
	at org.junit.runners.ParentRunner$3.run(ParentRunner.java:290)
	at org.junit.runners.ParentRunner$1.schedule(ParentRunner.java:71)
	at org.junit.runners.ParentRunner.runChildren(ParentRunner.java:288)
	at org.junit.runners.ParentRunner.access$000(ParentRunner.java:58)
	at org.junit.runners.ParentRunner$2.evaluate(ParentRunner.java:268)
	at org.junit.runners.ParentRunner.run(ParentRunner.java:363)
	at cucumber.runtime.junit.ScenarioOutlineRunner.run(ScenarioOutlineRunner.java:53)
	at cucumber.runtime.junit.FeatureRunner.runChild(FeatureRunner.java:63)
	at cucumber.runtime.junit.FeatureRunner.runChild(FeatureRunner.java:18)
	at org.junit.runners.ParentRunner$3.run(ParentRunner.java:290)
	at org.junit.runners.ParentRunner$1.schedule(ParentRunner.java:71)
	at org.junit.runners.ParentRunner.runChildren(ParentRunner.java:288)
	at org.junit.runners.ParentRunner.access$000(ParentRunner.java:58)
	at org.junit.runners.ParentRunner$2.evaluate(ParentRunner.java:268)
	at org.junit.runners.ParentRunner.run(ParentRunner.java:363)
	at cucumber.runtime.junit.FeatureRunner.run(FeatureRunner.java:70)
	at cucumber.api.junit.Cucumber.runChild(Cucumber.java:95)
	at cucumber.api.junit.Cucumber.runChild(Cucumber.java:38)
	at org.junit.runners.ParentRunner$3.run(ParentRunner.java:290)
	at org.junit.runners.ParentRunner$1.schedule(ParentRunner.java:71)
	at org.junit.runners.ParentRunner.runChildren(ParentRunner.java:288)
	at org.junit.runners.ParentRunner.access$000(ParentRunner.java:58)
	at org.junit.runners.ParentRunner$2.evaluate(ParentRunner.java:268)
	at org.junit.runners.ParentRunner.run(ParentRunner.java:363)
	at cucumber.api.junit.Cucumber.run(Cucumber.java:100)
	at org.junit.runner.JUnitCore.run(JUnitCore.java:137)
	at org.junit.runner.JUnitCore.run(JUnitCore.java:115)
	at org.junit.vintage.engine.execution.RunnerExecutor.execute(RunnerExecutor.java:42)
	at org.junit.vintage.engine.VintageTestEngine.executeAllChildren(VintageTestEngine.java:80)
	at org.junit.vintage.engine.VintageTestEngine.execute(VintageTestEngine.java:72)
	at org.junit.platform.launcher.core.EngineExecutionOrchestrator.execute(EngineExecutionOrchestrator.java:107)
	at org.junit.platform.launcher.core.EngineExecutionOrchestrator.execute(EngineExecutionOrchestrator.java:88)
	at org.junit.platform.launcher.core.EngineExecutionOrchestrator.lambda$execute$0(EngineExecutionOrchestrator.java:54)
	at org.junit.platform.launcher.core.EngineExecutionOrchestrator.withInterceptedStreams(EngineExecutionOrchestrator.java:67)
	at org.junit.platform.launcher.core.EngineExecutionOrchestrator.execute(EngineExecutionOrchestrator.java:52)
	at org.junit.platform.launcher.core.DefaultLauncher.execute(DefaultLauncher.java:114)
	at org.junit.platform.launcher.core.DefaultLauncher.execute(DefaultLauncher.java:86)
	at org.junit.platform.launcher.core.DefaultLauncherSession$DelegatingLauncher.execute(DefaultLauncherSession.java:86)
	at org.apache.maven.surefire.junitplatform.LazyLauncher.execute(LazyLauncher.java:55)
	at org.apache.maven.surefire.junitplatform.JUnitPlatformProvider.execute(JUnitPlatformProvider.java:223)
	at org.apache.maven.surefire.junitplatform.JUnitPlatformProvider.invokeAllTests(JUnitPlatformProvider.java:175)
	at org.apache.maven.surefire.junitplatform.JUnitPlatformProvider.invoke(JUnitPlatformProvider.java:139)
	at org.apache.maven.surefire.booter.ForkedBooter.runSuitesInProcess(ForkedBooter.java:456)
	at org.apache.maven.surefire.booter.ForkedBooter.execute(ForkedBooter.java:169)
	at org.apache.maven.surefire.booter.ForkedBooter.run(ForkedBooter.java:595)
	at org.apache.maven.surefire.booter.ForkedBooter.main(ForkedBooter.java:581)

]]></system-err>
  </testcase>
  <testcase name="Then the user should be redirected to the home screen" classname="| username_ | password |" time="0">
    <skipped message="&lt;unknown&gt;"/>
    <system-err><![CDATA[Jun 01, 2023 1:22:37 PM org.junit.platform.launcher.core.CompositeTestExecutionListener lambda$notifyEach$19
WARNING: TestExecutionListener [io.qameta.allure.junitplatform.AllureJunitPlatform] threw exception for method: executionSkipped(TestIdentifier [uniqueId = [engine:junit-vintage]/[runner:MobileTest.FeatureSteps.RunCucumberTests]/[test:rO0ABXNyAB9naGVya2luLmZvcm1hdHRlci5tb2RlbC5GZWF0dXJlAAAAAAAAAAECAAB4cgAkZ2hlcmtpbi5mb3JtYXR0ZXIubW9kZWwuVGFnU3RhdGVtZW50AAAAAAAAAAECAAJMAAJpZHQAEkxqYXZhL2xhbmcvU3RyaW5nO0wABHRhZ3N0ABBMamF2YS91dGlsL0xpc3Q7eHIAKmdoZXJraW4uZm9ybWF0dGVyLm1vZGVsLkRlc2NyaWJlZFN0YXRlbWVudInoQ7yJkLCFAgABTAALZGVzY3JpcHRpb25xAH4AAnhyACZnaGVya2luLmZvcm1hdHRlci5tb2RlbC5CYXNpY1N0YXRlbWVudPM3wIsDVBUvAgAETAAIY29tbWVudHNxAH4AA0wAB2tleXdvcmRxAH4AAkwABGxpbmV0ABNMamF2YS9sYW5nL0ludGVnZXI7TAAEbmFtZXEAfgACeHIAGmdoZXJraW4uZm9ybWF0dGVyLk1hcHBhYmxl42CLFPnowjUCAAB4cHNyABNqYXZhLnV0aWwuQXJyYXlMaXN0eIHSHZnHYZ0DAAFJAARzaXpleHAAAAAAdwQAAAAAeHQAB0ZlYXR1cmVzcgARamF2YS5sYW5nLkludGVnZXIS4qCk94GHOAIAAUkABXZhbHVleHIAEGphdmEubGFuZy5OdW1iZXKGrJUdC5TgiwIAAHhwAAAAAXQABUxvZ2ludAAAdAAFbG9naW5zcQB%2BAAkAAAAAdwQAAAAAeA==]/[test:rO0ABXNyACdnaGVya2luLmZvcm1hdHRlci5tb2RlbC5TY2VuYXJpb091dGxpbmUAAAAAAAAAAQIAAUwABHR5cGV0ABJMamF2YS9sYW5nL1N0cmluZzt4cgAkZ2hlcmtpbi5mb3JtYXR0ZXIubW9kZWwuVGFnU3RhdGVtZW50AAAAAAAAAAECAAJMAAJpZHEAfgABTAAEdGFnc3QAEExqYXZhL3V0aWwvTGlzdDt4cgAqZ2hlcmtpbi5mb3JtYXR0ZXIubW9kZWwuRGVzY3JpYmVkU3RhdGVtZW50iehDvImQsIUCAAFMAAtkZXNjcmlwdGlvbnEAfgABeHIAJmdoZXJraW4uZm9ybWF0dGVyLm1vZGVsLkJhc2ljU3RhdGVtZW508zfAiwNUFS8CAARMAAhjb21tZW50c3EAfgADTAAHa2V5d29yZHEAfgABTAAEbGluZXQAE0xqYXZhL2xhbmcvSW50ZWdlcjtMAARuYW1lcQB%2BAAF4cgAaZ2hlcmtpbi5mb3JtYXR0ZXIuTWFwcGFibGXjYIsU%2BejCNQIAAHhwc3IAE2phdmEudXRpbC5BcnJheUxpc3R4gdIdmcdhnQMAAUkABHNpemV4cAAAAAB3BAAAAAB4dAAQU2NlbmFyaW8gT3V0bGluZXNyABFqYXZhLmxhbmcuSW50ZWdlchLioKT3gYc4AgABSQAFdmFsdWV4cgAQamF2YS5sYW5nLk51bWJlcoaslR0LlOCLAgAAeHAAAAACdAAeOiBMb2dpbiB3aXRoIHZhbGlkIGNyZWRlbnRpYWxzdAAAdAAkbG9naW47Oi1sb2dpbi13aXRoLXZhbGlkLWNyZWRlbnRpYWxzc3EAfgAJAAAAAHcEAAAAAHh0ABBzY2VuYXJpb19vdXRsaW5l]/[test:rO0ABXNyACBnaGVya2luLmZvcm1hdHRlci5tb2RlbC5FeGFtcGxlcwAAAAAAAAABAgABTAAEcm93c3QAEExqYXZhL3V0aWwvTGlzdDt4cgAkZ2hlcmtpbi5mb3JtYXR0ZXIubW9kZWwuVGFnU3RhdGVtZW50AAAAAAAAAAECAAJMAAJpZHQAEkxqYXZhL2xhbmcvU3RyaW5nO0wABHRhZ3NxAH4AAXhyACpnaGVya2luLmZvcm1hdHRlci5tb2RlbC5EZXNjcmliZWRTdGF0ZW1lbnSJ6EO8iZCwhQIAAUwAC2Rlc2NyaXB0aW9ucQB%2BAAN4cgAmZ2hlcmtpbi5mb3JtYXR0ZXIubW9kZWwuQmFzaWNTdGF0ZW1lbnTzN8CLA1QVLwIABEwACGNvbW1lbnRzcQB%2BAAFMAAdrZXl3b3JkcQB%2BAANMAARsaW5ldAATTGphdmEvbGFuZy9JbnRlZ2VyO0wABG5hbWVxAH4AA3hyABpnaGVya2luLmZvcm1hdHRlci5NYXBwYWJsZeNgixT56MI1AgAAeHBzcgATamF2YS51dGlsLkFycmF5TGlzdHiB0h2Zx2GdAwABSQAEc2l6ZXhwAAAAAHcEAAAAAHh0AAhFeGFtcGxlc3NyABFqYXZhLmxhbmcuSW50ZWdlchLioKT3gYc4AgABSQAFdmFsdWV4cgAQamF2YS5sYW5nLk51bWJlcoaslR0LlOCLAgAAeHAAAAAIdAAAdAAAdAAlbG9naW47Oi1sb2dpbi13aXRoLXZhbGlkLWNyZWRlbnRpYWxzO3NxAH4ACQAAAAB3BAAAAAB4c3EAfgAJAAAAAncEAAAAAnNyAChnaGVya2luLmZvcm1hdHRlci5tb2RlbC5FeGFtcGxlc1RhYmxlUm93AAAAAAAAAAECAAFMAAJpZHEAfgADeHIAG2doZXJraW4uZm9ybWF0dGVyLm1vZGVsLlJvdwkayqrbzNUXAgADTAAFY2VsbHNxAH4AAUwACGNvbW1lbnRzcQB%2BAAFMAARsaW5lcQB%2BAAZ4cQB%2BAAdzcQB%2BAAkAAAACdwQAAAACdAAIdXNlcm5hbWV0AARwYXNzeHNxAH4ACQAAAAB3BAAAAAB4c3EAfgAMAAAACXQAJ2xvZ2luOzotbG9naW4td2l0aC12YWxpZC1jcmVkZW50aWFsczs7MXNxAH4AFHNxAH4ACQAAAAJ3BAAAAAJ0AAl1c2VybmFtZV90AAhwYXNzd29yZHhzcQB%2BAAkAAAAAdwQAAAAAeHNxAH4ADAAAAAp0ACdsb2dpbjs6LWxvZ2luLXdpdGgtdmFsaWQtY3JlZGVudGlhbHM7OzJ4]/[test:rO0ABXNyACBnaGVya2luLmZvcm1hdHRlci5tb2RlbC5TY2VuYXJpbwAAAAAAAAABAgABTAAEdHlwZXQAEkxqYXZhL2xhbmcvU3RyaW5nO3hyACRnaGVya2luLmZvcm1hdHRlci5tb2RlbC5UYWdTdGF0ZW1lbnQAAAAAAAAAAQIAAkwAAmlkcQB%2BAAFMAAR0YWdzdAAQTGphdmEvdXRpbC9MaXN0O3hyACpnaGVya2luLmZvcm1hdHRlci5tb2RlbC5EZXNjcmliZWRTdGF0ZW1lbnSJ6EO8iZCwhQIAAUwAC2Rlc2NyaXB0aW9ucQB%2BAAF4cgAmZ2hlcmtpbi5mb3JtYXR0ZXIubW9kZWwuQmFzaWNTdGF0ZW1lbnTzN8CLA1QVLwIABEwACGNvbW1lbnRzcQB%2BAANMAAdrZXl3b3JkcQB%2BAAFMAARsaW5ldAATTGphdmEvbGFuZy9JbnRlZ2VyO0wABG5hbWVxAH4AAXhyABpnaGVya2luLmZvcm1hdHRlci5NYXBwYWJsZeNgixT56MI1AgAAeHBzcgATamF2YS51dGlsLkFycmF5TGlzdHiB0h2Zx2GdAwABSQAEc2l6ZXhwAAAAAHcEAAAAAHh0ABBTY2VuYXJpbyBPdXRsaW5lc3IAEWphdmEubGFuZy5JbnRlZ2VyEuKgpPeBhzgCAAFJAAV2YWx1ZXhyABBqYXZhLmxhbmcuTnVtYmVyhqyVHQuU4IsCAAB4cAAAAAp0AB46IExvZ2luIHdpdGggdmFsaWQgY3JlZGVudGlhbHN0AAB0ACdsb2dpbjs6LWxvZ2luLXdpdGgtdmFsaWQtY3JlZGVudGlhbHM7OzJzcQB%2BAAkAAAAAdwQAAAAAeHQACHNjZW5hcmlv]/[test:rO0ABXNyACJjdWN1bWJlci5ydW50aW1lLm1vZGVsLkV4YW1wbGVTdGVwx4eRvsG70B0CAAFMAA5tYXRjaGVkQ29sdW1uc3QAD0xqYXZhL3V0aWwvU2V0O3hyABxnaGVya2luLmZvcm1hdHRlci5tb2RlbC5TdGVwAAAAAAAAAAECAAJMAApkb2Nfc3RyaW5ndAAjTGdoZXJraW4vZm9ybWF0dGVyL21vZGVsL0RvY1N0cmluZztMAARyb3dzdAAQTGphdmEvdXRpbC9MaXN0O3hyACZnaGVya2luLmZvcm1hdHRlci5tb2RlbC5CYXNpY1N0YXRlbWVudPM3wIsDVBUvAgAETAAIY29tbWVudHNxAH4ABEwAB2tleXdvcmR0ABJMamF2YS9sYW5nL1N0cmluZztMAARsaW5ldAATTGphdmEvbGFuZy9JbnRlZ2VyO0wABG5hbWVxAH4ABnhyABpnaGVya2luLmZvcm1hdHRlci5NYXBwYWJsZeNgixT56MI1AgAAeHBzcgATamF2YS51dGlsLkFycmF5TGlzdHiB0h2Zx2GdAwABSQAEc2l6ZXhwAAAAAHcEAAAAAHh0AAVUaGVuIHNyABFqYXZhLmxhbmcuSW50ZWdlchLioKT3gYc4AgABSQAFdmFsdWV4cgAQamF2YS5sYW5nLk51bWJlcoaslR0LlOCLAgAAeHAAAAAGdAAwdGhlIHVzZXIgc2hvdWxkIGJlIHJlZGlyZWN0ZWQgdG8gdGhlIGhvbWUgc2NyZWVucHBzcgARamF2YS51dGlsLkhhc2hTZXS6RIWVlri3NAMAAHhwdwwAAAAQP0AAAAAAAAB4], parentId = [engine:junit-vintage]/[runner:MobileTest.FeatureSteps.RunCucumberTests]/[test:rO0ABXNyAB9naGVya2luLmZvcm1hdHRlci5tb2RlbC5GZWF0dXJlAAAAAAAAAAECAAB4cgAkZ2hlcmtpbi5mb3JtYXR0ZXIubW9kZWwuVGFnU3RhdGVtZW50AAAAAAAAAAECAAJMAAJpZHQAEkxqYXZhL2xhbmcvU3RyaW5nO0wABHRhZ3N0ABBMamF2YS91dGlsL0xpc3Q7eHIAKmdoZXJraW4uZm9ybWF0dGVyLm1vZGVsLkRlc2NyaWJlZFN0YXRlbWVudInoQ7yJkLCFAgABTAALZGVzY3JpcHRpb25xAH4AAnhyACZnaGVya2luLmZvcm1hdHRlci5tb2RlbC5CYXNpY1N0YXRlbWVudPM3wIsDVBUvAgAETAAIY29tbWVudHNxAH4AA0wAB2tleXdvcmRxAH4AAkwABGxpbmV0ABNMamF2YS9sYW5nL0ludGVnZXI7TAAEbmFtZXEAfgACeHIAGmdoZXJraW4uZm9ybWF0dGVyLk1hcHBhYmxl42CLFPnowjUCAAB4cHNyABNqYXZhLnV0aWwuQXJyYXlMaXN0eIHSHZnHYZ0DAAFJAARzaXpleHAAAAAAdwQAAAAAeHQAB0ZlYXR1cmVzcgARamF2YS5sYW5nLkludGVnZXIS4qCk94GHOAIAAUkABXZhbHVleHIAEGphdmEubGFuZy5OdW1iZXKGrJUdC5TgiwIAAHhwAAAAAXQABUxvZ2ludAAAdAAFbG9naW5zcQB%2BAAkAAAAAdwQAAAAAeA==]/[test:rO0ABXNyACdnaGVya2luLmZvcm1hdHRlci5tb2RlbC5TY2VuYXJpb091dGxpbmUAAAAAAAAAAQIAAUwABHR5cGV0ABJMamF2YS9sYW5nL1N0cmluZzt4cgAkZ2hlcmtpbi5mb3JtYXR0ZXIubW9kZWwuVGFnU3RhdGVtZW50AAAAAAAAAAECAAJMAAJpZHEAfgABTAAEdGFnc3QAEExqYXZhL3V0aWwvTGlzdDt4cgAqZ2hlcmtpbi5mb3JtYXR0ZXIubW9kZWwuRGVzY3JpYmVkU3RhdGVtZW50iehDvImQsIUCAAFMAAtkZXNjcmlwdGlvbnEAfgABeHIAJmdoZXJraW4uZm9ybWF0dGVyLm1vZGVsLkJhc2ljU3RhdGVtZW508zfAiwNUFS8CAARMAAhjb21tZW50c3EAfgADTAAHa2V5d29yZHEAfgABTAAEbGluZXQAE0xqYXZhL2xhbmcvSW50ZWdlcjtMAARuYW1lcQB%2BAAF4cgAaZ2hlcmtpbi5mb3JtYXR0ZXIuTWFwcGFibGXjYIsU%2BejCNQIAAHhwc3IAE2phdmEudXRpbC5BcnJheUxpc3R4gdIdmcdhnQMAAUkABHNpemV4cAAAAAB3BAAAAAB4dAAQU2NlbmFyaW8gT3V0bGluZXNyABFqYXZhLmxhbmcuSW50ZWdlchLioKT3gYc4AgABSQAFdmFsdWV4cgAQamF2YS5sYW5nLk51bWJlcoaslR0LlOCLAgAAeHAAAAACdAAeOiBMb2dpbiB3aXRoIHZhbGlkIGNyZWRlbnRpYWxzdAAAdAAkbG9naW47Oi1sb2dpbi13aXRoLXZhbGlkLWNyZWRlbnRpYWxzc3EAfgAJAAAAAHcEAAAAAHh0ABBzY2VuYXJpb19vdXRsaW5l]/[test:rO0ABXNyACBnaGVya2luLmZvcm1hdHRlci5tb2RlbC5FeGFtcGxlcwAAAAAAAAABAgABTAAEcm93c3QAEExqYXZhL3V0aWwvTGlzdDt4cgAkZ2hlcmtpbi5mb3JtYXR0ZXIubW9kZWwuVGFnU3RhdGVtZW50AAAAAAAAAAECAAJMAAJpZHQAEkxqYXZhL2xhbmcvU3RyaW5nO0wABHRhZ3NxAH4AAXhyACpnaGVya2luLmZvcm1hdHRlci5tb2RlbC5EZXNjcmliZWRTdGF0ZW1lbnSJ6EO8iZCwhQIAAUwAC2Rlc2NyaXB0aW9ucQB%2BAAN4cgAmZ2hlcmtpbi5mb3JtYXR0ZXIubW9kZWwuQmFzaWNTdGF0ZW1lbnTzN8CLA1QVLwIABEwACGNvbW1lbnRzcQB%2BAAFMAAdrZXl3b3JkcQB%2BAANMAARsaW5ldAATTGphdmEvbGFuZy9JbnRlZ2VyO0wABG5hbWVxAH4AA3hyABpnaGVya2luLmZvcm1hdHRlci5NYXBwYWJsZeNgixT56MI1AgAAeHBzcgATamF2YS51dGlsLkFycmF5TGlzdHiB0h2Zx2GdAwABSQAEc2l6ZXhwAAAAAHcEAAAAAHh0AAhFeGFtcGxlc3NyABFqYXZhLmxhbmcuSW50ZWdlchLioKT3gYc4AgABSQAFdmFsdWV4cgAQamF2YS5sYW5nLk51bWJlcoaslR0LlOCLAgAAeHAAAAAIdAAAdAAAdAAlbG9naW47Oi1sb2dpbi13aXRoLXZhbGlkLWNyZWRlbnRpYWxzO3NxAH4ACQAAAAB3BAAAAAB4c3EAfgAJAAAAAncEAAAAAnNyAChnaGVya2luLmZvcm1hdHRlci5tb2RlbC5FeGFtcGxlc1RhYmxlUm93AAAAAAAAAAECAAFMAAJpZHEAfgADeHIAG2doZXJraW4uZm9ybWF0dGVyLm1vZGVsLlJvdwkayqrbzNUXAgADTAAFY2VsbHNxAH4AAUwACGNvbW1lbnRzcQB%2BAAFMAARsaW5lcQB%2BAAZ4cQB%2BAAdzcQB%2BAAkAAAACdwQAAAACdAAIdXNlcm5hbWV0AARwYXNzeHNxAH4ACQAAAAB3BAAAAAB4c3EAfgAMAAAACXQAJ2xvZ2luOzotbG9naW4td2l0aC12YWxpZC1jcmVkZW50aWFsczs7MXNxAH4AFHNxAH4ACQAAAAJ3BAAAAAJ0AAl1c2VybmFtZV90AAhwYXNzd29yZHhzcQB%2BAAkAAAAAdwQAAAAAeHNxAH4ADAAAAAp0ACdsb2dpbjs6LWxvZ2luLXdpdGgtdmFsaWQtY3JlZGVudGlhbHM7OzJ4]/[test:rO0ABXNyACBnaGVya2luLmZvcm1hdHRlci5tb2RlbC5TY2VuYXJpbwAAAAAAAAABAgABTAAEdHlwZXQAEkxqYXZhL2xhbmcvU3RyaW5nO3hyACRnaGVya2luLmZvcm1hdHRlci5tb2RlbC5UYWdTdGF0ZW1lbnQAAAAAAAAAAQIAAkwAAmlkcQB%2BAAFMAAR0YWdzdAAQTGphdmEvdXRpbC9MaXN0O3hyACpnaGVya2luLmZvcm1hdHRlci5tb2RlbC5EZXNjcmliZWRTdGF0ZW1lbnSJ6EO8iZCwhQIAAUwAC2Rlc2NyaXB0aW9ucQB%2BAAF4cgAmZ2hlcmtpbi5mb3JtYXR0ZXIubW9kZWwuQmFzaWNTdGF0ZW1lbnTzN8CLA1QVLwIABEwACGNvbW1lbnRzcQB%2BAANMAAdrZXl3b3JkcQB%2BAAFMAARsaW5ldAATTGphdmEvbGFuZy9JbnRlZ2VyO0wABG5hbWVxAH4AAXhyABpnaGVya2luLmZvcm1hdHRlci5NYXBwYWJsZeNgixT56MI1AgAAeHBzcgATamF2YS51dGlsLkFycmF5TGlzdHiB0h2Zx2GdAwABSQAEc2l6ZXhwAAAAAHcEAAAAAHh0ABBTY2VuYXJpbyBPdXRsaW5lc3IAEWphdmEubGFuZy5JbnRlZ2VyEuKgpPeBhzgCAAFJAAV2YWx1ZXhyABBqYXZhLmxhbmcuTnVtYmVyhqyVHQuU4IsCAAB4cAAAAAp0AB46IExvZ2luIHdpdGggdmFsaWQgY3JlZGVudGlhbHN0AAB0ACdsb2dpbjs6LWxvZ2luLXdpdGgtdmFsaWQtY3JlZGVudGlhbHM7OzJzcQB%2BAAkAAAAAdwQAAAAAeHQACHNjZW5hcmlv], displayName = 'Then the user should be redirected to the home screen', legacyReportingName = 'Then the user should be redirected to the home screen', source = null, tags = [], type = TEST], <unknown>)
java.lang.NoSuchMethodError: io.qameta.allure.model.TestResult.setTestCaseName(Ljava/lang/String;)Lio/qameta/allure/model/TestResult;
	at io.qameta.allure.junitplatform.AllureJunitPlatform.startTestCase(AllureJunitPlatform.java:425)
	at io.qameta.allure.junitplatform.AllureJunitPlatform.reportNested(AllureJunitPlatform.java:296)
	at io.qameta.allure.junitplatform.AllureJunitPlatform.executionSkipped(AllureJunitPlatform.java:189)
	at org.junit.platform.launcher.core.CompositeTestExecutionListener.lambda$executionSkipped$2(CompositeTestExecutionListener.java:52)
	at org.junit.platform.launcher.core.CompositeTestExecutionListener.lambda$notifyEach$19(CompositeTestExecutionListener.java:95)
	at java.base/java.util.ArrayList.forEach(ArrayList.java:1540)
	at org.junit.platform.launcher.core.CompositeTestExecutionListener.notifyEach(CompositeTestExecutionListener.java:93)
	at org.junit.platform.launcher.core.CompositeTestExecutionListener.executionSkipped(CompositeTestExecutionListener.java:52)
	at org.junit.platform.launcher.core.ExecutionListenerAdapter.executionSkipped(ExecutionListenerAdapter.java:51)
	at org.junit.platform.launcher.core.DelegatingEngineExecutionListener.executionSkipped(DelegatingEngineExecutionListener.java:36)
	at org.junit.platform.launcher.core.OutcomeDelayingEngineExecutionListener.executionSkipped(OutcomeDelayingEngineExecutionListener.java:44)
	at org.junit.vintage.engine.execution.RunListenerAdapter.fireExecutionSkipped(RunListenerAdapter.java:216)
	at org.junit.vintage.engine.execution.RunListenerAdapter.testIgnored(RunListenerAdapter.java:154)
	at org.junit.vintage.engine.execution.RunListenerAdapter.testIgnored(RunListenerAdapter.java:59)
	at org.junit.runner.notification.SynchronizedRunListener.testIgnored(SynchronizedRunListener.java:77)
	at org.junit.runner.notification.RunNotifier$6.notifyListener(RunNotifier.java:174)
	at org.junit.runner.notification.RunNotifier$SafeNotifier.run(RunNotifier.java:72)
	at org.junit.runner.notification.RunNotifier.fireTestIgnored(RunNotifier.java:171)
	at org.junit.internal.runners.model.EachTestNotifier.fireTestIgnored(EachTestNotifier.java:46)
	at cucumber.runtime.junit.JUnitReporter.result(JUnitReporter.java:96)
	at cucumber.runtime.Runtime.runStep(Runtime.java:294)
	at cucumber.runtime.model.StepContainer.runStep(StepContainer.java:44)
	at cucumber.runtime.model.StepContainer.runSteps(StepContainer.java:39)
	at cucumber.runtime.model.CucumberScenario.run(CucumberScenario.java:44)
	at cucumber.runtime.junit.ExecutionUnitRunner.run(ExecutionUnitRunner.java:102)
	at org.junit.runners.Suite.runChild(Suite.java:128)
	at org.junit.runners.Suite.runChild(Suite.java:27)
	at org.junit.runners.ParentRunner$3.run(ParentRunner.java:290)
	at org.junit.runners.ParentRunner$1.schedule(ParentRunner.java:71)
	at org.junit.runners.ParentRunner.runChildren(ParentRunner.java:288)
	at org.junit.runners.ParentRunner.access$000(ParentRunner.java:58)
	at org.junit.runners.ParentRunner$2.evaluate(ParentRunner.java:268)
	at org.junit.runners.ParentRunner.run(ParentRunner.java:363)
	at cucumber.runtime.junit.ExamplesRunner.run(ExamplesRunner.java:59)
	at org.junit.runners.Suite.runChild(Suite.java:128)
	at org.junit.runners.Suite.runChild(Suite.java:27)
	at org.junit.runners.ParentRunner$3.run(ParentRunner.java:290)
	at org.junit.runners.ParentRunner$1.schedule(ParentRunner.java:71)
	at org.junit.runners.ParentRunner.runChildren(ParentRunner.java:288)
	at org.junit.runners.ParentRunner.access$000(ParentRunner.java:58)
	at org.junit.runners.ParentRunner$2.evaluate(ParentRunner.java:268)
	at org.junit.runners.ParentRunner.run(ParentRunner.java:363)
	at cucumber.runtime.junit.ScenarioOutlineRunner.run(ScenarioOutlineRunner.java:53)
	at cucumber.runtime.junit.FeatureRunner.runChild(FeatureRunner.java:63)
	at cucumber.runtime.junit.FeatureRunner.runChild(FeatureRunner.java:18)
	at org.junit.runners.ParentRunner$3.run(ParentRunner.java:290)
	at org.junit.runners.ParentRunner$1.schedule(ParentRunner.java:71)
	at org.junit.runners.ParentRunner.runChildren(ParentRunner.java:288)
	at org.junit.runners.ParentRunner.access$000(ParentRunner.java:58)
	at org.junit.runners.ParentRunner$2.evaluate(ParentRunner.java:268)
	at org.junit.runners.ParentRunner.run(ParentRunner.java:363)
	at cucumber.runtime.junit.FeatureRunner.run(FeatureRunner.java:70)
	at cucumber.api.junit.Cucumber.runChild(Cucumber.java:95)
	at cucumber.api.junit.Cucumber.runChild(Cucumber.java:38)
	at org.junit.runners.ParentRunner$3.run(ParentRunner.java:290)
	at org.junit.runners.ParentRunner$1.schedule(ParentRunner.java:71)
	at org.junit.runners.ParentRunner.runChildren(ParentRunner.java:288)
	at org.junit.runners.ParentRunner.access$000(ParentRunner.java:58)
	at org.junit.runners.ParentRunner$2.evaluate(ParentRunner.java:268)
	at org.junit.runners.ParentRunner.run(ParentRunner.java:363)
	at cucumber.api.junit.Cucumber.run(Cucumber.java:100)
	at org.junit.runner.JUnitCore.run(JUnitCore.java:137)
	at org.junit.runner.JUnitCore.run(JUnitCore.java:115)
	at org.junit.vintage.engine.execution.RunnerExecutor.execute(RunnerExecutor.java:42)
	at org.junit.vintage.engine.VintageTestEngine.executeAllChildren(VintageTestEngine.java:80)
	at org.junit.vintage.engine.VintageTestEngine.execute(VintageTestEngine.java:72)
	at org.junit.platform.launcher.core.EngineExecutionOrchestrator.execute(EngineExecutionOrchestrator.java:107)
	at org.junit.platform.launcher.core.EngineExecutionOrchestrator.execute(EngineExecutionOrchestrator.java:88)
	at org.junit.platform.launcher.core.EngineExecutionOrchestrator.lambda$execute$0(EngineExecutionOrchestrator.java:54)
	at org.junit.platform.launcher.core.EngineExecutionOrchestrator.withInterceptedStreams(EngineExecutionOrchestrator.java:67)
	at org.junit.platform.launcher.core.EngineExecutionOrchestrator.execute(EngineExecutionOrchestrator.java:52)
	at org.junit.platform.launcher.core.DefaultLauncher.execute(DefaultLauncher.java:114)
	at org.junit.platform.launcher.core.DefaultLauncher.execute(DefaultLauncher.java:86)
	at org.junit.platform.launcher.core.DefaultLauncherSession$DelegatingLauncher.execute(DefaultLauncherSession.java:86)
	at org.apache.maven.surefire.junitplatform.LazyLauncher.execute(LazyLauncher.java:55)
	at org.apache.maven.surefire.junitplatform.JUnitPlatformProvider.execute(JUnitPlatformProvider.java:223)
	at org.apache.maven.surefire.junitplatform.JUnitPlatformProvider.invokeAllTests(JUnitPlatformProvider.java:175)
	at org.apache.maven.surefire.junitplatform.JUnitPlatformProvider.invoke(JUnitPlatformProvider.java:139)
	at org.apache.maven.surefire.booter.ForkedBooter.runSuitesInProcess(ForkedBooter.java:456)
	at org.apache.maven.surefire.booter.ForkedBooter.execute(ForkedBooter.java:169)
	at org.apache.maven.surefire.booter.ForkedBooter.run(ForkedBooter.java:595)
	at org.apache.maven.surefire.booter.ForkedBooter.main(ForkedBooter.java:581)

]]></system-err>
  </testcase>
  <testcase name="| username_ | password |" classname="Examples: " time="0.114">
    <error message="Connection refused: connect&#10;Build info: version: &apos;3.141.59&apos;, revision: &apos;e82be7d358&apos;, time: &apos;2018-11-14T08:17:03&apos;&#10;System info: host: &apos;LAPTOP-PDD67UF8&apos;, ip: &apos;192.168.9.2&apos;, os.name: &apos;Windows 10&apos;, os.arch: &apos;amd64&apos;, os.version: &apos;10.0&apos;, java.version: &apos;11.0.5&apos;&#10;Driver info: driver.version: AndroidDriver" type="org.openqa.selenium.WebDriverException"><![CDATA[org.openqa.selenium.WebDriverException: 
Connection refused: connect
Build info: version: '3.141.59', revision: 'e82be7d358', time: '2018-11-14T08:17:03'
System info: host: 'LAPTOP-PDD67UF8', ip: '192.168.9.2', os.name: 'Windows 10', os.arch: 'amd64', os.version: '10.0', java.version: '11.0.5'
Driver info: driver.version: AndroidDriver
	at io.appium.java_client.remote.AppiumCommandExecutor.lambda$5(AppiumCommandExecutor.java:251)
	at java.base/java.util.Optional.orElseGet(Optional.java:369)
	at io.appium.java_client.remote.AppiumCommandExecutor.execute(AppiumCommandExecutor.java:250)
	at org.openqa.selenium.remote.RemoteWebDriver.execute(RemoteWebDriver.java:548)
	at io.appium.java_client.DefaultGenericMobileDriver.execute(DefaultGenericMobileDriver.java:41)
	at io.appium.java_client.AppiumDriver.execute(AppiumDriver.java:1)
	at io.appium.java_client.android.AndroidDriver.execute(AndroidDriver.java:1)
	at org.openqa.selenium.remote.RemoteWebDriver.startSession(RemoteWebDriver.java:212)
	at io.appium.java_client.AppiumDriver.startSession(AppiumDriver.java:336)
	at org.openqa.selenium.remote.RemoteWebDriver.<init>(RemoteWebDriver.java:130)
	at io.appium.java_client.DefaultGenericMobileDriver.<init>(DefaultGenericMobileDriver.java:37)
	at io.appium.java_client.AppiumDriver.<init>(AppiumDriver.java:88)
	at io.appium.java_client.AppiumDriver.<init>(AppiumDriver.java:98)
	at io.appium.java_client.android.AndroidDriver.<init>(AndroidDriver.java:94)
	at MobileTest.FeatureSteps.Login.LoginTest.the_user_is_on_the_login_screen(LoginTest.java:35)
	at âœ½.Given the user is on the login screen(src/test/java/MobileTest/Features/Login.feature:3)
Caused by: java.net.ConnectException: Connection refused: connect
	at java.base/java.net.PlainSocketImpl.waitForConnect(Native Method)
	at java.base/java.net.PlainSocketImpl.socketConnect(PlainSocketImpl.java:107)
	at java.base/java.net.AbstractPlainSocketImpl.doConnect(AbstractPlainSocketImpl.java:399)
	at java.base/java.net.AbstractPlainSocketImpl.connectToAddress(AbstractPlainSocketImpl.java:242)
	at java.base/java.net.AbstractPlainSocketImpl.connect(AbstractPlainSocketImpl.java:224)
	at java.base/java.net.SocksSocketImpl.connect(SocksSocketImpl.java:403)
	at java.base/java.net.Socket.connect(Socket.java:608)
	at okhttp3.internal.platform.Platform.connectSocket(Platform.java:129)
	at okhttp3.internal.connection.RealConnection.connectSocket(RealConnection.java:240)
	at okhttp3.internal.connection.RealConnection.connect(RealConnection.java:160)
	at okhttp3.internal.connection.StreamAllocation.findConnection(StreamAllocation.java:257)
	at okhttp3.internal.connection.StreamAllocation.findHealthyConnection(StreamAllocation.java:135)
	at okhttp3.internal.connection.StreamAllocation.newStream(StreamAllocation.java:114)
	at okhttp3.internal.connection.ConnectInterceptor.intercept(ConnectInterceptor.java:42)
	at okhttp3.internal.http.RealInterceptorChain.proceed(RealInterceptorChain.java:147)
	at okhttp3.internal.http.RealInterceptorChain.proceed(RealInterceptorChain.java:121)
	at okhttp3.internal.cache.CacheInterceptor.intercept(CacheInterceptor.java:93)
	at okhttp3.internal.http.RealInterceptorChain.proceed(RealInterceptorChain.java:147)
	at okhttp3.internal.http.RealInterceptorChain.proceed(RealInterceptorChain.java:121)
	at okhttp3.internal.http.BridgeInterceptor.intercept(BridgeInterceptor.java:93)
	at okhttp3.internal.http.RealInterceptorChain.proceed(RealInterceptorChain.java:147)
	at okhttp3.internal.http.RetryAndFollowUpInterceptor.intercept(RetryAndFollowUpInterceptor.java:126)
	at okhttp3.internal.http.RealInterceptorChain.proceed(RealInterceptorChain.java:147)
	at okhttp3.internal.http.RealInterceptorChain.proceed(RealInterceptorChain.java:121)
	at okhttp3.RealCall.getResponseWithInterceptorChain(RealCall.java:200)
	at okhttp3.RealCall.execute(RealCall.java:77)
	at org.openqa.selenium.remote.internal.OkHttpClient.execute(OkHttpClient.java:105)
	at org.openqa.selenium.remote.ProtocolHandshake.createSession(ProtocolHandshake.java:101)
	at java.base/jdk.internal.reflect.NativeMethodAccessorImpl.invoke0(Native Method)
	at java.base/jdk.internal.reflect.NativeMethodAccessorImpl.invoke(NativeMethodAccessorImpl.java:62)
	at java.base/jdk.internal.reflect.DelegatingMethodAccessorImpl.invoke(DelegatingMethodAccessorImpl.java:43)
	at java.base/java.lang.reflect.Method.invoke(Method.java:566)
	at io.appium.java_client.remote.AppiumCommandExecutor$1.createSession(AppiumCommandExecutor.java:186)
	at io.appium.java_client.remote.AppiumCommandExecutor.createSession(AppiumCommandExecutor.java:217)
	at io.appium.java_client.remote.AppiumCommandExecutor.execute(AppiumCommandExecutor.java:239)
	at org.openqa.selenium.remote.RemoteWebDriver.execute(RemoteWebDriver.java:548)
	at io.appium.java_client.DefaultGenericMobileDriver.execute(DefaultGenericMobileDriver.java:41)
	at io.appium.java_client.AppiumDriver.execute(AppiumDriver.java:1)
	at io.appium.java_client.android.AndroidDriver.execute(AndroidDriver.java:1)
	at org.openqa.selenium.remote.RemoteWebDriver.startSession(RemoteWebDriver.java:212)
	at io.appium.java_client.AppiumDriver.startSession(AppiumDriver.java:336)
	at org.openqa.selenium.remote.RemoteWebDriver.<init>(RemoteWebDriver.java:130)
	at io.appium.java_client.DefaultGenericMobileDriver.<init>(DefaultGenericMobileDriver.java:37)
	at io.appium.java_client.AppiumDriver.<init>(AppiumDriver.java:88)
	at io.appium.java_client.AppiumDriver.<init>(AppiumDriver.java:98)
	at io.appium.java_client.android.AndroidDriver.<init>(AndroidDriver.java:94)
	at MobileTest.FeatureSteps.Login.LoginTest.the_user_is_on_the_login_screen(LoginTest.java:35)
	at java.base/jdk.internal.reflect.NativeMethodAccessorImpl.invoke0(Native Method)
	at java.base/jdk.internal.reflect.NativeMethodAccessorImpl.invoke(NativeMethodAccessorImpl.java:62)
	at java.base/jdk.internal.reflect.DelegatingMethodAccessorImpl.invoke(DelegatingMethodAccessorImpl.java:43)
	at java.base/java.lang.reflect.Method.invoke(Method.java:566)
	at cucumber.runtime.Utils$1.call(Utils.java:40)
	at cucumber.runtime.Timeout.timeout(Timeout.java:16)
	at cucumber.runtime.Utils.invoke(Utils.java:34)
	at cucumber.runtime.java.JavaStepDefinition.execute(JavaStepDefinition.java:38)
	at cucumber.runtime.StepDefinitionMatch.runStep(StepDefinitionMatch.java:37)
	at cucumber.runtime.Runtime.runStep(Runtime.java:300)
	at cucumber.runtime.model.StepContainer.runStep(StepContainer.java:44)
	at cucumber.runtime.model.StepContainer.runSteps(StepContainer.java:39)
	at cucumber.runtime.model.CucumberScenario.run(CucumberScenario.java:44)
	at cucumber.runtime.junit.ExecutionUnitRunner.run(ExecutionUnitRunner.java:102)
	at org.junit.runners.Suite.runChild(Suite.java:128)
	at org.junit.runners.Suite.runChild(Suite.java:27)
	at org.junit.runners.ParentRunner$3.run(ParentRunner.java:290)
	at org.junit.runners.ParentRunner$1.schedule(ParentRunner.java:71)
	at org.junit.runners.ParentRunner.runChildren(ParentRunner.java:288)
	at org.junit.runners.ParentRunner.access$000(ParentRunner.java:58)
	at org.junit.runners.ParentRunner$2.evaluate(ParentRunner.java:268)
	at org.junit.runners.ParentRunner.run(ParentRunner.java:363)
	at cucumber.runtime.junit.ExamplesRunner.run(ExamplesRunner.java:59)
	at org.junit.runners.Suite.runChild(Suite.java:128)
	at org.junit.runners.Suite.runChild(Suite.java:27)
	at org.junit.runners.ParentRunner$3.run(ParentRunner.java:290)
	at org.junit.runners.ParentRunner$1.schedule(ParentRunner.java:71)
	at org.junit.runners.ParentRunner.runChildren(ParentRunner.java:288)
	at org.junit.runners.ParentRunner.access$000(ParentRunner.java:58)
	at org.junit.runners.ParentRunner$2.evaluate(ParentRunner.java:268)
	at org.junit.runners.ParentRunner.run(ParentRunner.java:363)
	at cucumber.runtime.junit.ScenarioOutlineRunner.run(ScenarioOutlineRunner.java:53)
	at cucumber.runtime.junit.FeatureRunner.runChild(FeatureRunner.java:63)
	at cucumber.runtime.junit.FeatureRunner.runChild(FeatureRunner.java:18)
	at org.junit.runners.ParentRunner$3.run(ParentRunner.java:290)
	at org.junit.runners.ParentRunner$1.schedule(ParentRunner.java:71)
	at org.junit.runners.ParentRunner.runChildren(ParentRunner.java:288)
	at org.junit.runners.ParentRunner.access$000(ParentRunner.java:58)
	at org.junit.runners.ParentRunner$2.evaluate(ParentRunner.java:268)
	at org.junit.runners.ParentRunner.run(ParentRunner.java:363)
	at cucumber.runtime.junit.FeatureRunner.run(FeatureRunner.java:70)
	at cucumber.api.junit.Cucumber.runChild(Cucumber.java:95)
	at cucumber.api.junit.Cucumber.runChild(Cucumber.java:38)
	at org.junit.runners.ParentRunner$3.run(ParentRunner.java:290)
	at org.junit.runners.ParentRunner$1.schedule(ParentRunner.java:71)
	at org.junit.runners.ParentRunner.runChildren(ParentRunner.java:288)
	at org.junit.runners.ParentRunner.access$000(ParentRunner.java:58)
	at org.junit.runners.ParentRunner$2.evaluate(ParentRunner.java:268)
	at org.junit.runners.ParentRunner.run(ParentRunner.java:363)
	at cucumber.api.junit.Cucumber.run(Cucumber.java:100)
	at org.junit.runner.JUnitCore.run(JUnitCore.java:137)
	at org.junit.runner.JUnitCore.run(JUnitCore.java:115)
	at org.junit.vintage.engine.execution.RunnerExecutor.execute(RunnerExecutor.java:42)
	at org.junit.vintage.engine.VintageTestEngine.executeAllChildren(VintageTestEngine.java:80)
	at org.junit.vintage.engine.VintageTestEngine.execute(VintageTestEngine.java:72)
	at org.junit.platform.launcher.core.EngineExecutionOrchestrator.execute(EngineExecutionOrchestrator.java:107)
	at org.junit.platform.launcher.core.EngineExecutionOrchestrator.execute(EngineExecutionOrchestrator.java:88)
	at org.junit.platform.launcher.core.EngineExecutionOrchestrator.lambda$execute$0(EngineExecutionOrchestrator.java:54)
	at org.junit.platform.launcher.core.EngineExecutionOrchestrator.withInterceptedStreams(EngineExecutionOrchestrator.java:67)
	at org.junit.platform.launcher.core.EngineExecutionOrchestrator.execute(EngineExecutionOrchestrator.java:52)
	at org.junit.platform.launcher.core.DefaultLauncher.execute(DefaultLauncher.java:114)
	at org.junit.platform.launcher.core.DefaultLauncher.execute(DefaultLauncher.java:86)
	at org.junit.platform.launcher.core.DefaultLauncherSession$DelegatingLauncher.execute(DefaultLauncherSession.java:86)
	at org.apache.maven.surefire.junitplatform.LazyLauncher.execute(LazyLauncher.java:55)
	at org.apache.maven.surefire.junitplatform.JUnitPlatformProvider.execute(JUnitPlatformProvider.java:223)
	at org.apache.maven.surefire.junitplatform.JUnitPlatformProvider.invokeAllTests(JUnitPlatformProvider.java:175)
	at org.apache.maven.surefire.junitplatform.JUnitPlatformProvider.invoke(JUnitPlatformProvider.java:139)
	at org.apache.maven.surefire.booter.ForkedBooter.runSuitesInProcess(ForkedBooter.java:456)
	at org.apache.maven.surefire.booter.ForkedBooter.execute(ForkedBooter.java:169)
	at org.apache.maven.surefire.booter.ForkedBooter.run(ForkedBooter.java:595)
	at org.apache.maven.surefire.booter.ForkedBooter.main(ForkedBooter.java:581)
]]></error>
    <system-err><![CDATA[Jun 01, 2023 1:22:37 PM org.junit.platform.launcher.core.CompositeTestExecutionListener lambda$notifyEach$19
WARNING: TestExecutionListener [io.qameta.allure.junitplatform.AllureJunitPlatform] threw exception for method: executionFinished(TestIdentifier [uniqueId = [engine:junit-vintage]/[runner:MobileTest.FeatureSteps.RunCucumberTests]/[test:rO0ABXNyAB9naGVya2luLmZvcm1hdHRlci5tb2RlbC5GZWF0dXJlAAAAAAAAAAECAAB4cgAkZ2hlcmtpbi5mb3JtYXR0ZXIubW9kZWwuVGFnU3RhdGVtZW50AAAAAAAAAAECAAJMAAJpZHQAEkxqYXZhL2xhbmcvU3RyaW5nO0wABHRhZ3N0ABBMamF2YS91dGlsL0xpc3Q7eHIAKmdoZXJraW4uZm9ybWF0dGVyLm1vZGVsLkRlc2NyaWJlZFN0YXRlbWVudInoQ7yJkLCFAgABTAALZGVzY3JpcHRpb25xAH4AAnhyACZnaGVya2luLmZvcm1hdHRlci5tb2RlbC5CYXNpY1N0YXRlbWVudPM3wIsDVBUvAgAETAAIY29tbWVudHNxAH4AA0wAB2tleXdvcmRxAH4AAkwABGxpbmV0ABNMamF2YS9sYW5nL0ludGVnZXI7TAAEbmFtZXEAfgACeHIAGmdoZXJraW4uZm9ybWF0dGVyLk1hcHBhYmxl42CLFPnowjUCAAB4cHNyABNqYXZhLnV0aWwuQXJyYXlMaXN0eIHSHZnHYZ0DAAFJAARzaXpleHAAAAAAdwQAAAAAeHQAB0ZlYXR1cmVzcgARamF2YS5sYW5nLkludGVnZXIS4qCk94GHOAIAAUkABXZhbHVleHIAEGphdmEubGFuZy5OdW1iZXKGrJUdC5TgiwIAAHhwAAAAAXQABUxvZ2ludAAAdAAFbG9naW5zcQB%2BAAkAAAAAdwQAAAAAeA==]/[test:rO0ABXNyACdnaGVya2luLmZvcm1hdHRlci5tb2RlbC5TY2VuYXJpb091dGxpbmUAAAAAAAAAAQIAAUwABHR5cGV0ABJMamF2YS9sYW5nL1N0cmluZzt4cgAkZ2hlcmtpbi5mb3JtYXR0ZXIubW9kZWwuVGFnU3RhdGVtZW50AAAAAAAAAAECAAJMAAJpZHEAfgABTAAEdGFnc3QAEExqYXZhL3V0aWwvTGlzdDt4cgAqZ2hlcmtpbi5mb3JtYXR0ZXIubW9kZWwuRGVzY3JpYmVkU3RhdGVtZW50iehDvImQsIUCAAFMAAtkZXNjcmlwdGlvbnEAfgABeHIAJmdoZXJraW4uZm9ybWF0dGVyLm1vZGVsLkJhc2ljU3RhdGVtZW508zfAiwNUFS8CAARMAAhjb21tZW50c3EAfgADTAAHa2V5d29yZHEAfgABTAAEbGluZXQAE0xqYXZhL2xhbmcvSW50ZWdlcjtMAARuYW1lcQB%2BAAF4cgAaZ2hlcmtpbi5mb3JtYXR0ZXIuTWFwcGFibGXjYIsU%2BejCNQIAAHhwc3IAE2phdmEudXRpbC5BcnJheUxpc3R4gdIdmcdhnQMAAUkABHNpemV4cAAAAAB3BAAAAAB4dAAQU2NlbmFyaW8gT3V0bGluZXNyABFqYXZhLmxhbmcuSW50ZWdlchLioKT3gYc4AgABSQAFdmFsdWV4cgAQamF2YS5sYW5nLk51bWJlcoaslR0LlOCLAgAAeHAAAAACdAAeOiBMb2dpbiB3aXRoIHZhbGlkIGNyZWRlbnRpYWxzdAAAdAAkbG9naW47Oi1sb2dpbi13aXRoLXZhbGlkLWNyZWRlbnRpYWxzc3EAfgAJAAAAAHcEAAAAAHh0ABBzY2VuYXJpb19vdXRsaW5l]/[test:rO0ABXNyACBnaGVya2luLmZvcm1hdHRlci5tb2RlbC5FeGFtcGxlcwAAAAAAAAABAgABTAAEcm93c3QAEExqYXZhL3V0aWwvTGlzdDt4cgAkZ2hlcmtpbi5mb3JtYXR0ZXIubW9kZWwuVGFnU3RhdGVtZW50AAAAAAAAAAECAAJMAAJpZHQAEkxqYXZhL2xhbmcvU3RyaW5nO0wABHRhZ3NxAH4AAXhyACpnaGVya2luLmZvcm1hdHRlci5tb2RlbC5EZXNjcmliZWRTdGF0ZW1lbnSJ6EO8iZCwhQIAAUwAC2Rlc2NyaXB0aW9ucQB%2BAAN4cgAmZ2hlcmtpbi5mb3JtYXR0ZXIubW9kZWwuQmFzaWNTdGF0ZW1lbnTzN8CLA1QVLwIABEwACGNvbW1lbnRzcQB%2BAAFMAAdrZXl3b3JkcQB%2BAANMAARsaW5ldAATTGphdmEvbGFuZy9JbnRlZ2VyO0wABG5hbWVxAH4AA3hyABpnaGVya2luLmZvcm1hdHRlci5NYXBwYWJsZeNgixT56MI1AgAAeHBzcgATamF2YS51dGlsLkFycmF5TGlzdHiB0h2Zx2GdAwABSQAEc2l6ZXhwAAAAAHcEAAAAAHh0AAhFeGFtcGxlc3NyABFqYXZhLmxhbmcuSW50ZWdlchLioKT3gYc4AgABSQAFdmFsdWV4cgAQamF2YS5sYW5nLk51bWJlcoaslR0LlOCLAgAAeHAAAAAIdAAAdAAAdAAlbG9naW47Oi1sb2dpbi13aXRoLXZhbGlkLWNyZWRlbnRpYWxzO3NxAH4ACQAAAAB3BAAAAAB4c3EAfgAJAAAAAncEAAAAAnNyAChnaGVya2luLmZvcm1hdHRlci5tb2RlbC5FeGFtcGxlc1RhYmxlUm93AAAAAAAAAAECAAFMAAJpZHEAfgADeHIAG2doZXJraW4uZm9ybWF0dGVyLm1vZGVsLlJvdwkayqrbzNUXAgADTAAFY2VsbHNxAH4AAUwACGNvbW1lbnRzcQB%2BAAFMAARsaW5lcQB%2BAAZ4cQB%2BAAdzcQB%2BAAkAAAACdwQAAAACdAAIdXNlcm5hbWV0AARwYXNzeHNxAH4ACQAAAAB3BAAAAAB4c3EAfgAMAAAACXQAJ2xvZ2luOzotbG9naW4td2l0aC12YWxpZC1jcmVkZW50aWFsczs7MXNxAH4AFHNxAH4ACQAAAAJ3BAAAAAJ0AAl1c2VybmFtZV90AAhwYXNzd29yZHhzcQB%2BAAkAAAAAdwQAAAAAeHNxAH4ADAAAAAp0ACdsb2dpbjs6LWxvZ2luLXdpdGgtdmFsaWQtY3JlZGVudGlhbHM7OzJ4]/[test:rO0ABXNyACBnaGVya2luLmZvcm1hdHRlci5tb2RlbC5TY2VuYXJpbwAAAAAAAAABAgABTAAEdHlwZXQAEkxqYXZhL2xhbmcvU3RyaW5nO3hyACRnaGVya2luLmZvcm1hdHRlci5tb2RlbC5UYWdTdGF0ZW1lbnQAAAAAAAAAAQIAAkwAAmlkcQB%2BAAFMAAR0YWdzdAAQTGphdmEvdXRpbC9MaXN0O3hyACpnaGVya2luLmZvcm1hdHRlci5tb2RlbC5EZXNjcmliZWRTdGF0ZW1lbnSJ6EO8iZCwhQIAAUwAC2Rlc2NyaXB0aW9ucQB%2BAAF4cgAmZ2hlcmtpbi5mb3JtYXR0ZXIubW9kZWwuQmFzaWNTdGF0ZW1lbnTzN8CLA1QVLwIABEwACGNvbW1lbnRzcQB%2BAANMAAdrZXl3b3JkcQB%2BAAFMAARsaW5ldAATTGphdmEvbGFuZy9JbnRlZ2VyO0wABG5hbWVxAH4AAXhyABpnaGVya2luLmZvcm1hdHRlci5NYXBwYWJsZeNgixT56MI1AgAAeHBzcgATamF2YS51dGlsLkFycmF5TGlzdHiB0h2Zx2GdAwABSQAEc2l6ZXhwAAAAAHcEAAAAAHh0ABBTY2VuYXJpbyBPdXRsaW5lc3IAEWphdmEubGFuZy5JbnRlZ2VyEuKgpPeBhzgCAAFJAAV2YWx1ZXhyABBqYXZhLmxhbmcuTnVtYmVyhqyVHQuU4IsCAAB4cAAAAAp0AB46IExvZ2luIHdpdGggdmFsaWQgY3JlZGVudGlhbHN0AAB0ACdsb2dpbjs6LWxvZ2luLXdpdGgtdmFsaWQtY3JlZGVudGlhbHM7OzJzcQB%2BAAkAAAAAdwQAAAAAeHQACHNjZW5hcmlv], parentId = [engine:junit-vintage]/[runner:MobileTest.FeatureSteps.RunCucumberTests]/[test:rO0ABXNyAB9naGVya2luLmZvcm1hdHRlci5tb2RlbC5GZWF0dXJlAAAAAAAAAAECAAB4cgAkZ2hlcmtpbi5mb3JtYXR0ZXIubW9kZWwuVGFnU3RhdGVtZW50AAAAAAAAAAECAAJMAAJpZHQAEkxqYXZhL2xhbmcvU3RyaW5nO0wABHRhZ3N0ABBMamF2YS91dGlsL0xpc3Q7eHIAKmdoZXJraW4uZm9ybWF0dGVyLm1vZGVsLkRlc2NyaWJlZFN0YXRlbWVudInoQ7yJkLCFAgABTAALZGVzY3JpcHRpb25xAH4AAnhyACZnaGVya2luLmZvcm1hdHRlci5tb2RlbC5CYXNpY1N0YXRlbWVudPM3wIsDVBUvAgAETAAIY29tbWVudHNxAH4AA0wAB2tleXdvcmRxAH4AAkwABGxpbmV0ABNMamF2YS9sYW5nL0ludGVnZXI7TAAEbmFtZXEAfgACeHIAGmdoZXJraW4uZm9ybWF0dGVyLk1hcHBhYmxl42CLFPnowjUCAAB4cHNyABNqYXZhLnV0aWwuQXJyYXlMaXN0eIHSHZnHYZ0DAAFJAARzaXpleHAAAAAAdwQAAAAAeHQAB0ZlYXR1cmVzcgARamF2YS5sYW5nLkludGVnZXIS4qCk94GHOAIAAUkABXZhbHVleHIAEGphdmEubGFuZy5OdW1iZXKGrJUdC5TgiwIAAHhwAAAAAXQABUxvZ2ludAAAdAAFbG9naW5zcQB%2BAAkAAAAAdwQAAAAAeA==]/[test:rO0ABXNyACdnaGVya2luLmZvcm1hdHRlci5tb2RlbC5TY2VuYXJpb091dGxpbmUAAAAAAAAAAQIAAUwABHR5cGV0ABJMamF2YS9sYW5nL1N0cmluZzt4cgAkZ2hlcmtpbi5mb3JtYXR0ZXIubW9kZWwuVGFnU3RhdGVtZW50AAAAAAAAAAECAAJMAAJpZHEAfgABTAAEdGFnc3QAEExqYXZhL3V0aWwvTGlzdDt4cgAqZ2hlcmtpbi5mb3JtYXR0ZXIubW9kZWwuRGVzY3JpYmVkU3RhdGVtZW50iehDvImQsIUCAAFMAAtkZXNjcmlwdGlvbnEAfgABeHIAJmdoZXJraW4uZm9ybWF0dGVyLm1vZGVsLkJhc2ljU3RhdGVtZW508zfAiwNUFS8CAARMAAhjb21tZW50c3EAfgADTAAHa2V5d29yZHEAfgABTAAEbGluZXQAE0xqYXZhL2xhbmcvSW50ZWdlcjtMAARuYW1lcQB%2BAAF4cgAaZ2hlcmtpbi5mb3JtYXR0ZXIuTWFwcGFibGXjYIsU%2BejCNQIAAHhwc3IAE2phdmEudXRpbC5BcnJheUxpc3R4gdIdmcdhnQMAAUkABHNpemV4cAAAAAB3BAAAAAB4dAAQU2NlbmFyaW8gT3V0bGluZXNyABFqYXZhLmxhbmcuSW50ZWdlchLioKT3gYc4AgABSQAFdmFsdWV4cgAQamF2YS5sYW5nLk51bWJlcoaslR0LlOCLAgAAeHAAAAACdAAeOiBMb2dpbiB3aXRoIHZhbGlkIGNyZWRlbnRpYWxzdAAAdAAkbG9naW47Oi1sb2dpbi13aXRoLXZhbGlkLWNyZWRlbnRpYWxzc3EAfgAJAAAAAHcEAAAAAHh0ABBzY2VuYXJpb19vdXRsaW5l]/[test:rO0ABXNyACBnaGVya2luLmZvcm1hdHRlci5tb2RlbC5FeGFtcGxlcwAAAAAAAAABAgABTAAEcm93c3QAEExqYXZhL3V0aWwvTGlzdDt4cgAkZ2hlcmtpbi5mb3JtYXR0ZXIubW9kZWwuVGFnU3RhdGVtZW50AAAAAAAAAAECAAJMAAJpZHQAEkxqYXZhL2xhbmcvU3RyaW5nO0wABHRhZ3NxAH4AAXhyACpnaGVya2luLmZvcm1hdHRlci5tb2RlbC5EZXNjcmliZWRTdGF0ZW1lbnSJ6EO8iZCwhQIAAUwAC2Rlc2NyaXB0aW9ucQB%2BAAN4cgAmZ2hlcmtpbi5mb3JtYXR0ZXIubW9kZWwuQmFzaWNTdGF0ZW1lbnTzN8CLA1QVLwIABEwACGNvbW1lbnRzcQB%2BAAFMAAdrZXl3b3JkcQB%2BAANMAARsaW5ldAATTGphdmEvbGFuZy9JbnRlZ2VyO0wABG5hbWVxAH4AA3hyABpnaGVya2luLmZvcm1hdHRlci5NYXBwYWJsZeNgixT56MI1AgAAeHBzcgATamF2YS51dGlsLkFycmF5TGlzdHiB0h2Zx2GdAwABSQAEc2l6ZXhwAAAAAHcEAAAAAHh0AAhFeGFtcGxlc3NyABFqYXZhLmxhbmcuSW50ZWdlchLioKT3gYc4AgABSQAFdmFsdWV4cgAQamF2YS5sYW5nLk51bWJlcoaslR0LlOCLAgAAeHAAAAAIdAAAdAAAdAAlbG9naW47Oi1sb2dpbi13aXRoLXZhbGlkLWNyZWRlbnRpYWxzO3NxAH4ACQAAAAB3BAAAAAB4c3EAfgAJAAAAAncEAAAAAnNyAChnaGVya2luLmZvcm1hdHRlci5tb2RlbC5FeGFtcGxlc1RhYmxlUm93AAAAAAAAAAECAAFMAAJpZHEAfgADeHIAG2doZXJraW4uZm9ybWF0dGVyLm1vZGVsLlJvdwkayqrbzNUXAgADTAAFY2VsbHNxAH4AAUwACGNvbW1lbnRzcQB%2BAAFMAARsaW5lcQB%2BAAZ4cQB%2BAAdzcQB%2BAAkAAAACdwQAAAACdAAIdXNlcm5hbWV0AARwYXNzeHNxAH4ACQAAAAB3BAAAAAB4c3EAfgAMAAAACXQAJ2xvZ2luOzotbG9naW4td2l0aC12YWxpZC1jcmVkZW50aWFsczs7MXNxAH4AFHNxAH4ACQAAAAJ3BAAAAAJ0AAl1c2VybmFtZV90AAhwYXNzd29yZHhzcQB%2BAAkAAAAAdwQAAAAAeHNxAH4ADAAAAAp0ACdsb2dpbjs6LWxvZ2luLXdpdGgtdmFsaWQtY3JlZGVudGlhbHM7OzJ4], displayName = '| username_ | password |', legacyReportingName = '| username_ | password |', source = null, tags = [], type = CONTAINER], TestExecutionResult [status = FAILED, throwable = org.openqa.selenium.WebDriverException: Connection refused: connect
Build info: version: '3.141.59', revision: 'e82be7d358', time: '2018-11-14T08:17:03'
System info: host: 'LAPTOP-PDD67UF8', ip: '192.168.9.2', os.name: 'Windows 10', os.arch: 'amd64', os.version: '10.0', java.version: '11.0.5'
Driver info: driver.version: AndroidDriver])
java.lang.NoSuchMethodError: io.qameta.allure.model.TestResult.setTestCaseName(Ljava/lang/String;)Lio/qameta/allure/model/TestResult;
	at io.qameta.allure.junitplatform.AllureJunitPlatform.startTestCase(AllureJunitPlatform.java:425)
	at io.qameta.allure.junitplatform.AllureJunitPlatform.executionFinished(AllureJunitPlatform.java:172)
	at org.junit.platform.launcher.core.CompositeTestExecutionListener.lambda$executionFinished$10(CompositeTestExecutionListener.java:69)
	at org.junit.platform.launcher.core.CompositeTestExecutionListener.lambda$notifyEach$19(CompositeTestExecutionListener.java:95)
	at java.base/java.util.ArrayList.forEach(ArrayList.java:1540)
	at org.junit.platform.launcher.core.CompositeTestExecutionListener.notifyEach(CompositeTestExecutionListener.java:93)
	at org.junit.platform.launcher.core.CompositeTestExecutionListener.executionFinished(CompositeTestExecutionListener.java:69)
	at org.junit.platform.launcher.core.ExecutionListenerAdapter.executionFinished(ExecutionListenerAdapter.java:56)
	at org.junit.platform.launcher.core.DelegatingEngineExecutionListener.executionFinished(DelegatingEngineExecutionListener.java:46)
	at org.junit.platform.launcher.core.OutcomeDelayingEngineExecutionListener.executionFinished(OutcomeDelayingEngineExecutionListener.java:63)
	at org.junit.vintage.engine.execution.RunListenerAdapter.fireExecutionFinished(RunListenerAdapter.java:226)
	at org.junit.vintage.engine.execution.RunListenerAdapter.testFinished(RunListenerAdapter.java:192)
	at org.junit.vintage.engine.execution.RunListenerAdapter.handleFailure(RunListenerAdapter.java:147)
	at org.junit.vintage.engine.execution.RunListenerAdapter.handleFailure(RunListenerAdapter.java:135)
	at org.junit.vintage.engine.execution.RunListenerAdapter.testFailure(RunListenerAdapter.java:74)
	at org.junit.runner.notification.SynchronizedRunListener.testFailure(SynchronizedRunListener.java:63)
	at org.junit.runner.notification.RunNotifier$4.notifyListener(RunNotifier.java:142)
	at org.junit.runner.notification.RunNotifier$SafeNotifier.run(RunNotifier.java:72)
	at org.junit.runner.notification.RunNotifier.fireTestFailures(RunNotifier.java:138)
	at org.junit.runner.notification.RunNotifier.fireTestFailure(RunNotifier.java:132)
	at org.junit.internal.runners.model.EachTestNotifier.addFailure(EachTestNotifier.java:23)
	at cucumber.runtime.junit.JUnitReporter.result(JUnitReporter.java:112)
	at cucumber.runtime.Runtime.runStep(Runtime.java:310)
	at cucumber.runtime.model.StepContainer.runStep(StepContainer.java:44)
	at cucumber.runtime.model.StepContainer.runSteps(StepContainer.java:39)
	at cucumber.runtime.model.CucumberScenario.run(CucumberScenario.java:44)
	at cucumber.runtime.junit.ExecutionUnitRunner.run(ExecutionUnitRunner.java:102)
	at org.junit.runners.Suite.runChild(Suite.java:128)
	at org.junit.runners.Suite.runChild(Suite.java:27)
	at org.junit.runners.ParentRunner$3.run(ParentRunner.java:290)
	at org.junit.runners.ParentRunner$1.schedule(ParentRunner.java:71)
	at org.junit.runners.ParentRunner.runChildren(ParentRunner.java:288)
	at org.junit.runners.ParentRunner.access$000(ParentRunner.java:58)
	at org.junit.runners.ParentRunner$2.evaluate(ParentRunner.java:268)
	at org.junit.runners.ParentRunner.run(ParentRunner.java:363)
	at cucumber.runtime.junit.ExamplesRunner.run(ExamplesRunner.java:59)
	at org.junit.runners.Suite.runChild(Suite.java:128)
	at org.junit.runners.Suite.runChild(Suite.java:27)
	at org.junit.runners.ParentRunner$3.run(ParentRunner.java:290)
	at org.junit.runners.ParentRunner$1.schedule(ParentRunner.java:71)
	at org.junit.runners.ParentRunner.runChildren(ParentRunner.java:288)
	at org.junit.runners.ParentRunner.access$000(ParentRunner.java:58)
	at org.junit.runners.ParentRunner$2.evaluate(ParentRunner.java:268)
	at org.junit.runners.ParentRunner.run(ParentRunner.java:363)
	at cucumber.runtime.junit.ScenarioOutlineRunner.run(ScenarioOutlineRunner.java:53)
	at cucumber.runtime.junit.FeatureRunner.runChild(FeatureRunner.java:63)
	at cucumber.runtime.junit.FeatureRunner.runChild(FeatureRunner.java:18)
	at org.junit.runners.ParentRunner$3.run(ParentRunner.java:290)
	at org.junit.runners.ParentRunner$1.schedule(ParentRunner.java:71)
	at org.junit.runners.ParentRunner.runChildren(ParentRunner.java:288)
	at org.junit.runners.ParentRunner.access$000(ParentRunner.java:58)
	at org.junit.runners.ParentRunner$2.evaluate(ParentRunner.java:268)
	at org.junit.runners.ParentRunner.run(ParentRunner.java:363)
	at cucumber.runtime.junit.FeatureRunner.run(FeatureRunner.java:70)
	at cucumber.api.junit.Cucumber.runChild(Cucumber.java:95)
	at cucumber.api.junit.Cucumber.runChild(Cucumber.java:38)
	at org.junit.runners.ParentRunner$3.run(ParentRunner.java:290)
	at org.junit.runners.ParentRunner$1.schedule(ParentRunner.java:71)
	at org.junit.runners.ParentRunner.runChildren(ParentRunner.java:288)
	at org.junit.runners.ParentRunner.access$000(ParentRunner.java:58)
	at org.junit.runners.ParentRunner$2.evaluate(ParentRunner.java:268)
	at org.junit.runners.ParentRunner.run(ParentRunner.java:363)
	at cucumber.api.junit.Cucumber.run(Cucumber.java:100)
	at org.junit.runner.JUnitCore.run(JUnitCore.java:137)
	at org.junit.runner.JUnitCore.run(JUnitCore.java:115)
	at org.junit.vintage.engine.execution.RunnerExecutor.execute(RunnerExecutor.java:42)
	at org.junit.vintage.engine.VintageTestEngine.executeAllChildren(VintageTestEngine.java:80)
	at org.junit.vintage.engine.VintageTestEngine.execute(VintageTestEngine.java:72)
	at org.junit.platform.launcher.core.EngineExecutionOrchestrator.execute(EngineExecutionOrchestrator.java:107)
	at org.junit.platform.launcher.core.EngineExecutionOrchestrator.execute(EngineExecutionOrchestrator.java:88)
	at org.junit.platform.launcher.core.EngineExecutionOrchestrator.lambda$execute$0(EngineExecutionOrchestrator.java:54)
	at org.junit.platform.launcher.core.EngineExecutionOrchestrator.withInterceptedStreams(EngineExecutionOrchestrator.java:67)
	at org.junit.platform.launcher.core.EngineExecutionOrchestrator.execute(EngineExecutionOrchestrator.java:52)
	at org.junit.platform.launcher.core.DefaultLauncher.execute(DefaultLauncher.java:114)
	at org.junit.platform.launcher.core.DefaultLauncher.execute(DefaultLauncher.java:86)
	at org.junit.platform.launcher.core.DefaultLauncherSession$DelegatingLauncher.execute(DefaultLauncherSession.java:86)
	at org.apache.maven.surefire.junitplatform.LazyLauncher.execute(LazyLauncher.java:55)
	at org.apache.maven.surefire.junitplatform.JUnitPlatformProvider.execute(JUnitPlatformProvider.java:223)
	at org.apache.maven.surefire.junitplatform.JUnitPlatformProvider.invokeAllTests(JUnitPlatformProvider.java:175)
	at org.apache.maven.surefire.junitplatform.JUnitPlatformProvider.invoke(JUnitPlatformProvider.java:139)
	at org.apache.maven.surefire.booter.ForkedBooter.runSuitesInProcess(ForkedBooter.java:456)
	at org.apache.maven.surefire.booter.ForkedBooter.execute(ForkedBooter.java:169)
	at org.apache.maven.surefire.booter.ForkedBooter.run(ForkedBooter.java:595)
	at org.apache.maven.surefire.booter.ForkedBooter.main(ForkedBooter.java:581)

]]></system-err>
  </testcase>
  <testcase name="| username_ | password |" classname="Examples: " time="0.161">
    <error message="Connection refused: connect&#10;Build info: version: &apos;3.141.59&apos;, revision: &apos;e82be7d358&apos;, time: &apos;2018-11-14T08:17:03&apos;&#10;System info: host: &apos;LAPTOP-PDD67UF8&apos;, ip: &apos;192.168.9.2&apos;, os.name: &apos;Windows 10&apos;, os.arch: &apos;amd64&apos;, os.version: &apos;10.0&apos;, java.version: &apos;11.0.5&apos;&#10;Driver info: driver.version: AndroidDriver" type="org.openqa.selenium.WebDriverException"><![CDATA[org.openqa.selenium.WebDriverException: 
Connection refused: connect
Build info: version: '3.141.59', revision: 'e82be7d358', time: '2018-11-14T08:17:03'
System info: host: 'LAPTOP-PDD67UF8', ip: '192.168.9.2', os.name: 'Windows 10', os.arch: 'amd64', os.version: '10.0', java.version: '11.0.5'
Driver info: driver.version: AndroidDriver
	at io.appium.java_client.remote.AppiumCommandExecutor.lambda$5(AppiumCommandExecutor.java:251)
	at java.base/java.util.Optional.orElseGet(Optional.java:369)
	at io.appium.java_client.remote.AppiumCommandExecutor.execute(AppiumCommandExecutor.java:250)
	at org.openqa.selenium.remote.RemoteWebDriver.execute(RemoteWebDriver.java:548)
	at io.appium.java_client.DefaultGenericMobileDriver.execute(DefaultGenericMobileDriver.java:41)
	at io.appium.java_client.AppiumDriver.execute(AppiumDriver.java:1)
	at io.appium.java_client.android.AndroidDriver.execute(AndroidDriver.java:1)
	at org.openqa.selenium.remote.RemoteWebDriver.startSession(RemoteWebDriver.java:212)
	at io.appium.java_client.AppiumDriver.startSession(AppiumDriver.java:336)
	at org.openqa.selenium.remote.RemoteWebDriver.<init>(RemoteWebDriver.java:130)
	at io.appium.java_client.DefaultGenericMobileDriver.<init>(DefaultGenericMobileDriver.java:37)
	at io.appium.java_client.AppiumDriver.<init>(AppiumDriver.java:88)
	at io.appium.java_client.AppiumDriver.<init>(AppiumDriver.java:98)
	at io.appium.java_client.android.AndroidDriver.<init>(AndroidDriver.java:94)
	at MobileTest.FeatureSteps.Login.LoginTest.the_user_is_on_the_login_screen(LoginTest.java:35)
	at âœ½.Given the user is on the login screen(src/test/java/MobileTest/Features/Login.feature:3)
Caused by: java.net.ConnectException: Connection refused: connect
	at java.base/java.net.PlainSocketImpl.waitForConnect(Native Method)
	at java.base/java.net.PlainSocketImpl.socketConnect(PlainSocketImpl.java:107)
	at java.base/java.net.AbstractPlainSocketImpl.doConnect(AbstractPlainSocketImpl.java:399)
	at java.base/java.net.AbstractPlainSocketImpl.connectToAddress(AbstractPlainSocketImpl.java:242)
	at java.base/java.net.AbstractPlainSocketImpl.connect(AbstractPlainSocketImpl.java:224)
	at java.base/java.net.SocksSocketImpl.connect(SocksSocketImpl.java:403)
	at java.base/java.net.Socket.connect(Socket.java:608)
	at okhttp3.internal.platform.Platform.connectSocket(Platform.java:129)
	at okhttp3.internal.connection.RealConnection.connectSocket(RealConnection.java:240)
	at okhttp3.internal.connection.RealConnection.connect(RealConnection.java:160)
	at okhttp3.internal.connection.StreamAllocation.findConnection(StreamAllocation.java:257)
	at okhttp3.internal.connection.StreamAllocation.findHealthyConnection(StreamAllocation.java:135)
	at okhttp3.internal.connection.StreamAllocation.newStream(StreamAllocation.java:114)
	at okhttp3.internal.connection.ConnectInterceptor.intercept(ConnectInterceptor.java:42)
	at okhttp3.internal.http.RealInterceptorChain.proceed(RealInterceptorChain.java:147)
	at okhttp3.internal.http.RealInterceptorChain.proceed(RealInterceptorChain.java:121)
	at okhttp3.internal.cache.CacheInterceptor.intercept(CacheInterceptor.java:93)
	at okhttp3.internal.http.RealInterceptorChain.proceed(RealInterceptorChain.java:147)
	at okhttp3.internal.http.RealInterceptorChain.proceed(RealInterceptorChain.java:121)
	at okhttp3.internal.http.BridgeInterceptor.intercept(BridgeInterceptor.java:93)
	at okhttp3.internal.http.RealInterceptorChain.proceed(RealInterceptorChain.java:147)
	at okhttp3.internal.http.RetryAndFollowUpInterceptor.intercept(RetryAndFollowUpInterceptor.java:126)
	at okhttp3.internal.http.RealInterceptorChain.proceed(RealInterceptorChain.java:147)
	at okhttp3.internal.http.RealInterceptorChain.proceed(RealInterceptorChain.java:121)
	at okhttp3.RealCall.getResponseWithInterceptorChain(RealCall.java:200)
	at okhttp3.RealCall.execute(RealCall.java:77)
	at org.openqa.selenium.remote.internal.OkHttpClient.execute(OkHttpClient.java:105)
	at org.openqa.selenium.remote.ProtocolHandshake.createSession(ProtocolHandshake.java:101)
	at java.base/jdk.internal.reflect.NativeMethodAccessorImpl.invoke0(Native Method)
	at java.base/jdk.internal.reflect.NativeMethodAccessorImpl.invoke(NativeMethodAccessorImpl.java:62)
	at java.base/jdk.internal.reflect.DelegatingMethodAccessorImpl.invoke(DelegatingMethodAccessorImpl.java:43)
	at java.base/java.lang.reflect.Method.invoke(Method.java:566)
	at io.appium.java_client.remote.AppiumCommandExecutor$1.createSession(AppiumCommandExecutor.java:186)
	at io.appium.java_client.remote.AppiumCommandExecutor.createSession(AppiumCommandExecutor.java:217)
	at io.appium.java_client.remote.AppiumCommandExecutor.execute(AppiumCommandExecutor.java:239)
	at org.openqa.selenium.remote.RemoteWebDriver.execute(RemoteWebDriver.java:548)
	at io.appium.java_client.DefaultGenericMobileDriver.execute(DefaultGenericMobileDriver.java:41)
	at io.appium.java_client.AppiumDriver.execute(AppiumDriver.java:1)
	at io.appium.java_client.android.AndroidDriver.execute(AndroidDriver.java:1)
	at org.openqa.selenium.remote.RemoteWebDriver.startSession(RemoteWebDriver.java:212)
	at io.appium.java_client.AppiumDriver.startSession(AppiumDriver.java:336)
	at org.openqa.selenium.remote.RemoteWebDriver.<init>(RemoteWebDriver.java:130)
	at io.appium.java_client.DefaultGenericMobileDriver.<init>(DefaultGenericMobileDriver.java:37)
	at io.appium.java_client.AppiumDriver.<init>(AppiumDriver.java:88)
	at io.appium.java_client.AppiumDriver.<init>(AppiumDriver.java:98)
	at io.appium.java_client.android.AndroidDriver.<init>(AndroidDriver.java:94)
	at MobileTest.FeatureSteps.Login.LoginTest.the_user_is_on_the_login_screen(LoginTest.java:35)
	at java.base/jdk.internal.reflect.NativeMethodAccessorImpl.invoke0(Native Method)
	at java.base/jdk.internal.reflect.NativeMethodAccessorImpl.invoke(NativeMethodAccessorImpl.java:62)
	at java.base/jdk.internal.reflect.DelegatingMethodAccessorImpl.invoke(DelegatingMethodAccessorImpl.java:43)
	at java.base/java.lang.reflect.Method.invoke(Method.java:566)
	at cucumber.runtime.Utils$1.call(Utils.java:40)
	at cucumber.runtime.Timeout.timeout(Timeout.java:16)
	at cucumber.runtime.Utils.invoke(Utils.java:34)
	at cucumber.runtime.java.JavaStepDefinition.execute(JavaStepDefinition.java:38)
	at cucumber.runtime.StepDefinitionMatch.runStep(StepDefinitionMatch.java:37)
	at cucumber.runtime.Runtime.runStep(Runtime.java:300)
	at cucumber.runtime.model.StepContainer.runStep(StepContainer.java:44)
	at cucumber.runtime.model.StepContainer.runSteps(StepContainer.java:39)
	at cucumber.runtime.model.CucumberScenario.run(CucumberScenario.java:44)
	at cucumber.runtime.junit.ExecutionUnitRunner.run(ExecutionUnitRunner.java:102)
	at org.junit.runners.Suite.runChild(Suite.java:128)
	at org.junit.runners.Suite.runChild(Suite.java:27)
	at org.junit.runners.ParentRunner$3.run(ParentRunner.java:290)
	at org.junit.runners.ParentRunner$1.schedule(ParentRunner.java:71)
	at org.junit.runners.ParentRunner.runChildren(ParentRunner.java:288)
	at org.junit.runners.ParentRunner.access$000(ParentRunner.java:58)
	at org.junit.runners.ParentRunner$2.evaluate(ParentRunner.java:268)
	at org.junit.runners.ParentRunner.run(ParentRunner.java:363)
	at cucumber.runtime.junit.ExamplesRunner.run(ExamplesRunner.java:59)
	at org.junit.runners.Suite.runChild(Suite.java:128)
	at org.junit.runners.Suite.runChild(Suite.java:27)
	at org.junit.runners.ParentRunner$3.run(ParentRunner.java:290)
	at org.junit.runners.ParentRunner$1.schedule(ParentRunner.java:71)
	at org.junit.runners.ParentRunner.runChildren(ParentRunner.java:288)
	at org.junit.runners.ParentRunner.access$000(ParentRunner.java:58)
	at org.junit.runners.ParentRunner$2.evaluate(ParentRunner.java:268)
	at org.junit.runners.ParentRunner.run(ParentRunner.java:363)
	at cucumber.runtime.junit.ScenarioOutlineRunner.run(ScenarioOutlineRunner.java:53)
	at cucumber.runtime.junit.FeatureRunner.runChild(FeatureRunner.java:63)
	at cucumber.runtime.junit.FeatureRunner.runChild(FeatureRunner.java:18)
	at org.junit.runners.ParentRunner$3.run(ParentRunner.java:290)
	at org.junit.runners.ParentRunner$1.schedule(ParentRunner.java:71)
	at org.junit.runners.ParentRunner.runChildren(ParentRunner.java:288)
	at org.junit.runners.ParentRunner.access$000(ParentRunner.java:58)
	at org.junit.runners.ParentRunner$2.evaluate(ParentRunner.java:268)
	at org.junit.runners.ParentRunner.run(ParentRunner.java:363)
	at cucumber.runtime.junit.FeatureRunner.run(FeatureRunner.java:70)
	at cucumber.api.junit.Cucumber.runChild(Cucumber.java:95)
	at cucumber.api.junit.Cucumber.runChild(Cucumber.java:38)
	at org.junit.runners.ParentRunner$3.run(ParentRunner.java:290)
	at org.junit.runners.ParentRunner$1.schedule(ParentRunner.java:71)
	at org.junit.runners.ParentRunner.runChildren(ParentRunner.java:288)
	at org.junit.runners.ParentRunner.access$000(ParentRunner.java:58)
	at org.junit.runners.ParentRunner$2.evaluate(ParentRunner.java:268)
	at org.junit.runners.ParentRunner.run(ParentRunner.java:363)
	at cucumber.api.junit.Cucumber.run(Cucumber.java:100)
	at org.junit.runner.JUnitCore.run(JUnitCore.java:137)
	at org.junit.runner.JUnitCore.run(JUnitCore.java:115)
	at org.junit.vintage.engine.execution.RunnerExecutor.execute(RunnerExecutor.java:42)
	at org.junit.vintage.engine.VintageTestEngine.executeAllChildren(VintageTestEngine.java:80)
	at org.junit.vintage.engine.VintageTestEngine.execute(VintageTestEngine.java:72)
	at org.junit.platform.launcher.core.EngineExecutionOrchestrator.execute(EngineExecutionOrchestrator.java:107)
	at org.junit.platform.launcher.core.EngineExecutionOrchestrator.execute(EngineExecutionOrchestrator.java:88)
	at org.junit.platform.launcher.core.EngineExecutionOrchestrator.lambda$execute$0(EngineExecutionOrchestrator.java:54)
	at org.junit.platform.launcher.core.EngineExecutionOrchestrator.withInterceptedStreams(EngineExecutionOrchestrator.java:67)
	at org.junit.platform.launcher.core.EngineExecutionOrchestrator.execute(EngineExecutionOrchestrator.java:52)
	at org.junit.platform.launcher.core.DefaultLauncher.execute(DefaultLauncher.java:114)
	at org.junit.platform.launcher.core.DefaultLauncher.execute(DefaultLauncher.java:86)
	at org.junit.platform.launcher.core.DefaultLauncherSession$DelegatingLauncher.execute(DefaultLauncherSession.java:86)
	at org.apache.maven.surefire.junitplatform.LazyLauncher.execute(LazyLauncher.java:55)
	at org.apache.maven.surefire.junitplatform.JUnitPlatformProvider.execute(JUnitPlatformProvider.java:223)
	at org.apache.maven.surefire.junitplatform.JUnitPlatformProvider.invokeAllTests(JUnitPlatformProvider.java:175)
	at org.apache.maven.surefire.junitplatform.JUnitPlatformProvider.invoke(JUnitPlatformProvider.java:139)
	at org.apache.maven.surefire.booter.ForkedBooter.runSuitesInProcess(ForkedBooter.java:456)
	at org.apache.maven.surefire.booter.ForkedBooter.execute(ForkedBooter.java:169)
	at org.apache.maven.surefire.booter.ForkedBooter.run(ForkedBooter.java:595)
	at org.apache.maven.surefire.booter.ForkedBooter.main(ForkedBooter.java:581)
]]></error>
    <system-err><![CDATA[Jun 01, 2023 1:22:37 PM org.junit.platform.launcher.core.CompositeTestExecutionListener lambda$notifyEach$19
WARNING: TestExecutionListener [io.qameta.allure.junitplatform.AllureJunitPlatform] threw exception for method: executionFinished(TestIdentifier [uniqueId = [engine:junit-vintage]/[runner:MobileTest.FeatureSteps.RunCucumberTests]/[test:rO0ABXNyAB9naGVya2luLmZvcm1hdHRlci5tb2RlbC5GZWF0dXJlAAAAAAAAAAECAAB4cgAkZ2hlcmtpbi5mb3JtYXR0ZXIubW9kZWwuVGFnU3RhdGVtZW50AAAAAAAAAAECAAJMAAJpZHQAEkxqYXZhL2xhbmcvU3RyaW5nO0wABHRhZ3N0ABBMamF2YS91dGlsL0xpc3Q7eHIAKmdoZXJraW4uZm9ybWF0dGVyLm1vZGVsLkRlc2NyaWJlZFN0YXRlbWVudInoQ7yJkLCFAgABTAALZGVzY3JpcHRpb25xAH4AAnhyACZnaGVya2luLmZvcm1hdHRlci5tb2RlbC5CYXNpY1N0YXRlbWVudPM3wIsDVBUvAgAETAAIY29tbWVudHNxAH4AA0wAB2tleXdvcmRxAH4AAkwABGxpbmV0ABNMamF2YS9sYW5nL0ludGVnZXI7TAAEbmFtZXEAfgACeHIAGmdoZXJraW4uZm9ybWF0dGVyLk1hcHBhYmxl42CLFPnowjUCAAB4cHNyABNqYXZhLnV0aWwuQXJyYXlMaXN0eIHSHZnHYZ0DAAFJAARzaXpleHAAAAAAdwQAAAAAeHQAB0ZlYXR1cmVzcgARamF2YS5sYW5nLkludGVnZXIS4qCk94GHOAIAAUkABXZhbHVleHIAEGphdmEubGFuZy5OdW1iZXKGrJUdC5TgiwIAAHhwAAAAAXQABUxvZ2ludAAAdAAFbG9naW5zcQB%2BAAkAAAAAdwQAAAAAeA==]/[test:rO0ABXNyACdnaGVya2luLmZvcm1hdHRlci5tb2RlbC5TY2VuYXJpb091dGxpbmUAAAAAAAAAAQIAAUwABHR5cGV0ABJMamF2YS9sYW5nL1N0cmluZzt4cgAkZ2hlcmtpbi5mb3JtYXR0ZXIubW9kZWwuVGFnU3RhdGVtZW50AAAAAAAAAAECAAJMAAJpZHEAfgABTAAEdGFnc3QAEExqYXZhL3V0aWwvTGlzdDt4cgAqZ2hlcmtpbi5mb3JtYXR0ZXIubW9kZWwuRGVzY3JpYmVkU3RhdGVtZW50iehDvImQsIUCAAFMAAtkZXNjcmlwdGlvbnEAfgABeHIAJmdoZXJraW4uZm9ybWF0dGVyLm1vZGVsLkJhc2ljU3RhdGVtZW508zfAiwNUFS8CAARMAAhjb21tZW50c3EAfgADTAAHa2V5d29yZHEAfgABTAAEbGluZXQAE0xqYXZhL2xhbmcvSW50ZWdlcjtMAARuYW1lcQB%2BAAF4cgAaZ2hlcmtpbi5mb3JtYXR0ZXIuTWFwcGFibGXjYIsU%2BejCNQIAAHhwc3IAE2phdmEudXRpbC5BcnJheUxpc3R4gdIdmcdhnQMAAUkABHNpemV4cAAAAAB3BAAAAAB4dAAQU2NlbmFyaW8gT3V0bGluZXNyABFqYXZhLmxhbmcuSW50ZWdlchLioKT3gYc4AgABSQAFdmFsdWV4cgAQamF2YS5sYW5nLk51bWJlcoaslR0LlOCLAgAAeHAAAAACdAAeOiBMb2dpbiB3aXRoIHZhbGlkIGNyZWRlbnRpYWxzdAAAdAAkbG9naW47Oi1sb2dpbi13aXRoLXZhbGlkLWNyZWRlbnRpYWxzc3EAfgAJAAAAAHcEAAAAAHh0ABBzY2VuYXJpb19vdXRsaW5l]/[test:rO0ABXNyACBnaGVya2luLmZvcm1hdHRlci5tb2RlbC5FeGFtcGxlcwAAAAAAAAABAgABTAAEcm93c3QAEExqYXZhL3V0aWwvTGlzdDt4cgAkZ2hlcmtpbi5mb3JtYXR0ZXIubW9kZWwuVGFnU3RhdGVtZW50AAAAAAAAAAECAAJMAAJpZHQAEkxqYXZhL2xhbmcvU3RyaW5nO0wABHRhZ3NxAH4AAXhyACpnaGVya2luLmZvcm1hdHRlci5tb2RlbC5EZXNjcmliZWRTdGF0ZW1lbnSJ6EO8iZCwhQIAAUwAC2Rlc2NyaXB0aW9ucQB%2BAAN4cgAmZ2hlcmtpbi5mb3JtYXR0ZXIubW9kZWwuQmFzaWNTdGF0ZW1lbnTzN8CLA1QVLwIABEwACGNvbW1lbnRzcQB%2BAAFMAAdrZXl3b3JkcQB%2BAANMAARsaW5ldAATTGphdmEvbGFuZy9JbnRlZ2VyO0wABG5hbWVxAH4AA3hyABpnaGVya2luLmZvcm1hdHRlci5NYXBwYWJsZeNgixT56MI1AgAAeHBzcgATamF2YS51dGlsLkFycmF5TGlzdHiB0h2Zx2GdAwABSQAEc2l6ZXhwAAAAAHcEAAAAAHh0AAhFeGFtcGxlc3NyABFqYXZhLmxhbmcuSW50ZWdlchLioKT3gYc4AgABSQAFdmFsdWV4cgAQamF2YS5sYW5nLk51bWJlcoaslR0LlOCLAgAAeHAAAAAIdAAAdAAAdAAlbG9naW47Oi1sb2dpbi13aXRoLXZhbGlkLWNyZWRlbnRpYWxzO3NxAH4ACQAAAAB3BAAAAAB4c3EAfgAJAAAAAncEAAAAAnNyAChnaGVya2luLmZvcm1hdHRlci5tb2RlbC5FeGFtcGxlc1RhYmxlUm93AAAAAAAAAAECAAFMAAJpZHEAfgADeHIAG2doZXJraW4uZm9ybWF0dGVyLm1vZGVsLlJvdwkayqrbzNUXAgADTAAFY2VsbHNxAH4AAUwACGNvbW1lbnRzcQB%2BAAFMAARsaW5lcQB%2BAAZ4cQB%2BAAdzcQB%2BAAkAAAACdwQAAAACdAAIdXNlcm5hbWV0AARwYXNzeHNxAH4ACQAAAAB3BAAAAAB4c3EAfgAMAAAACXQAJ2xvZ2luOzotbG9naW4td2l0aC12YWxpZC1jcmVkZW50aWFsczs7MXNxAH4AFHNxAH4ACQAAAAJ3BAAAAAJ0AAl1c2VybmFtZV90AAhwYXNzd29yZHhzcQB%2BAAkAAAAAdwQAAAAAeHNxAH4ADAAAAAp0ACdsb2dpbjs6LWxvZ2luLXdpdGgtdmFsaWQtY3JlZGVudGlhbHM7OzJ4]/[test:rO0ABXNyACBnaGVya2luLmZvcm1hdHRlci5tb2RlbC5TY2VuYXJpbwAAAAAAAAABAgABTAAEdHlwZXQAEkxqYXZhL2xhbmcvU3RyaW5nO3hyACRnaGVya2luLmZvcm1hdHRlci5tb2RlbC5UYWdTdGF0ZW1lbnQAAAAAAAAAAQIAAkwAAmlkcQB%2BAAFMAAR0YWdzdAAQTGphdmEvdXRpbC9MaXN0O3hyACpnaGVya2luLmZvcm1hdHRlci5tb2RlbC5EZXNjcmliZWRTdGF0ZW1lbnSJ6EO8iZCwhQIAAUwAC2Rlc2NyaXB0aW9ucQB%2BAAF4cgAmZ2hlcmtpbi5mb3JtYXR0ZXIubW9kZWwuQmFzaWNTdGF0ZW1lbnTzN8CLA1QVLwIABEwACGNvbW1lbnRzcQB%2BAANMAAdrZXl3b3JkcQB%2BAAFMAARsaW5ldAATTGphdmEvbGFuZy9JbnRlZ2VyO0wABG5hbWVxAH4AAXhyABpnaGVya2luLmZvcm1hdHRlci5NYXBwYWJsZeNgixT56MI1AgAAeHBzcgATamF2YS51dGlsLkFycmF5TGlzdHiB0h2Zx2GdAwABSQAEc2l6ZXhwAAAAAHcEAAAAAHh0ABBTY2VuYXJpbyBPdXRsaW5lc3IAEWphdmEubGFuZy5JbnRlZ2VyEuKgpPeBhzgCAAFJAAV2YWx1ZXhyABBqYXZhLmxhbmcuTnVtYmVyhqyVHQuU4IsCAAB4cAAAAAp0AB46IExvZ2luIHdpdGggdmFsaWQgY3JlZGVudGlhbHN0AAB0ACdsb2dpbjs6LWxvZ2luLXdpdGgtdmFsaWQtY3JlZGVudGlhbHM7OzJzcQB%2BAAkAAAAAdwQAAAAAeHQACHNjZW5hcmlv], parentId = [engine:junit-vintage]/[runner:MobileTest.FeatureSteps.RunCucumberTests]/[test:rO0ABXNyAB9naGVya2luLmZvcm1hdHRlci5tb2RlbC5GZWF0dXJlAAAAAAAAAAECAAB4cgAkZ2hlcmtpbi5mb3JtYXR0ZXIubW9kZWwuVGFnU3RhdGVtZW50AAAAAAAAAAECAAJMAAJpZHQAEkxqYXZhL2xhbmcvU3RyaW5nO0wABHRhZ3N0ABBMamF2YS91dGlsL0xpc3Q7eHIAKmdoZXJraW4uZm9ybWF0dGVyLm1vZGVsLkRlc2NyaWJlZFN0YXRlbWVudInoQ7yJkLCFAgABTAALZGVzY3JpcHRpb25xAH4AAnhyACZnaGVya2luLmZvcm1hdHRlci5tb2RlbC5CYXNpY1N0YXRlbWVudPM3wIsDVBUvAgAETAAIY29tbWVudHNxAH4AA0wAB2tleXdvcmRxAH4AAkwABGxpbmV0ABNMamF2YS9sYW5nL0ludGVnZXI7TAAEbmFtZXEAfgACeHIAGmdoZXJraW4uZm9ybWF0dGVyLk1hcHBhYmxl42CLFPnowjUCAAB4cHNyABNqYXZhLnV0aWwuQXJyYXlMaXN0eIHSHZnHYZ0DAAFJAARzaXpleHAAAAAAdwQAAAAAeHQAB0ZlYXR1cmVzcgARamF2YS5sYW5nLkludGVnZXIS4qCk94GHOAIAAUkABXZhbHVleHIAEGphdmEubGFuZy5OdW1iZXKGrJUdC5TgiwIAAHhwAAAAAXQABUxvZ2ludAAAdAAFbG9naW5zcQB%2BAAkAAAAAdwQAAAAAeA==]/[test:rO0ABXNyACdnaGVya2luLmZvcm1hdHRlci5tb2RlbC5TY2VuYXJpb091dGxpbmUAAAAAAAAAAQIAAUwABHR5cGV0ABJMamF2YS9sYW5nL1N0cmluZzt4cgAkZ2hlcmtpbi5mb3JtYXR0ZXIubW9kZWwuVGFnU3RhdGVtZW50AAAAAAAAAAECAAJMAAJpZHEAfgABTAAEdGFnc3QAEExqYXZhL3V0aWwvTGlzdDt4cgAqZ2hlcmtpbi5mb3JtYXR0ZXIubW9kZWwuRGVzY3JpYmVkU3RhdGVtZW50iehDvImQsIUCAAFMAAtkZXNjcmlwdGlvbnEAfgABeHIAJmdoZXJraW4uZm9ybWF0dGVyLm1vZGVsLkJhc2ljU3RhdGVtZW508zfAiwNUFS8CAARMAAhjb21tZW50c3EAfgADTAAHa2V5d29yZHEAfgABTAAEbGluZXQAE0xqYXZhL2xhbmcvSW50ZWdlcjtMAARuYW1lcQB%2BAAF4cgAaZ2hlcmtpbi5mb3JtYXR0ZXIuTWFwcGFibGXjYIsU%2BejCNQIAAHhwc3IAE2phdmEudXRpbC5BcnJheUxpc3R4gdIdmcdhnQMAAUkABHNpemV4cAAAAAB3BAAAAAB4dAAQU2NlbmFyaW8gT3V0bGluZXNyABFqYXZhLmxhbmcuSW50ZWdlchLioKT3gYc4AgABSQAFdmFsdWV4cgAQamF2YS5sYW5nLk51bWJlcoaslR0LlOCLAgAAeHAAAAACdAAeOiBMb2dpbiB3aXRoIHZhbGlkIGNyZWRlbnRpYWxzdAAAdAAkbG9naW47Oi1sb2dpbi13aXRoLXZhbGlkLWNyZWRlbnRpYWxzc3EAfgAJAAAAAHcEAAAAAHh0ABBzY2VuYXJpb19vdXRsaW5l]/[test:rO0ABXNyACBnaGVya2luLmZvcm1hdHRlci5tb2RlbC5FeGFtcGxlcwAAAAAAAAABAgABTAAEcm93c3QAEExqYXZhL3V0aWwvTGlzdDt4cgAkZ2hlcmtpbi5mb3JtYXR0ZXIubW9kZWwuVGFnU3RhdGVtZW50AAAAAAAAAAECAAJMAAJpZHQAEkxqYXZhL2xhbmcvU3RyaW5nO0wABHRhZ3NxAH4AAXhyACpnaGVya2luLmZvcm1hdHRlci5tb2RlbC5EZXNjcmliZWRTdGF0ZW1lbnSJ6EO8iZCwhQIAAUwAC2Rlc2NyaXB0aW9ucQB%2BAAN4cgAmZ2hlcmtpbi5mb3JtYXR0ZXIubW9kZWwuQmFzaWNTdGF0ZW1lbnTzN8CLA1QVLwIABEwACGNvbW1lbnRzcQB%2BAAFMAAdrZXl3b3JkcQB%2BAANMAARsaW5ldAATTGphdmEvbGFuZy9JbnRlZ2VyO0wABG5hbWVxAH4AA3hyABpnaGVya2luLmZvcm1hdHRlci5NYXBwYWJsZeNgixT56MI1AgAAeHBzcgATamF2YS51dGlsLkFycmF5TGlzdHiB0h2Zx2GdAwABSQAEc2l6ZXhwAAAAAHcEAAAAAHh0AAhFeGFtcGxlc3NyABFqYXZhLmxhbmcuSW50ZWdlchLioKT3gYc4AgABSQAFdmFsdWV4cgAQamF2YS5sYW5nLk51bWJlcoaslR0LlOCLAgAAeHAAAAAIdAAAdAAAdAAlbG9naW47Oi1sb2dpbi13aXRoLXZhbGlkLWNyZWRlbnRpYWxzO3NxAH4ACQAAAAB3BAAAAAB4c3EAfgAJAAAAAncEAAAAAnNyAChnaGVya2luLmZvcm1hdHRlci5tb2RlbC5FeGFtcGxlc1RhYmxlUm93AAAAAAAAAAECAAFMAAJpZHEAfgADeHIAG2doZXJraW4uZm9ybWF0dGVyLm1vZGVsLlJvdwkayqrbzNUXAgADTAAFY2VsbHNxAH4AAUwACGNvbW1lbnRzcQB%2BAAFMAARsaW5lcQB%2BAAZ4cQB%2BAAdzcQB%2BAAkAAAACdwQAAAACdAAIdXNlcm5hbWV0AARwYXNzeHNxAH4ACQAAAAB3BAAAAAB4c3EAfgAMAAAACXQAJ2xvZ2luOzotbG9naW4td2l0aC12YWxpZC1jcmVkZW50aWFsczs7MXNxAH4AFHNxAH4ACQAAAAJ3BAAAAAJ0AAl1c2VybmFtZV90AAhwYXNzd29yZHhzcQB%2BAAkAAAAAdwQAAAAAeHNxAH4ADAAAAAp0ACdsb2dpbjs6LWxvZ2luLXdpdGgtdmFsaWQtY3JlZGVudGlhbHM7OzJ4], displayName = '| username_ | password |', legacyReportingName = '| username_ | password |', source = null, tags = [], type = CONTAINER], TestExecutionResult [status = FAILED, throwable = org.openqa.selenium.WebDriverException: Connection refused: connect
Build info: version: '3.141.59', revision: 'e82be7d358', time: '2018-11-14T08:17:03'
System info: host: 'LAPTOP-PDD67UF8', ip: '192.168.9.2', os.name: 'Windows 10', os.arch: 'amd64', os.version: '10.0', java.version: '11.0.5'
Driver info: driver.version: AndroidDriver])
java.lang.NoSuchMethodError: io.qameta.allure.model.TestResult.setTestCaseName(Ljava/lang/String;)Lio/qameta/allure/model/TestResult;
	at io.qameta.allure.junitplatform.AllureJunitPlatform.startTestCase(AllureJunitPlatform.java:425)
	at io.qameta.allure.junitplatform.AllureJunitPlatform.executionFinished(AllureJunitPlatform.java:172)
	at org.junit.platform.launcher.core.CompositeTestExecutionListener.lambda$executionFinished$10(CompositeTestExecutionListener.java:69)
	at org.junit.platform.launcher.core.CompositeTestExecutionListener.lambda$notifyEach$19(CompositeTestExecutionListener.java:95)
	at java.base/java.util.ArrayList.forEach(ArrayList.java:1540)
	at org.junit.platform.launcher.core.CompositeTestExecutionListener.notifyEach(CompositeTestExecutionListener.java:93)
	at org.junit.platform.launcher.core.CompositeTestExecutionListener.executionFinished(CompositeTestExecutionListener.java:69)
	at org.junit.platform.launcher.core.ExecutionListenerAdapter.executionFinished(ExecutionListenerAdapter.java:56)
	at org.junit.platform.launcher.core.DelegatingEngineExecutionListener.executionFinished(DelegatingEngineExecutionListener.java:46)
	at org.junit.platform.launcher.core.OutcomeDelayingEngineExecutionListener.executionFinished(OutcomeDelayingEngineExecutionListener.java:63)
	at org.junit.vintage.engine.execution.RunListenerAdapter.fireExecutionFinished(RunListenerAdapter.java:226)
	at org.junit.vintage.engine.execution.RunListenerAdapter.testFinished(RunListenerAdapter.java:192)
	at org.junit.vintage.engine.execution.RunListenerAdapter.testFinished(RunListenerAdapter.java:79)
	at org.junit.runner.notification.SynchronizedRunListener.testFinished(SynchronizedRunListener.java:56)
	at org.junit.runner.notification.RunNotifier$7.notifyListener(RunNotifier.java:190)
	at org.junit.runner.notification.RunNotifier$SafeNotifier.run(RunNotifier.java:72)
	at org.junit.runner.notification.RunNotifier.fireTestFinished(RunNotifier.java:187)
	at org.junit.internal.runners.model.EachTestNotifier.fireTestFinished(EachTestNotifier.java:38)
	at cucumber.runtime.junit.JUnitReporter.finishExecutionUnit(JUnitReporter.java:61)
	at cucumber.runtime.junit.ExecutionUnitRunner.run(ExecutionUnitRunner.java:103)
	at org.junit.runners.Suite.runChild(Suite.java:128)
	at org.junit.runners.Suite.runChild(Suite.java:27)
	at org.junit.runners.ParentRunner$3.run(ParentRunner.java:290)
	at org.junit.runners.ParentRunner$1.schedule(ParentRunner.java:71)
	at org.junit.runners.ParentRunner.runChildren(ParentRunner.java:288)
	at org.junit.runners.ParentRunner.access$000(ParentRunner.java:58)
	at org.junit.runners.ParentRunner$2.evaluate(ParentRunner.java:268)
	at org.junit.runners.ParentRunner.run(ParentRunner.java:363)
	at cucumber.runtime.junit.ExamplesRunner.run(ExamplesRunner.java:59)
	at org.junit.runners.Suite.runChild(Suite.java:128)
	at org.junit.runners.Suite.runChild(Suite.java:27)
	at org.junit.runners.ParentRunner$3.run(ParentRunner.java:290)
	at org.junit.runners.ParentRunner$1.schedule(ParentRunner.java:71)
	at org.junit.runners.ParentRunner.runChildren(ParentRunner.java:288)
	at org.junit.runners.ParentRunner.access$000(ParentRunner.java:58)
	at org.junit.runners.ParentRunner$2.evaluate(ParentRunner.java:268)
	at org.junit.runners.ParentRunner.run(ParentRunner.java:363)
	at cucumber.runtime.junit.ScenarioOutlineRunner.run(ScenarioOutlineRunner.java:53)
	at cucumber.runtime.junit.FeatureRunner.runChild(FeatureRunner.java:63)
	at cucumber.runtime.junit.FeatureRunner.runChild(FeatureRunner.java:18)
	at org.junit.runners.ParentRunner$3.run(ParentRunner.java:290)
	at org.junit.runners.ParentRunner$1.schedule(ParentRunner.java:71)
	at org.junit.runners.ParentRunner.runChildren(ParentRunner.java:288)
	at org.junit.runners.ParentRunner.access$000(ParentRunner.java:58)
	at org.junit.runners.ParentRunner$2.evaluate(ParentRunner.java:268)
	at org.junit.runners.ParentRunner.run(ParentRunner.java:363)
	at cucumber.runtime.junit.FeatureRunner.run(FeatureRunner.java:70)
	at cucumber.api.junit.Cucumber.runChild(Cucumber.java:95)
	at cucumber.api.junit.Cucumber.runChild(Cucumber.java:38)
	at org.junit.runners.ParentRunner$3.run(ParentRunner.java:290)
	at org.junit.runners.ParentRunner$1.schedule(ParentRunner.java:71)
	at org.junit.runners.ParentRunner.runChildren(ParentRunner.java:288)
	at org.junit.runners.ParentRunner.access$000(ParentRunner.java:58)
	at org.junit.runners.ParentRunner$2.evaluate(ParentRunner.java:268)
	at org.junit.runners.ParentRunner.run(ParentRunner.java:363)
	at cucumber.api.junit.Cucumber.run(Cucumber.java:100)
	at org.junit.runner.JUnitCore.run(JUnitCore.java:137)
	at org.junit.runner.JUnitCore.run(JUnitCore.java:115)
	at org.junit.vintage.engine.execution.RunnerExecutor.execute(RunnerExecutor.java:42)
	at org.junit.vintage.engine.VintageTestEngine.executeAllChildren(VintageTestEngine.java:80)
	at org.junit.vintage.engine.VintageTestEngine.execute(VintageTestEngine.java:72)
	at org.junit.platform.launcher.core.EngineExecutionOrchestrator.execute(EngineExecutionOrchestrator.java:107)
	at org.junit.platform.launcher.core.EngineExecutionOrchestrator.execute(EngineExecutionOrchestrator.java:88)
	at org.junit.platform.launcher.core.EngineExecutionOrchestrator.lambda$execute$0(EngineExecutionOrchestrator.java:54)
	at org.junit.platform.launcher.core.EngineExecutionOrchestrator.withInterceptedStreams(EngineExecutionOrchestrator.java:67)
	at org.junit.platform.launcher.core.EngineExecutionOrchestrator.execute(EngineExecutionOrchestrator.java:52)
	at org.junit.platform.launcher.core.DefaultLauncher.execute(DefaultLauncher.java:114)
	at org.junit.platform.launcher.core.DefaultLauncher.execute(DefaultLauncher.java:86)
	at org.junit.platform.launcher.core.DefaultLauncherSession$DelegatingLauncher.execute(DefaultLauncherSession.java:86)
	at org.apache.maven.surefire.junitplatform.LazyLauncher.execute(LazyLauncher.java:55)
	at org.apache.maven.surefire.junitplatform.JUnitPlatformProvider.execute(JUnitPlatformProvider.java:223)
	at org.apache.maven.surefire.junitplatform.JUnitPlatformProvider.invokeAllTests(JUnitPlatformProvider.java:175)
	at org.apache.maven.surefire.junitplatform.JUnitPlatformProvider.invoke(JUnitPlatformProvider.java:139)
	at org.apache.maven.surefire.booter.ForkedBooter.runSuitesInProcess(ForkedBooter.java:456)
	at org.apache.maven.surefire.booter.ForkedBooter.execute(ForkedBooter.java:169)
	at org.apache.maven.surefire.booter.ForkedBooter.run(ForkedBooter.java:595)
	at org.apache.maven.surefire.booter.ForkedBooter.main(ForkedBooter.java:581)

]]></system-err>
  </testcase>
</testsuite>