<?xml version="1.0" encoding="UTF-8"?>
<testsuite xmlns:xsi="http://www.w3.org/2001/XMLSchema-instance" xsi:noNamespaceSchemaLocation="https://maven.apache.org/surefire/maven-surefire-plugin/xsd/surefire-test-report-3.0.xsd" version="3.0" name="MobileTest.FeatureSteps.RunCucumberTests" time="4.924" tests="6" errors="3" skipped="3" failures="0">
  <properties>
[...]
</properties>
  <testcase name="Given the user is on the login screen" classname="| username_ | password |" time="0.097">
    <error message="Connection refused: connect&#10;Build info: version: &apos;3.141.59&apos;, revision: &apos;e82be7d358&apos;, time: &apos;2018-11-14T08:17:03&apos;&#10;System info: host: &apos;LAPTOP-PDD67UF8&apos;, ip: &apos;192.168.9.2&apos;, os.name: &apos;Windows 10&apos;, os.arch: &apos;amd64&apos;, os.version: &apos;10.0&apos;, java.version: &apos;11.0.5&apos;&#10;Driver info: driver.version: AndroidDriver" type="org.openqa.selenium.WebDriverException"><![CDATA[org.openqa.selenium.WebDriverException: 
Connection refused: connect
Build info: version: '3.141.59', revision: 'e82be7d358', time: '2018-11-14T08:17:03'
System info: host: 'LAPTOP-PDD67UF8', ip: '192.168.9.2', os.name: 'Windows 10', os.arch: 'amd64', os.version: '10.0', java.version: '11.0.5'
Driver info: driver.version: AndroidDriver
	at io.appium.java_client.remote.AppiumCommandExecutor.lambda$5(AppiumCommandExecutor.java:251)
	at java.base/java.util.Optional.orElseGet(Optional.java:369)
	at io.appium.java_client.remote.AppiumCommandExecutor.execute(AppiumCommandExecutor.java:250)
	at org.openqa.selenium.remote.RemoteWebDriver.execute(RemoteWebDriver.java:548)
	at io.appium.java_client.DefaultGenericMobileDriver.execute(DefaultGenericMobileDriver.java:41)
	at io.appium.java_client.AppiumDriver.execute(AppiumDriver.java:1)
	at io.appium.java_client.android.AndroidDriver.execute(AndroidDriver.java:1)
	at org.openqa.selenium.remote.RemoteWebDriver.startSession(RemoteWebDriver.java:212)
	at io.appium.java_client.AppiumDriver.startSession(AppiumDriver.java:336)
	at org.openqa.selenium.remote.RemoteWebDriver.<init>(RemoteWebDriver.java:130)
	at io.appium.java_client.DefaultGenericMobileDriver.<init>(DefaultGenericMobileDriver.java:37)
	at io.appium.java_client.AppiumDriver.<init>(AppiumDriver.java:88)
	at io.appium.java_client.AppiumDriver.<init>(AppiumDriver.java:98)
	at io.appium.java_client.android.AndroidDriver.<init>(AndroidDriver.java:94)
	at MobileTest.FeatureSteps.Login.LoginTest.the_user_is_on_the_login_screen(LoginTest.java:35)
	at ✽.Given the user is on the login screen(src/test/java/MobileTest/Features/Login.feature:3)
Caused by: java.net.ConnectException: Connection refused: connect
	at java.base/java.net.PlainSocketImpl.waitForConnect(Native Method)
	at java.base/java.net.PlainSocketImpl.socketConnect(PlainSocketImpl.java:107)
	at java.base/java.net.AbstractPlainSocketImpl.doConnect(AbstractPlainSocketImpl.java:399)
	at java.base/java.net.AbstractPlainSocketImpl.connectToAddress(AbstractPlainSocketImpl.java:242)
	at java.base/java.net.AbstractPlainSocketImpl.connect(AbstractPlainSocketImpl.java:224)
	at java.base/java.net.SocksSocketImpl.connect(SocksSocketImpl.java:403)
	at java.base/java.net.Socket.connect(Socket.java:608)
	at okhttp3.internal.platform.Platform.connectSocket(Platform.java:129)
	at okhttp3.internal.connection.RealConnection.connectSocket(RealConnection.java:240)
	at okhttp3.internal.connection.RealConnection.connect(RealConnection.java:160)
	at okhttp3.internal.connection.StreamAllocation.findConnection(StreamAllocation.java:257)
	at okhttp3.internal.connection.StreamAllocation.findHealthyConnection(StreamAllocation.java:135)
	at okhttp3.internal.connection.StreamAllocation.newStream(StreamAllocation.java:114)
	at okhttp3.internal.connection.ConnectInterceptor.intercept(ConnectInterceptor.java:42)
	at okhttp3.internal.http.RealInterceptorChain.proceed(RealInterceptorChain.java:147)
	at okhttp3.internal.http.RealInterceptorChain.proceed(RealInterceptorChain.java:121)
	at okhttp3.internal.cache.CacheInterceptor.intercept(CacheInterceptor.java:93)
	at okhttp3.internal.http.RealInterceptorChain.proceed(RealInterceptorChain.java:147)
	at okhttp3.internal.http.RealInterceptorChain.proceed(RealInterceptorChain.java:121)
	at okhttp3.internal.http.BridgeInterceptor.intercept(BridgeInterceptor.java:93)
	at okhttp3.internal.http.RealInterceptorChain.proceed(RealInterceptorChain.java:147)
	at okhttp3.internal.http.RetryAndFollowUpInterceptor.intercept(RetryAndFollowUpInterceptor.java:126)
	at okhttp3.internal.http.RealInterceptorChain.proceed(RealInterceptorChain.java:147)
	at okhttp3.internal.http.RealInterceptorChain.proceed(RealInterceptorChain.java:121)
	at okhttp3.RealCall.getResponseWithInterceptorChain(RealCall.java:200)
	at okhttp3.RealCall.execute(RealCall.java:77)
	at org.openqa.selenium.remote.internal.OkHttpClient.execute(OkHttpClient.java:105)
	at org.openqa.selenium.remote.ProtocolHandshake.createSession(ProtocolHandshake.java:101)
	at java.base/jdk.internal.reflect.NativeMethodAccessorImpl.invoke0(Native Method)
	at java.base/jdk.internal.reflect.NativeMethodAccessorImpl.invoke(NativeMethodAccessorImpl.java:62)
	at java.base/jdk.internal.reflect.DelegatingMethodAccessorImpl.invoke(DelegatingMethodAccessorImpl.java:43)
	at java.base/java.lang.reflect.Method.invoke(Method.java:566)
	at io.appium.java_client.remote.AppiumCommandExecutor$1.createSession(AppiumCommandExecutor.java:186)
	at io.appium.java_client.remote.AppiumCommandExecutor.createSession(AppiumCommandExecutor.java:217)
	at io.appium.java_client.remote.AppiumCommandExecutor.execute(AppiumCommandExecutor.java:239)
	at org.openqa.selenium.remote.RemoteWebDriver.execute(RemoteWebDriver.java:548)
	at io.appium.java_client.DefaultGenericMobileDriver.execute(DefaultGenericMobileDriver.java:41)
	at io.appium.java_client.AppiumDriver.execute(AppiumDriver.java:1)
	at io.appium.java_client.android.AndroidDriver.execute(AndroidDriver.java:1)
	at org.openqa.selenium.remote.RemoteWebDriver.startSession(RemoteWebDriver.java:212)
	at io.appium.java_client.AppiumDriver.startSession(AppiumDriver.java:336)
	at org.openqa.selenium.remote.RemoteWebDriver.<init>(RemoteWebDriver.java:130)
	at io.appium.java_client.DefaultGenericMobileDriver.<init>(DefaultGenericMobileDriver.java:37)
	at io.appium.java_client.AppiumDriver.<init>(AppiumDriver.java:88)
	at io.appium.java_client.AppiumDriver.<init>(AppiumDriver.java:98)
	at io.appium.java_client.android.AndroidDriver.<init>(AndroidDriver.java:94)
	at MobileTest.FeatureSteps.Login.LoginTest.the_user_is_on_the_login_screen(LoginTest.java:35)
	at java.base/jdk.internal.reflect.NativeMethodAccessorImpl.invoke0(Native Method)
	at java.base/jdk.internal.reflect.NativeMethodAccessorImpl.invoke(NativeMethodAccessorImpl.java:62)
	at java.base/jdk.internal.reflect.DelegatingMethodAccessorImpl.invoke(DelegatingMethodAccessorImpl.java:43)
	at java.base/java.lang.reflect.Method.invoke(Method.java:566)
	at cucumber.runtime.Utils$1.call(Utils.java:40)
	at cucumber.runtime.Timeout.timeout(Timeout.java:16)
	at cucumber.runtime.Utils.invoke(Utils.java:34)
	at cucumber.runtime.java.JavaStepDefinition.execute(JavaStepDefinition.java:38)
	at cucumber.runtime.StepDefinitionMatch.runStep(StepDefinitionMatch.java:37)
	at cucumber.runtime.Runtime.runStep(Runtime.java:300)
	at cucumber.runtime.model.StepContainer.runStep(StepContainer.java:44)
	at cucumber.runtime.model.StepContainer.runSteps(StepContainer.java:39)
	at cucumber.runtime.model.CucumberScenario.run(CucumberScenario.java:44)
	at cucumber.runtime.junit.ExecutionUnitRunner.run(ExecutionUnitRunner.java:102)
	at org.junit.runners.Suite.runChild(Suite.java:128)
	at org.junit.runners.Suite.runChild(Suite.java:27)
	at org.junit.runners.ParentRunner$3.run(ParentRunner.java:290)
	at org.junit.runners.ParentRunner$1.schedule(ParentRunner.java:71)
	at org.junit.runners.ParentRunner.runChildren(ParentRunner.java:288)
	at org.junit.runners.ParentRunner.access$000(ParentRunner.java:58)
	at org.junit.runners.ParentRunner$2.evaluate(ParentRunner.java:268)
	at org.junit.runners.ParentRunner.run(ParentRunner.java:363)
	at cucumber.runtime.junit.ExamplesRunner.run(ExamplesRunner.java:59)
	at org.junit.runners.Suite.runChild(Suite.java:128)
	at org.junit.runners.Suite.runChild(Suite.java:27)
	at org.junit.runners.ParentRunner$3.run(ParentRunner.java:290)
	at org.junit.runners.ParentRunner$1.schedule(ParentRunner.java:71)
	at org.junit.runners.ParentRunner.runChildren(ParentRunner.java:288)
	at org.junit.runners.ParentRunner.access$000(ParentRunner.java:58)
	at org.junit.runners.ParentRunner$2.evaluate(ParentRunner.java:268)
	at org.junit.runners.ParentRunner.run(ParentRunner.java:363)
	at cucumber.runtime.junit.ScenarioOutlineRunner.run(ScenarioOutlineRunner.java:53)
	at cucumber.runtime.junit.FeatureRunner.runChild(FeatureRunner.java:63)
	at cucumber.runtime.junit.FeatureRunner.runChild(FeatureRunner.java:18)
	at org.junit.runners.ParentRunner$3.run(ParentRunner.java:290)
	at org.junit.runners.ParentRunner$1.schedule(ParentRunner.java:71)
	at org.junit.runners.ParentRunner.runChildren(ParentRunner.java:288)
	at org.junit.runners.ParentRunner.access$000(ParentRunner.java:58)
	at org.junit.runners.ParentRunner$2.evaluate(ParentRunner.java:268)
	at org.junit.runners.ParentRunner.run(ParentRunner.java:363)
	at cucumber.runtime.junit.FeatureRunner.run(FeatureRunner.java:70)
	at cucumber.api.junit.Cucumber.runChild(Cucumber.java:95)
	at cucumber.api.junit.Cucumber.runChild(Cucumber.java:38)
	at org.junit.runners.ParentRunner$3.run(ParentRunner.java:290)
	at org.junit.runners.ParentRunner$1.schedule(ParentRunner.java:71)
	at org.junit.runners.ParentRunner.runChildren(ParentRunner.java:288)
	at org.junit.runners.ParentRunner.access$000(ParentRunner.java:58)
	at org.junit.runners.ParentRunner$2.evaluate(ParentRunner.java:268)
	at org.junit.runners.ParentRunner.run(ParentRunner.java:363)
	at cucumber.api.junit.Cucumber.run(Cucumber.java:100)
	at org.junit.runner.JUnitCore.run(JUnitCore.java:137)
	at org.junit.runner.JUnitCore.run(JUnitCore.java:115)
	at org.junit.vintage.engine.execution.RunnerExecutor.execute(RunnerExecutor.java:42)
	at org.junit.vintage.engine.VintageTestEngine.executeAllChildren(VintageTestEngine.java:80)
	at org.junit.vintage.engine.VintageTestEngine.execute(VintageTestEngine.java:72)
	at org.junit.platform.launcher.core.EngineExecutionOrchestrator.execute(EngineExecutionOrchestrator.java:107)
	at org.junit.platform.launcher.core.EngineExecutionOrchestrator.execute(EngineExecutionOrchestrator.java:88)
	at org.junit.platform.launcher.core.EngineExecutionOrchestrator.lambda$execute$0(EngineExecutionOrchestrator.java:54)
	at org.junit.platform.launcher.core.EngineExecutionOrchestrator.withInterceptedStreams(EngineExecutionOrchestrator.java:67)
	at org.junit.platform.launcher.core.EngineExecutionOrchestrator.execute(EngineExecutionOrchestrator.java:52)
	at org.junit.platform.launcher.core.DefaultLauncher.execute(DefaultLauncher.java:114)
	at org.junit.platform.launcher.core.DefaultLauncher.execute(DefaultLauncher.java:86)
	at org.junit.platform.launcher.core.DefaultLauncherSession$DelegatingLauncher.execute(DefaultLauncherSession.java:86)
	at org.apache.maven.surefire.junitplatform.LazyLauncher.execute(LazyLauncher.java:55)
	at org.apache.maven.surefire.junitplatform.JUnitPlatformProvider.execute(JUnitPlatformProvider.java:223)
	at org.apache.maven.surefire.junitplatform.JUnitPlatformProvider.invokeAllTests(JUnitPlatformProvider.java:175)
	at org.apache.maven.surefire.junitplatform.JUnitPlatformProvider.invoke(JUnitPlatformProvider.java:139)
	at org.apache.maven.surefire.booter.ForkedBooter.runSuitesInProcess(ForkedBooter.java:456)
	at org.apache.maven.surefire.booter.ForkedBooter.execute(ForkedBooter.java:169)
	at org.apache.maven.surefire.booter.ForkedBooter.run(ForkedBooter.java:595)
	at org.apache.maven.surefire.booter.ForkedBooter.main(ForkedBooter.java:581)
]]></error>
    <system-err><![CDATA[Jun 01, 2023 1:22:37 PM org.junit.platform.launcher.core.CompositeTestExecutionListener lambda$notifyEach$19
WARNING: TestExecutionListener [io.qameta.allure.junitplatform.AllureJunitPlatform] threw exception for method: executionStarted(TestIdentifier [uniqueId = [engine:junit-vintage]/[runner:MobileTest.FeatureSteps.RunCucumberTests]/[test:rO0ABXNyAB9naGVya2luLmZvcm1hdHRlci5tb2RlbC5GZWF0dXJlAAAAAAAAAAECAAB4cgAkZ2hlcmtpbi5mb3JtYXR0ZXIubW9kZWwuVGFnU3RhdGVtZW50AAAAAAAAAAECAAJMAAJpZHQAEkxqYXZhL2xhbmcvU3RyaW5nO0wABHRhZ3N0ABBMamF2YS91dGlsL0xpc3Q7eHIAKmdoZXJraW4uZm9ybWF0dGVyLm1vZGVsLkRlc2NyaWJlZFN0YXRlbWVudInoQ7yJkLCFAgABTAALZGVzY3JpcHRpb25xAH4AAnhyACZnaGVya2luLmZvcm1hdHRlci5tb2RlbC5CYXNpY1N0YXRlbWVudPM3wIsDVBUvAgAETAAIY29tbWVudHNxAH4AA0wAB2tleXdvcmRxAH4AAkwABGxpbmV0ABNMamF2YS9sYW5nL0ludGVnZXI7TAAEbmFtZXEAfgACeHIAGmdoZXJraW4uZm9ybWF0dGVyLk1hcHBhYmxl42CLFPnowjUCAAB4cHNyABNqYXZhLnV0aWwuQXJyYXlMaXN0eIHSHZnHYZ0DAAFJAARzaXpleHAAAAAAdwQAAAAAeHQAB0ZlYXR1cmVzcgARamF2YS5sYW5nLkludGVnZXIS4qCk94GHOAIAAUkABXZhbHVleHIAEGphdmEubGFuZy5OdW1iZXKGrJUdC5TgiwIAAHhwAAAAAXQABUxvZ2ludAAAdAAFbG9naW5zcQB%2BAAkAAAAAdwQAAAAAeA==]/[test:rO0ABXNyACdnaGVya2luLmZvcm1hdHRlci5tb2RlbC5TY2VuYXJpb091dGxpbmUAAAAAAAAAAQIAAUwABHR5cGV0ABJMamF2YS9sYW5nL1N0cmluZzt4cgAkZ2hlcmtpbi5mb3JtYXR0ZXIubW9kZWwuVGFnU3RhdGVtZW50AAAAAAAAAAECAAJMAAJpZHEAfgABTAAEdGFnc3QAEExqYXZhL3V0aWwvTGlzdDt4cgAqZ2hlcmtpbi5mb3JtYXR0ZXIubW9kZWwuRGVzY3JpYmVkU3RhdGVtZW50iehDvImQsIUCAAFMAAtkZXNjcmlwdGlvbnEAfgABeHIAJmdoZXJraW4uZm9ybWF0dGVyLm1vZGVsLkJhc2ljU3RhdGVtZW508zfAiwNUFS8CAARMAAhjb21tZW50c3EAfgADTAAHa2V5d29yZHEAfgABTAAEbGluZXQAE0xqYXZhL2xhbmcvSW50ZWdlcjtMAARuYW1lcQB%2BAAF4cgAaZ2hlcmtpbi5mb3JtYXR0ZXIuTWFwcGFibGXjYIsU%2BejCNQIAAHhwc3IAE2phdmEudXRpbC5BcnJheUxpc3R4gdIdmcdhnQMAAUkABHNpemV4cAAAAAB3BAAAAAB4dAAQU2NlbmFyaW8gT3V0bGluZXNyABFqYXZhLmxhbmcuSW50ZWdlchLioKT3gYc4AgABSQAFdmFsdWV4cgAQamF2YS5sYW5nLk51bWJlcoaslR0LlOCLAgAAeHAAAAACdAAeOiBMb2dpbiB3aXRoIHZhbGlkIGNyZWRlbnRpYWxzdAAAdAAkbG9naW47Oi1sb2dpbi13aXRoLXZhbGlkLWNyZWRlbnRpYWxzc3EAfgAJAAAAAHcEAAAAAHh0ABBzY2VuYXJpb19vdXRsaW5l]/[test:rO0ABXNyACBnaGVya2luLmZvcm1hdHRlci5tb2RlbC5FeGFtcGxlcwAAAAAAAAABAgABTAAEcm93c3QAEExqYXZhL3V0aWwvTGlzdDt4cgAkZ2hlcmtpbi5mb3JtYXR0ZXIubW9kZWwuVGFnU3RhdGVtZW50AAAAAAAAAAECAAJMAAJpZHQAEkxqYXZhL2xhbmcvU3RyaW5nO0wABHRhZ3NxAH4AAXhyACpnaGVya2luLmZvcm1hdHRlci5tb2RlbC5EZXNjcmliZWRTdGF0ZW1lbnSJ6EO8iZCwhQIAAUwAC2Rlc2NyaXB0aW9ucQB%2BAAN4cgAmZ2hlcmtpbi5mb3JtYXR0ZXIubW9kZWwuQmFzaWNTdGF0ZW1lbnTzN8CLA1QVLwIABEwACGNvbW1lbnRzcQB%2BAAFMAAdrZXl3b3JkcQB%2BAANMAARsaW5ldAATTGphdmEvbGFuZy9JbnRlZ2VyO0wABG5hbWVxAH4AA3hyABpnaGVya2luLmZvcm1hdHRlci5NYXBwYWJsZeNgixT56MI1AgAAeHBzcgATamF2YS51dGlsLkFycmF5TGlzdHiB0h2Zx2GdAwABSQAEc2l6ZXhwAAAAAHcEAAAAAHh0AAhFeGFtcGxlc3NyABFqYXZhLmxhbmcuSW50ZWdlchLioKT3gYc4AgABSQAFdmFsdWV4cgAQamF2YS5sYW5nLk51bWJlcoaslR0LlOCLAgAAeHAAAAAIdAAAdAAAdAAlbG9naW47Oi1sb2dpbi13aXRoLXZhbGlkLWNyZWRlbnRpYWxzO3NxAH4ACQAAAAB3BAAAAAB4c3EAfgAJAAAAAncEAAAAAnNyAChnaGVya2luLmZvcm1hdHRlci5tb2RlbC5FeGFtcGxlc1RhYmxlUm93AAAAAAAAAAECAAFMAAJpZHEAfgADeHIAG2doZXJraW4uZm9ybWF0dGVyLm1vZGVsLlJvdwkayqrbzNUXAgADTAAFY2VsbHNxAH4AAUwACGNvbW1lbnRzcQB%2BAAFMAARsaW5lcQB%2BAAZ4cQB%2BAAdzcQB%2BAAkAAAACdwQAAAACdAAIdXNlcm5hbWV0AARwYXNzeHNxAH4ACQAAAAB3BAAAAAB4c3EAfgAMAAAACXQAJ2xvZ2luOzotbG9naW4td2l0aC12YWxpZC1jcmVkZW50aWFsczs7MXNxAH4AFHNxAH4ACQAAAAJ3BAAAAAJ0AAl1c2VybmFtZV90AAhwYXNzd29yZHhzcQB%2BAAkAAAAAdwQAAAAAeHNxAH4ADAAAAAp0ACdsb2dpbjs6LWxvZ2luLXdpdGgtdmFsaWQtY3JlZGVudGlhbHM7OzJ4]/[test:rO0ABXNyACBnaGVya2luLmZvcm1hdHRlci5tb2RlbC5TY2VuYXJpbwAAAAAAAAABAgABTAAEdHlwZXQAEkxqYXZhL2xhbmcvU3RyaW5nO3hyACRnaGVya2luLmZvcm1hdHRlci5tb2RlbC5UYWdTdGF0ZW1lbnQAAAAAAAAAAQIAAkwAAmlkcQB%2BAAFMAAR0YWdzdAAQTGphdmEvdXRpbC9MaXN0O3hyACpnaGVya2luLmZvcm1hdHRlci5tb2RlbC5EZXNjcmliZWRTdGF0ZW1lbnSJ6EO8iZCwhQIAAUwAC2Rlc2NyaXB0aW9ucQB%2BAAF4cgAmZ2hlcmtpbi5mb3JtYXR0ZXIubW9kZWwuQmFzaWNTdGF0ZW1lbnTzN8CLA1QVLwIABEwACGNvbW1lbnRzcQB%2BAANMAAdrZXl3b3JkcQB%2BAAFMAARsaW5ldAATTGphdmEvbGFuZy9JbnRlZ2VyO0wABG5hbWVxAH4AAXhyABpnaGVya2luLmZvcm1hdHRlci5NYXBwYWJsZeNgixT56MI1AgAAeHBzcgATamF2YS51dGlsLkFycmF5TGlzdHiB0h2Zx2GdAwABSQAEc2l6ZXhwAAAAAHcEAAAAAHh0ABBTY2VuYXJpbyBPdXRsaW5lc3IAEWphdmEubGFuZy5JbnRlZ2VyEuKgpPeBhzgCAAFJAAV2YWx1ZXhyABBqYXZhLmxhbmcuTnVtYmVyhqyVHQuU4IsCAAB4cAAAAAp0AB46IExvZ2luIHdpdGggdmFsaWQgY3JlZGVudGlhbHN0AAB0ACdsb2dpbjs6LWxvZ2luLXdpdGgtdmFsaWQtY3JlZGVudGlhbHM7OzJzcQB%2BAAkAAAAAdwQAAAAAeHQACHNjZW5hcmlv]/[test:rO0ABXNyACJjdWN1bWJlci5ydW50aW1lLm1vZGVsLkV4YW1wbGVTdGVwx4eRvsG70B0CAAFMAA5tYXRjaGVkQ29sdW1uc3QAD0xqYXZhL3V0aWwvU2V0O3hyABxnaGVya2luLmZvcm1hdHRlci5tb2RlbC5TdGVwAAAAAAAAAAECAAJMAApkb2Nfc3RyaW5ndAAjTGdoZXJraW4vZm9ybWF0dGVyL21vZGVsL0RvY1N0cmluZztMAARyb3dzdAAQTGphdmEvdXRpbC9MaXN0O3hyACZnaGVya2luLmZvcm1hdHRlci5tb2RlbC5CYXNpY1N0YXRlbWVudPM3wIsDVBUvAgAETAAIY29tbWVudHNxAH4ABEwAB2tleXdvcmR0ABJMamF2YS9sYW5nL1N0cmluZztMAARsaW5ldAATTGphdmEvbGFuZy9JbnRlZ2VyO0wABG5hbWVxAH4ABnhyABpnaGVya2luLmZvcm1hdHRlci5NYXBwYWJsZeNgixT56MI1AgAAeHBzcgATamF2YS51dGlsLkFycmF5TGlzdHiB0h2Zx2GdAwABSQAEc2l6ZXhwAAAAAHcEAAAAAHh0AAZHaXZlbiBzcgARamF2YS5sYW5nLkludGVnZXIS4qCk94GHOAIAAUkABXZhbHVleHIAEGphdmEubGFuZy5OdW1iZXKGrJUdC5TgiwIAAHhwAAAAA3QAH3RoZSB1c2VyIGlzIG9uIHRoZSBsb2dpbiBzY3JlZW5wcHNyABFqYXZhLnV0aWwuSGFzaFNldLpEhZWWuLc0AwAAeHB3DAAAABA%2FQAAAAAAAAHg=], parentId = [engine:junit-vintage]/[runner:MobileTest.FeatureSteps.RunCucumberTests]/[test:rO0ABXNyAB9naGVya2luLmZvcm1hdHRlci5tb2RlbC5GZWF0dXJlAAAAAAAAAAECAAB4cgAkZ2hlcmtpbi5mb3JtYXR0ZXIubW9kZWwuVGFnU3RhdGVtZW50AAAAAAAAAAECAAJMAAJpZHQAEkxqYXZhL2xhbmcvU3RyaW5nO0wABHRhZ3N0ABBMamF2YS91dGlsL0xpc3Q7eHIAKmdoZXJraW4uZm9ybWF0dGVyLm1vZGVsLkRlc2NyaWJlZFN0YXRlbWVudInoQ7yJkLCFAgABTAALZGVzY3JpcHRpb25xAH4AAnhyACZnaGVya2luLmZvcm1hdHRlci5tb2RlbC5CYXNpY1N0YXRlbWVudPM3wIsDVBUvAgAETAAIY29tbWVudHNxAH4AA0wAB2tleXdvcmRxAH4AAkwABGxpbmV0ABNMamF2YS9sYW5nL0ludGVnZXI7TAAEbmFtZXEAfgACeHIAGmdoZXJraW4uZm9ybWF0dGVyLk1hcHBhYmxl42CLFPnowjUCAAB4cHNyABNqYXZhLnV0aWwuQXJyYXlMaXN0eIHSHZnHYZ0DAAFJAARzaXpleHAAAAAAdwQAAAAAeHQAB0ZlYXR1cmVzcgARamF2YS5sYW5nLkludGVnZXIS4qCk94GHOAIAAUkABXZhbHVleHIAEGphdmEubGFuZy5OdW1iZXKGrJUdC5TgiwIAAHhwAAAAAXQABUxvZ2ludAAAdAAFbG9naW5zcQB%2BAAkAAAAAdwQAAAAAeA==]/[test:rO0ABXNyACdnaGVya2luLmZvcm1hdHRlci5tb2RlbC5TY2VuYXJpb091dGxpbmUAAAAAAAAAAQIAAUwABHR5cGV0ABJMamF2YS9sYW5nL1N0cmluZzt4cgAkZ2hlcmtpbi5mb3JtYXR0ZXIubW9kZWwuVGFnU3RhdGVtZW50AAAAAAAAAAECAAJMAAJpZHEAfgABTAAEdGFnc3QAEExqYXZhL3V0aWwvTGlzdDt4cgAqZ2hlcmtpbi5mb3JtYXR0ZXIubW9kZWwuRGVzY3JpYmVkU3RhdGVtZW50iehDvImQsIUCAAFMAAtkZXNjcmlwdGlvbnEAfgABeHIAJmdoZXJraW4uZm9ybWF0dGVyLm1vZGVsLkJhc2ljU3RhdGVtZW508zfAiwNUFS8CAARMAAhjb21tZW50c3EAfgADTAAHa2V5d29yZHEAfgABTAAEbGluZXQAE0xqYXZhL2xhbmcvSW50ZWdlcjtMAARuYW1lcQB%2BAAF4cgAaZ2hlcmtpbi5mb3JtYXR0ZXIuTWFwcGFibGXjYIsU%2BejCNQIAAHhwc3IAE2phdmEudXRpbC5BcnJheUxpc3R4gdIdmcdhnQMAAUkABHNpemV4cAAAAAB3BAAAAAB4dAAQU2NlbmFyaW8gT3V0bGluZXNyABFqYXZhLmxhbmcuSW50ZWdlchLioKT3gYc4AgABSQAFdmFsdWV4cgAQamF2YS5sYW5nLk51bWJlcoaslR0LlOCLAgAAeHAAAAACdAAeOiBMb2dpbiB3aXRoIHZhbGlkIGNyZWRlbnRpYWxzdAAAdAAkbG9naW47Oi1sb2dpbi13aXRoLXZhbGlkLWNyZWRlbnRpYWxzc3EAfgAJAAAAAHcEAAAAAHh0ABBzY2VuYXJpb19vdXRsaW5l]/[test:rO0ABXNyACBnaGVya2luLmZvcm1hdHRlci5tb2RlbC5FeGFtcGxlcwAAAAAAAAABAgABTAAEcm93c3QAEExqYXZhL3V0aWwvTGlzdDt4cgAkZ2hlcmtpbi5mb3JtYXR0ZXIubW9kZWwuVGFnU3RhdGVtZW50AAAAAAAAAAECAAJMAAJpZHQAEkxqYXZhL2xhbmcvU3RyaW5nO0wABHRhZ3NxAH4AAXhyACpnaGVya2luLmZvcm1hdHRlci5tb2RlbC5EZXNjcmliZWRTdGF0ZW1lbnSJ6EO8iZCwhQIAAUwAC2Rlc2NyaXB0aW9ucQB%2BAAN4cgAmZ2hlcmtpbi5mb3JtYXR0ZXIubW9kZWwuQmFzaWNTdGF0ZW1lbnTzN8CLA1QVLwIABEwACGNvbW1lbnRzcQB%2BAAFMAAdrZXl3b3JkcQB%2BAANMAARsaW5ldAATTGphdmEvbGFuZy9JbnRlZ2VyO0wABG5hbWVxAH4AA3hyABpnaGVya2luLmZvcm1hdHRlci5NYXBwYWJsZeNgixT56MI1AgAAeHBzcgATamF2YS51dGlsLkFycmF5TGlzdHiB0h2Zx2GdAwABSQAEc2l6ZXhwAAAAAHcEAAAAAHh0AAhFeGFtcGxlc3NyABFqYXZhLmxhbmcuSW50ZWdlchLioKT3gYc4AgABSQAFdmFsdWV4cgAQamF2YS5sYW5nLk51bWJlcoaslR0LlOCLAgAAeHAAAAAIdAAAdAAAdAAlbG9naW47Oi1sb2dpbi13aXRoLXZhbGlkLWNyZWRlbnRpYWxzO3NxAH4ACQAAAAB3BAAAAAB4c3EAfgAJAAAAAncEAAAAAnNyAChnaGVya2luLmZvcm1hdHRlci5tb2RlbC5FeGFtcGxlc1RhYmxlUm93AAAAAAAAAAECAAFMAAJpZHEAfgADeHIAG2doZXJraW4uZm9ybWF0dGVyLm1vZGVsLlJvdwkayqrbzNUXAgADTAAFY2VsbHNxAH4AAUwACGNvbW1lbnRzcQB%2BAAFMAARsaW5lcQB%2BAAZ4cQB%2BAAdzcQB%2BAAkAAAACdwQAAAACdAAIdXNlcm5hbWV0AARwYXNzeHNxAH4ACQAAAAB3BAAAAAB4c3EAfgAMAAAACXQAJ2xvZ2luOzotbG9naW4td2l0aC12YWxpZC1jcmVkZW50aWFsczs7MXNxAH4AFHNxAH4ACQAAAAJ3BAAAAAJ0AAl1c2VybmFtZV90AAhwYXNzd29yZHhzcQB%2BAAkAAAAAdwQAAAAAeHNxAH4ADAAAAAp0ACdsb2dpbjs6LWxvZ2luLXdpdGgtdmFsaWQtY3JlZGVudGlhbHM7OzJ4]/[test:rO0ABXNyACBnaGVya2luLmZvcm1hdHRlci5tb2RlbC5TY2VuYXJpbwAAAAAAAAABAgABTAAEdHlwZXQAEkxqYXZhL2xhbmcvU3RyaW5nO3hyACRnaGVya2luLmZvcm1hdHRlci5tb2RlbC5UYWdTdGF0ZW1lbnQAAAAAAAAAAQIAAkwAAmlkcQB%2BAAFMAAR0YWdzdAAQTGphdmEvdXRpbC9MaXN0O3hyACpnaGVya2luLmZvcm1hdHRlci5tb2RlbC5EZXNjcmliZWRTdGF0ZW1lbnSJ6EO8iZCwhQIAAUwAC2Rlc2NyaXB0aW9ucQB%2BAAF4cgAmZ2hlcmtpbi5mb3JtYXR0ZXIubW9kZWwuQmFzaWNTdGF0ZW1lbnTzN8CLA1QVLwIABEwACGNvbW1lbnRzcQB%2BAANMAAdrZXl3b3JkcQB%2BAAFMAARsaW5ldAATTGphdmEvbGFuZy9JbnRlZ2VyO0wABG5hbWVxAH4AAXhyABpnaGVya2luLmZvcm1hdHRlci5NYXBwYWJsZeNgixT56MI1AgAAeHBzcgATamF2YS51dGlsLkFycmF5TGlzdHiB0h2Zx2GdAwABSQAEc2l6ZXhwAAAAAHcEAAAAAHh0ABBTY2VuYXJpbyBPdXRsaW5lc3IAEWphdmEubGFuZy5JbnRlZ2VyEuKgpPeBhzgCAAFJAAV2YWx1ZXhyABBqYXZhLmxhbmcuTnVtYmVyhqyVHQuU4IsCAAB4cAAAAAp0AB46IExvZ2luIHdpdGggdmFsaWQgY3JlZGVudGlhbHN0AAB0ACdsb2dpbjs6LWxvZ2luLXdpdGgtdmFsaWQtY3JlZGVudGlhbHM7OzJzcQB%2BAAkAAAAAdwQAAAAAeHQACHNjZW5hcmlv], displayName = 'Given the user is on the login screen', legacyReportingName = 'Given the user is on the login screen', source = null, tags = [], type = TEST])
java.lang.NoSuchMethodError: io.qameta.allure.model.TestResult.setTestCaseName(Ljava/lang/String;)Lio/qameta/allure/model/TestResult;
	at io.qameta.allure.junitplatform.AllureJunitPlatform.startTestCase(AllureJunitPlatform.java:425)
	at io.qameta.allure.junitplatform.AllureJunitPlatform.executionStarted(AllureJunitPlatform.java:152)
	at org.junit.platform.launcher.core.CompositeTestExecutionListener.lambda$executionStarted$6(CompositeTestExecutionListener.java:60)
	at org.junit.platform.launcher.core.CompositeTestExecutionListener.lambda$notifyEach$19(CompositeTestExecutionListener.java:95)
	at java.base/java.util.ArrayList.forEach(ArrayList.java:1540)
	at org.junit.platform.launcher.core.CompositeTestExecutionListener.notifyEach(CompositeTestExecutionListener.java:93)
	at org.junit.platform.launcher.core.CompositeTestExecutionListener.executionStarted(CompositeTestExecutionListener.java:60)
	at org.junit.platform.launcher.core.ExecutionListenerAdapter.executionStarted(ExecutionListenerAdapter.java:46)
	at org.junit.platform.launcher.core.DelegatingEngineExecutionListener.executionStarted(DelegatingEngineExecutionListener.java:41)
	at org.junit.platform.launcher.core.OutcomeDelayingEngineExecutionListener.executionStarted(OutcomeDelayingEngineExecutionListener.java:53)
	at org.junit.vintage.engine.execution.RunListenerAdapter.fireExecutionStarted(RunListenerAdapter.java:221)
	at org.junit.vintage.engine.execution.RunListenerAdapter.testStarted(RunListenerAdapter.java:170)
	at org.junit.vintage.engine.execution.RunListenerAdapter.testStarted(RunListenerAdapter.java:64)
	at org.junit.runner.notification.SynchronizedRunListener.testStarted(SynchronizedRunListener.java:49)
	at org.junit.runner.notification.RunNotifier$3.notifyListener(RunNotifier.java:121)
	at org.junit.runner.notification.RunNotifier$SafeNotifier.run(RunNotifier.java:72)
	at org.junit.runner.notification.RunNotifier.fireTestStarted(RunNotifier.java:118)
	at org.junit.internal.runners.model.EachTestNotifier.fireTestStarted(EachTestNotifier.java:42)
	at cucumber.runtime.junit.JUnitReporter.result(JUnitReporter.java:103)
	at cucumber.runtime.Runtime.runStep(Runtime.java:310)
	at cucumber.runtime.model.StepContainer.runStep(StepContainer.java:44)
	at cucumber.runtime.model.StepContainer.runSteps(StepContainer.java:39)
	at cucumber.runtime.model.CucumberScenario.run(CucumberScenario.java:44)
	at cucumber.runtime.junit.ExecutionUnitRunner.run(ExecutionUnitRunner.java:102)
	at org.junit.runners.Suite.runChild(Suite.java:128)
	at org.junit.runners.Suite.runChild(Suite.java:27)
	at org.junit.runners.ParentRunner$3.run(ParentRunner.java:290)
	at org.junit.runners.ParentRunner$1.schedule(ParentRunner.java:71)
	at org.junit.runners.ParentRunner.runChildren(ParentRunner.java:288)
	at org.junit.runners.ParentRunner.access$000(ParentRunner.java:58)
	at org.junit.runners.ParentRunner$2.evaluate(ParentRunner.java:268)
	at org.junit.runners.ParentRunner.run(ParentRunner.java:363)
	at cucumber.runtime.junit.ExamplesRunner.run(ExamplesRunner.java:59)
	at org.junit.runners.Suite.runChild(Suite.java:128)
	at org.junit.runners.Suite.runChild(Suite.java:27)
	at org.junit.runners.ParentRunner$3.run(ParentRunner.java:290)
	at org.junit.runners.ParentRunner$1.schedule(ParentRunner.java:71)
	at org.junit.runners.ParentRunner.runChildren(ParentRunner.java:288)
	at org.junit.runners.ParentRunner.access$000(ParentRunner.java:58)
	at org.junit.runners.ParentRunner$2.evaluate(ParentRunner.java:268)
	at org.junit.runners.ParentRunner.run(ParentRunner.java:363)
	at cucumber.runtime.junit.ScenarioOutlineRunner.run(ScenarioOutlineRunner.java:53)
	at cucumber.runtime.junit.FeatureRunner.runChild(FeatureRunner.java:63)
	at cucumber.runtime.junit.FeatureRunner.runChild(FeatureRunner.java:18)
	at org.junit.runners.ParentRunner$3.run(ParentRunner.java:290)
	at org.junit.runners.ParentRunner$1.schedule(ParentRunner.java:71)
	at org.junit.runners.ParentRunner.runChildren(ParentRunner.java:288)
	at org.junit.runners.ParentRunner.access$000(ParentRunner.java:58)
	at org.junit.runners.ParentRunner$2.evaluate(ParentRunner.java:268)
	at org.junit.runners.ParentRunner.run(ParentRunner.java:363)
	at cucumber.runtime.junit.FeatureRunner.run(FeatureRunner.java:70)
	at cucumber.api.junit.Cucumber.runChild(Cucumber.java:95)
	at cucumber.api.junit.Cucumber.runChild(Cucumber.java:38)
	at org.junit.runners.ParentRunner$3.run(ParentRunner.java:290)
	at org.junit.runners.ParentRunner$1.schedule(ParentRunner.java:71)
	at org.junit.runners.ParentRunner.runChildren(ParentRunner.java:288)
	at org.junit.runners.ParentRunner.access$000(ParentRunner.java:58)
	at org.junit.runners.ParentRunner$2.evaluate(ParentRunner.java:268)
	at org.junit.runners.ParentRunner.run(ParentRunner.java:363)
	at cucumber.api.junit.Cucumber.run(Cucumber.java:100)
	at org.junit.runner.JUnitCore.run(JUnitCore.java:137)
	at org.junit.runner.JUnitCore.run(JUnitCore.java:115)
	at org.junit.vintage.engine.execution.RunnerExecutor.execute(RunnerExecutor.java:42)
	at org.junit.vintage.engine.VintageTestEngine.executeAllChildren(VintageTestEngine.java:80)
	at org.junit.vintage.engine.VintageTestEngine.execute(VintageTestEngine.java:72)
	at org.junit.platform.launcher.core.EngineExecutionOrchestrator.execute(EngineExecutionOrchestrator.java:107)
	at org.junit.platform.launcher.core.EngineExecutionOrchestrator.execute(EngineExecutionOrchestrator.java:88)
	at org.junit.platform.launcher.core.EngineExecutionOrchestrator.lambda$execute$0(EngineExecutionOrchestrator.java:54)
	at org.junit.platform.launcher.core.EngineExecutionOrchestrator.withInterceptedStreams(EngineExecutionOrchestrator.java:67)
	at org.junit.platform.launcher.core.EngineExecutionOrchestrator.execute(EngineExecutionOrchestrator.java:52)
	at org.junit.platform.launcher.core.DefaultLauncher.execute(DefaultLauncher.java:114)
	at org.junit.platform.launcher.core.DefaultLauncher.execute(DefaultLauncher.java:86)
	at org.junit.platform.launcher.core.DefaultLauncherSession$DelegatingLauncher.execute(DefaultLauncherSession.java:86)
	at org.apache.maven.surefire.junitplatform.LazyLauncher.execute(LazyLauncher.java:55)
	at org.apache.maven.surefire.junitplatform.JUnitPlatformProvider.execute(JUnitPlatformProvider.java:223)
	at org.apache.maven.surefire.junitplatform.JUnitPlatformProvider.invokeAllTests(JUnitPlatformProvider.java:175)
	at org.apache.maven.surefire.junitplatform.JUnitPlatformProvider.invoke(JUnitPlatformProvider.java:139)
	at org.apache.maven.surefire.booter.ForkedBooter.runSuitesInProcess(ForkedBooter.java:456)
	at org.apache.maven.surefire.booter.ForkedBooter.execute(ForkedBooter.java:169)
	at org.apache.maven.surefire.booter.ForkedBooter.run(ForkedBooter.java:595)
	at org.apache.maven.surefire.booter.ForkedBooter.main(ForkedBooter.java:581)

[main] ERROR io.qameta.allure.AllureLifecycle - Could not update test case: test case with uuid 8b3e63d9-64a6-45ac-8075-72a9185e1543 not found
[main] ERROR io.qameta.allure.AllureLifecycle - Could not stop test case: test case with uuid 8b3e63d9-64a6-45ac-8075-72a9185e1543 not found
[main] ERROR io.qameta.allure.AllureLifecycle - Could not write test case: test case with uuid 8b3e63d9-64a6-45ac-8075-72a9185e1543 not found
]]></system-err>
  </testcase>
  <testcase name="When input &quot;username_&quot; on username field" classname="| username_ | password |" time="0">
    <skipped message="&lt;unknown&gt;"/>
    <system-err><![CDATA[Jun 01, 2023 1:22:37 PM org.junit.platform.launcher.core.CompositeTestExecutionListener lambda$notifyEach$19
WARNING: TestExecutionListener [io.qameta.allure.junitplatform.AllureJunitPlatform] threw exception for method: executionSkipped(TestIdentifier [uniqueId = [engine:junit-vintage]/[runner:MobileTest.FeatureSteps.RunCucumberTests]/[test:rO0ABXNyAB9naGVya2luLmZvcm1hdHRlci5tb2RlbC5GZWF0dXJlAAAAAAAAAAECAAB4cgAkZ2hlcmtpbi5mb3JtYXR0ZXIubW9kZWwuVGFnU3RhdGVtZW50AAAAAAAAAAECAAJMAAJpZHQAEkxqYXZhL2xhbmcvU3RyaW5nO0wABHRhZ3N0ABBMamF2YS91dGlsL0xpc3Q7eHIAKmdoZXJraW4uZm9ybWF0dGVyLm1vZGVsLkRlc2NyaWJlZFN0YXRlbWVudInoQ7yJkLCFAgABTAALZGVzY3JpcHRpb25xAH4AAnhyACZnaGVya2luLmZvcm1hdHRlci5tb2RlbC5CYXNpY1N0YXRlbWVudPM3wIsDVBUvAgAETAAIY29tbWVudHNxAH4AA0wAB2tleXdvcmRxAH4AAkwABGxpbmV0ABNMamF2YS9sYW5nL0ludGVnZXI7TAAEbmFtZXEAfgACeHIAGmdoZXJraW4uZm9ybWF0dGVyLk1hcHBhYmxl42CLFPnowjUCAAB4cHNyABNqYXZhLnV0aWwuQXJyYXlMaXN0eIHSHZnHYZ0DAAFJAARzaXpleHAAAAAAdwQAAAAAeHQAB0ZlYXR1cmVzcgARamF2YS5sYW5nLkludGVnZXIS4qCk94GHOAIAAUkABXZhbHVleHIAEGphdmEubGFuZy5OdW1iZXKGrJUdC5TgiwIAAHhwAAAAAXQABUxvZ2ludAAAdAAFbG9naW5zcQB%2BAAkAAAAAdwQAAAAAeA==]/[test:rO0ABXNyACdnaGVya2luLmZvcm1hdHRlci5tb2RlbC5TY2VuYXJpb091dGxpbmUAAAAAAAAAAQIAAUwABHR5cGV0ABJMamF2YS9sYW5nL1N0cmluZzt4cgAkZ2hlcmtpbi5mb3JtYXR0ZXIubW9kZWwuVGFnU3RhdGVtZW50AAAAAAAAAAECAAJMAAJpZHEAfgABTAAEdGFnc3QAEExqYXZhL3V0aWwvTGlzdDt4cgAqZ2hlcmtpbi5mb3JtYXR0ZXIubW9kZWwuRGVzY3JpYmVkU3RhdGVtZW50iehDvImQsIUCAAFMAAtkZXNjcmlwdGlvbnEAfgABeHIAJmdoZXJraW4uZm9ybWF0dGVyLm1vZGVsLkJhc2ljU3RhdGVtZW508zfAiwNUFS8CAARMAAhjb21tZW50c3EAfgADTAAHa2V5d29yZHEAfgABTAAEbGluZXQAE0xqYXZhL2xhbmcvSW50ZWdlcjtMAARuYW1lcQB%2BAAF4cgAaZ2hlcmtpbi5mb3JtYXR0ZXIuTWFwcGFibGXjYIsU%2BejCNQIAAHhwc3IAE2phdmEudXRpbC5BcnJheUxpc3R4gdIdmcdhnQMAAUkABHNpemV4cAAAAAB3BAAAAAB4dAAQU2NlbmFyaW8gT3V0bGluZXNyABFqYXZhLmxhbmcuSW50ZWdlchLioKT3gYc4AgABSQAFdmFsdWV4cgAQamF2YS5sYW5nLk51bWJlcoaslR0LlOCLAgAAeHAAAAACdAAeOiBMb2dpbiB3aXRoIHZhbGlkIGNyZWRlbnRpYWxzdAAAdAAkbG9naW47Oi1sb2dpbi13aXRoLXZhbGlkLWNyZWRlbnRpYWxzc3EAfgAJAAAAAHcEAAAAAHh0ABBzY2VuYXJpb19vdXRsaW5l]/[test:rO0ABXNyACBnaGVya2luLmZvcm1hdHRlci5tb2RlbC5FeGFtcGxlcwAAAAAAAAABAgABTAAEcm93c3QAEExqYXZhL3V0aWwvTGlzdDt4cgAkZ2hlcmtpbi5mb3JtYXR0ZXIubW9kZWwuVGFnU3RhdGVtZW50AAAAAAAAAAECAAJMAAJpZHQAEkxqYXZhL2xhbmcvU3RyaW5nO0wABHRhZ3NxAH4AAXhyACpnaGVya2luLmZvcm1hdHRlci5tb2RlbC5EZXNjcmliZWRTdGF0ZW1lbnSJ6EO8iZCwhQIAAUwAC2Rlc2NyaXB0aW9ucQB%2BAAN4cgAmZ2hlcmtpbi5mb3JtYXR0ZXIubW9kZWwuQmFzaWNTdGF0ZW1lbnTzN8CLA1QVLwIABEwACGNvbW1lbnRzcQB%2BAAFMAAdrZXl3b3JkcQB%2BAANMAARsaW5ldAATTGphdmEvbGFuZy9JbnRlZ2VyO0wABG5hbWVxAH4AA3hyABpnaGVya2luLmZvcm1hdHRlci5NYXBwYWJsZeNgixT56MI1AgAAeHBzcgATamF2YS51dGlsLkFycmF5TGlzdHiB0h2Zx2GdAwABSQAEc2l6ZXhwAAAAAHcEAAAAAHh0AAhFeGFtcGxlc3NyABFqYXZhLmxhbmcuSW50ZWdlchLioKT3gYc4AgABSQAFdmFsdWV4cgAQamF2YS5sYW5nLk51bWJlcoaslR0LlOCLAgAAeHAAAAAIdAAAdAAAdAAlbG9naW47Oi1sb2dpbi13aXRoLXZhbGlkLWNyZWRlbnRpYWxzO3NxAH4ACQAAAAB3BAAAAAB4c3EAfgAJAAAAAncEAAAAAnNyAChnaGVya2luLmZvcm1hdHRlci5tb2RlbC5FeGFtcGxlc1RhYmxlUm93AAAAAAAAAAECAAFMAAJpZHEAfgADeHIAG2doZXJraW4uZm9ybWF0dGVyLm1vZGVsLlJvdwkayqrbzNUXAgADTAAFY2VsbHNxAH4AAUwACGNvbW1lbnRzcQB%2BAAFMAARsaW5lcQB%2BAAZ4cQB%2BAAdzcQB%2BAAkAAAACdwQAAAACdAAIdXNlcm5hbWV0AARwYXNzeHNxAH4ACQAAAAB3BAAAAAB4c3EAfgAMAAAACXQAJ2xvZ2luOzotbG9naW4td2l0aC12YWxpZC1jcmVkZW50aWFsczs7MXNxAH4AFHNxAH4ACQAAAAJ3BAAAAAJ0AAl1c2VybmFtZV90AAhwYXNzd29yZHhzcQB%2BAAkAAAAAdwQAAAAAeHNxAH4ADAAAAAp0ACdsb2dpbjs6LWxvZ2luLXdpdGgtdmFsaWQtY3JlZGVudGlhbHM7OzJ4]/[test:rO0ABXNyACBnaGVya2luLmZvcm1hdHRlci5tb2RlbC5TY2VuYXJpbwAAAAAAAAABAgABTAAEdHlwZXQAEkxqYXZhL2xhbmcvU3RyaW5nO3hyACRnaGVya2luLmZvcm1hdHRlci5tb2RlbC5UYWdTdGF0ZW1lbnQAAAAAAAAAAQIAAkwAAmlkcQB%2BAAFMAAR0YWdzdAAQTGphdmEvdXRpbC9MaXN0O3hyACpnaGVya2luLmZvcm1hdHRlci5tb2RlbC5EZXNjcmliZWRTdGF0ZW1lbnSJ6EO8iZCwhQIAAUwAC2Rlc2NyaXB0aW9ucQB%2BAAF4cgAmZ2hlcmtpbi5mb3JtYXR0ZXIubW9kZWwuQmFzaWNTdGF0ZW1lbnTzN8CLA1QVLwIABEwACGNvbW1lbnRzcQB%2BAANMAAdrZXl3b3JkcQB%2BAAFMAARsaW5ldAATTGphdmEvbGFuZy9JbnRlZ2VyO0wABG5hbWVxAH4AAXhyABpnaGVya2luLmZvcm1hdHRlci5NYXBwYWJsZeNgixT56MI1AgAAeHBzcgATamF2YS51dGlsLkFycmF5TGlzdHiB0h2Zx2GdAwABSQAEc2l6ZXhwAAAAAHcEAAAAAHh0ABBTY2VuYXJpbyBPdXRsaW5lc3IAEWphdmEubGFuZy5JbnRlZ2VyEuKgpPeBhzgCAAFJAAV2YWx1ZXhyABBqYXZhLmxhbmcuTnVtYmVyhqyVHQuU4IsCAAB4cAAAAAp0AB46IExvZ2luIHdpdGggdmFsaWQgY3JlZGVudGlhbHN0AAB0ACdsb2dpbjs6LWxvZ2luLXdpdGgtdmFsaWQtY3JlZGVudGlhbHM7OzJzcQB%2BAAkAAAAAdwQAAAAAeHQACHNjZW5hcmlv]/[test:rO0ABXNyACJjdWN1bWJlci5ydW50aW1lLm1vZGVsLkV4YW1wbGVTdGVwx4eRvsG70B0CAAFMAA5tYXRjaGVkQ29sdW1uc3QAD0xqYXZhL3V0aWwvU2V0O3hyABxnaGVya2luLmZvcm1hdHRlci5tb2RlbC5TdGVwAAAAAAAAAAECAAJMAApkb2Nfc3RyaW5ndAAjTGdoZXJraW4vZm9ybWF0dGVyL21vZGVsL0RvY1N0cmluZztMAARyb3dzdAAQTGphdmEvdXRpbC9MaXN0O3hyACZnaGVya2luLmZvcm1hdHRlci5tb2RlbC5CYXNpY1N0YXRlbWVudPM3wIsDVBUvAgAETAAIY29tbWVudHNxAH4ABEwAB2tleXdvcmR0ABJMamF2YS9sYW5nL1N0cmluZztMAARsaW5ldAATTGphdmEvbGFuZy9JbnRlZ2VyO0wABG5hbWVxAH4ABnhyABpnaGVya2luLmZvcm1hdHRlci5NYXBwYWJsZeNgixT56MI1AgAAeHBzcgATamF2YS51dGlsLkFycmF5TGlzdHiB0h2Zx2GdAwABSQAEc2l6ZXhwAAAAAHcEAAAAAHh0AAVXaGVuIHNyABFqYXZhLmxhbmcuSW50ZWdlchLioKT3gYc4AgABSQAFdmFsdWV4cgAQamF2YS5sYW5nLk51bWJlcoaslR0LlOCLAgAAeHAAAAAEdAAjaW5wdXQgInVzZXJuYW1lXyIgb24gdXNlcm5hbWUgZmllbGRwcHNyABFqYXZhLnV0aWwuSGFzaFNldLpEhZWWuLc0AwAAeHB3DAAAABA%2FQAAAAAAAAXNxAH4ADQAAAAB4], parentId = [engine:junit-vintage]/[runner:MobileTest.FeatureSteps.RunCucumberTests]/[test:rO0ABXNyAB9naGVya2luLmZvcm1hdHRlci5tb2RlbC5GZWF0dXJlAAAAAAAAAAECAAB4cgAkZ2hlcmtpbi5mb3JtYXR0ZXIubW9kZWwuVGFnU3RhdGVtZW50AAAAAAAAAAECAAJMAAJpZHQAEkxqYXZhL2xhbmcvU3RyaW5nO0wABHRhZ3N0ABBMamF2YS91dGlsL0xpc3Q7eHIAKmdoZXJraW4uZm9ybWF0dGVyLm1vZGVsLkRlc2NyaWJlZFN0YXRlbWVudInoQ7yJkLCFAgABTAALZGVzY3JpcHRpb25xAH4AAnhyACZnaGVya2luLmZvcm1hdHRlci5tb2RlbC5CYXNpY1N0YXRlbWVudPM3wIsDVBUvAgAETAAIY29tbWVudHNxAH4AA0wAB2tleXdvcmRxAH4AAkwABGxpbmV0ABNMamF2YS9sYW5nL0ludGVnZXI7TAAEbmFtZXEAfgACeHIAGmdoZXJraW4uZm9ybWF0dGVyLk1hcHBhYmxl42CLFPnowjUCAAB4cHNyABNqYXZhLnV0aWwuQXJyYXlMaXN0eIHSHZnHYZ0DAAFJAARzaXpleHAAAAAAdwQAAAAAeHQAB0ZlYXR1cmVzcgARamF2YS5sYW5nLkludGVnZXIS4qCk94GHOAIAAUkABXZhbHVleHIAEGphdmEubGFuZy5OdW1iZXKGrJUdC5TgiwIAAHhwAAAAAXQABUxvZ2ludAAAdAAFbG9naW5zcQB%2BAAkAAAAAdwQAAAAAeA==]/[test:rO0ABXNyACdnaGVya2luLmZvcm1hdHRlci5tb2RlbC5TY2VuYXJpb091dGxpbmUAAAAAAAAAAQIAAUwABHR5cGV0ABJMamF2YS9sYW5nL1N0cmluZzt4cgAkZ2hlcmtpbi5mb3JtYXR0ZXIubW9kZWwuVGFnU3RhdGVtZW50AAAAAAAAAAECAAJMAAJpZHEAfgABTAAEdGFnc3QAEExqYXZhL3V0aWwvTGlzdDt4cgAqZ2hlcmtpbi5mb3JtYXR0ZXIubW9kZWwuRGVzY3JpYmVkU3RhdGVtZW50iehDvImQsIUCAAFMAAtkZXNjcmlwdGlvbnEAfgABeHIAJmdoZXJraW4uZm9ybWF0dGVyLm1vZGVsLkJhc2ljU3RhdGVtZW508zfAiwNUFS8CAARMAAhjb21tZW50c3EAfgADTAAHa2V5d29yZHEAfgABTAAEbGluZXQAE0xqYXZhL2xhbmcvSW50ZWdlcjtMAARuYW1lcQB%2BAAF4cgAaZ2hlcmtpbi5mb3JtYXR0ZXIuTWFwcGFibGXjYIsU%2BejCNQIAAHhwc3IAE2phdmEudXRpbC5BcnJheUxpc3R4gdIdmcdhnQMAAUkABHNpemV4cAAAAAB3BAAAAAB4dAAQU2NlbmFyaW8gT3V0bGluZXNyABFqYXZhLmxhbmcuSW50ZWdlchLioKT3gYc4AgABSQAFdmFsdWV4cgAQamF2YS5sYW5nLk51bWJlcoaslR0LlOCLAgAAeHAAAAACdAAeOiBMb2dpbiB3aXRoIHZhbGlkIGNyZWRlbnRpYWxzdAAAdAAkbG9naW47Oi1sb2dpbi13aXRoLXZhbGlkLWNyZWRlbnRpYWxzc3EAfgAJAAAAAHcEAAAAAHh0ABBzY2VuYXJpb19vdXRsaW5l]/[test:rO0ABXNyACBnaGVya2luLmZvcm1hdHRlci5tb2RlbC5FeGFtcGxlcwAAAAAAAAABAgABTAAEcm93c3QAEExqYXZhL3V0aWwvTGlzdDt4cgAkZ2hlcmtpbi5mb3JtYXR0ZXIubW9kZWwuVGFnU3RhdGVtZW50AAAAAAAAAAECAAJMAAJpZHQAEkxqYXZhL2xhbmcvU3RyaW5nO0wABHRhZ3NxAH4AAXhyACpnaGVya2luLmZvcm1hdHRlci5tb2RlbC5EZXNjcmliZWRTdGF0ZW1lbnSJ6EO8iZCwhQIAAUwAC2Rlc2NyaXB0aW9ucQB%2BAAN4cgAmZ2hlcmtpbi5mb3JtYXR0ZXIubW9kZWwuQmFzaWNTdGF0ZW1lbnTzN8CLA1QVLwIABEwACGNvbW1lbnRzcQB%2BAAFMAAdrZXl3b3JkcQB%2BAANMAARsaW5ldAATTGphdmEvbGFuZy9JbnRlZ2VyO0wABG5hbWVxAH4AA3hyABpnaGVya2luLmZvcm1hdHRlci5NYXBwYWJsZeNgixT56MI1AgAAeHBzcgATamF2YS51dGlsLkFycmF5TGlzdHiB0h2Zx2GdAwABSQAEc2l6ZXhwAAAAAHcEAAAAAHh0AAhFeGFtcGxlc3NyABFqYXZhLmxhbmcuSW50ZWdlchLioKT3gYc4AgABSQAFdmFsdWV4cgAQamF2YS5sYW5nLk51bWJlcoaslR0LlOCLAgAAeHAAAAAIdAAAdAAAdAAlbG9naW47Oi1sb2dpbi13aXRoLXZhbGlkLWNyZWRlbnRpYWxzO3NxAH4ACQAAAAB3BAAAAAB4c3EAfgAJAAAAAncEAAAAAnNyAChnaGVya2luLmZvcm1hdHRlci5tb2RlbC5FeGFtcGxlc1RhYmxlUm93AAAAAAAAAAECAAFMAAJpZHEAfgADeHIAG2doZXJraW4uZm9ybWF0dGVyLm1vZGVsLlJvdwkayqrbzNUXAgADTAAFY2VsbHNxAH4AAUwACGNvbW1lbnRzcQB%2BAAFMAARsaW5lcQB%2BAAZ4cQB%2BAAdzcQB%2BAAkAAAACdwQAAAACdAAIdXNlcm5hbWV0AARwYXNzeHNxAH4ACQAAAAB3BAAAAAB4c3EAfgAMAAAACXQAJ2xvZ2luOzotbG9naW4td2l0aC12YWxpZC1jcmVkZW50aWFsczs7MXNxAH4AFHNxAH4ACQAAAAJ3BAAAAAJ0AAl1c2VybmFtZV90AAhwYXNzd29yZHhzcQB%2BAAkAAAAAdwQAAAAAeHNxAH4ADAAAAAp0ACdsb2dpbjs6LWxvZ2luLXdpdGgtdmFsaWQtY3JlZGVudGlhbHM7OzJ4]/[test:rO0ABXNyACBnaGVya2luLmZvcm1hdHRlci5tb2RlbC5TY2VuYXJpbwAAAAAAAAABAgABTAAEdHlwZXQAEkxqYXZhL2xhbmcvU3RyaW5nO3hyACRnaGVya2luLmZvcm1hdHRlci5tb2RlbC5UYWdTdGF0ZW1lbnQAAAAAAAAAAQIAAkwAAmlkcQB%2BAAFMAAR0YWdzdAAQTGphdmEvdXRpbC9MaXN0O3hyACpnaGVya2luLmZvcm1hdHRlci5tb2RlbC5EZXNjcmliZWRTdGF0ZW1lbnSJ6EO8iZCwhQIAAUwAC2Rlc2NyaXB0aW9ucQB%2BAAF4cgAmZ2hlcmtpbi5mb3JtYXR0ZXIubW9kZWwuQmFzaWNTdGF0ZW1lbnTzN8CLA1QVLwIABEwACGNvbW1lbnRzcQB%2BAANMAAdrZXl3b3JkcQB%2BAAFMAARsaW5ldAATTGphdmEvbGFuZy9JbnRlZ2VyO0wABG5hbWVxAH4AAXhyABpnaGVya2luLmZvcm1hdHRlci5NYXBwYWJsZeNgixT56MI1AgAAeHBzcgATamF2YS51dGlsLkFycmF5TGlzdHiB0h2Zx2GdAwABSQAEc2l6ZXhwAAAAAHcEAAAAAHh0ABBTY2VuYXJpbyBPdXRsaW5lc3IAEWphdmEubGFuZy5JbnRlZ2VyEuKgpPeBhzgCAAFJAAV2YWx1ZXhyABBqYXZhLmxhbmcuTnVtYmVyhqyVHQuU4IsCAAB4cAAAAAp0AB46IExvZ2luIHdpdGggdmFsaWQgY3JlZGVudGlhbHN0AAB0ACdsb2dpbjs6LWxvZ2luLXdpdGgtdmFsaWQtY3JlZGVudGlhbHM7OzJzcQB%2BAAkAAAAAdwQAAAAAeHQACHNjZW5hcmlv], displayName = 'When input "username_" on username field', legacyReportingName = 'When input "username_" on username field', source = null, tags = [], type = TEST], <unknown>)
java.lang.NoSuchMethodError: io.qameta.allure.model.TestResult.setTestCaseName(Ljava/lang/String;)Lio/qameta/allure/model/TestResult;
	at io.qameta.allure.junitplatform.AllureJunitPlatform.startTestCase(AllureJunitPlatform.java:425)
	at io.qameta.allure.junitplatform.AllureJunitPlatform.reportNested(AllureJunitPlatform.java:296)
	at io.qameta.allure.junitplatform.AllureJunitPlatform.executionSkipped(AllureJunitPlatform.java:189)
	at org.junit.platform.launcher.core.CompositeTestExecutionListener.lambda$executionSkipped$2(CompositeTestExecutionListener.java:52)
	at org.junit.platform.launcher.core.CompositeTestExecutionListener.lambda$notifyEach$19(CompositeTestExecutionListener.java:95)
	at java.base/java.util.ArrayList.forEach(ArrayList.java:1540)
	at org.junit.platform.launcher.core.CompositeTestExecutionListener.notifyEach(CompositeTestExecutionListener.java:93)
	at org.junit.platform.launcher.core.CompositeTestExecutionListener.executionSkipped(CompositeTestExecutionListener.java:52)
	at org.junit.platform.launcher.core.ExecutionListenerAdapter.executionSkipped(ExecutionListenerAdapter.java:51)
	at org.junit.platform.launcher.core.DelegatingEngineExecutionListener.executionSkipped(DelegatingEngineExecutionListener.java:36)
	at org.junit.platform.launcher.core.OutcomeDelayingEngineExecutionListener.executionSkipped(OutcomeDelayingEngineExecutionListener.java:44)
	at org.junit.vintage.engine.execution.RunListenerAdapter.fireExecutionSkipped(RunListenerAdapter.java:216)
	at org.junit.vintage.engine.execution.RunListenerAdapter.testIgnored(RunListenerAdapter.java:154)
	at org.junit.vintage.engine.execution.RunListenerAdapter.testIgnored(RunListenerAdapter.java:59)
	at org.junit.runner.notification.SynchronizedRunListener.testIgnored(SynchronizedRunListener.java:77)
	at org.junit.runner.notification.RunNotifier$6.notifyListener(RunNotifier.java:174)
	at org.junit.runner.notification.RunNotifier$SafeNotifier.run(RunNotifier.java:72)
	at org.junit.runner.notification.RunNotifier.fireTestIgnored(RunNotifier.java:171)
	at org.junit.internal.runners.model.EachTestNotifier.fireTestIgnored(EachTestNotifier.java:46)
	at cucumber.runtime.junit.JUnitReporter.result(JUnitReporter.java:96)
	at cucumber.runtime.Runtime.runStep(Runtime.java:294)
	at cucumber.runtime.model.StepContainer.runStep(StepContainer.java:44)
	at cucumber.runtime.model.StepContainer.runSteps(StepContainer.java:39)
	at cucumber.runtime.model.CucumberScenario.run(CucumberScenario.java:44)
	at cucumber.runtime.junit.ExecutionUnitRunner.run(ExecutionUnitRunner.java:102)
	at org.junit.runners.Suite.runChild(Suite.java:128)
	at org.junit.runners.Suite.runChild(Suite.java:27)
	at org.junit.runners.ParentRunner$3.run(ParentRunner.java:290)
	at org.junit.runners.ParentRunner$1.schedule(ParentRunner.java:71)
	at org.junit.runners.ParentRunner.runChildren(ParentRunner.java:288)
	at org.junit.runners.ParentRunner.access$000(ParentRunner.java:58)
	at org.junit.runners.ParentRunner$2.evaluate(ParentRunner.java:268)
	at org.junit.runners.ParentRunner.run(ParentRunner.java:363)
	at cucumber.runtime.junit.ExamplesRunner.run(ExamplesRunner.java:59)
	at org.junit.runners.Suite.runChild(Suite.java:128)
	at org.junit.runners.Suite.runChild(Suite.java:27)
	at org.junit.runners.ParentRunner$3.run(ParentRunner.java:290)
	at org.junit.runners.ParentRunner$1.schedule(ParentRunner.java:71)
	at org.junit.runners.ParentRunner.runChildren(ParentRunner.java:288)
	at org.junit.runners.ParentRunner.access$000(ParentRunner.java:58)
	at org.junit.runners.ParentRunner$2.evaluate(ParentRunner.java:268)
	at org.junit.runners.ParentRunner.run(ParentRunner.java:363)
	at cucumber.runtime.junit.ScenarioOutlineRunner.run(ScenarioOutlineRunner.java:53)
	at cucumber.runtime.junit.FeatureRunner.runChild(FeatureRunner.java:63)
	at cucumber.runtime.junit.FeatureRunner.runChild(FeatureRunner.java:18)
	at org.junit.runners.ParentRunner$3.run(ParentRunner.java:290)
	at org.junit.runners.ParentRunner$1.schedule(ParentRunner.java:71)
	at org.junit.runners.ParentRunner.runChildren(ParentRunner.java:288)
	at org.junit.runners.ParentRunner.access$000(ParentRunner.java:58)
	at org.junit.runners.ParentRunner$2.evaluate(ParentRunner.java:268)
	at org.junit.runners.ParentRunner.run(ParentRunner.java:363)
	at cucumber.runtime.junit.FeatureRunner.run(FeatureRunner.java:70)
	at cucumber.api.junit.Cucumber.runChild(Cucumber.java:95)
	at cucumber.api.junit.Cucumber.runChild(Cucumber.java:38)
	at org.junit.runners.ParentRunner$3.run(ParentRunner.java:290)
	at org.junit.runners.ParentRunner$1.schedule(ParentRunner.java:71)
	at org.junit.runners.ParentRunner.runChildren(ParentRunner.java:288)
	at org.junit.runners.ParentRunner.access$000(ParentRunner.java:58)
	at org.junit.runners.ParentRunner$2.evaluate(ParentRunner.java:268)
	at org.junit.runners.ParentRunner.run(ParentRunner.java:363)
	at cucumber.api.junit.Cucumber.run(Cucumber.java:100)
	at org.junit.runner.JUnitCore.run(JUnitCore.java:137)
	at org.junit.runner.JUnitCore.run(JUnitCore.java:115)
	at org.junit.vintage.engine.execution.RunnerExecutor.execute(RunnerExecutor.java:42)
	at org.junit.vintage.engine.VintageTestEngine.executeAllChildren(VintageTestEngine.java:80)
	at org.junit.vintage.engine.VintageTestEngine.execute(VintageTestEngine.java:72)
	at org.junit.platform.launcher.core.EngineExecutionOrchestrator.execute(EngineExecutionOrchestrator.java:107)
	at org.junit.platform.launcher.core.EngineExecutionOrchestrator.execute(EngineExecutionOrchestrator.java:88)
	at org.junit.platform.launcher.core.EngineExecutionOrchestrator.lambda$execute$0(EngineExecutionOrchestrator.java:54)
	at org.junit.platform.launcher.core.EngineExecutionOrchestrator.withInterceptedStreams(EngineExecutionOrchestrator.java:67)
	at org.junit.platform.launcher.core.EngineExecutionOrchestrator.execute(EngineExecutionOrchestrator.java:52)
	at org.junit.platform.launcher.core.DefaultLauncher.execute(DefaultLauncher.java:114)
	at org.junit.platform.launcher.core.DefaultLauncher.execute(DefaultLauncher.java:86)
	at org.junit.platform.launcher.core.DefaultLauncherSession$DelegatingLauncher.execute(DefaultLauncherSession.java:86)
	at org.apache.maven.surefire.junitplatform.LazyLauncher.execute(LazyLauncher.java:55)
	at org.apache.maven.surefire.junitplatform.JUnitPlatformProvider.execute(JUnitPlatformProvider.java:223)
	at org.apache.maven.surefire.junitplatform.JUnitPlatformProvider.invokeAllTests(JUnitPlatformProvider.java:175)
	at org.apache.maven.surefire.junitplatform.JUnitPlatformProvider.invoke(JUnitPlatformProvider.java:139)
	at org.apache.maven.surefire.booter.ForkedBooter.runSuitesInProcess(ForkedBooter.java:456)
	at org.apache.maven.surefire.booter.ForkedBooter.execute(ForkedBooter.java:169)
	at org.apache.maven.surefire.booter.ForkedBooter.run(ForkedBooter.java:595)
	at org.apache.maven.surefire.booter.ForkedBooter.main(ForkedBooter.java:581)

]]></system-err>
  </testcase>
  <testcase name="And input &quot;password&quot; on password field" classname="| username_ | password |" time="0">
    <skipped message="&lt;unknown&gt;"/>
    <system-err><![CDATA[Jun 01, 2023 1:22:37 PM org.junit.platform.launcher.core.CompositeTestExecutionListener lambda$notifyEach$19
WARNING: TestExecutionListener [io.qameta.allure.junitplatform.AllureJunitPlatform] threw exception for method: executionSkipped(TestIdentifier [uniqueId = [engine:junit-vintage]/[runner:MobileTest.FeatureSteps.RunCucumberTests]/[test:rO0ABXNyAB9naGVya2luLmZvcm1hdHRlci5tb2RlbC5GZWF0dXJlAAAAAAAAAAECAAB4cgAkZ2hlcmtpbi5mb3JtYXR0ZXIubW9kZWwuVGFnU3RhdGVtZW50AAAAAAAAAAECAAJMAAJpZHQAEkxqYXZhL2xhbmcvU3RyaW5nO0wABHRhZ3N0ABBMamF2YS91dGlsL0xpc3Q7eHIAKmdoZXJraW4uZm9ybWF0dGVyLm1vZGVsLkRlc2NyaWJlZFN0YXRlbWVudInoQ7yJkLCFAgABTAALZGVzY3JpcHRpb25xAH4AAnhyACZnaGVya2luLmZvcm1hdHRlci5tb2RlbC5CYXNpY1N0YXRlbWVudPM3wIsDVBUvAgAETAAIY29tbWVudHNxAH4AA0wAB2tleXdvcmRxAH4AAkwABGxpbmV0ABNMamF2YS9sYW5nL0ludGVnZXI7TAAEbmFtZXEAfgACeHIAGmdoZXJraW4uZm9ybWF0dGVyLk1hcHBhYmxl42CLFPnowjUCAAB4cHNyABNqYXZhLnV0aWwuQXJyYXlMaXN0eIHSHZnHYZ0DAAFJAARzaXpleHAAAAAAdwQAAAAAeHQAB0ZlYXR1cmVzcgARamF2YS5sYW5nLkludGVnZXIS4qCk94GHOAIAAUkABXZhbHVleHIAEGphdmEubGFuZy5OdW1iZXKGrJUdC5TgiwIAAHhwAAAAAXQABUxvZ2ludAAAdAAFbG9naW5zcQB%2BAAkAAAAAdwQAAAAAeA==]/[test:rO0ABXNyACdnaGVya2luLmZvcm1hdHRlci5tb2RlbC5TY2VuYXJpb091dGxpbmUAAAAAAAAAAQIAAUwABHR5cGV0ABJMamF2YS9sYW5nL1N0cmluZzt4cgAkZ2hlcmtpbi5mb3JtYXR0ZXIubW9kZWwuVGFnU3RhdGVtZW50AAAAAAAAAAECAAJMAAJpZHEAfgABTAAEdGFnc3QAEExqYXZhL3V0aWwvTGlzdDt4cgAqZ2hlcmtpbi5mb3JtYXR0ZXIubW9kZWwuRGVzY3JpYmVkU3RhdGVtZW50iehDvImQsIUCAAFMAAtkZXNjcmlwdGlvbnEAfgABeHIAJmdoZXJraW4uZm9ybWF0dGVyLm1vZGVsLkJhc2ljU3RhdGVtZW508zfAiwNUFS8CAARMAAhjb21tZW50c3EAfgADTAAHa2V5d29yZHEAfgABTAAEbGluZXQAE0xqYXZhL2xhbmcvSW50ZWdlcjtMAARuYW1lcQB%2BAAF4cgAaZ2hlcmtpbi5mb3JtYXR0ZXIuTWFwcGFibGXjYIsU%2BejCNQIAAHhwc3IAE2phdmEudXRpbC5BcnJheUxpc3R4gdIdmcdhnQMAAUkABHNpemV4cAAAAAB3BAAAAAB4dAAQU2NlbmFyaW8gT3V0bGluZXNyABFqYXZhLmxhbmcuSW50ZWdlchLioKT3gYc4AgABSQAFdmFsdWV4cgAQamF2YS5sYW5nLk51bWJlcoaslR0LlOCLAgAAeHAAAAACdAAeOiBMb2dpbiB3aXRoIHZhbGlkIGNyZWRlbnRpYWxzdAAAdAAkbG9naW47Oi1sb2dpbi13aXRoLXZhbGlkLWNyZWRlbnRpYWxzc3EAfgAJAAAAAHcEAAAAAHh0ABBzY2VuYXJpb19vdXRsaW5l]/[test:rO0ABXNyACBnaGVya2luLmZvcm1hdHRlci5tb2RlbC5FeGFtcGxlcwAAAAAAAAABAgABTAAEcm93c3QAEExqYXZhL3V0aWwvTGlzdDt4cgAkZ2hlcmtpbi5mb3JtYXR0ZXIubW9kZWwuVGFnU3RhdGVtZW50AAAAAAAAAAECAAJMAAJpZHQAEkxqYXZhL2xhbmcvU3RyaW5nO0wABHRhZ3NxAH4AAXhyACpnaGVya2luLmZvcm1hdHRlci5tb2RlbC5EZXNjcmliZWRTdGF0ZW1lbnSJ6EO8iZCwhQIAAUwAC2Rlc2NyaXB0aW9ucQB%2BAAN4cgAmZ2hlcmtpbi5mb3JtYXR0ZXIubW9kZWwuQmFzaWNTdGF0ZW1lbnTzN8CLA1QVLwIABEwACGNvbW1lbnRzcQB%2BAAFMAAdrZXl3b3JkcQB%2BAANMAARsaW5ldAATTGphdmEvbGFuZy9JbnRlZ2VyO0wABG5hbWVxAH4AA3hyABpnaGVya2luLmZvcm1hdHRlci5NYXBwYWJsZeNgixT56MI1AgAAeHBzcgATamF2YS51dGlsLkFycmF5TGlzdHiB0h2Zx2GdAwABSQAEc2l6ZXhwAAAAAHcEAAAAAHh0AAhFeGFtcGxlc3NyABFqYXZhLmxhbmcuSW50ZWdlchLioKT3gYc4AgABSQAFdmFsdWV4cgAQamF2YS5sYW5nLk51bWJlcoaslR0LlOCLAgAAeHAAAAAIdAAAdAAAdAAlbG9naW47Oi1sb2dpbi13aXRoLXZhbGlkLWNyZWRlbnRpYWxzO3NxAH4ACQAAAAB3BAAAAAB4c3EAfgAJAAAAAncEAAAAAnNyAChnaGVya2luLmZvcm1hdHRlci5tb2RlbC5FeGFtcGxlc1RhYmxlUm93AAAAAAAAAAECAAFMAAJpZHEAfgADeHIAG2doZXJraW4uZm9ybWF0dGVyLm1vZGVsLlJvdwkayqrbzNUXAgADTAAFY2VsbHNxAH4AAUwACGNvbW1lbnRzcQB%2BAAFMAARsaW5lcQB%2BAAZ4cQB%2BAAdzcQB%2BAAkAAAACdwQAAAACdAAIdXNlcm5hbWV0AARwYXNzeHNxAH4ACQAAAAB3BAAAAAB4c3EAfgAMAAAACXQAJ2xvZ2luOzotbG9naW4td2l0aC12YWxpZC1jcmVkZW50aWFsczs7MXNxAH4AFHNxAH4ACQAAAAJ3BAAAAAJ0AAl1c2VybmFtZV90AAhwYXNzd29yZHhzcQB%2BAAkAAAAAdwQAAAAAeHNxAH4ADAAAAAp0ACdsb2dpbjs6LWxvZ2luLXdpdGgtdmFsaWQtY3JlZGVudGlhbHM7OzJ4]/[test:rO0ABXNyACBnaGVya2luLmZvcm1hdHRlci5tb2RlbC5TY2VuYXJpbwAAAAAAAAABAgABTAAEdHlwZXQAEkxqYXZhL2xhbmcvU3RyaW5nO3hyACRnaGVya2luLmZvcm1hdHRlci5tb2RlbC5UYWdTdGF0ZW1lbnQAAAAAAAAAAQIAAkwAAmlkcQB%2BAAFMAAR0YWdzdAAQTGphdmEvdXRpbC9MaXN0O3hyACpnaGVya2luLmZvcm1hdHRlci5tb2RlbC5EZXNjcmliZWRTdGF0ZW1lbnSJ6EO8iZCwhQIAAUwAC2Rlc2NyaXB0aW9ucQB%2BAAF4cgAmZ2hlcmtpbi5mb3JtYXR0ZXIubW9kZWwuQmFzaWNTdGF0ZW1lbnTzN8CLA1QVLwIABEwACGNvbW1lbnRzcQB%2BAANMAAdrZXl3b3JkcQB%2BAAFMAARsaW5ldAATTGphdmEvbGFuZy9JbnRlZ2VyO0wABG5hbWVxAH4AAXhyABpnaGVya2luLmZvcm1hdHRlci5NYXBwYWJsZeNgixT56MI1AgAAeHBzcgATamF2YS51dGlsLkFycmF5TGlzdHiB0h2Zx2GdAwABSQAEc2l6ZXhwAAAAAHcEAAAAAHh0ABBTY2VuYXJpbyBPdXRsaW5lc3IAEWphdmEubGFuZy5JbnRlZ2VyEuKgpPeBhzgCAAFJAAV2YWx1ZXhyABBqYXZhLmxhbmcuTnVtYmVyhqyVHQuU4IsCAAB4cAAAAAp0AB46IExvZ2luIHdpdGggdmFsaWQgY3JlZGVudGlhbHN0AAB0ACdsb2dpbjs6LWxvZ2luLXdpdGgtdmFsaWQtY3JlZGVudGlhbHM7OzJzcQB%2BAAkAAAAAdwQAAAAAeHQACHNjZW5hcmlv]/[test:rO0ABXNyACJjdWN1bWJlci5ydW50aW1lLm1vZGVsLkV4YW1wbGVTdGVwx4eRvsG70B0CAAFMAA5tYXRjaGVkQ29sdW1uc3QAD0xqYXZhL3V0aWwvU2V0O3hyABxnaGVya2luLmZvcm1hdHRlci5tb2RlbC5TdGVwAAAAAAAAAAECAAJMAApkb2Nfc3RyaW5ndAAjTGdoZXJraW4vZm9ybWF0dGVyL21vZGVsL0RvY1N0cmluZztMAARyb3dzdAAQTGphdmEvdXRpbC9MaXN0O3hyACZnaGVya2luLmZvcm1hdHRlci5tb2RlbC5CYXNpY1N0YXRlbWVudPM3wIsDVBUvAgAETAAIY29tbWVudHNxAH4ABEwAB2tleXdvcmR0ABJMamF2YS9sYW5nL1N0cmluZztMAARsaW5ldAATTGphdmEvbGFuZy9JbnRlZ2VyO0wABG5hbWVxAH4ABnhyABpnaGVya2luLmZvcm1hdHRlci5NYXBwYWJsZeNgixT56MI1AgAAeHBzcgATamF2YS51dGlsLkFycmF5TGlzdHiB0h2Zx2GdAwABSQAEc2l6ZXhwAAAAAHcEAAAAAHh0AARBbmQgc3IAEWphdmEubGFuZy5JbnRlZ2VyEuKgpPeBhzgCAAFJAAV2YWx1ZXhyABBqYXZhLmxhbmcuTnVtYmVyhqyVHQuU4IsCAAB4cAAAAAV0ACJpbnB1dCAicGFzc3dvcmQiIG9uIHBhc3N3b3JkIGZpZWxkcHBzcgARamF2YS51dGlsLkhhc2hTZXS6RIWVlri3NAMAAHhwdwwAAAAQP0AAAAAAAAFzcQB%2BAA0AAAABeA==], parentId = [engine:junit-vintage]/[runner:MobileTest.FeatureSteps.RunCucumberTests]/[test:rO0ABXNyAB9naGVya2luLmZvcm1hdHRlci5tb2RlbC5GZWF0dXJlAAAAAAAAAAECAAB4cgAkZ2hlcmtpbi5mb3JtYXR0ZXIubW9kZWwuVGFnU3RhdGVtZW50AAAAAAAAAAECAAJMAAJpZHQAEkxqYXZhL2xhbmcvU3RyaW5nO0wABHRhZ3N0ABBMamF2YS91dGlsL0xpc3Q7eHIAKmdoZXJraW4uZm9ybWF0dGVyLm1vZGVsLkRlc2NyaWJlZFN0YXRlbWVudInoQ7yJkLCFAgABTAALZGVzY3JpcHRpb25xAH4AAnhyACZnaGVya2luLmZvcm1hdHRlci5tb2RlbC5CYXNpY1N0YXRlbWVudPM3wIsDVBUvAgAETAAIY29tbWVudHNxAH4AA0wAB2tleXdvcmRxAH4AAkwABGxpbmV0ABNMamF2YS9sYW5nL0ludGVnZXI7TAAEbmFtZXEAfgACeHIAGmdoZXJraW4uZm9ybWF0dGVyLk1hcHBhYmxl42CLFPnowjUCAAB4cHNyABNqYXZhLnV0aWwuQXJyYXlMaXN0eIHSHZnHYZ0DAAFJAARzaXpleHAAAAAAdwQAAAAAeHQAB0ZlYXR1cmVzcgARamF2YS5sYW5nLkludGVnZXIS4qCk94GHOAIAAUkABXZhbHVleHIAEGphdmEubGFuZy5OdW1iZXKGrJUdC5TgiwIAAHhwAAAAAXQABUxvZ2ludAAAdAAFbG9naW5zcQB%2BAAkAAAAAdwQAAAAAeA==]/[test:rO0ABXNyACdnaGVya2luLmZvcm1hdHRlci5tb2RlbC5TY2VuYXJpb091dGxpbmUAAAAAAAAAAQIAAUwABHR5cGV0ABJMamF2YS9sYW5nL1N0cmluZzt4cgAkZ2hlcmtpbi5mb3JtYXR0ZXIubW9kZWwuVGFnU3RhdGVtZW50AAAAAAAAAAECAAJMAAJpZHEAfgABTAAEdGFnc3QAEExqYXZhL3V0aWwvTGlzdDt4cgAqZ2hlcmtpbi5mb3JtYXR0ZXIubW9kZWwuRGVzY3JpYmVkU3RhdGVtZW50iehDvImQsIUCAAFMAAtkZXNjcmlwdGlvbnEAfgABeHIAJmdoZXJraW4uZm9ybWF0dGVyLm1vZGVsLkJhc2ljU3RhdGVtZW508zfAiwNUFS8CAARMAAhjb21tZW50c3EAfgADTAAHa2V5d29yZHEAfgABTAAEbGluZXQAE0xqYXZhL2xhbmcvSW50ZWdlcjtMAARuYW1lcQB%2BAAF4cgAaZ2hlcmtpbi5mb3JtYXR0ZXIuTWFwcGFibGXjYIsU%2BejCNQIAAHhwc3IAE2phdmEudXRpbC5BcnJheUxpc3R4gdIdmcdhnQMAAUkABHNpemV4cAAAAAB3BAAAAAB4dAAQU2NlbmFyaW8gT3V0bGluZXNyABFqYXZhLmxhbmcuSW50ZWdlchLioKT3gYc4AgABSQAFdmFsdWV4cgAQamF2YS5sYW5nLk51bWJlcoaslR0LlOCLAgAAeHAAAAACdAAeOiBMb2dpbiB3aXRoIHZhbGlkIGNyZWRlbnRpYWxzdAAAdAAkbG9naW47Oi1sb2dpbi13aXRoLXZhbGlkLWNyZWRlbnRpYWxzc3EAfgAJAAAAAHcEAAAAAHh0ABBzY2VuYXJpb19vdXRsaW5l]/[test:rO0ABXNyACBnaGVya2luLmZvcm1hdHRlci5tb2RlbC5FeGFtcGxlcwAAAAAAAAABAgABTAAEcm93c3QAEExqYXZhL3V0aWwvTGlzdDt4cgAkZ2hlcmtpbi5mb3JtYXR0ZXIubW9kZWwuVGFnU3RhdGVtZW50AAAAAAAAAAECAAJMAAJpZHQAEkxqYXZhL2xhbmcvU3RyaW5nO0wABHRhZ3NxAH4AAXhyACpnaGVya2luLmZvcm1hdHRlci5tb2RlbC5EZXNjcmliZWRTdGF0ZW1lbnSJ6EO8iZCwhQIAAUwAC2Rlc2NyaXB0aW9ucQB%2BAAN4cgAmZ2hlcmtpbi5mb3JtYXR0ZXIubW9kZWwuQmFzaWNTdGF0ZW1lbnTzN8CLA1QVLwIABEwACGNvbW1lbnRzcQB%2BAAFMAAdrZXl3b3JkcQB%2BAANMAARsaW5ldAATTGphdmEvbGFuZy9JbnRlZ2VyO0wABG5hbWVxAH4AA3hyABpnaGVya2luLmZvcm1hdHRlci5NYXBwYWJsZeNgixT56MI1AgAAeHBzcgATamF2YS51dGlsLkFycmF5TGlzdHiB0h2Zx2GdAwABSQAEc2l6ZXhwAAAAAHcEAAAAAHh0AAhFeGFtcGxlc3NyABFqYXZhLmxhbmcuSW50ZWdlchLioKT3gYc4AgABSQAFdmFsdWV4cgAQamF2YS5sYW5nLk51bWJlcoaslR0LlOCLAgAAeHAAAAAIdAAAdAAAdAAlbG9naW47Oi1sb2dpbi13aXRoLXZhbGlkLWNyZWRlbnRpYWxzO3NxAH4ACQAAAAB3BAAAAAB4c3EAfgAJAAAAAncEAAAAAnNyAChnaGVya2luLmZvcm1hdHRlci5tb2RlbC5FeGFtcGxlc1RhYmxlUm93AAAAAAAAAAECAAFMAAJpZHEAfgADeHIAG2doZXJraW4uZm9ybWF0dGVyLm1vZGVsLlJvdwkayqrbzNUXAgADTAAFY2VsbHNxAH4AAUwACGNvbW1lbnRzcQB%2BAAFMAARsaW5lcQB%2BAAZ4cQB%2BAAdzcQB%2BAAkAAAACdwQAAAACdAAIdXNlcm5hbWV0AARwYXNzeHNxAH4ACQAAAAB3BAAAAAB4c3EAfgAMAAAACXQAJ2xvZ2luOzotbG9naW4td2l0aC12YWxpZC1jcmVkZW50aWFsczs7MXNxAH4AFHNxAH4ACQAAAAJ3BAAAAAJ0AAl1c2VybmFtZV90AAhwYXNzd29yZHhzcQB%2BAAkAAAAAdwQAAAAAeHNxAH4ADAAAAAp0ACdsb2dpbjs6LWxvZ2luLXdpdGgtdmFsaWQtY3JlZGVudGlhbHM7OzJ4]/[test:rO0ABXNyACBnaGVya2luLmZvcm1hdHRlci5tb2RlbC5TY2VuYXJpbwAAAAAAAAABAgABTAAEdHlwZXQAEkxqYXZhL2xhbmcvU3RyaW5nO3hyACRnaGVya2luLmZvcm1hdHRlci5tb2RlbC5UYWdTdGF0ZW1lbnQAAAAAAAAAAQIAAkwAAmlkcQB%2BAAFMAAR0YWdzdAAQTGphdmEvdXRpbC9MaXN0O3hyACpnaGVya2luLmZvcm1hdHRlci5tb2RlbC5EZXNjcmliZWRTdGF0ZW1lbnSJ6EO8iZCwhQIAAUwAC2Rlc2NyaXB0aW9ucQB%2BAAF4cgAmZ2hlcmtpbi5mb3JtYXR0ZXIubW9kZWwuQmFzaWNTdGF0ZW1lbnTzN8CLA1QVLwIABEwACGNvbW1lbnRzcQB%2BAANMAAdrZXl3b3JkcQB%2BAAFMAARsaW5ldAATTGphdmEvbGFuZy9JbnRlZ2VyO0wABG5hbWVxAH4AAXhyABpnaGVya2luLmZvcm1hdHRlci5NYXBwYWJsZeNgixT56MI1AgAAeHBzcgATamF2YS51dGlsLkFycmF5TGlzdHiB0h2Zx2GdAwABSQAEc2l6ZXhwAAAAAHcEAAAAAHh0ABBTY2VuYXJpbyBPdXRsaW5lc3IAEWphdmEubGFuZy5JbnRlZ2VyEuKgpPeBhzgCAAFJAAV2YWx1ZXhyABBqYXZhLmxhbmcuTnVtYmVyhqyVHQuU4IsCAAB4cAAAAAp0AB46IExvZ2luIHdpdGggdmFsaWQgY3JlZGVudGlhbHN0AAB0ACdsb2dpbjs6LWxvZ2luLXdpdGgtdmFsaWQtY3JlZGVudGlhbHM7OzJzcQB%2BAAkAAAAAdwQAAAAAeHQACHNjZW5hcmlv], displayName = 'And input "password" on password field', legacyReportingName = 'And input "password" on password field', source = null, tags = [], type = TEST], <unknown>)
java.lang.NoSuchMethodError: io.qameta.allure.model.TestResult.setTestCaseName(Ljava/lang/String;)Lio/qameta/allure/model/TestResult;
	at io.qameta.allure.junitplatform.AllureJunitPlatform.startTestCase(AllureJunitPlatform.java:425)
	at io.qameta.allure.junitplatform.AllureJunitPlatform.reportNested(AllureJunitPlatform.java:296)
	at io.qameta.allure.junitplatform.AllureJunitPlatform.executionSkipped(AllureJunitPlatform.java:189)
	at org.junit.platform.launcher.core.CompositeTestExecutionListener.lambda$executionSkipped$2(CompositeTestExecutionListener.java:52)
	at org.junit.platform.launcher.core.CompositeTestExecutionListener.lambda$notifyEach$19(CompositeTestExecutionListener.java:95)
	at java.base/java.util.ArrayList.forEach(ArrayList.java:1540)
	at org.junit.platform.launcher.core.CompositeTestExecutionListener.notifyEach(CompositeTestExecutionListener.java:93)
	at org.junit.platform.launcher.core.CompositeTestExecutionListener.executionSkipped(CompositeTestExecutionListener.java:52)
	at org.junit.platform.launcher.core.ExecutionListenerAdapter.executionSkipped(ExecutionListenerAdapter.java:51)
	at org.junit.platform.launcher.core.DelegatingEngineExecutionListener.executionSkipped(DelegatingEngineExecutionListener.java:36)
	at org.junit.platform.launcher.core.OutcomeDelayingEngineExecutionListener.executionSkipped(OutcomeDelayingEngineExecutionListener.java:44)
	at org.junit.vintage.engine.execution.RunListenerAdapter.fireExecutionSkipped(RunListenerAdapter.java:216)
	at org.junit.vintage.engine.execution.RunListenerAdapter.testIgnored(RunListenerAdapter.java:154)
	at org.junit.vintage.engine.execution.RunListenerAdapter.testIgnored(RunListenerAdapter.java:59)
	at org.junit.runner.notification.SynchronizedRunListener.testIgnored(SynchronizedRunListener.java:77)
	at org.junit.runner.notification.RunNotifier$6.notifyListener(RunNotifier.java:174)
	at org.junit.runner.notification.RunNotifier$SafeNotifier.run(RunNotifier.java:72)
	at org.junit.runner.notification.RunNotifier.fireTestIgnored(RunNotifier.java:171)
	at org.junit.internal.runners.model.EachTestNotifier.fireTestIgnored(EachTestNotifier.java:46)
	at cucumber.runtime.junit.JUnitReporter.result(JUnitReporter.java:96)
	at cucumber.runtime.Runtime.runStep(Runtime.java:294)
	at cucumber.runtime.model.StepContainer.runStep(StepContainer.java:44)
	at cucumber.runtime.model.StepContainer.runSteps(StepContainer.java:39)
	at cucumber.runtime.model.CucumberScenario.run(CucumberScenario.java:44)
	at cucumber.runtime.junit.ExecutionUnitRunner.run(ExecutionUnitRunner.java:102)
	at org.junit.runners.Suite.runChild(Suite.java:128)
	at org.junit.runners.Suite.runChild(Suite.java:27)
	at org.junit.runners.ParentRunner$3.run(ParentRunner.java:290)
	at org.junit.runners.ParentRunner$1.schedule(ParentRunner.java:71)
	at org.junit.runners.ParentRunner.runChildren(ParentRunner.java:288)
	at org.junit.runners.ParentRunner.access$000(ParentRunner.java:58)
	at org.junit.runners.ParentRunner$2.evaluate(ParentRunner.java:268)
	at org.junit.runners.ParentRunner.run(ParentRunner.java:363)
	at cucumber.runtime.junit.ExamplesRunner.run(ExamplesRunner.java:59)
	at org.junit.runners.Suite.runChild(Suite.java:128)
	at org.junit.runners.Suite.runChild(Suite.java:27)
	at org.junit.runners.ParentRunner$3.run(ParentRunner.java:290)
	at org.junit.runners.ParentRunner$1.schedule(ParentRunner.java:71)
	at org.junit.runners.ParentRunner.runChildren(ParentRunner.java:288)
	at org.junit.runners.ParentRunner.access$000(ParentRunner.java:58)
	at org.junit.runners.ParentRunner$2.evaluate(ParentRunner.java:268)
	at org.junit.runners.ParentRunner.run(ParentRunner.java:363)
	at cucumber.runtime.junit.ScenarioOutlineRunner.run(ScenarioOutlineRunner.java:53)
	at cucumber.runtime.junit.FeatureRunner.runChild(FeatureRunner.java:63)
	at cucumber.runtime.junit.FeatureRunner.runChild(FeatureRunner.java:18)
	at org.junit.runners.ParentRunner$3.run(ParentRunner.java:290)
	at org.junit.runners.ParentRunner$1.schedule(ParentRunner.java:71)
	at org.junit.runners.ParentRunner.runChildren(ParentRunner.java:288)
	at org.junit.runners.ParentRunner.access$000(ParentRunner.java:58)
	at org.junit.runners.ParentRunner$2.evaluate(ParentRunner.java:268)
	at org.junit.runners.ParentRunner.run(ParentRunner.java:363)
	at cucumber.runtime.junit.FeatureRunner.run(FeatureRunner.java:70)
	at cucumber.api.junit.Cucumber.runChild(Cucumber.java:95)
	at cucumber.api.junit.Cucumber.runChild(Cucumber.java:38)
	at org.junit.runners.ParentRunner$3.run(ParentRunner.java:290)
	at org.junit.runners.ParentRunner$1.schedule(ParentRunner.java:71)
	at org.junit.runners.ParentRunner.runChildren(ParentRunner.java:288)
	at org.junit.runners.ParentRunner.access$000(ParentRunner.java:58)
	at org.junit.runners.ParentRunner$2.evaluate(ParentRunner.java:268)
	at org.junit.runners.ParentRunner.run(ParentRunner.java:363)
	at cucumber.api.junit.Cucumber.run(Cucumber.java:100)
	at org.junit.runner.JUnitCore.run(JUnitCore.java:137)
	at org.junit.runner.JUnitCore.run(JUnitCore.java:115)
	at org.junit.vintage.engine.execution.RunnerExecutor.execute(RunnerExecutor.java:42)
	at org.junit.vintage.engine.VintageTestEngine.executeAllChildren(VintageTestEngine.java:80)
	at org.junit.vintage.engine.VintageTestEngine.execute(VintageTestEngine.java:72)
	at org.junit.platform.launcher.core.EngineExecutionOrchestrator.execute(EngineExecutionOrchestrator.java:107)
	at org.junit.platform.launcher.core.EngineExecutionOrchestrator.execute(EngineExecutionOrchestrator.java:88)
	at org.junit.platform.launcher.core.EngineExecutionOrchestrator.lambda$execute$0(EngineExecutionOrchestrator.java:54)
	at org.junit.platform.launcher.core.EngineExecutionOrchestrator.withInterceptedStreams(EngineExecutionOrchestrator.java:67)
	at org.junit.platform.launcher.core.EngineExecutionOrchestrator.execute(EngineExecutionOrchestrator.java:52)
	at org.junit.platform.launcher.core.DefaultLauncher.execute(DefaultLauncher.java:114)
	at org.junit.platform.launcher.core.DefaultLauncher.execute(DefaultLauncher.java:86)
	at org.junit.platform.launcher.core.DefaultLauncherSession$DelegatingLauncher.execute(DefaultLauncherSession.java:86)
	at org.apache.maven.surefire.junitplatform.LazyLauncher.execute(LazyLauncher.java:55)
	at org.apache.maven.surefire.junitplatform.JUnitPlatformProvider.execute(JUnitPlatformProvider.java:223)
	at org.apache.maven.surefire.junitplatform.JUnitPlatformProvider.invokeAllTests(JUnitPlatformProvider.java:175)
	at org.apache.maven.surefire.junitplatform.JUnitPlatformProvider.invoke(JUnitPlatformProvider.java:139)
	at org.apache.maven.surefire.booter.ForkedBooter.runSuitesInProcess(ForkedBooter.java:456)
	at org.apache.maven.surefire.booter.ForkedBooter.execute(ForkedBooter.java:169)
	at org.apache.maven.surefire.booter.ForkedBooter.run(ForkedBooter.java:595)
	at org.apache.maven.surefire.booter.ForkedBooter.main(ForkedBooter.java:581)

]]></system-err>
  </testcase>
  <testcase name="Then the user should be redirected to the home screen" classname="| username_ | password |" time="0">
    <skipped message="&lt;unknown&gt;"/>
    <system-err><![CDATA[Jun 01, 2023 1:22:37 PM org.junit.platform.launcher.core.CompositeTestExecutionListener lambda$notifyEach$19
WARNING: TestExecutionListener [io.qameta.allure.junitplatform.AllureJunitPlatform] threw exception for method: executionSkipped(TestIdentifier [uniqueId = [engine:junit-vintage]/[runner:MobileTest.FeatureSteps.RunCucumberTests]/[test:rO0ABXNyAB9naGVya2luLmZvcm1hdHRlci5tb2RlbC5GZWF0dXJlAAAAAAAAAAECAAB4cgAkZ2hlcmtpbi5mb3JtYXR0ZXIubW9kZWwuVGFnU3RhdGVtZW50AAAAAAAAAAECAAJMAAJpZHQAEkxqYXZhL2xhbmcvU3RyaW5nO0wABHRhZ3N0ABBMamF2YS91dGlsL0xpc3Q7eHIAKmdoZXJraW4uZm9ybWF0dGVyLm1vZGVsLkRlc2NyaWJlZFN0YXRlbWVudInoQ7yJkLCFAgABTAALZGVzY3JpcHRpb25xAH4AAnhyACZnaGVya2luLmZvcm1hdHRlci5tb2RlbC5CYXNpY1N0YXRlbWVudPM3wIsDVBUvAgAETAAIY29tbWVudHNxAH4AA0wAB2tleXdvcmRxAH4AAkwABGxpbmV0ABNMamF2YS9sYW5nL0ludGVnZXI7TAAEbmFtZXEAfgACeHIAGmdoZXJraW4uZm9ybWF0dGVyLk1hcHBhYmxl42CLFPnowjUCAAB4cHNyABNqYXZhLnV0aWwuQXJyYXlMaXN0eIHSHZnHYZ0DAAFJAARzaXpleHAAAAAAdwQAAAAAeHQAB0ZlYXR1cmVzcgARamF2YS5sYW5nLkludGVnZXIS4qCk94GHOAIAAUkABXZhbHVleHIAEGphdmEubGFuZy5OdW1iZXKGrJUdC5TgiwIAAHhwAAAAAXQABUxvZ2ludAAAdAAFbG9naW5zcQB%2BAAkAAAAAdwQAAAAAeA==]/[test:rO0ABXNyACdnaGVya2luLmZvcm1hdHRlci5tb2RlbC5TY2VuYXJpb091dGxpbmUAAAAAAAAAAQIAAUwABHR5cGV0ABJMamF2YS9sYW5nL1N0cmluZzt4cgAkZ2hlcmtpbi5mb3JtYXR0ZXIubW9kZWwuVGFnU3RhdGVtZW50AAAAAAAAAAECAAJMAAJpZHEAfgABTAAEdGFnc3QAEExqYXZhL3V0aWwvTGlzdDt4cgAqZ2hlcmtpbi5mb3JtYXR0ZXIubW9kZWwuRGVzY3JpYmVkU3RhdGVtZW50iehDvImQsIUCAAFMAAtkZXNjcmlwdGlvbnEAfgABeHIAJmdoZXJraW4uZm9ybWF0dGVyLm1vZGVsLkJhc2ljU3RhdGVtZW508zfAiwNUFS8CAARMAAhjb21tZW50c3EAfgADTAAHa2V5d29yZHEAfgABTAAEbGluZXQAE0xqYXZhL2xhbmcvSW50ZWdlcjtMAARuYW1lcQB%2BAAF4cgAaZ2hlcmtpbi5mb3JtYXR0ZXIuTWFwcGFibGXjYIsU%2BejCNQIAAHhwc3IAE2phdmEudXRpbC5BcnJheUxpc3R4gdIdmcdhnQMAAUkABHNpemV4cAAAAAB3BAAAAAB4dAAQU2NlbmFyaW8gT3V0bGluZXNyABFqYXZhLmxhbmcuSW50ZWdlchLioKT3gYc4AgABSQAFdmFsdWV4cgAQamF2YS5sYW5nLk51bWJlcoaslR0LlOCLAgAAeHAAAAACdAAeOiBMb2dpbiB3aXRoIHZhbGlkIGNyZWRlbnRpYWxzdAAAdAAkbG9naW47Oi1sb2dpbi13aXRoLXZhbGlkLWNyZWRlbnRpYWxzc3EAfgAJAAAAAHcEAAAAAHh0ABBzY2VuYXJpb19vdXRsaW5l]/[test:rO0ABXNyACBnaGVya2luLmZvcm1hdHRlci5tb2RlbC5FeGFtcGxlcwAAAAAAAAABAgABTAAEcm93c3QAEExqYXZhL3V0aWwvTGlzdDt4cgAkZ2hlcmtpbi5mb3JtYXR0ZXIubW9kZWwuVGFnU3RhdGVtZW50AAAAAAAAAAECAAJMAAJpZHQAEkxqYXZhL2xhbmcvU3RyaW5nO0wABHRhZ3NxAH4AAXhyACpnaGVya2luLmZvcm1hdHRlci5tb2RlbC5EZXNjcmliZWRTdGF0ZW1lbnSJ6EO8iZCwhQIAAUwAC2Rlc2NyaXB0aW9ucQB%2BAAN4cgAmZ2hlcmtpbi5mb3JtYXR0ZXIubW9kZWwuQmFzaWNTdGF0ZW1lbnTzN8CLA1QVLwIABEwACGNvbW1lbnRzcQB%2BAAFMAAdrZXl3b3JkcQB%2BAANMAARsaW5ldAATTGphdmEvbGFuZy9JbnRlZ2VyO0wABG5hbWVxAH4AA3hyABpnaGVya2luLmZvcm1hdHRlci5NYXBwYWJsZeNgixT56MI1AgAAeHBzcgATamF2YS51dGlsLkFycmF5TGlzdHiB0h2Zx2GdAwABSQAEc2l6ZXhwAAAAAHcEAAAAAHh0AAhFeGFtcGxlc3NyABFqYXZhLmxhbmcuSW50ZWdlchLioKT3gYc4AgABSQAFdmFsdWV4cgAQamF2YS5sYW5nLk51bWJlcoaslR0LlOCLAgAAeHAAAAAIdAAAdAAAdAAlbG9naW47Oi1sb2dpbi13aXRoLXZhbGlkLWNyZWRlbnRpYWxzO3NxAH4ACQAAAAB3BAAAAAB4c3EAfgAJAAAAAncEAAAAAnNyAChnaGVya2luLmZvcm1hdHRlci5tb2RlbC5FeGFtcGxlc1RhYmxlUm93AAAAAAAAAAECAAFMAAJpZHEAfgADeHIAG2doZXJraW4uZm9ybWF0dGVyLm1vZGVsLlJvdwkayqrbzNUXAgADTAAFY2VsbHNxAH4AAUwACGNvbW1lbnRzcQB%2BAAFMAARsaW5lcQB%2BAAZ4cQB%2BAAdzcQB%2BAAkAAAACdwQAAAACdAAIdXNlcm5hbWV0AARwYXNzeHNxAH4ACQAAAAB3BAAAAAB4c3EAfgAMAAAACXQAJ2xvZ2luOzotbG9naW4td2l0aC12YWxpZC1jcmVkZW50aWFsczs7MXNxAH4AFHNxAH4ACQAAAAJ3BAAAAAJ0AAl1c2VybmFtZV90AAhwYXNzd29yZHhzcQB%2BAAkAAAAAdwQAAAAAeHNxAH4ADAAAAAp0ACdsb2dpbjs6LWxvZ2luLXdpdGgtdmFsaWQtY3JlZGVudGlhbHM7OzJ4]/[test:rO0ABXNyACBnaGVya2luLmZvcm1hdHRlci5tb2RlbC5TY2VuYXJpbwAAAAAAAAABAgABTAAEdHlwZXQAEkxqYXZhL2xhbmcvU3RyaW5nO3hyACRnaGVya2luLmZvcm1hdHRlci5tb2RlbC5UYWdTdGF0ZW1lbnQAAAAAAAAAAQIAAkwAAmlkcQB%2BAAFMAAR0YWdzdAAQTGphdmEvdXRpbC9MaXN0O3hyACpnaGVya2luLmZvcm1hdHRlci5tb2RlbC5EZXNjcmliZWRTdGF0ZW1lbnSJ6EO8iZCwhQIAAUwAC2Rlc2NyaXB0aW9ucQB%2BAAF4cgAmZ2hlcmtpbi5mb3JtYXR0ZXIubW9kZWwuQmFzaWNTdGF0ZW1lbnTzN8CLA1QVLwIABEwACGNvbW1lbnRzcQB%2BAANMAAdrZXl3b3JkcQB%2BAAFMAARsaW5ldAATTGphdmEvbGFuZy9JbnRlZ2VyO0wABG5hbWVxAH4AAXhyABpnaGVya2luLmZvcm1hdHRlci5NYXBwYWJsZeNgixT56MI1AgAAeHBzcgATamF2YS51dGlsLkFycmF5TGlzdHiB0h2Zx2GdAwABSQAEc2l6ZXhwAAAAAHcEAAAAAHh0ABBTY2VuYXJpbyBPdXRsaW5lc3IAEWphdmEubGFuZy5JbnRlZ2VyEuKgpPeBhzgCAAFJAAV2YWx1ZXhyABBqYXZhLmxhbmcuTnVtYmVyhqyVHQuU4IsCAAB4cAAAAAp0AB46IExvZ2luIHdpdGggdmFsaWQgY3JlZGVudGlhbHN0AAB0ACdsb2dpbjs6LWxvZ2luLXdpdGgtdmFsaWQtY3JlZGVudGlhbHM7OzJzcQB%2BAAkAAAAAdwQAAAAAeHQACHNjZW5hcmlv]/[test:rO0ABXNyACJjdWN1bWJlci5ydW50aW1lLm1vZGVsLkV4YW1wbGVTdGVwx4eRvsG70B0CAAFMAA5tYXRjaGVkQ29sdW1uc3QAD0xqYXZhL3V0aWwvU2V0O3hyABxnaGVya2luLmZvcm1hdHRlci5tb2RlbC5TdGVwAAAAAAAAAAECAAJMAApkb2Nfc3RyaW5ndAAjTGdoZXJraW4vZm9ybWF0dGVyL21vZGVsL0RvY1N0cmluZztMAARyb3dzdAAQTGphdmEvdXRpbC9MaXN0O3hyACZnaGVya2luLmZvcm1hdHRlci5tb2RlbC5CYXNpY1N0YXRlbWVudPM3wIsDVBUvAgAETAAIY29tbWVudHNxAH4ABEwAB2tleXdvcmR0ABJMamF2YS9sYW5nL1N0cmluZztMAARsaW5ldAATTGphdmEvbGFuZy9JbnRlZ2VyO0wABG5hbWVxAH4ABnhyABpnaGVya2luLmZvcm1hdHRlci5NYXBwYWJsZeNgixT56MI1AgAAeHBzcgATamF2YS51dGlsLkFycmF5TGlzdHiB0h2Zx2GdAwABSQAEc2l6ZXhwAAAAAHcEAAAAAHh0AAVUaGVuIHNyABFqYXZhLmxhbmcuSW50ZWdlchLioKT3gYc4AgABSQAFdmFsdWV4cgAQamF2YS5sYW5nLk51bWJlcoaslR0LlOCLAgAAeHAAAAAGdAAwdGhlIHVzZXIgc2hvdWxkIGJlIHJlZGlyZWN0ZWQgdG8gdGhlIGhvbWUgc2NyZWVucHBzcgARamF2YS51dGlsLkhhc2hTZXS6RIWVlri3NAMAAHhwdwwAAAAQP0AAAAAAAAB4], parentId = [engine:junit-vintage]/[runner:MobileTest.FeatureSteps.RunCucumberTests]/[test:rO0ABXNyAB9naGVya2luLmZvcm1hdHRlci5tb2RlbC5GZWF0dXJlAAAAAAAAAAECAAB4cgAkZ2hlcmtpbi5mb3JtYXR0ZXIubW9kZWwuVGFnU3RhdGVtZW50AAAAAAAAAAECAAJMAAJpZHQAEkxqYXZhL2xhbmcvU3RyaW5nO0wABHRhZ3N0ABBMamF2YS91dGlsL0xpc3Q7eHIAKmdoZXJraW4uZm9ybWF0dGVyLm1vZGVsLkRlc2NyaWJlZFN0YXRlbWVudInoQ7yJkLCFAgABTAALZGVzY3JpcHRpb25xAH4AAnhyACZnaGVya2luLmZvcm1hdHRlci5tb2RlbC5CYXNpY1N0YXRlbWVudPM3wIsDVBUvAgAETAAIY29tbWVudHNxAH4AA0wAB2tleXdvcmRxAH4AAkwABGxpbmV0ABNMamF2YS9sYW5nL0ludGVnZXI7TAAEbmFtZXEAfgACeHIAGmdoZXJraW4uZm9ybWF0dGVyLk1hcHBhYmxl42CLFPnowjUCAAB4cHNyABNqYXZhLnV0aWwuQXJyYXlMaXN0eIHSHZnHYZ0DAAFJAARzaXpleHAAAAAAdwQAAAAAeHQAB0ZlYXR1cmVzcgARamF2YS5sYW5nLkludGVnZXIS4qCk94GHOAIAAUkABXZhbHVleHIAEGphdmEubGFuZy5OdW1iZXKGrJUdC5TgiwIAAHhwAAAAAXQABUxvZ2ludAAAdAAFbG9naW5zcQB%2BAAkAAAAAdwQAAAAAeA==]/[test:rO0ABXNyACdnaGVya2luLmZvcm1hdHRlci5tb2RlbC5TY2VuYXJpb091dGxpbmUAAAAAAAAAAQIAAUwABHR5cGV0ABJMamF2YS9sYW5nL1N0cmluZzt4cgAkZ2hlcmtpbi5mb3JtYXR0ZXIubW9kZWwuVGFnU3RhdGVtZW50AAAAAAAAAAECAAJMAAJpZHEAfgABTAAEdGFnc3QAEExqYXZhL3V0aWwvTGlzdDt4cgAqZ2hlcmtpbi5mb3JtYXR0ZXIubW9kZWwuRGVzY3JpYmVkU3RhdGVtZW50iehDvImQsIUCAAFMAAtkZXNjcmlwdGlvbnEAfgABeHIAJmdoZXJraW4uZm9ybWF0dGVyLm1vZGVsLkJhc2ljU3RhdGVtZW508zfAiwNUFS8CAARMAAhjb21tZW50c3EAfgADTAAHa2V5d29yZHEAfgABTAAEbGluZXQAE0xqYXZhL2xhbmcvSW50ZWdlcjtMAARuYW1lcQB%2BAAF4cgAaZ2hlcmtpbi5mb3JtYXR0ZXIuTWFwcGFibGXjYIsU%2BejCNQIAAHhwc3IAE2phdmEudXRpbC5BcnJheUxpc3R4gdIdmcdhnQMAAUkABHNpemV4cAAAAAB3BAAAAAB4dAAQU2NlbmFyaW8gT3V0bGluZXNyABFqYXZhLmxhbmcuSW50ZWdlchLioKT3gYc4AgABSQAFdmFsdWV4cgAQamF2YS5sYW5nLk51bWJlcoaslR0LlOCLAgAAeHAAAAACdAAeOiBMb2dpbiB3aXRoIHZhbGlkIGNyZWRlbnRpYWxzdAAAdAAkbG9naW47Oi1sb2dpbi13aXRoLXZhbGlkLWNyZWRlbnRpYWxzc3EAfgAJAAAAAHcEAAAAAHh0ABBzY2VuYXJpb19vdXRsaW5l]/[test:rO0ABXNyACBnaGVya2luLmZvcm1hdHRlci5tb2RlbC5FeGFtcGxlcwAAAAAAAAABAgABTAAEcm93c3QAEExqYXZhL3V0aWwvTGlzdDt4cgAkZ2hlcmtpbi5mb3JtYXR0ZXIubW9kZWwuVGFnU3RhdGVtZW50AAAAAAAAAAECAAJMAAJpZHQAEkxqYXZhL2xhbmcvU3RyaW5nO0wABHRhZ3NxAH4AAXhyACpnaGVya2luLmZvcm1hdHRlci5tb2RlbC5EZXNjcmliZWRTdGF0ZW1lbnSJ6EO8iZCwhQIAAUwAC2Rlc2NyaXB0aW9ucQB%2BAAN4cgAmZ2hlcmtpbi5mb3JtYXR0ZXIubW9kZWwuQmFzaWNTdGF0ZW1lbnTzN8CLA1QVLwIABEwACGNvbW1lbnRzcQB%2BAAFMAAdrZXl3b3JkcQB%2BAANMAARsaW5ldAATTGphdmEvbGFuZy9JbnRlZ2VyO0wABG5hbWVxAH4AA3hyABpnaGVya2luLmZvcm1hdHRlci5NYXBwYWJsZeNgixT56MI1AgAAeHBzcgATamF2YS51dGlsLkFycmF5TGlzdHiB0h2Zx2GdAwABSQAEc2l6ZXhwAAAAAHcEAAAAAHh0AAhFeGFtcGxlc3NyABFqYXZhLmxhbmcuSW50ZWdlchLioKT3gYc4AgABSQAFdmFsdWV4cgAQamF2YS5sYW5nLk51bWJlcoaslR0LlOCLAgAAeHAAAAAIdAAAdAAAdAAlbG9naW47Oi1sb2dpbi13aXRoLXZhbGlkLWNyZWRlbnRpYWxzO3NxAH4ACQAAAAB3BAAAAAB4c3EAfgAJAAAAAncEAAAAAnNyAChnaGVya2luLmZvcm1hdHRlci5tb2RlbC5FeGFtcGxlc1RhYmxlUm93AAAAAAAAAAECAAFMAAJpZHEAfgADeHIAG2doZXJraW4uZm9ybWF0dGVyLm1vZGVsLlJvdwkayqrbzNUXAgADTAAFY2VsbHNxAH4AAUwACGNvbW1lbnRzcQB%2BAAFMAARsaW5lcQB%2BAAZ4cQB%2BAAdzcQB%2BAAkAAAACdwQAAAACdAAIdXNlcm5hbWV0AARwYXNzeHNxAH4ACQAAAAB3BAAAAAB4c3EAfgAMAAAACXQAJ2xvZ2luOzotbG9naW4td2l0aC12YWxpZC1jcmVkZW50aWFsczs7MXNxAH4AFHNxAH4ACQAAAAJ3BAAAAAJ0AAl1c2VybmFtZV90AAhwYXNzd29yZHhzcQB%2BAAkAAAAAdwQAAAAAeHNxAH4ADAAAAAp0ACdsb2dpbjs6LWxvZ2luLXdpdGgtdmFsaWQtY3JlZGVudGlhbHM7OzJ4]/[test:rO0ABXNyACBnaGVya2luLmZvcm1hdHRlci5tb2RlbC5TY2VuYXJpbwAAAAAAAAABAgABTAAEdHlwZXQAEkxqYXZhL2xhbmcvU3RyaW5nO3hyACRnaGVya2luLmZvcm1hdHRlci5tb2RlbC5UYWdTdGF0ZW1lbnQAAAAAAAAAAQIAAkwAAmlkcQB%2BAAFMAAR0YWdzdAAQTGphdmEvdXRpbC9MaXN0O3hyACpnaGVya2luLmZvcm1hdHRlci5tb2RlbC5EZXNjcmliZWRTdGF0ZW1lbnSJ6EO8iZCwhQIAAUwAC2Rlc2NyaXB0aW9ucQB%2BAAF4cgAmZ2hlcmtpbi5mb3JtYXR0ZXIubW9kZWwuQmFzaWNTdGF0ZW1lbnTzN8CLA1QVLwIABEwACGNvbW1lbnRzcQB%2BAANMAAdrZXl3b3JkcQB%2BAAFMAARsaW5ldAATTGphdmEvbGFuZy9JbnRlZ2VyO0wABG5hbWVxAH4AAXhyABpnaGVya2luLmZvcm1hdHRlci5NYXBwYWJsZeNgixT56MI1AgAAeHBzcgATamF2YS51dGlsLkFycmF5TGlzdHiB0h2Zx2GdAwABSQAEc2l6ZXhwAAAAAHcEAAAAAHh0ABBTY2VuYXJpbyBPdXRsaW5lc3IAEWphdmEubGFuZy5JbnRlZ2VyEuKgpPeBhzgCAAFJAAV2YWx1ZXhyABBqYXZhLmxhbmcuTnVtYmVyhqyVHQuU4IsCAAB4cAAAAAp0AB46IExvZ2luIHdpdGggdmFsaWQgY3JlZGVudGlhbHN0AAB0ACdsb2dpbjs6LWxvZ2luLXdpdGgtdmFsaWQtY3JlZGVudGlhbHM7OzJzcQB%2BAAkAAAAAdwQAAAAAeHQACHNjZW5hcmlv], displayName = 'Then the user should be redirected to the home screen', legacyReportingName = 'Then the user should be redirected to the home screen', source = null, tags = [], type = TEST], <unknown>)
java.lang.NoSuchMethodError: io.qameta.allure.model.TestResult.setTestCaseName(Ljava/lang/String;)Lio/qameta/allure/model/TestResult;
	at io.qameta.allure.junitplatform.AllureJunitPlatform.startTestCase(AllureJunitPlatform.java:425)
	at io.qameta.allure.junitplatform.AllureJunitPlatform.reportNested(AllureJunitPlatform.java:296)
	at io.qameta.allure.junitplatform.AllureJunitPlatform.executionSkipped(AllureJunitPlatform.java:189)
	at org.junit.platform.launcher.core.CompositeTestExecutionListener.lambda$executionSkipped$2(CompositeTestExecutionListener.java:52)
	at org.junit.platform.launcher.core.CompositeTestExecutionListener.lambda$notifyEach$19(CompositeTestExecutionListener.java:95)
	at java.base/java.util.ArrayList.forEach(ArrayList.java:1540)
	at org.junit.platform.launcher.core.CompositeTestExecutionListener.notifyEach(CompositeTestExecutionListener.java:93)
	at org.junit.platform.launcher.core.CompositeTestExecutionListener.executionSkipped(CompositeTestExecutionListener.java:52)
	at org.junit.platform.launcher.core.ExecutionListenerAdapter.executionSkipped(ExecutionListenerAdapter.java:51)
	at org.junit.platform.launcher.core.DelegatingEngineExecutionListener.executionSkipped(DelegatingEngineExecutionListener.java:36)
	at org.junit.platform.launcher.core.OutcomeDelayingEngineExecutionListener.executionSkipped(OutcomeDelayingEngineExecutionListener.java:44)
	at org.junit.vintage.engine.execution.RunListenerAdapter.fireExecutionSkipped(RunListenerAdapter.java:216)
	at org.junit.vintage.engine.execution.RunListenerAdapter.testIgnored(RunListenerAdapter.java:154)
	at org.junit.vintage.engine.execution.RunListenerAdapter.testIgnored(RunListenerAdapter.java:59)
	at org.junit.runner.notification.SynchronizedRunListener.testIgnored(SynchronizedRunListener.java:77)
	at org.junit.runner.notification.RunNotifier$6.notifyListener(RunNotifier.java:174)
	at org.junit.runner.notification.RunNotifier$SafeNotifier.run(RunNotifier.java:72)
	at org.junit.runner.notification.RunNotifier.fireTestIgnored(RunNotifier.java:171)
	at org.junit.internal.runners.model.EachTestNotifier.fireTestIgnored(EachTestNotifier.java:46)
	at cucumber.runtime.junit.JUnitReporter.result(JUnitReporter.java:96)
	at cucumber.runtime.Runtime.runStep(Runtime.java:294)
	at cucumber.runtime.model.StepContainer.runStep(StepContainer.java:44)
	at cucumber.runtime.model.StepContainer.runSteps(StepContainer.java:39)
	at cucumber.runtime.model.CucumberScenario.run(CucumberScenario.java:44)
	at cucumber.runtime.junit.ExecutionUnitRunner.run(ExecutionUnitRunner.java:102)
	at org.junit.runners.Suite.runChild(Suite.java:128)
	at org.junit.runners.Suite.runChild(Suite.java:27)
	at org.junit.runners.ParentRunner$3.run(ParentRunner.java:290)
	at org.junit.runners.ParentRunner$1.schedule(ParentRunner.java:71)
	at org.junit.runners.ParentRunner.runChildren(ParentRunner.java:288)
	at org.junit.runners.ParentRunner.access$000(ParentRunner.java:58)
	at org.junit.runners.ParentRunner$2.evaluate(ParentRunner.java:268)
	at org.junit.runners.ParentRunner.run(ParentRunner.java:363)
	at cucumber.runtime.junit.ExamplesRunner.run(ExamplesRunner.java:59)
	at org.junit.runners.Suite.runChild(Suite.java:128)
	at org.junit.runners.Suite.runChild(Suite.java:27)
	at org.junit.runners.ParentRunner$3.run(ParentRunner.java:290)
	at org.junit.runners.ParentRunner$1.schedule(ParentRunner.java:71)
	at org.junit.runners.ParentRunner.runChildren(ParentRunner.java:288)
	at org.junit.runners.ParentRunner.access$000(ParentRunner.java:58)
	at org.junit.runners.ParentRunner$2.evaluate(ParentRunner.java:268)
	at org.junit.runners.ParentRunner.run(ParentRunner.java:363)
	at cucumber.runtime.junit.ScenarioOutlineRunner.run(ScenarioOutlineRunner.java:53)
	at cucumber.runtime.junit.FeatureRunner.runChild(FeatureRunner.java:63)
	at cucumber.runtime.junit.FeatureRunner.runChild(FeatureRunner.java:18)
	at org.junit.runners.ParentRunner$3.run(ParentRunner.java:290)
	at org.junit.runners.ParentRunner$1.schedule(ParentRunner.java:71)
	at org.junit.runners.ParentRunner.runChildren(ParentRunner.java:288)
	at org.junit.runners.ParentRunner.access$000(ParentRunner.java:58)
	at org.junit.runners.ParentRunner$2.evaluate(ParentRunner.java:268)
	at org.junit.runners.ParentRunner.run(ParentRunner.java:363)
	at cucumber.runtime.junit.FeatureRunner.run(FeatureRunner.java:70)
	at cucumber.api.junit.Cucumber.runChild(Cucumber.java:95)
	at cucumber.api.junit.Cucumber.runChild(Cucumber.java:38)
	at org.junit.runners.ParentRunner$3.run(ParentRunner.java:290)
	at org.junit.runners.ParentRunner$1.schedule(ParentRunner.java:71)
	at org.junit.runners.ParentRunner.runChildren(ParentRunner.java:288)
	at org.junit.runners.ParentRunner.access$000(ParentRunner.java:58)
	at org.junit.runners.ParentRunner$2.evaluate(ParentRunner.java:268)
	at org.junit.runners.ParentRunner.run(ParentRunner.java:363)
	at cucumber.api.junit.Cucumber.run(Cucumber.java:100)
	at org.junit.runner.JUnitCore.run(JUnitCore.java:137)
	at org.junit.runner.JUnitCore.run(JUnitCore.java:115)
	at org.junit.vintage.engine.execution.RunnerExecutor.execute(RunnerExecutor.java:42)
	at org.junit.vintage.engine.VintageTestEngine.executeAllChildren(VintageTestEngine.java:80)
	at org.junit.vintage.engine.VintageTestEngine.execute(VintageTestEngine.java:72)
	at org.junit.platform.launcher.core.EngineExecutionOrchestrator.execute(EngineExecutionOrchestrator.java:107)
	at org.junit.platform.launcher.core.EngineExecutionOrchestrator.execute(EngineExecutionOrchestrator.java:88)
	at org.junit.platform.launcher.core.EngineExecutionOrchestrator.lambda$execute$0(EngineExecutionOrchestrator.java:54)
	at org.junit.platform.launcher.core.EngineExecutionOrchestrator.withInterceptedStreams(EngineExecutionOrchestrator.java:67)
	at org.junit.platform.launcher.core.EngineExecutionOrchestrator.execute(EngineExecutionOrchestrator.java:52)
	at org.junit.platform.launcher.core.DefaultLauncher.execute(DefaultLauncher.java:114)
	at org.junit.platform.launcher.core.DefaultLauncher.execute(DefaultLauncher.java:86)
	at org.junit.platform.launcher.core.DefaultLauncherSession$DelegatingLauncher.execute(DefaultLauncherSession.java:86)
	at org.apache.maven.surefire.junitplatform.LazyLauncher.execute(LazyLauncher.java:55)
	at org.apache.maven.surefire.junitplatform.JUnitPlatformProvider.execute(JUnitPlatformProvider.java:223)
	at org.apache.maven.surefire.junitplatform.JUnitPlatformProvider.invokeAllTests(JUnitPlatformProvider.java:175)
	at org.apache.maven.surefire.junitplatform.JUnitPlatformProvider.invoke(JUnitPlatformProvider.java:139)
	at org.apache.maven.surefire.booter.ForkedBooter.runSuitesInProcess(ForkedBooter.java:456)
	at org.apache.maven.surefire.booter.ForkedBooter.execute(ForkedBooter.java:169)
	at org.apache.maven.surefire.booter.ForkedBooter.run(ForkedBooter.java:595)
	at org.apache.maven.surefire.booter.ForkedBooter.main(ForkedBooter.java:581)

]]></system-err>
  </testcase>
  <testcase name="| username_ | password |" classname="Examples: " time="0.114">
    <error message="Connection refused: connect&#10;Build info: version: &apos;3.141.59&apos;, revision: &apos;e82be7d358&apos;, time: &apos;2018-11-14T08:17:03&apos;&#10;System info: host: &apos;LAPTOP-PDD67UF8&apos;, ip: &apos;192.168.9.2&apos;, os.name: &apos;Windows 10&apos;, os.arch: &apos;amd64&apos;, os.version: &apos;10.0&apos;, java.version: &apos;11.0.5&apos;&#10;Driver info: driver.version: AndroidDriver" type="org.openqa.selenium.WebDriverException"><![CDATA[org.openqa.selenium.WebDriverException: 
Connection refused: connect
Build info: version: '3.141.59', revision: 'e82be7d358', time: '2018-11-14T08:17:03'
System info: host: 'LAPTOP-PDD67UF8', ip: '192.168.9.2', os.name: 'Windows 10', os.arch: 'amd64', os.version: '10.0', java.version: '11.0.5'
Driver info: driver.version: AndroidDriver
	at io.appium.java_client.remote.AppiumCommandExecutor.lambda$5(AppiumCommandExecutor.java:251)
	at java.base/java.util.Optional.orElseGet(Optional.java:369)
	at io.appium.java_client.remote.AppiumCommandExecutor.execute(AppiumCommandExecutor.java:250)
	at org.openqa.selenium.remote.RemoteWebDriver.execute(RemoteWebDriver.java:548)
	at io.appium.java_client.DefaultGenericMobileDriver.execute(DefaultGenericMobileDriver.java:41)
	at io.appium.java_client.AppiumDriver.execute(AppiumDriver.java:1)
	at io.appium.java_client.android.AndroidDriver.execute(AndroidDriver.java:1)
	at org.openqa.selenium.remote.RemoteWebDriver.startSession(RemoteWebDriver.java:212)
	at io.appium.java_client.AppiumDriver.startSession(AppiumDriver.java:336)
	at org.openqa.selenium.remote.RemoteWebDriver.<init>(RemoteWebDriver.java:130)
	at io.appium.java_client.DefaultGenericMobileDriver.<init>(DefaultGenericMobileDriver.java:37)
[...]
	at java.base/jdk.internal.reflect.NativeMethodAccessorImpl.invoke0(Native Method)
	at java.base/jdk.internal.reflect.NativeMethodAccessorImpl.invoke(NativeMethodAccessorImpl.java:62)
	at java.base/jdk.internal.reflect.DelegatingMethodAccessorImpl.invoke(DelegatingMethodAccessorImpl.java:43)
	at java.base/java.lang.reflect.Method.invoke(Method.java:566)
	at cucumber.runtime.Utils$1.call(Utils.java:40)
	at cucumber.runtime.Timeout.timeout(Timeout.java:16)
	at cucumber.runtime.Utils.invoke(Utils.java:34)
	at cucumber.runtime.java.JavaStepDefinition.execute(JavaStepDefinition.java:38)
	at cucumber.runtime.StepDefinitionMatch.runStep(StepDefinitionMatch.java:37)
	at cucumber.runtime.Runtime.runStep(Runtime.java:300)
	at cucumber.runtime.model.StepContainer.runStep(StepContainer.java:44)
	at cucumber.runtime.model.StepContainer.runSteps(StepContainer.java:39)
	at cucumber.runtime.model.CucumberScenario.run(CucumberScenario.java:44)
	at cucumber.runtime.junit.ExecutionUnitRunner.run(ExecutionUnitRunner.java:102)
	at org.junit.runners.Suite.runChild(Suite.java:128)
	at org.junit.runners.Suite.runChild(Suite.java:27)
	at org.junit.runners.ParentRunner$3.run(ParentRunner.java:290)
	at org.junit.runners.ParentRunner$1.schedule(ParentRunner.java:71)
	at org.junit.runners.ParentRunner.runChildren(ParentRunner.java:288)
	at org.junit.runners.ParentRunner.access$000(ParentRunner.java:58)
	at org.junit.runners.ParentRunner$2.evaluate(ParentRunner.java:268)
	at org.junit.runners.ParentRunner.run(ParentRunner.java:363)
	at cucumber.runtime.junit.ExamplesRunner.run(ExamplesRunner.java:59)
	at org.junit.runners.Suite.runChild(Suite.java:128)
	at org.junit.runners.Suite.runChild(Suite.java:27)
	at org.junit.runners.ParentRunner$3.run(ParentRunner.java:290)
	at org.junit.runners.ParentRunner$1.schedule(ParentRunner.java:71)
	at org.junit.runners.ParentRunner.runChildren(ParentRunner.java:288)
	at org.junit.runners.ParentRunner.access$000(ParentRunner.java:58)
	at org.junit.runners.ParentRunner$2.evaluate(ParentRunner.java:268)
	at org.junit.runners.ParentRunner.run(ParentRunner.java:363)
	at cucumber.runtime.junit.ScenarioOutlineRunner.run(ScenarioOutlineRunner.java:53)
	at cucumber.runtime.junit.FeatureRunner.runChild(FeatureRunner.java:63)
	at cucumber.runtime.junit.FeatureRunner.runChild(FeatureRunner.java:18)
	at org.junit.runners.ParentRunner$3.run(ParentRunner.java:290)
	at org.junit.runners.ParentRunner$1.schedule(ParentRunner.java:71)
	at org.junit.runners.ParentRunner.runChildren(ParentRunner.java:288)
	at org.junit.runners.ParentRunner.access$000(ParentRunner.java:58)
	at org.junit.runners.ParentRunner$2.evaluate(ParentRunner.java:268)
	at org.junit.runners.ParentRunner.run(ParentRunner.java:363)
	at cucumber.runtime.junit.FeatureRunner.run(FeatureRunner.java:70)
	at cucumber.api.junit.Cucumber.runChild(Cucumber.java:95)
	at cucumber.api.junit.Cucumber.runChild(Cucumber.java:38)
	at org.junit.runners.ParentRunner$3.run(ParentRunner.java:290)
	at org.junit.runners.ParentRunner$1.schedule(ParentRunner.java:71)
	at org.junit.runners.ParentRunner.runChildren(ParentRunner.java:288)
	at org.junit.runners.ParentRunner.access$000(ParentRunner.java:58)
	at org.junit.runners.ParentRunner$2.evaluate(ParentRunner.java:268)
	at org.junit.runners.ParentRunner.run(ParentRunner.java:363)
	at cucumber.api.junit.Cucumber.run(Cucumber.java:100)
	at org.junit.runner.JUnitCore.run(JUnitCore.java:137)
	at org.junit.runner.JUnitCore.run(JUnitCore.java:115)
	at org.junit.vintage.engine.execution.RunnerExecutor.execute(RunnerExecutor.java:42)
	at org.junit.vintage.engine.VintageTestEngine.executeAllChildren(VintageTestEngine.java:80)
	at org.junit.vintage.engine.VintageTestEngine.execute(VintageTestEngine.java:72)
	at org.junit.platform.launcher.core.EngineExecutionOrchestrator.execute(EngineExecutionOrchestrator.java:107)
	at org.junit.platform.launcher.core.EngineExecutionOrchestrator.execute(EngineExecutionOrchestrator.java:88)
	at org.junit.platform.launcher.core.EngineExecutionOrchestrator.lambda$execute$0(EngineExecutionOrchestrator.java:54)
	at org.junit.platform.launcher.core.EngineExecutionOrchestrator.withInterceptedStreams(EngineExecutionOrchestrator.java:67)
	at org.junit.platform.launcher.core.EngineExecutionOrchestrator.execute(EngineExecutionOrchestrator.java:52)
	at org.junit.platform.launcher.core.DefaultLauncher.execute(DefaultLauncher.java:114)
	at org.junit.platform.launcher.core.DefaultLauncher.execute(DefaultLauncher.java:86)
	at org.junit.platform.launcher.core.DefaultLauncherSession$DelegatingLauncher.execute(DefaultLauncherSession.java:86)
	at org.apache.maven.surefire.junitplatform.LazyLauncher.execute(LazyLauncher.java:55)
	at org.apache.maven.surefire.junitplatform.JUnitPlatformProvider.execute(JUnitPlatformProvider.java:223)
	at org.apache.maven.surefire.junitplatform.JUnitPlatformProvider.invokeAllTests(JUnitPlatformProvider.java:175)
	at org.apache.maven.surefire.junitplatform.JUnitPlatformProvider.invoke(JUnitPlatformProvider.java:139)
	at org.apache.maven.surefire.booter.ForkedBooter.runSuitesInProcess(ForkedBooter.java:456)
	at org.apache.maven.surefire.booter.ForkedBooter.execute(ForkedBooter.java:169)
	at org.apache.maven.surefire.booter.ForkedBooter.run(ForkedBooter.java:595)
	at org.apache.maven.surefire.booter.ForkedBooter.main(ForkedBooter.java:581)
]]></error>
    <system-err><![CDATA[Jun 01, 2023 1:22:37 PM org.junit.platform.launcher.core.CompositeTestExecutionListener lambda$notifyEach$19
WARNING: TestExecutionListener [io.qameta.allure.junitplatform.AllureJunitPlatform] threw exception for method: executionFinished(TestIdentifier [uniqueId = [engine:junit-vintage]/[runner:MobileTest.FeatureSteps.RunCucumberTests]/[test:rO0ABXNyAB9naGVya2luLmZvcm1hdHRlci5tb2RlbC5GZWF0dXJlAAAAAAAAAAECAAB4cgAkZ2hlcmtpbi5mb3JtYXR0ZXIubW9kZWwuVGFnU3RhdGVtZW50AAAAAAAAAAECAAJMAAJpZHQAEkxqYXZhL2xhbmcvU3RyaW5nO0wABHRhZ3N0ABBMamF2YS91dGlsL0xpc3Q7eHIAKmdoZXJraW4uZm9ybWF0dGVyLm1vZGVsLkRlc2NyaWJlZFN0YXRlbWVudInoQ7yJkLCFAgABTAALZGVzY3JpcHRpb25xAH4AAnhyACZnaGVya2luLmZvcm1hdHRlci5tb2RlbC5CYXNpY1N0YXRlbWVudPM3wIsDVBUvAgAETAAIY29tbWVudHNxAH4AA0wAB2tleXdvcmRxAH4AAkwABGxpbmV0ABNMamF2YS9sYW5nL0ludGVnZXI7TAAEbmFtZXEAfgACeHIAGmdoZXJraW4uZm9ybWF0dGVyLk1hcHBhYmxl42CLFPnowjUCAAB4cHNyABNqYXZhLnV0aWwuQXJyYXlMaXN0eIHSHZnHYZ0DAAFJAARzaXpleHAAAAAAdwQAAAAAeHQAB0ZlYXR1cmVzcgARamF2YS5sYW5nLkludGVnZXIS4qCk94GHOAIAAUkABXZhbHVleHIAEGphdmEubGFuZy5OdW1iZXKGrJUdC5TgiwIAAHhwAAAAAXQABUxvZ2ludAAAdAAFbG9naW5zcQB%2BAAkAAAAAdwQAAAAAeA==]/[test:rO0ABXNyACdnaGVya2luLmZvcm1hdHRlci5tb2RlbC5TY2VuYXJpb091dGxpbmUAAAAAAAAAAQIAAUwABHR5cGV0ABJMamF2YS9sYW5nL1N0cmluZzt4cgAkZ2hlcmtpbi5mb3JtYXR0ZXIubW9kZWwuVGFnU3RhdGVtZW50AAAAAAAAAAECAAJMAAJpZHEAfgABTAAEdGFnc3QAEExqYXZhL3V0aWwvTGlzdDt4cgAqZ2hlcmtpbi5mb3JtYXR0ZXIubW9kZWwuRGVzY3JpYmVkU3RhdGVtZW50iehDvImQsIUCAAFMAAtkZXNjcmlwdGlvbnEAfgABeHIAJmdoZXJraW4uZm9ybWF0dGVyLm1vZGVsLkJhc2ljU3RhdGVtZW508zfAiwNUFS8CAARMAAhjb21tZW50c3EAfgADTAAHa2V5d29yZHEAfgABTAAEbGluZXQAE0xqYXZhL2xhbmcvSW50ZWdlcjtMAARuYW1lcQB%2BAAF4cgAaZ2hlcmtpbi5mb3JtYXR0ZXIuTWFwcGFibGXjYIsU%2BejCNQIAAHhwc3IAE2phdmEudXRpbC5BcnJheUxpc3R4gdIdmcdhnQMAAUkABHNpemV4cAAAAAB3BAAAAAB4dAAQU2NlbmFyaW8gT3V0bGluZXNyABFqYXZhLmxhbmcuSW50ZWdlchLioKT3gYc4AgABSQAFdmFsdWV4cgAQamF2YS5sYW5nLk51bWJlcoaslR0LlOCLAgAAeHAAAAACdAAeOiBMb2dpbiB3aXRoIHZhbGlkIGNyZWRlbnRpYWxzdAAAdAAkbG9naW47Oi1sb2dpbi13aXRoLXZhbGlkLWNyZWRlbnRpYWxzc3EAfgAJAAAAAHcEAAAAAHh0ABBzY2VuYXJpb19vdXRsaW5l]/[test:rO0ABXNyACBnaGVya2luLmZvcm1hdHRlci5tb2RlbC5FeGFtcGxlcwAAAAAAAAABAgABTAAEcm93c3QAEExqYXZhL3V0aWwvTGlzdDt4cgAkZ2hlcmtpbi5mb3JtYXR0ZXIubW9kZWwuVGFnU3RhdGVtZW50AAAAAAAAAAECAAJMAAJpZHQAEkxqYXZhL2xhbmcvU3RyaW5nO0wABHRhZ3NxAH4AAXhyACpnaGVya2luLmZvcm1hdHRlci5tb2RlbC5EZXNjcmliZWRTdGF0ZW1lbnSJ6EO8iZCwhQIAAUwAC2Rlc2NyaXB0aW9ucQB%2BAAN4cgAmZ2hlcmtpbi5mb3JtYXR0ZXIubW9kZWwuQmFzaWNTdGF0ZW1lbnTzN8CLA1QVLwIABEwACGNvbW1lbnRzcQB%2BAAFMAAdrZXl3b3JkcQB%2BAANMAARsaW5ldAATTGphdmEvbGFuZy9JbnRlZ2VyO0wABG5hbWVxAH4AA3hyABpnaGVya2luLmZvcm1hdHRlci5NYXBwYWJsZeNgixT56MI1AgAAeHBzcgATamF2YS51dGlsLkFycmF5TGlzdHiB0h2Zx2GdAwABSQAEc2l6ZXhwAAAAAHcEAAAAAHh0AAhFeGFtcGxlc3NyABFqYXZhLmxhbmcuSW50ZWdlchLioKT3gYc4AgABSQAFdmFsdWV4cgAQamF2YS5sYW5nLk51bWJlcoaslR0LlOCLAgAAeHAAAAAIdAAAdAAAdAAlbG9naW47Oi1sb2dpbi13aXRoLXZhbGlkLWNyZWRlbnRpYWxzO3NxAH4ACQAAAAB3BAAAAAB4c3EAfgAJAAAAAncEAAAAAnNyAChnaGVya2luLmZvcm1hdHRlci5tb2RlbC5FeGFtcGxlc1RhYmxlUm93AAAAAAAAAAECAAFMAAJpZHEAfgADeHIAG2doZXJraW4uZm9ybWF0dGVyLm1vZGVsLlJvdwkayqrbzNUXAgADTAAFY2VsbHNxAH4AAUwACGNvbW1lbnRzcQB%2BAAFMAARsaW5lcQB%2BAAZ4cQB%2BAAdzcQB%2BAAkAAAACdwQAAAACdAAIdXNlcm5hbWV0AARwYXNzeHNxAH4ACQAAAAB3BAAAAAB4c3EAfgAMAAAACXQAJ2xvZ2luOzotbG9naW4td2l0aC12YWxpZC1jcmVkZW50aWFsczs7MXNxAH4AFHNxAH4ACQAAAAJ3BAAAAAJ0AAl1c2VybmFtZV90AAhwYXNzd29yZHhzcQB%2BAAkAAAAAdwQAAAAAeHNxAH4ADAAAAAp0ACdsb2dpbjs6LWxvZ2luLXdpdGgtdmFsaWQtY3JlZGVudGlhbHM7OzJ4]/[test:rO0ABXNyACBnaGVya2luLmZvcm1hdHRlci5tb2RlbC5TY2VuYXJpbwAAAAAAAAABAgABTAAEdHlwZXQAEkxqYXZhL2xhbmcvU3RyaW5nO3hyACRnaGVya2luLmZvcm1hdHRlci5tb2RlbC5UYWdTdGF0ZW1lbnQAAAAAAAAAAQIAAkwAAmlkcQB%2BAAFMAAR0YWdzdAAQTGphdmEvdXRpbC9MaXN0O3hyACpnaGVya2luLmZvcm1hdHRlci5tb2RlbC5EZXNjcmliZWRTdGF0ZW1lbnSJ6EO8iZCwhQIAAUwAC2Rlc2NyaXB0aW9ucQB%2BAAF4cgAmZ2hlcmtpbi5mb3JtYXR0ZXIubW9kZWwuQmFzaWNTdGF0ZW1lbnTzN8CLA1QVLwIABEwACGNvbW1lbnRzcQB%2BAANMAAdrZXl3b3JkcQB%2BAAFMAARsaW5ldAATTGphdmEvbGFuZy9JbnRlZ2VyO0wABG5hbWVxAH4AAXhyABpnaGVya2luLmZvcm1hdHRlci5NYXBwYWJsZeNgixT56MI1AgAAeHBzcgATamF2YS51dGlsLkFycmF5TGlzdHiB0h2Zx2GdAwABSQAEc2l6ZXhwAAAAAHcEAAAAAHh0ABBTY2VuYXJpbyBPdXRsaW5lc3IAEWphdmEubGFuZy5JbnRlZ2VyEuKgpPeBhzgCAAFJAAV2YWx1ZXhyABBqYXZhLmxhbmcuTnVtYmVyhqyVHQuU4IsCAAB4cAAAAAp0AB46IExvZ2luIHdpdGggdmFsaWQgY3JlZGVudGlhbHN0AAB0ACdsb2dpbjs6LWxvZ2luLXdpdGgtdmFsaWQtY3JlZGVudGlhbHM7OzJzcQB%2BAAkAAAAAdwQAAAAAeHQACHNjZW5hcmlv], parentId = [engine:junit-vintage]/[runner:MobileTest.FeatureSteps.RunCucumberTests]/[test:rO0ABXNyAB9naGVya2luLmZvcm1hdHRlci5tb2RlbC5GZWF0dXJlAAAAAAAAAAECAAB4cgAkZ2hlcmtpbi5mb3JtYXR0ZXIubW9kZWwuVGFnU3RhdGVtZW50AAAAAAAAAAECAAJMAAJpZHQAEkxqYXZhL2xhbmcvU3RyaW5nO0wABHRhZ3N0ABBMamF2YS91dGlsL0xpc3Q7eHIAKmdoZXJraW4uZm9ybWF0dGVyLm1vZGVsLkRlc2NyaWJlZFN0YXRlbWVudInoQ7yJkLCFAgABTAALZGVzY3JpcHRpb25xAH4AAnhyACZnaGVya2luLmZvcm1hdHRlci5tb2RlbC5CYXNpY1N0YXRlbWVudPM3wIsDVBUvAgAETAAIY29tbWVudHNxAH4AA0wAB2tleXdvcmRxAH4AAkwABGxpbmV0ABNMamF2YS9sYW5nL0ludGVnZXI7TAAEbmFtZXEAfgACeHIAGmdoZXJraW4uZm9ybWF0dGVyLk1hcHBhYmxl42CLFPnowjUCAAB4cHNyABNqYXZhLnV0aWwuQXJyYXlMaXN0eIHSHZnHYZ0DAAFJAARzaXpleHAAAAAAdwQAAAAAeHQAB0ZlYXR1cmVzcgARamF2YS5sYW5nLkludGVnZXIS4qCk94GHOAIAAUkABXZhbHVleHIAEGphdmEubGFuZy5OdW1iZXKGrJUdC5TgiwIAAHhwAAAAAXQABUxvZ2ludAAAdAAFbG9naW5zcQB%2BAAkAAAAAdwQAAAAAeA==]/[test:rO0ABXNyACdnaGVya2luLmZvcm1hdHRlci5tb2RlbC5TY2VuYXJpb091dGxpbmUAAAAAAAAAAQIAAUwABHR5cGV0ABJMamF2YS9sYW5nL1N0cmluZzt4cgAkZ2hlcmtpbi5mb3JtYXR0ZXIubW9kZWwuVGFnU3RhdGVtZW50AAAAAAAAAAECAAJMAAJpZHEAfgABTAAEdGFnc3QAEExqYXZhL3V0aWwvTGlzdDt4cgAqZ2hlcmtpbi5mb3JtYXR0ZXIubW9kZWwuRGVzY3JpYmVkU3RhdGVtZW50iehDvImQsIUCAAFMAAtkZXNjcmlwdGlvbnEAfgABeHIAJmdoZXJraW4uZm9ybWF0dGVyLm1vZGVsLkJhc2ljU3RhdGVtZW508zfAiwNUFS8CAARMAAhjb21tZW50c3EAfgADTAAHa2V5d29yZHEAfgABTAAEbGluZXQAE0xqYXZhL2xhbmcvSW50ZWdlcjtMAARuYW1lcQB%2BAAF4cgAaZ2hlcmtpbi5mb3JtYXR0ZXIuTWFwcGFibGXjYIsU%2BejCNQIAAHhwc3IAE2phdmEudXRpbC5BcnJheUxpc3R4gdIdmcdhnQMAAUkABHNpemV4cAAAAAB3BAAAAAB4dAAQU2NlbmFyaW8gT3V0bGluZXNyABFqYXZhLmxhbmcuSW50ZWdlchLioKT3gYc4AgABSQAFdmFsdWV4cgAQamF2YS5sYW5nLk51bWJlcoaslR0LlOCLAgAAeHAAAAACdAAeOiBMb2dpbiB3aXRoIHZhbGlkIGNyZWRlbnRpYWxzdAAAdAAkbG9naW47Oi1sb2dpbi13aXRoLXZhbGlkLWNyZWRlbnRpYWxzc3EAfgAJAAAAAHcEAAAAAHh0ABBzY2VuYXJpb19vdXRsaW5l]/[test:rO0ABXNyACBnaGVya2luLmZvcm1hdHRlci5tb2RlbC5FeGFtcGxlcwAAAAAAAAABAgABTAAEcm93c3QAEExqYXZhL3V0aWwvTGlzdDt4cgAkZ2hlcmtpbi5mb3JtYXR0ZXIubW9kZWwuVGFnU3RhdGVtZW50AAAAAAAAAAECAAJMAAJpZHQAEkxqYXZhL2xhbmcvU3RyaW5nO0wABHRhZ3NxAH4AAXhyACpnaGVya2luLmZvcm1hdHRlci5tb2RlbC5EZXNjcmliZWRTdGF0ZW1lbnSJ6EO8iZCwhQIAAUwAC2Rlc2NyaXB0aW9ucQB%2BAAN4cgAmZ2hlcmtpbi5mb3JtYXR0ZXIubW9kZWwuQmFzaWNTdGF0ZW1lbnTzN8CLA1QVLwIABEwACGNvbW1lbnRzcQB%2BAAFMAAdrZXl3b3JkcQB%2BAANMAARsaW5ldAATTGphdmEvbGFuZy9JbnRlZ2VyO0wABG5hbWVxAH4AA3hyABpnaGVya2luLmZvcm1hdHRlci5NYXBwYWJsZeNgixT56MI1AgAAeHBzcgATamF2YS51dGlsLkFycmF5TGlzdHiB0h2Zx2GdAwABSQAEc2l6ZXhwAAAAAHcEAAAAAHh0AAhFeGFtcGxlc3NyABFqYXZhLmxhbmcuSW50ZWdlchLioKT3gYc4AgABSQAFdmFsdWV4cgAQamF2YS5sYW5nLk51bWJlcoaslR0LlOCLAgAAeHAAAAAIdAAAdAAAdAAlbG9naW47Oi1sb2dpbi13aXRoLXZhbGlkLWNyZWRlbnRpYWxzO3NxAH4ACQAAAAB3BAAAAAB4c3EAfgAJAAAAAncEAAAAAnNyAChnaGVya2luLmZvcm1hdHRlci5tb2RlbC5FeGFtcGxlc1RhYmxlUm93AAAAAAAAAAECAAFMAAJpZHEAfgADeHIAG2doZXJraW4uZm9ybWF0dGVyLm1vZGVsLlJvdwkayqrbzNUXAgADTAAFY2VsbHNxAH4AAUwACGNvbW1lbnRzcQB%2BAAFMAARsaW5lcQB%2BAAZ4cQB%2BAAdzcQB%2BAAkAAAACdwQAAAACdAAIdXNlcm5hbWV0AARwYXNzeHNxAH4ACQAAAAB3BAAAAAB4c3EAfgAMAAAACXQAJ2xvZ2luOzotbG9naW4td2l0aC12YWxpZC1jcmVkZW50aWFsczs7MXNxAH4AFHNxAH4ACQAAAAJ3BAAAAAJ0AAl1c2VybmFtZV90AAhwYXNzd29yZHhzcQB%2BAAkAAAAAdwQAAAAAeHNxAH4ADAAAAAp0ACdsb2dpbjs6LWxvZ2luLXdpdGgtdmFsaWQtY3JlZGVudGlhbHM7OzJ4], displayName = '| username_ | password |', legacyReportingName = '| username_ | password |', source = null, tags = [], type = CONTAINER], TestExecutionResult [status = FAILED, throwable = org.openqa.selenium.WebDriverException: Connection refused: connect
Build info: version: '3.141.59', revision: 'e82be7d358', time: '2018-11-14T08:17:03'
System info: host: 'LAPTOP-PDD67UF8', ip: '192.168.9.2', os.name: 'Windows 10', os.arch: 'amd64', os.version: '10.0', java.version: '11.0.5'
Driver info: driver.version: AndroidDriver])
java.lang.NoSuchMethodError: io.qameta.allure.model.TestResult.setTestCaseName(Ljava/lang/String;)Lio/qameta/allure/model/TestResult;
	at io.qameta.allure.junitplatform.AllureJunitPlatform.startTestCase(AllureJunitPlatform.java:425)
	at io.qameta.allure.junitplatform.AllureJunitPlatform.executionFinished(AllureJunitPlatform.java:172)
	at org.junit.platform.launcher.core.CompositeTestExecutionListener.lambda$executionFinished$10(CompositeTestExecutionListener.java:69)
	at org.junit.platform.launcher.core.CompositeTestExecutionListener.lambda$notifyEach$19(CompositeTestExecutionListener.java:95)
	at java.base/java.util.ArrayList.forEach(ArrayList.java:1540)
	at org.junit.platform.launcher.core.CompositeTestExecutionListener.notifyEach(CompositeTestExecutionListener.java:93)
	at org.junit.platform.launcher.core.CompositeTestExecutionListener.executionFinished(CompositeTestExecutionListener.java:69)
	at org.junit.platform.launcher.core.ExecutionListenerAdapter.executionFinished(ExecutionListenerAdapter.java:56)
	at org.junit.platform.launcher.core.DelegatingEngineExecutionListener.executionFinished(DelegatingEngineExecutionListener.java:46)
	at org.junit.platform.launcher.core.OutcomeDelayingEngineExecutionListener.executionFinished(OutcomeDelayingEngineExecutionListener.java:63)
	at org.junit.vintage.engine.execution.RunListenerAdapter.fireExecutionFinished(RunListenerAdapter.java:226)
	at org.junit.vintage.engine.execution.RunListenerAdapter.testFinished(RunListenerAdapter.java:192)
	at org.junit.vintage.engine.execution.RunListenerAdapter.testFinished(RunListenerAdapter.java:79)
	at org.junit.runner.notification.SynchronizedRunListener.testFinished(SynchronizedRunListener.java:56)
	at org.junit.runner.notification.RunNotifier$7.notifyListener(RunNotifier.java:190)
	at org.junit.runner.notification.RunNotifier$SafeNotifier.run(RunNotifier.java:72)
	at org.junit.runner.notification.RunNotifier.fireTestFinished(RunNotifier.java:187)
	at org.junit.internal.runners.model.EachTestNotifier.fireTestFinished(EachTestNotifier.java:38)
	at cucumber.runtime.junit.JUnitReporter.finishExecutionUnit(JUnitReporter.java:61)
	at cucumber.runtime.junit.ExecutionUnitRunner.run(ExecutionUnitRunner.java:103)
	at org.junit.runners.Suite.runChild(Suite.java:128)
	at org.junit.runners.Suite.runChild(Suite.java:27)
	at org.junit.runners.ParentRunner$3.run(ParentRunner.java:290)
	at org.junit.runners.ParentRunner$1.schedule(ParentRunner.java:71)
	at org.junit.runners.ParentRunner.runChildren(ParentRunner.java:288)
	at org.junit.runners.ParentRunner.access$000(ParentRunner.java:58)
	at org.junit.runners.ParentRunner$2.evaluate(ParentRunner.java:268)
	at org.junit.runners.ParentRunner.run(ParentRunner.java:363)
	at cucumber.runtime.junit.ExamplesRunner.run(ExamplesRunner.java:59)
	at org.junit.runners.Suite.runChild(Suite.java:128)
	at org.junit.runners.Suite.runChild(Suite.java:27)
	at org.junit.runners.ParentRunner$3.run(ParentRunner.java:290)
	at org.junit.runners.ParentRunner$1.schedule(ParentRunner.java:71)
	at org.junit.runners.ParentRunner.runChildren(ParentRunner.java:288)
	at org.junit.runners.ParentRunner.access$000(ParentRunner.java:58)
	at org.junit.runners.ParentRunner$2.evaluate(ParentRunner.java:268)
	at org.junit.runners.ParentRunner.run(ParentRunner.java:363)
	at cucumber.runtime.junit.ScenarioOutlineRunner.run(ScenarioOutlineRunner.java:53)
	at cucumber.runtime.junit.FeatureRunner.runChild(FeatureRunner.java:63)
	at cucumber.runtime.junit.FeatureRunner.runChild(FeatureRunner.java:18)
	at org.junit.runners.ParentRunner$3.run(ParentRunner.java:290)
	at org.junit.runners.ParentRunner$1.schedule(ParentRunner.java:71)
	at org.junit.runners.ParentRunner.runChildren(ParentRunner.java:288)
	at org.junit.runners.ParentRunner.access$000(ParentRunner.java:58)
	at org.junit.runners.ParentRunner$2.evaluate(ParentRunner.java:268)
	at org.junit.runners.ParentRunner.run(ParentRunner.java:363)
	at cucumber.runtime.junit.FeatureRunner.run(FeatureRunner.java:70)
	at cucumber.api.junit.Cucumber.runChild(Cucumber.java:95)
	at cucumber.api.junit.Cucumber.runChild(Cucumber.java:38)
	at org.junit.runners.ParentRunner$3.run(ParentRunner.java:290)
	at org.junit.runners.ParentRunner$1.schedule(ParentRunner.java:71)
	at org.junit.runners.ParentRunner.runChildren(ParentRunner.java:288)
	at org.junit.runners.ParentRunner.access$000(ParentRunner.java:58)
	at org.junit.runners.ParentRunner$2.evaluate(ParentRunner.java:268)
	at org.junit.runners.ParentRunner.run(ParentRunner.java:363)
	at cucumber.api.junit.Cucumber.run(Cucumber.java:100)
	at org.junit.runner.JUnitCore.run(JUnitCore.java:137)
	at org.junit.runner.JUnitCore.run(JUnitCore.java:115)
	at org.junit.vintage.engine.execution.RunnerExecutor.execute(RunnerExecutor.java:42)
	at org.junit.vintage.engine.VintageTestEngine.executeAllChildren(VintageTestEngine.java:80)
	at org.junit.vintage.engine.VintageTestEngine.execute(VintageTestEngine.java:72)
	at org.junit.platform.launcher.core.EngineExecutionOrchestrator.execute(EngineExecutionOrchestrator.java:107)
	at org.junit.platform.launcher.core.EngineExecutionOrchestrator.execute(EngineExecutionOrchestrator.java:88)
	at org.junit.platform.launcher.core.EngineExecutionOrchestrator.lambda$execute$0(EngineExecutionOrchestrator.java:54)
	at org.junit.platform.launcher.core.EngineExecutionOrchestrator.withInterceptedStreams(EngineExecutionOrchestrator.java:67)
	at org.junit.platform.launcher.core.EngineExecutionOrchestrator.execute(EngineExecutionOrchestrator.java:52)
	at org.junit.platform.launcher.core.DefaultLauncher.execute(DefaultLauncher.java:114)
	at org.junit.platform.launcher.core.DefaultLauncher.execute(DefaultLauncher.java:86)
	at org.junit.platform.launcher.core.DefaultLauncherSession$DelegatingLauncher.execute(DefaultLauncherSession.java:86)
	at org.apache.maven.surefire.junitplatform.LazyLauncher.execute(LazyLauncher.java:55)
	at org.apache.maven.surefire.junitplatform.JUnitPlatformProvider.execute(JUnitPlatformProvider.java:223)
	at org.apache.maven.surefire.junitplatform.JUnitPlatformProvider.invokeAllTests(JUnitPlatformProvider.java:175)
	at org.apache.maven.surefire.junitplatform.JUnitPlatformProvider.invoke(JUnitPlatformProvider.java:139)
	at org.apache.maven.surefire.booter.ForkedBooter.runSuitesInProcess(ForkedBooter.java:456)
	at org.apache.maven.surefire.booter.ForkedBooter.execute(ForkedBooter.java:169)
	at org.apache.maven.surefire.booter.ForkedBooter.run(ForkedBooter.java:595)
	at org.apache.maven.surefire.booter.ForkedBooter.main(ForkedBooter.java:581)

]]></system-err>
  </testcase>
</testsuite>